3
1
2
2
1
2
1
2
0
3
0
3
1
2
2
2
2
2
2
2
2
6
20
41
61
80
98
115
130
142
152
160
166
171
174
176
178
178
180
180
184
186
189
189
193
196
200
202
206
210
214
218
222
225
228
232
235
240
243
247
250
253
258
260
264
267
270
275
276
280
282
286
290
294
296
300
304
306
310
314
316
320
323
326
329
334
336
339
342
346
350
352
354
358
361
366
366
370
374
378
379
383
387
390
393
397
400
404
405
408
412
414
418
422
424
427
430
434
436
439
442
445
447
453
458
466
473
481
488
496
505
515
522
531
538
546
556
565
574
582
593
603
615
628
642
654
672
684
700
716
732
749
765
781
796
810
823
835
847
858
868
877
887
895
906
914
925
935
948
961
975
986
999
1008
1016
1024
1028
1032
1034
1038
1041
1041
1041
1044
1044
1046
1048
1052
1054
1059
1067
1074
1083
1093
1105
1117
1130
1143
1156
1171
1184
1197
1210
1220
1232
1245
1255
1267
1277
1287
1296
1303
1310
1316
1322
1326
1329
1333
1337
1340
1344
1349
1352
1355
1359
1363
1364
1370
1373
1378
1382
1387
1393
1398
1402
1408
1413
1418
1422
1429
1435
1441
1449
1458
1463
1471
1478
1483
1488
1491
1496
1501
1502
1508
1514
1519
1525
1532
1541
1548
1560
1573
1590
1611
1636
1666
1694
1722
1745
1765
1776
1783
1783
1780
1771
1762
1751
1740
1726
1717
1707
1701
1698
1698
1698
1700
1702
1705
1708
1711
1714
1716
1719
1721
1725
1727
1730
1734
1738
1743
1746
1752
1759
1766
1771
1781
1789
1796
1803
1808
1812
1812
1811
1808
1805
1802
1796
1791
1784
1777
1767
1762
1756
1750
1745
1741
1737
1735
1733
1736
1738
1740
1745
1750
1754
1758
1763
1768
1772
1775
1778
1778
1779
1780
1779
1778
1778
1775
1773
1771
1768
1764
1761
1757
1750
1747
1741
1736
1730
1725
1723
1720
1717
1716
1714
1711
1709
1707
1706
1703
1703
1700
1698
1697
1695
1691
1689
1684
1682
1677
1673
1669
1664
1661
1656
1653
1648
1644
1640
1637
1634
1633
1631
1629
1630
1631
1631
1631
1630
1630
1629
1627
1626
1627
1624
1622
1621
1620
1618
1615
1614
1612
1609
1607
1604
1603
1603
1599
1599
1596
1593
1589
1586
1582
1576
1573
1571
1566
1561
1556
1552
1549
1546
1541
1540
1535
1534
1531
1528
1527
1523
1520
1519
1513
1512
1508
1505
1503
1500
1499
1495
1492
1490
1488
1486
1483
1481
1477
1479
1478
1476
1475
1473
1471
1468
1467
1464
1462
1457
1454
1451
1447
1444
1440
1438
1436
1435
1434
1433
1432
1430
1427
1426
1423
1421
1419
1416
1416
1413
1411
1408
1407
1404
1402
1400
1398
1395
1393
1391
1389
1389
1388
1387
1386
1384
1382
1380
1379
1376
1375
1371
1368
1365
1360
1358
1354
1349
1346
1338
1336
1333
1328
1325
1322
1319
1314
1313
1308
1308
1305
1303
1299
1294
1291
1286
1281
1276
1273
1271
1270
1268
1267
1267
1267
1267
1267
1265
1265
1262
1262
1257
1256
1252
1247
1241
1233
1230
1226
1222
1216
1213
1209
1210
1210
1206
1207
1206
1205
1205
1203
1203
1204
1203
1204
1206
1204
1204
1204
1203
1201
1200
1197
1194
1192
1188
1185
1184
1179
1177
1174
1173
1170
1169
1165
1164
1162
1160
1156
1155
1153
1148
1147
1143
1143
1141
1139
1137
1136
1134
1132
1130
1127
1126
1124
1122
1118
1114
1111
1107
1103
1099
1096
1095
1090
1088
1085
1086
1086
1090
1094
1097
1098
1100
1100
1103
1105
1104
1101
1094
1086
1078
1068
1059
1053
1046
1041
1036
1032
1028
1028
1027
1026
1028
1028
1028
1028
1027
1026
1024
1021
1020
1018
1015
1015
1013
1010
1011
1010
1009
1009
1007
1006
1006
1003
1002
1001
998
997
997
996
998
997
998
997
1000
1000
1002
1003
1005
1007
1007
1009
1010
1011
1013
1009
1008
1005
1000
997
992
989
987
986
984
983
981
980
979
980
981
984
987
989
989
990
991
992
991
990
989
988
988
987
986
985
986
988
988
987
988
988
989
990
990
988
987
986
986
986
986
987
988
989
991
990
991
991
992
991
994
993
996
997
999
998
1000
1000
1000
1000
999
1000
1000
998
999
997
997
998
998
997
998
998
997
996
995
995
992
990
989
986
985
986
985
986
987
989
989
991
991
993
994
993
992
994
992
992
994
991
990
989
988
985
985
982
981
981
985
983
983
982
980
980
980
978
975
972
968
965
962
961
961
961
964
963
965
966
967
968
967
966
965
964
961
960
960
959
958
958
958
957
957
956
955
955
954
953
951
950
950
948
948
949
947
947
947
947
946
946
946
945
948
950
951
952
953
955
956
957
957
959
958
958
959
957
958
957
956
955
953
952
949
948
947
947
945
945
946
948
951
951
954
957
959
960
959
962
964
965
965
968
968
969
969
969
970
970
969
969
968
968
968
966
967
966
966
966
967
968
970
972
975
978
982
985
986
988
989
989
988
988
989
990
987
988
988
988
988
989
990
991
988
990
988
989
989
988
987
987
988
985
985
987
988
991
993
994
993
994
996
995
998
998
999
997
999
999
999
997
997
999
998
999
1001
1004
1005
1005
1007
1007
1007
1007
1009
1009
1010
1011
1010
1012
1014
1013
1014
1015
1017
1019
1021
1024
1026
1026
1029
1031
1033
1034
1036
1038
1040
1041
1043
1047
1050
1054
1059
1062
1064
1069
1073
1076
1079
1081
1084
1085
1088
1089
1092
1093
1093
1096
1096
1098
1101
1102
1104
1104
1108
1108
1109
1110
1111
1114
1117
1120
1122
1124
1129
1130
1133
1136
1137
1138
1139
1142
1144
1145
1148
1150
1153
1154
1154
1156
1156
1156
1157
1159
1161
1163
1168
1171
1174
1176
1180
1182
1185
1189
1192
1193
1195
1198
1200
1202
1204
1204
1204
1206
1208
1206
1208
1208
1209
1210
1210
1210
1210
1209
1212
1212
1213
1213
1216
1217
1219
1220
1221
1224
1225
1226
1229
1231
1234
1236
1237
1239
1240
1241
1240
1241
1240
1239
1238
1236
1237
1238
1237
1235
1237
1237
1238
1239
1239
1239
1240
1241
1243
1246
1248
1251
1254
1256
1259
1260
1265
1266
1268
1268
1268
1269
1269
1268
1268
1266
1267
1265
1266
1269
1268
1271
1272
1274
1277
1278
1282
1283
1284
1287
1285
1289
1290
1292
1295
1297
1300
1304
1308
1313
1313
1315
1316
1318
1319
1320
1319
1320
1322
1322
1325
1326
1328
1329
1330
1332
1331
1333
1333
1335
1336
1335
1335
1335
1336
1334
1335
1333
1334
1335
1334
1336
1336
1337
1336
1339
1339
1340
1339
1340
1342
1343
1344
1345
1348
1349
1349
1349
1350
1351
1352
1354
1355
1356
1359
1360
1361
1364
1365
1363
1361
1362
1361
1358
1357
1355
1355
1356
1355
1355
1357
1359
1361
1362
1367
1371
1372
1378
1377
1378
1379
1380
1378
1378
1378
1377
1376
1375
1375
1374
1374
1374
1373
1372
1373
1375
1378
1383
1386
1390
1393
1395
1399
1399
1403
1404
1406
1407
1409
1410
1411
1410
1412
1413
1414
1418
1420
1420
1424
1427
1431
1435
1436
1440
1443
1445
1448
1450
1449
1450
1449
1447
1445
1444
1443
1442
1442
1441
1441
1443
1445
1447
1451
1455
1459
1462
1465
1468
1471
1476
1478
1479
1482
1485
1490
1491
1494
1497
1500
1505
1506
1509
1509
1507
1508
1508
1506
1502
1501
1499
1497
1495
1494
1491
1488
1486
1485
1486
1487
1489
1493
1495
1499
1503
1506
1509
1511
1514
1515
1517
1519
1519
1518
1522
1522
1524
1525
1527
1530
1532
1532
1532
1535
1537
1539
1538
1540
1543
1543
1546
1546
1548
1552
1556
1560
1561
1564
1569
1572
1576
1579
1583
1586
1587
1592
1593
1595
1596
1598
1600
1600
1601
1605
1606
1609
1614
1616
1619
1622
1626
1629
1634
1638
1644
1647
1650
1657
1660
1665
1668
1673
1677
1682
1686
1689
1693
1696
1700
1702
1707
1709
1713
1716
1718
1719
1721
1723
1724
1725
1727
1729
1732
1734
1737
1739
1741
1745
1748
1751
1752
1756
1759
1762
1767
1771
1771
1773
1774
1775
1775
1775
1772
1770
1769
1769
1765
1764
1763
1761
1762
1762
1763
1765
1765
1767
1770
1773
1775
1777
1778
1779
1779
1781
1780
1781
1782
1781
1779
1780
1778
1778
1775
1774
1775
1773
1772
1770
1769
1770
1766
1767
1766
1766
1766
1766
1765
1767
1765
1765
1765
1765
1765
1765
1764
1763
1760
1761
1759
1758
1754
1754
1755
1753
1753
1753
1753
1755
1755
1757
1757
1759
1759
1757
1757
1755
1754
1751
1748
1747
1745
1742
1740
1738
1734
1732
1730
1730
1730
1731
1730
1731
1731
1732
1733
1732
1733
1733
1732
1732
1731
1732
1731
1730
1731
1731
1730
1730
1729
1726
1726
1724
1723
1722
1723
1723
1723
1725
1723
1726
1726
1727
1730
1733
1735
1736
1737
1738
1739
1739
1741
1743
1743
1744
1744
1745
1746
1747
1746
1748
1750
1752
1752
1755
1756
1760
1763
1765
1768
1772
1775
1779
1783
1788
1791
1793
1795
1796
1800
1801
1801
1805
1806
1806
1807
1807
1809
1810
1811
1813
1817
1826
1834
1844
1855
1868
1879
1891
1901
1911
1919
1927
1933
1938
1941
1944
1947
1949
1952
1954
1955
1956
1957
1956
1959
1959
1959
1959
1956
1955
1951
1947
1943
1940
1937
1934
1932
1928
1926
1923
1922
1921
1919
1918
1917
1916
1915
1914
1912
1912
1911
1909
1907
1908
1909
1906
1907
1905
1905
1905
1906
1907
1908
1910
1912
1914
1915
1915
1917
1918
1919
1919
1921
1922
1926
1926
1929
1932
1934
1935
1937
1940
1940
1940
1941
1943
1941
1941
1941
1939
1939
1938
1939
1937
1937
1940
1939
1940
1944
1945
1946
1949
1950
1953
1955
1958
1958
1958
1959
1957
1958
1958
1959
1959
1958
1960
1958
1960
1957
1960
1959
1959
1962
1962
1962
1963
1963
1964
1965
1966
1967
1969
1969
1971
1973
1973
1974
1975
1977
1977
1980
1982
1982
1986
1989
1989
1989
1990
1989
1991
1991
1993
1994
1994
1996
1996
1996
1998
1996
1998
1997
1999
1999
2001
2003
2005
2005
2006
2004
2003
2003
2002
2003
2002
2002
2002
2002
2003
2001
2000
2002
2004
2004
2006
2007
2007
2008
2007
2009
2007
2006
2004
2004
2001
2001
1999
1998
1998
1996
1994
1993
1992
1993
1991
1990
1990
1985
1985
1983
1981
1978
1976
1974
1971
1967
1967
1968
1968
1969
1971
1972
1975
1978
1982
1983
1986
1988
1990
1990
1992
1990
1991
1992
1993
1993
1995
1996
1997
1997
1997
1998
1998
1996
1997
1997
1997
2000
2000
2003
2005
2006
2007
2005
2007
2005
2005
2005
2005
2005
2005
2006
2005
2005
2005
2005
2002
2002
2000
1999
1999
1997
1995
1992
1990
1989
1987
1985
1987
1983
1985
1982
1983
1980
1979
1977
1975
1973
1973
1970
1969
1967
1967
1966
1965
1965
1965
1966
1965
1965
1965
1965
1966
1965
1965
1964
1963
1962
1962
1960
1959
1958
1956
1954
1953
1952
1952
1952
1953
1954
1957
1961
1964
1967
1969
1971
1974
1977
1979
1981
1981
1981
1983
1982
1981
1979
1980
1980
1982
1983
1985
1987
1990
1992
1994
1994
1995
1995
1996
1997
1995
1994
1996
1996
1995
1996
1998
1997
1999
1998
1999
2000
2004
2005
2006
2008
2008
2010
2009
2010
2008
2007
2010
2009
2009
2009
2010
2012
2011
2012
2015
2013
2015
2017
2018
2018
2020
2019
2020
2018
2015
2015
2011
2010
2011
2010
2010
2009
2012
2012
2012
2012
2011
2012
2012
2014
2013
2014
2014
2014
2015
2017
2018
2021
2023
2025
2027
2030
2032
2034
2038
2041
2042
2045
2046
2049
2050
2051
2051
2052
2053
2053
2053
2053
2053
2057
2059
2062
2065
2066
2068
2068
2069
2069
2071
2073
2074
2077
2078
2081
2084
2086
2089
2092
2093
2094
2097
2098
2100
2102
2103
2105
2107
2106
2106
2108
2108
2108
2108
2108
2108
2106
2109
2105
2105
2106
2105
2104
2105
2106
2106
2109
2109
2109
2108
2107
2107
2104
2104
2101
2100
2100
2101
2103
2104
2104
2106
2106
2109
2112
2113
2116
2116
2117
2118
2118
2120
2118
2120
2118
2120
2118
2117
2116
2115
2114
2112
2111
2109
2109
2106
2108
2106
2108
2105
2103
2102
2101
2100
2099
2098
2096
2096
2095
2096
2095
2096
2098
2098
2100
2101
2101
2101
2102
2104
2103
2102
2101
2102
2100
2101
2101
2102
2103
2103
2104
2104
2105
2105
2107
2105
2107
2107
2107
2110
2112
2113
2112
2113
2114
2114
2114
2114
2110
2109
2109
2108
2109
2112
2114
2115
2117
2118
2118
2119
2119
2119
2118
2117
2115
2116
2115
2116
2118
2120
2122
2123
2124
2125
2128
2127
2128
2127
2126
2126
2124
2121
2121
2119
2118
2118
2117
2116
2114
2114
2115
2116
2116
2117
2118
2120
2122
2121
2124
2124
2122
2122
2120
2120
2120
2118
2118
2117
2117
2115
2114
2114
2113
2113
2110
2108
2106
2105
2105
2105
2103
2100
2101
2100
2099
2097
2097
2096
2097
2098
2099
2100
2100
2100
2099
2097
2098
2098
2098
2097
2095
2094
2092
2090
2088
2087
2086
2084
2080
2078
2076
2074
2074
2075
2075
2076
2077
2078
2080
2082
2084
2084
2086
2086
2085
2083
2084
2081
2078
2074
2071
2068
2066
2064
2066
2065
2065
2063
2065
2066
2067
2068
2070
2073
2075
2075
2076
2078
2078
2079
2078
2077
2077
2078
2077
2076
2073
2072
2076
2074
2075
2074
2074
2073
2074
2074
2072
2074
2073
2073
2073
2074
2074
2076
2075
2077
2078
2076
2076
2076
2076
2075
2076
2077
2078
2080
2080
2080
2081
2082
2084
2083
2084
2084
2084
2086
2086
2089
2091
2095
2097
2098
2100
2102
2103
2104
2104
2105
2102
2102
2102
2104
2106
2106
2106
2108
2108
2106
2107
2106
2106
2105
2103
2103
2102
2101
2100
2100
2100
2100
2100
2101
2101
2101
2103
2102
2103
2105
2105
2107
2109
2109
2110
2111
2112
2112
2111
2110
2110
2110
2106
2107
2106
2107
2109
2109
2112
2112
2116
2116
2116
2116
2118
2115
2115
2114
2112
2111
2110
2112
2112
2112
2110
2112
2112
2111
2110
2111
2113
2113
2113
2113
2112
2110
2108
2108
2106
2106
2108
2108
2108
2108
2109
2112
2113
2114
2116
2119
2120
2120
2121
2120
2119
2119
2120
2119
2120
2121
2118
2117
2120
2119
2118
2120
2121
2121
2123
2124
2125
2125
2126
2124
2124
2124
2124
2123
2123
2123
2123
2121
2122
2124
2123
2126
2126
2128
2128
2128
2128
2127
2125
2126
2125
2123
2124
2122
2123
2121
2119
2120
2120
2117
2118
2119
2118
2121
2122
2122
2126
2126
2127
2129
2129
2130
2131
2132
2133
2132
2131
2130
2129
2128
2126
2127
2125
2124
2124
2126
2125
2124
2123
2122
2122
2121
2120
2120
2118
2119
2118
2117
2116
2116
2113
2112
2109
2108
2106
2104
2103
2103
2101
2100
2099
2097
2096
2095
2093
2092
2089
2087
2086
2085
2084
2084
2082
2083
2081
2082
2083
2081
2080
2080
2077
2076
2076
2076
2077
2080
2081
2080
2082
2085
2085
2085
2088
2090
2090
2089
2089
2089
2088
2087
2086
2085
2085
2084
2084
2084
2084
2086
2086
2089
2089
2092
2094
2096
2101
2103
2109
2110
2114
2115
2117
2118
2118
2118
2119
2117
2117
2116
2115
2115
2116
2115
2116
2116
2116
2117
2117
2118
2120
2120
2121
2121
2118
2120
2118
2117
2116
2113
2112
2114
2113
2115
2115
2116
2116
2114
2114
2113
2112
2110
2108
2109
2104
2106
2105
2104
2102
2101
2101
2100
2099
2098
2097
2098
2098
2098
2096
2097
2094
2094
2092
2090
2087
2086
2084
2080
2078
2076
2073
2072
2072
2070
2070
2072
2070
2069
2070
2069
2070
2068
2067
2066
2064
2063
2060
2057
2056
2053
2052
2047
2045
2043
2043
2041
2039
2037
2041
2040
2041
2043
2046
2047
2051
2052
2055
2056
2058
2061
2063
2064
2069
2070
2071
2075
2077
2080
2080
2082
2082
2082
2085
2085
2086
2085
2084
2085
2084
2086
2086
2088
2089
2091
2093
2097
2097
2100
2104
2106
2109
2109
2112
2114
2115
2116
2118
2119
2118
2120
2122
2126
2128
2131
2133
2136
2136
2140
2140
2144
2147
2148
2148
2149
2151
2151
2151
2152
2151
2151
2153
2154
2153
2154
2155
2156
2157
2159
2163
2165
2169
2170
2170
2171
2171
2169
2167
2165
2164
2159
2158
2156
2153
2151
2151
2148
2146
2146
2146
2144
2145
2144
2144
2143
2141
2138
2136
2134
2129
2126
2125
2120
2119
2117
2116
2115
2116
2117
2119
2118
2118
2117
2118
2116
2116
2117
2114
2114
2113
2114
2112
2114
2113
2114
2112
2110
2110
2110
2109
2111
2113
2111
2112
2113
2111
2109
2110
2110
2107
2106
2105
2106
2105
2107
2108
2109
2108
2109
2109
2112
2111
2112
2112
2112
2110
2111
2110
2110
2109
2111
2109
2108
2109
2108
2111
2111
2112
2110
2110
2109
2108
2106
2105
2104
2103
2103
2103
2102
2101
2100
2100
2097
2097
2096
2093
2092
2091
2086
2089
2087
2084
2084
2082
2078
2076
2074
2072
2071
2069
2068
2067
2066
2066
2065
2064
2065
2064
2064
2064
2062
2059
2058
2054
2052
2049
2045
2042
2041
2040
2038
2038
2037
2037
2038
2038
2035
2035
2035
2033
2033
2032
2031
2030
2029
2029
2027
2025
2026
2022
2023
2024
2024
2025
2026
2027
2029
2030
2032
2034
2037
2038
2043
2046
2052
2052
2054
2057
2059
2062
2064
2067
2068
2070
2072
2073
2076
2078
2080
2081
2083
2086
2087
2089
2090
2092
2093
2093
2096
2096
2097
2098
2101
2102
2104
2108
2109
2111
2112
2114
2115
2117
2117
2117
2117
2118
2117
2118
2118
2117
2118
2117
2118
2119
2120
2121
2122
2120
2121
2120
2119
2117
2117
2116
2116
2114
2116
2115
2116
2114
2114
2114
2112
2112
2109
2107
2105
2103
2101
2097
2095
2090
2090
2088
2086
2085
2084
2082
2081
2079
2076
2073
2070
2066
2064
2061
2060
2058
2054
2055
2053
2054
2053
2052
2053
2052
2052
2052
2049
2050
2049
2048
2048
2046
2045
2045
2043
2041
2039
2040
2039
2038
2039
2040
2042
2044
2045
2048
2051
2052
2055
2056
2058
2061
2064
2065
2068
2069
2073
2074
2077
2080
2083
2087
2095
2107
2123
2141
2161
2178
2199
2217
2236
2251
2264
2275
2281
2289
2293
2296
2297
2294
2294
2292
2291
2287
2285
2283
2278
2276
2275
2274
2272
2273
2272
2271
2270
2271
2268
2267
2265
2266
2265
2265
2263
2263
2262
2261
2257
2254
2250
2247
2244
2239
2236
2234
2231
2230
2228
2227
2225
2222
2219
2216
2213
2211
2210
2208
2207
2205
2204
2203
2200
2198
2198
2195
2193
2191
2191
2189
2188
2188
2187
2187
2186
2184
2182
2180
2178
2174
2173
2170
2169
2167
2167
2165
2166
2167
2165
2165
2167
2167
2167
2166
2168
2167
2165
2164
2161
2160
2158
2157
2154
2154
2154
2151
2151
2149
2147
2147
2145
2144
2142
2140
2139
2139
2138
2139
2140
2138
2138
2138
2137
2136
2135
2133
2130
2128
2127
2124
2122
2121
2117
2114
2113
2109
2108
2108
2106
2104
2102
2100
2099
2096
2095
2093
2091
2090
2088
2084
2084
2078
2074
2069
2065
2062
2059
2053
2050
2043
2041
2038
2036
2031
2030
2028
2025
2023
2020
2019
2016
2015
2013
2010
2009
2005
2005
2002
2000
1999
1997
1995
1993
1991
1991
1991
1993
1994
1994
1993
1993
1995
1995
1995
1995
1997
1997
1998
1999
1999
2001
2002
2004
2005
2006
2006
2007
2009
2011
2014
2016
2020
2023
2025
2029
2031
2033
2033
2033
2034
2034
2035
2036
2038
2038
2040
2043
2044
2046
2050
2052
2054
2054
2057
2056
2056
2056
2054
2056
2056
2055
2056
2058
2058
2060
2063
2064
2066
2069
2070
2072
2074
2075
2075
2076
2076
2075
2074
2076
2076
2076
2078
2080
2080
2082
2082
2086
2089
2092
2093
2096
2098
2099
2100
2100
2101
2101
2102
2101
2104
2104
2105
2103
2105
2105
2104
2104
2102
2103
2101
2100
2099
2098
2094
2093
2092
2089
2090
2089
2088
2086
2086
2085
2086
2085
2084
2083
2081
2080
2081
2080
2080
2078
2078
2076
2074
2073
2072
2070
2071
2068
2066
2067
2066
2066
2065
2065
2067
2066
2068
2068
2069
2068
2070
2068
2066
2065
2064
2062
2060
2059
2058
2056
2054
2054
2051
2050
2046
2045
2044
2042
2041
2038
2037
2035
2032
2030
2030
2027
2024
2023
2021
2021
2018
2016
2015
2013
2013
2012
2012
2012
2009
2007
2008
2005
2004
2003
2002
2002
2003
2001
2002
2001
2002
2004
2004
2006
2005
2007
2007
2010
2012
2014
2015
2015
2019
2018
2020
2019
2018
2019
2018
2017
2018
2018
2015
2016
2017
2019
2020
2021
2021
2025
2023
2025
2025
2026
2027
2026
2024
2025
2024
2025
2025
2026
2025
2026
2024
2021
2018
2017
2015
2015
2014
2011
2008
2007
2005
2003
2001
2002
2002
2002
2003
2002
2001
1998
1997
1995
1993
1991
1991
1989
1985
1985
1983
1982
1981
1982
1983
1982
1983
1983
1983
1983
1983
1983
1985
1983
1985
1983
1983
1983
1984
1983
1988
1987
1989
1990
1992
1993
1995
1995
1995
1995
1997
1996
1996
1997
1996
1997
1997
1997
1996
1995
1993
1994
1994
1993
1993
1993
1992
1992
1993
1992
1992
1992
1993
1994
1995
1996
1997
1996
1998
1997
1997
1995
1994
1992
1992
1991
1990
1991
1993
1993
1993
1992
1994
1994
1994
1997
1996
1997
1997
1998
1997
1997
1997
1997
1997
1996
1996
1997
1995
1995
1993
1995
1994
1993
1994
1993
1993
1992
1993
1993
1991
1989
1988
1989
1988
1988
1988
1988
1988
1988
1990
1990
1991
1991
1993
1992
1993
1992
1991
1992
1993
1995
1994
1996
1995
1996
1997
1997
1998
1998
1997
1997
1997
1997
1999
1999
2001
2001
2002
2003
2004
2004
2004
2007
2008
2007
2007
2010
2010
2010
2011
2012
2012
2012
2012
2012
2011
2011
2010
2012
2011
2009
2007
2006
2006
2004
2004
2003
2002
2000
2001
2002
2003
2004
2005
2005
2006
2007
2006
2006
2007
2005
2002
2002
2003
2001
2001
2001
2002
2003
2004
2005
2004
2004
2004
2003
2002
2004
2004
2005
2004
2004
2004
2006
2006
2007
2008
2010
2013
2015
2017
2018
2021
2023
2025
2025
2025
2025
2025
2024
2023
2023
2020
2020
2019
2018
2017
2017
2017
2020
2019
2020
2022
2022
2025
2027
2030
2033
2035
2037
2039
2040
2041
2041
2042
2042
2043
2043
2042
2042
2039
2037
2034
2029
2027
2025
2024
2024
2022
2022
2022
2024
2025
2023
2025
2024
2024
2025
2026
2028
2028
2029
2028
2029
2027
2029
2026
2027
2025
2025
2024
2022
2020
2019
2017
2014
2011
2010
2006
2004
2003
2004
2001
2001
2002
2002
2003
2004
2007
2008
2011
2012
2012
2012
2012
2010
2010
2010
2009
2010
2007
2007
2007
2006
2005
2005
2007
2006
2006
2005
2006
2005
2004
2004
2004
2005
2005
2005
2007
2005
2006
2005
2006
2006
2005
2006
2006
2006
2006
2009
2007
2009
2010
2011
2012
2012
2015
2018
2019
2020
2020
2023
2022
2022
2023
2021
2020
2020
2019
2022
2020
2022
2021
2023
2022
2024
2023
2022
2022
2022
2022
2023
2024
2023
2024
2025
2026
2025
2024
2025
2023
2024
2026
2025
2025
2027
2027
2025
2027
2028
2029
2029
2029
2030
2031
2031
2033
2034
2034
2034
2037
2037
2037
2039
2041
2042
2043
2044
2046
2046
2049
2050
2049
2049
2047
2046
2043
2041
2038
2038
2035
2034
2034
2033
2033
2035
2034
2036
2037
2038
2039
2041
2043
2039
2043
2042
2040
2039
2038
2039
2039
2037
2037
2038
2039
2038
2037
2037
2036
2035
2035
2036
2034
2035
2035
2035
2036
2035
2034
2032
2031
2031
2029
2029
2029
2029
2030
2030
2030
2032
2034
2035
2035
2035
2036
2035
2031
2030
2029
2028
2027
2025
2021
2020
2019
2019
2015
2015
2014
2014
2014
2015
2015
2016
2018
2021
2019
2021
2020
2019
2019
2017
2015
2015
2012
2012
2011
2012
2012
2011
2012
2010
2008
2005
2007
2008
2008
2009
2010
2009
2007
2008
2006
2005
2001
2000
1999
1997
1995
1996
1997
1997
1997
1996
1997
1994
1994
1994
1993
1993
1993
1992
1993
1992
1992
1989
1989
1988
1986
1985
1985
1984
1985
1983
1982
1981
1980
1978
1978
1978
1977
1979
1978
1978
1977
1976
1975
1975
1975
1975
1975
1976
1978
1981
1981
1982
1982
1983
1983
1980
1979
1975
1976
1976
1975
1974
1975
1976
1979
1980
1981
1983
1986
1988
1989
1989
1989
1989
1993
1991
1991
1990
1990
1989
1989
1989
1989
1988
1988
1991
1992
1994
1997
1998
2001
2002
2005
2008
2009
2011
2012
2013
2015
2015
2015
2015
2016
2017
2018
2022
2022
2025
2028
2028
2030
2033
2033
2034
2035
2036
2037
2036
2038
2037
2036
2035
2036
2035
2034
2033
2034
2034
2034
2034
2033
2035
2033
2033
2032
2031
2030
2030
2031
2033
2033
2037
2038
2037
2038
2037
2038
2037
2037
2037
2038
2037
2037
2037
2038
2037
2037
2037
2037
2037
2036
2035
2034
2033
2033
2031
2030
2028
2029
2028
2027
2027
2025
2025
2024
2024
2025
2025
2024
2026
2027
2027
2030
2029
2031
2031
2033
2033
2034
2035
2034
2036
2036
2037
2037
2037
2036
2035
2033
2032
2030
2031
2030
2029
2029
2030
2029
2029
2028
2027
2025
2021
2018
2015
2011
2008
2006
2005
2004
2003
2002
2001
2002
2001
2004
2004
2004
2003
2001
2000
1999
1999
1999
1996
1994
1992
1989
1987
1983
1983
1983
1981
1981
1981
1981
1982
1983
1986
1990
1992
1997
1997
1999
2000
2002
2001
2001
1999
1997
1996
1997
1997
1994
1994
1991
1990
1989
1986
1985
1983
1982
1980
1978
1978
1977
1976
1978
1978
1977
1977
1978
1979
1978
1980
1980
1983
1985
1986
1989
1992
1994
1997
1999
2002
2004
2005
2007
2010
2010
2011
2012
2014
2015
2018
2017
2020
2019
2023
2024
2027
2028
2028
2031
2033
2033
2036
2037
2038
2040
2041
2043
2042
2044
2045
2047
2048
2051
2052
2056
2058
2060
2060
2060
2061
2061
2060
2058
2057
2057
2056
2054
2053
2054
2053
2052
2052
2052
2053
2053
2056
2058
2060
2059
2060
2060
2060
2057
2057
2055
2054
2054
2052
2052
2053
2051
2052
2050
2050
2052
2052
2053
2053
2054
2054
2052
2052
2049
2045
2041
2039
2036
2033
2031
2030
2029
2029
2030
2031
2033
2035
2034
2035
2036
2037
2037
2040
2042
2044
2044
2044
2046
2047
2049
2050
2052
2055
2056
2058
2060
2062
2063
2067
2068
2070
2072
2073
2075
2077
2077
2076
2076
2077
2077
2076
2078
2077
2078
2077
2076
2077
2076
2076
2076
2075
2074
2073
2072
2070
2069
2066
2064
2063
2062
2061
2060
2060
2060
2060
2060
2061
2061
2060
2060
2061
2061
2060
2058
2058
2056
2057
2056
2056
2056
2058
2058
2060
2058
2058
2057
2056
2055
2056
2055
2055
2052
2054
2052
2051
2050
2050
2049
2051
2052
2050
2051
2051
2051
2054
2053
2056
2055
2057
2059
2059
2061
2062
2062
2062
2063
2063
2062
2061
2060
2060
2061
2060
2061
2059
2059
2058
2061
2060
2062
2062
2062
2065
2066
2065
2065
2066
2064
2064
2065
2066
2068
2068
2068
2069
2070
2072
2072
2074
2075
2073
2074
2073
2073
2074
2074
2074
2075
2073
2073
2076
2071
2072
2070
2071
2068
2069
2069
2069
2068
2068
2066
2065
2064
2064
2061
2061
2058
2058
2055
2053
2052
2052
2052
2049
2050
2052
2052
2052
2051
2052
2052
2052
2051
2052
2052
2050
2047
2046
2044
2043
2041
2041
2039
2039
2039
2039
2041
2041
2042
2042
2041
2039
2041
2038
2034
2033
2031
2029
2026
2025
2024
2025
2026
2024
2023
2023
2023
2023
2023
2020
2022
2021
2021
2020
2020
2019
2020
2021
2021
2020
2020
2020
2021
2019
2020
2021
2019
2020
2018
2018
2019
2017
2017
2017
2021
2023
2025
2026
2027
2028
2029
2031
2033
2035
2034
2037
2038
2041
2043
2043
2045
2044
2046
2046
2047
2046
2044
2045
2044
2042
2042
2041
2040
2039
2040
2042
2043
2045
2045
2050
2052
2053
2054
2053
2055
2053
2052
2052
2052
2052
2053
2052
2054
2053
2056
2056
2058
2059
2060
2060
2060
2059
2058
2059
2057
2056
2054
2052
2050
2050
2049
2049
2049
2050
2051
2052
2054
2057
2057
2057
2057
2057
2056
2053
2052
2051
2047
2046
2045
2043
2040
2041
2041
2039
2039
2040
2041
2040
2039
2038
2039
2039
2040
2040
2039
2039
2040
2042
2043
2043
2043
2045
2046
2047
2048
2047
2049
2049
2049
2049
2046
2046
2046
2046
2046
2047
2049
2049
2052
2052
2052
2056
2057
2059
2062
2064
2066
2069
2072
2074
2077
2078
2077
2077
2078
2079
2078
2079
2078
2080
2079
2080
2080
2081
2083
2085
2086
2086
2088
2090
2093
2094
2097
2098
2100
2105
2106
2110
2114
2115
2119
2121
2124
2126
2128
2129
2130
2131
2132
2131
2131
2134
2134
2134
2132
2133
2130
2132
2129
2130
2129
2129
2129
2129
2130
2131
2129
2132
2133
2132
2135
2136
2136
2135
2134
2133
2128
2126
2122
2118
2114
2112
2110
2107
2105
2104
2102
2103
2100
2098
2097
2094
2093
2090
2087
2085
2080
2074
2070
2067
2062
2060
2058
2057
2056
2056
2054
2052
2050
2048
2045
2043
2041
2041
2039
2037
2036
2036
2036
2035
2036
2037
2036
2039
2039
2037
2034
2036
2034
2033
2033
2030
2030
2028
2028
2028
2026
2028
2027
2028
2029
2031
2033
2034
2036
2037
2036
2038
2039
2041
2041
2044
2043
2044
2044
2046
2044
2045
2042
2041
2041
2043
2043
2045
2046
2049
2049
2050
2051
2052
2053
2053
2053
2053
2053
2051
2050
2052
2050
2052
2052
2052
2052
2052
2050
2050
2050
2050
2049
2050
2051
2050
2049
2049
2046
2045
2043
2042
2042
2041
2039
2037
2035
2034
2033
2032
2029
2028
2026
2023
2023
2020
2019
2017
2014
2011
2008
2006
2005
2003
2003
2003
2001
1999
1997
1997
1994
1994
1991
1989
1985
1985
1983
1981
1980
1979
1979
1980
1981
1983
1983
1986
1987
1989
1990
1992
1991
1992
1994
1993
1992
1991
1991
1988
1988
1986
1985
1985
1983
1983
1983
1985
1983
1987
1990
1989
1990
1993
1995
1993
1997
1997
1997
1998
2000
2002
2004
2005
2008
2008
2010
2011
2013
2014
2017
2017
2017
2017
2016
2017
2017
2018
2017
2018
2018
2021
2021
2023
2025
2029
2028
2031
2031
2033
2035
2037
2038
2038
2039
2039
2039
2039
2039
2041
2041
2042
2042
2044
2045
2045
2047
2048
2048
2046
2051
2050
2050
2052
2054
2056
2056
2057
2057
2059
2060
2060
2061
2059
2060
2061
2062
2060
2060
2060
2060
2061
2060
2062
2063
2066
2066
2066
2069
2070
2070
2069
2068
2068
2066
2066
2068
2064
2064
2065
2065
2065
2066
2064
2065
2066
2066
2066
2065
2066
2066
2067
2068
2068
2068
2069
2069
2070
2069
2069
2068
2068
2069
2068
2068
2068
2067
2066
2068
2066
2066
2065
2064
2061
2060
2058
2057
2055
2054
2054
2054
2054
2054
2053
2050
2050
2046
2045
2041
2041
2038
2038
2035
2034
2033
2030
2029
2027
2025
2026
2023
2023
2023
2024
2024
2023
2022
2019
2018
2015
2011
2012
2009
2008
2008
2007
2007
2008
2010
2013
2015
2018
2018
2019
2020
2021
2020
2019
2020
2018
2016
2015
2015
2012
2013
2015
2014
2013
2014
2015
2015
2018
2020
2021
2020
2022
2025
2024
2025
2025
2025
2024
2024
2025
2024
2024
2025
2024
2025
2025
2026
2026
2027
2029
2028
2031
2029
2030
2030
2028
2028
2025
2025
2022
2022
2023
2022
2024
2022
2024
2025
2026
2025
2025
2023
2024
2022
2020
2019
2019
2019
2019
2019
2019
2019
2019
2020
2020
2021
2021
2023
2022
2025
2027
2030
2031
2033
2031
2032
2033
2034
2035
2037
2038
2039
2040
2041
2043
2044
2045
2046
2048
2048
2054
2054
2058
2062
2064
2066
2069
2070
2072
2073
2073
2075
2076
2078
2080
2080
2082
2084
2083
2082
2082
2082
2082
2083
2080
2081
2081
2082
2083
2082
2085
2084
2086
2086
2086
2088
2088
2085
2086
2084
2082
2081
2080
2080
2078
2077
2076
2076
2074
2071
2069
2069
2067
2066
2064
2061
2060
2058
2058
2056
2056
2055
2054
2053
2052
2053
2052
2049
2048
2046
2044
2041
2039
2035
2034
2033
2032
2031
2031
2030
2029
2029
2028
2026
2023
2024
2022
2019
2018
2017
2018
2018
2019
2018
2019
2019
2021
2021
2021
2021
2022
2023
2025
2026
2028
2029
2030
2031
2033
2034
2036
2037
2037
2040
2042
2044
2048
2049
2052
2056
2057
2060
2062
2064
2065
2066
2066
2067
2068
2068
2069
2069
2068
2070
2069
2072
2072
2074
2072
2076
2077
2079
2082
2085
2089
2089
2091
2093
2093
2093
2094
2095
2094
2092
2093
2094
2093
2094
2096
2096
2097
2095
2095
2095
2094
2094
2093
2092
2093
2089
2091
2090
2092
2091
2092
2090
2091
2089
2089
2088
2086
2088
2084
2085
2084
2082
2080
2077
2074
2073
2070
2070
2066
2064
2062
2061
2060
2059
2057
2057
2056
2054
2054
2052
2049
2046
2042
2038
2035
2032
2029
2029
2030
2030
2030
2031
2030
2031
2030
2030
2029
2030
2031
2031
2031
2034
2036
2035
2036
2035
2035
2036
2035
2033
2032
2032
2033
2031
2029
2031
2029
2028
2027
2028
2029
2027
2028
2027
2024
2024
2023
2023
2021
2021
2021
2020
2022
2023
2021
2020
2023
2021
2025
2025
2026
2028
2028
2027
2026
2025
2024
2022
2023
2022
2021
2021
2022
2022
2022
2023
2024
2025
2028
2029
2031
2033
2035
2037
2038
2041
2041
2044
2045
2045
2046
2048
2046
2044
2044
2045
2043
2043
2044
2041
2044
2044
2044
2043
2042
2042
2040
2041
2041
2043
2042
2043
2043
2043
2044
2045
2046
2045
2049
2050
2049
2049
2050
2049
2049
2050
2049
2050
2050
2050
2049
2052
2053
2052
2054
2055
2056
2058
2058
2060
2057
2058
2059
2060
2059
2059
2060
2057
2058
2056
2056
2056
2058
2058
2058
2060
2061
2064
2065
2068
2071
2072
2073
2074
2074
2072
2074
2074
2075
2073
2072
2072
2072
2071
2072
2071
2072
2072
2074
2073
2074
2074
2073
2073
2072
2071
2070
2069
2068
2068
2069
2069
2070
2072
2072
2073
2074
2076
2076
2075
2075
2076
2074
2074
2073
2070
2068
2066
2064
2062
2060
2060
2061
2062
2063
2061
2062
2062
2063
2063
2063
2063
2063
2061
2062
2061
2061
2061
2061
2062
2064
2065
2066
2065
2064
2064
2064
2064
2064
2064
2064
2063
2061
2061
2058
2057
2058
2054
2054
2053
2052
2052
2051
2052
2052
2053
2054
2056
2057
2058
2059
2060
2061
2062
2062
2061
2061
2063
2062
2063
2065
2066
2066
2067
2068
2066
2064
2064
2064
2062
2060
2058
2058
2057
2056
2056
2058
2061
2060
2062
2063
2062
2061
2061
2061
2060
2057
2056
2054
2052
2050
2049
2047
2048
2050
2050
2050
2052
2052
2054
2053
2053
2053
2054
2053
2053
2052
2053
2052
2052
2052
2052
2053
2052
2052
2052
2054
2053
2052
2052
2052
2053
2054
2054
2056
2059
2058
2060
2058
2058
2058
2059
2057
2056
2056
2054
2052
2050
2050
2049
2046
2045
2045
2043
2044
2045
2045
2045
2047
2046
2048
2049
2050
2048
2049
2048
2050
2050
2051
2049
2050
2050
2052
2052
2052
2054
2056
2057
2058
2058
2058
2058
2054
2053
2051
2050
2051
2050
2049
2046
2049
2050
2052
2053
2054
2058
2060
2061
2062
2062
2061
2060
2060
2058
2053
2052
2050
2048
2047
2046
2045
2046
2043
2044
2043
2044
2045
2041
2044
2043
2042
2041
2043
2042
2041
2041
2041
2042
2043
2042
2041
2043
2042
2045
2045
2045
2044
2043
2044
2043
2043
2044
2043
2042
2042
2040
2038
2037
2037
2035
2037
2036
2038
2040
2041
2042
2044
2046
2046
2045
2045
2044
2046
2045
2044
2044
2045
2044
2045
2044
2045
2046
2046
2046
2047
2045
2046
2047
2047
2045
2045
2044
2043
2043
2043
2039
2039
2037
2037
2037
2037
2036
2037
2038
2037
2038
2038
2039
2040
2038
2038
2039
2039
2039
2038
2039
2038
2041
2042
2043
2042
2044
2045
2049
2048
2048
2050
2049
2051
2050
2052
2050
2051
2053
2052
2052
2052
2053
2054
2052
2052
2050
2050
2050
2051
2048
2049
2046
2047
2045
2045
2044
2041
2039
2039
2037
2035
2034
2034
2032
2033
2031
2032
2031
2031
2030
2029
2028
2028
2026
2024
2021
2019
2015
2013
2012
2010
2009
2007
2005
2006
2005
2003
2005
2002
2002
2002
2002
2003
2003
2003
2003
2002
2002
2002
2002
2003
2003
2005
2006
2007
2009
2008
2008
2009
2010
2009
2007
2007
2007
2006
2005
2005
2005
2006
2005
2006
2005
2005
2005
2006
2006
2009
2009
2011
2011
2011
2012
2014
2015
2015
2017
2018
2018
2015
2017
2015
2017
2017
2017
2019
2019
2019
2020
2020
2021
2020
2021
2022
2024
2022
2023
2023
2023
2021
2022
2023
2023
2027
2026
2028
2029
2031
2036
2039
2041
2044
2046
2048
2045
2043
2042
2041
2040
2038
2035
2034
2034
2031
2031
2033
2033
2036
2042
2051
2060
2068
2073
2078
2085
2088
2091
2093
2092
2092
2088
2077
2064
2049
2036
2026
2022
2026
2037
2054
2073
2089
2100
2105
2102
2096
2084
2068
2049
2029
2013
1999
1986
1977
1974
1979
1991
2006
2021
2039
2058
2078
2093
2106
2112
2117
2116
2113
2107
2099
2090
2082
2073
2065
2057
2050
2041
2033
2029
2020
2015
2011
2007
1999
1986
1964
1928
1880
1823
1766
1717
1682
1673
1694
1747
1823
1901
1975
2033
2071
2092
2099
2098
2086
2078
2062
2050
2049
2053
2066
2090
2124
2164
2205
2244
2278
2302
2320
2328
2319
2300
2272
2238
2199
2157
2119
2087
2067
2057
2052
2052
2055
2063
2075
2085
2098
2112
2126
2137
2150
2158
2167
2171
2174
2176
2170
2161
2146
2127
2107
2089
2073
2062
2054
2046
2036
2020
1997
1980
1975
1986
2012
2048
2088
2125
2160
2189
2213
2234
2253
2267
2275
2277
2278
2274
2259
2230
2188
2139
2083
2022
1957
1898
1857
1834
1835
1856
1899
1961
2032
2104
2168
2224
2268
2298
2320
2329
2336
2341
2340
2331
2310
2275
2233
2188
2144
2109
2080
2052
2024
2007
2000
2000
2009
2027
2052
2075
2100
2126
2145
2157
2161
2156
2141
2124
2101
2081
2066
2062
2066
2076
2087
2097
2106
2115
2126
2138
2146
2146
2137
2128
2120
2110
2096
2082
2064
2053
2049
2052
2058
2062
2066
2069
2076
2082
2089
2098
2109
2120
2124
2129
2129
2125
2118
2104
2087
2068
2053
2039
2023
1999
1974
1941
1904
1871
1842
1829
1844
1882
1934
1982
2036
2081
2120
2149
2168
2176
2173
2161
2128
2084
2032
1988
1954
1930
1929
1941
1967
1994
2021
2041
2057
2070
2078
2076
2063
2042
2021
2005
1996
1996
2005
2021
2045
2073
2101
2129
2155
2177
2189
2190
2179
2152
2114
2065
2010
1959
1913
1882
1865
1868
1890
1924
1959
1995
2029
2059
2079
2092
2096
2093
2084
2072
2057
2038
2017
1989
1958
1929
1905
1887
1875
1870
1876
1893
1913
1928
1934
1936
1928
1915
1902
1891
1885
1883
1890
1902
1923
1952
1980
1995
1986
1956
1911
1858
1807
1770
1759
1787
1840
1903
1965
2014
2057
2088
2110
2123
2120
2107
2088
2063
2037
2007
1975
1942
1909
1883
1855
1833
1818
1810
1812
1824
1853
1895
1947
2006
2053
2088
2105
2110
2103
2085
2060
2035
2006
1975
1945
1917
1881
1846
1816
1795
1783
1782
1803
1847
1903
1955
1996
2024
2044
2059
2067
2071
2066
2057
2043
2026
2009
1993
1978
1971
1965
1964
1972
1982
1993
2002
2004
2001
1992
1980
1971
1958
1938
1909
1881
1861
1845
1841
1853
1877
1909
1936
1951
1954
1952
1953
1958
1962
1973
1988
2001
2006
2003
2001
1996
1993
1988
1985
1981
1968
1956
1943
1934
1921
1916
1917
1919
1903
1873
1843
1812
1780
1763
1774
1807
1836
1846
1836
1819
1802
1787
1783
1801
1842
1892
1945
1999
2057
2113
2165
2204
2225
2240
2249
2246
2229
2200
2149
2087
2019
1960
1914
1886
1874
1868
1858
1845
1837
1842
1858
1877
1897
1915
1931
1945
1959
1978
2000
2018
2032
2038
2043
2042
2039
2033
2031
2028
2033
2040
2046
2049
2043
2033
2006
1967
1912
1860
1824
1804
1793
1783
1774
1778
1796
1826
1866
1903
1937
1964
1979
1988
1994
2001
2013
2035
2070
2106
2130
2132
2109
2072
2031
1998
1970
1940
1901
1850
1788
1726
1684
1678
1713
1788
1881
1968
2043
2105
2156
2202
2244
2271
2269
2245
2201
2149
2096
2054
2018
1982
1940
1901
1873
1863
1877
1907
1940
1976
2020
2060
2097
2138
2176
2197
2189
2159
2101
2014
1910
1799
1679
1570
1488
1433
1407
1393
1392
1400
1426
1473
1569
1688
1777
1834
1865
1880
1888
1911
1961
2024
2073
2097
2101
2077
2009
1908
1794
1700
1651
1660
1733
1821
1875
1872
1826
1760
1703
1648
1571
1482
1432
1479
1633
1843
2058
2233
2351
2421
2431
2360
2222
2042
1853
1697
1603
1589
1619
1636
1600
1524
1424
1342
1316
1379
1517
1686
1848
1981
2074
2093
2053
1978
1898
1836
1823
1868
1945
2060
2189
2298
2371
2408
2384
2281
2127
1945
1770
1639
1558
1509
1480
1465
1490
1574
1684
1727
1684
1573
1450
1396
1452
1608
1820
2039
2240
2420
2581
2706
2777
2804
2787
2727
2615
2440
2233
2025
1859
1765
1729
1691
1591
1412
1178
989
910
974
1141
1354
1566
1726
1796
1807
1752
1650
1526
1427
1358
1269
1164
1107
1162
1328
1508
1680
1881
2045
2121
2076
1896
1677
1558
1613
1799
1992
2104
2124
2114
2153
2220
2274
2345
2436
2543
2615
2629
2598
2537
2487
2470
2432
2309
2091
1804
1560
1449
1467
1569
1672
1748
1766
1678
1444
1127
844
697
744
934
1165
1433
1740
2031
2293
2430
2393
2222
2003
1798
1680
1677
1717
1761
1791
1766
1725
1714
1724
1762
1811
1874
1959
2028
2059
2055
2038
2054
2112
2139
2090
1983
1867
1834
1900
2003
2108
2231
2344
2353
2239
1987
1622
1285
1103
1133
1370
1751
2163
2489
2689
2798
2840
2831
2780
2658
2446
2167
1848
1574
1437
1325
1262
1281
1389
1576
1778
1962
2123
2217
2159
1907
1578
1344
1308
1465
1658
1718
1697
1733
1919
2225
2528
2772
2943
2994
2883
2638
2317
2008
1786
1695
1770
1957
2148
2263
2224
2103
1964
1849
1832
1822
1753
1675
1620
1586
1583
1548
1507
1559
1644
1698
1688
1660
1753
2023
2361
2617
2745
2777
2788
2752
2664
2538
2456
2443
2458
2469
2415
2278
2075
1853
1694
1622
1656
1809
1950
2037
2051
2022
2012
2014
2080
2246
2477
2614
2485
2103
1640
1377
1433
1677
1909
2064
2182
2324
2488
2632
2725
2783
2831
2886
2913
2848
2640
2365
2117
1893
1748
1672
1620
1654
1793
1987
2152
2239
2222
2146
2085
2059
2003
1818
1557
1390
1403
1646
1983
2246
2408
2514
2605
2690
2744
2741
2681
2594
2515
2450
2397
2368
2329
2262
2173
2094
2018
1889
1686
1508
1396
1426
1549
1703
1925
2209
2476
2709
2875
2850
2590
2130
1576
1161
983
1018
1201
1505
1879
2259
2620
2921
3139
3295
3380
3342
3130
2777
2381
2084
1942
1928
2030
2133
2133
2061
1893
1700
1566
1464
1479
1663
1914
2168
2393
2583
2753
2874
2894
2716
2343
1901
1562
1485
1694
2008
2238
2317
2293
2245
2206
2190
2196
2225
2276
2335
2392
2448
2437
2285
1959
1587
1254
1033
966
1068
1288
1554
1818
2083
2343
2526
2571
2504
2408
2350
2363
2373
2336
2221
1972
1662
1395
1328
1489
1765
2057
2280
2444
2572
2655
2699
2714
2726
2704
2573
2351
2090
1877
1814
1855
1957
2004
1873
1618
1300
1099
1106
1230
1482
1851
2236
2543
2708
2726
2613
2447
2325
2311
2353
2399
2411
2403
2385
2348
2231
2063
1917
1850
1868
1896
1922
1978
2076
2188
2263
2304
2312
2313
2381
2499
2526
2435
2264
2099
2022
2051
2124
2208
2294
2382
2471
2539
2542
2490
2360
2215
2097
2031
2035
2077
2147
2228
2269
2255
2166
2058
1944
1867
1814
1746
1608
1502
1541
1693
1881
2079
2243
2357
2438
2501
2571
2642
2642
2548
2428
2334
2297
2278
2263
2277
2294
2287
2212
2102
2001
1902
1807
1736
1742
1872
2068
2190
2235
2264
2376
2549
2661
2679
2635
2598
2588
2577
2580
2567
2470
2273
1994
1716
1556
1535
1596
1687
1813
1962
2148
2286
2271
2113
1890
1734
1777
1950
2151
2348
2552
2770
2974
3104
3100
2972
2723
2353
1956
1595
1381
1416
1656
1949
2180
2343
2467
2572
2654
2685
2617
2409
2126
1850
1662
1592
1613
1720
1909
2134
2332
2493
2615
2698
2756
2797
2811
2794
2741
2646
2534
2433
2299
2060
1748
1473
1358
1499
1784
2052
2186
2205
2157
2080
2027
2070
2210
2403
2585
2730
2844
2914
2921
2876
2751
2495
2132
1686
1285
1075
1056
1217
1511
1866
2228
2553
2804
2976
3079
3120
3112
3071
3002
2920
2820
2674
2504
2350
2244
2223
2266
2319
2339
2247
1978
1588
1243
1128
1271
1556
1860
2114
2300
2444
2582
2696
2750
2738
2695
2652
2642
2654
2665
2679
2693
2712
2727
2728
2720
2703
2681
2668
2657
2648
2632
2586
2500
2395
2299
2248
2226
2223
2236
2270
2292
2292
2271
2250
2262
2310
2365
2424
2475
2517
2548
2564
2571
2569
2565
2556
2546
2542
2537
2530
2523
2515
2506
2495
2492
2487
2481
2468
2448
2418
2382
2340
2300
2265
2245
2239
2245
2268
2297
2333
2367
2402
2436
2461
2482
2495
2504
2508
2508
2506
2500
2494
2492
2489
2489
2490
2491
2487
2473
2452
2425
2398
2372
2350
2341
2340
2353
2370
2384
2403
2420
2443
2467
2487
2511
2540
2573
2606
2633
2654
2664
2661
2647
2625
2599
2565
2531
2498
2463
2431
2401
2378
2358
2342
2327
2316
2311
2308
2304
2304
2304
2304
2310
2314
2318
2318
2316
2313
2309
2306
2302
2304
2308
2309
2309
2308
2307
2306
2306
2308
2307
2306
2301
2297
2295
2294
2293
2284
2275
2266
2261
2258
2254
2257
2263
2269
2280
2294
2304
2316
2321
2326
2326
2325
2321
2316
2310
2306
2294
2283
2267
2248
2233
2221
2220
2231
2256
2297
2341
2391
2433
2466
2489
2501
2501
2492
2477
2461
2440
2421
2407
2394
2382
2369
2358
2348
2337
2326
2324
2328
2333
2336
2338
2336
2330
2321
2306
2290
2273
2260
2248
2238
2233
2243
2260
2275
2284
2286
2287
2284
2279
2276
2273
2272
2275
2274
2271
2263
2254
2239
2227
2212
2195
2178
2162
2144
2124
2107
2089
2070
2055
2037
2017
1997
1982
1973
1971
1975
1976
1976
1978
1983
1989
1997
2000
2000
1999
1999
2003
2013
2026
2044
2072
2101
2127
2146
2159
2166
2172
2177
2174
2166
2152
2129
2103
2074
2042
2022
2014
2018
2023
2026
2030
2031
2036
2042
2049
2056
2061
2063
2061
2059
2059
2062
2070
2077
2084
2091
2096
2103
2108
2109
2109
2108
2106
2102
2097
2092
2085
2080
2073
2066
2061
2055
2051
2051
2052
2054
2053
2053
2051
2044
2039
2033
2026
2021
2013
2002
1991
1985
1979
1977
1977
1979
1983
1989
1994
2002
2005
2012
2019
2028
2036
2041
2049
2053
2053
2054
2051
2046
2042
2038
2037
2035
2039
2043
2044
2049
2052
2054
2058
2056
2055
2052
2046
2044
2039
2037
2036
2037
2039
2041
2047
2054
2061
2068
2073
2077
2080
2082
2084
2080
2076
2067
2055
2045
2033
2019
2013
2001
1995
1988
1983
1980
1977
1979
1978
1979
1979
1977
1973
1970
1966
1959
1951
1943
1934
1927
1917
1911
1906
1902
1898
1893
1888
1884
1878
1874
1869
1868
1865
1863
1862
1860
1859
1860
1858
1857
1855
1851
1850
1847
1840
1834
1827
1820
1812
1806
1804
1798
1800
1801
1804
1809
1815
1822
1831
1838
1846
1857
1865
1873
1883
1892
1901
1906
1913
1918
1921
1924
1930
1935
1939
1940
1940
1940
1941
1939
1940
1940
1941
1941
1943
1948
1963
1983
2002
2016
2021
2016
1997
1960
1910
1845
1772
1685
1600
1515
1434
1364
1307
1270
1249
1249
1271
1322
1397
1487
1585
1681
1759
1817
1855
1877
1882
1882
1880
1875
1874
1877
1893
1924
1970
2025
2085
2141
2189
2219
2232
2229
2202
2154
2089
2008
1917
1819
1721
1624
1530
1446
1373
1318
1278
1253
1249
1260
1290
1334
1394
1467
1548
1634
1723
1811
1896
1973
2043
2108
2162
2209
2247
2278
2301
2314
2320
2320
2312
2297
2277
2252
2222
2186
2145
2102
2057
2013
1970
1931
1895
1863
1837
1817
1804
1796
1799
1811
1830
1865
1909
1963
2025
2092
2157
2222
2283
2340
2388
2431
2466
2490
2508
2518
2516
2506
2490
2468
2442
2412
2380
2349
2318
2288
2261
2240
2223
2211
2204
2201
2204
2208
2217
2230
2245
2263
2281
2301
2323
2342
2358
2375
2390
2399
2407
2411
2415
2413
2410
2402
2391
2376
2360
2344
2326
2311
2296
2283
2273
2263
2255
2251
2247
2243
2241
2241
2240
2239
2241
2244
2242
2244
2246
2246
2246
2244
2244
2244
2238
2236
2231
2226
2218
2210
2200
2189
2181
2172
2164
2157
2150
2145
2144
2139
2138
2134
2132
2133
2130
2128
2126
2125
2125
2125
2125
2124
2122
2120
2120
2121
2121
2123
2124
2129
2129
2130
2132
2134
2132
2131
2124
2126
2124
2118
2116
2113
2112
2113
2116
2117
2120
2124
2125
2129
2129
2128
2128
2130
2130
2129
2130
2131
2130
2130
2132
2134
2136
2138
2141
2145
2148
2149
2152
2154
2156
2155
2156
2154
2151
2148
2144
2140
2136
2129
2123
2118
2112
2104
2100
2096
2094
2091
2090
2091
2091
2092
2092
2095
2097
2096
2098
2100
2101
2100
2099
2098
2096
2093
2091
2085
2083
2081
2080
2080
2077
2074
2075
2074
2073
2068
2068
2066
2063
2061
2059
2057
2057
2057
2055
2055
2054
2055
2056
2058
2058
2058
2060
2063
2066
2068
2069
2071
2072
2072
2070
2071
2071
2069
2069
2069
2068
2069
2070
2072
2070
2072
2073
2073
2073
2069
2069
2068
2066
2062
2057
2053
2047
2041
2037
2032
2029
2024
2021
2017
2013
2011
2009
2005
2006
2006
2007
2007
2010
2011
2013
2015
2019
2019
2020
2019
2022
2019
2019
2019
2015
2013
2011
2011
2009
2005
2005
2004
2001
1999
1997
1996
1993
1990
1986
1983
1980
1978
1974
1973
1971
1971
1971
1973
1972
1970
1970
1971
1971
1970
1969
1969
1968
1965
1963
1962
1961
1958
1958
1957
1956
1954
1952
1951
1951
1949
1946
1946
1945
1944
1942
1940
1938
1938
1937
1937
1936
1937
1940
1940
1938
1939
1939
1938
1938
1937
1938
1937
1939
1938
1937
1937
1936
1934
1934
1932
1933
1932
1931
1933
1932
1931
1932
1933
1934
1932
1932
1935
1932
1931
1929
1927
1926
1924
1919
1919
1919
1917
1917
1917
1917
1918
1919
1921
1922
1922
1924
1927
1929
1932
1932
1935
1936
1938
1938
1938
1940
1940
1940
1941
1942
1942
1942
1944
1943
1941
1940
1939
1939
1938
1938
1939
1940
1939
1938
1938
1937
1934
1938
1938
1937
1937
1935
1938
1938
1938
1940
1943
1946
1946
1947
1949
1953
1954
1956
1958
1959
1959
1959
1960
1961
1959
1959
1961
1958
1957
1954
1953
1953
1950
1950
1949
1948
1947
1946
1946
1946
1945
1946
1946
1946
1945
1945
1947
1947
1947
1948
1950
1952
1953
1954
1955
1956
1955
1956
1958
1957
1954
1954
1953
1951
1951
1952
1951
1954
1953
1956
1959
1960
1961
1963
1966
1968
1968
1970
1971
1970
1969
1968
1969
1968
1966
1964
1964
1963
1962
1962
1961
1963
1962
1962
1961
1962
1962
1961
1963
1962
1963
1964
1963
1964
1962
1962
1961
1961
1960
1957
1957
1957
1954
1952
1953
1950
1949
1946
1946
1945
1944
1947
1947
1948
1950
1948
1951
1954
1955
1957
1958
1959
1960
1960
1960
1960
1959
1958
1956
1957
1955
1955
1956
1957
1958
1959
1963
1965
1966
1967
1970
1970
1971
1971
1970
1970
1969
1969
1966
1967
1965
1966
1967
1966
1965
1963
1964
1966
1965
1966
1967
1969
1970
1971
1972
1973
1972
1972
1973
1974
1972
1971
1973
1971
1972
1972
1973
1972
1972
1973
1973
1973
1973
1973
1971
1970
1969
1970
1971
1973
1976
1977
1982
1983
1986
1987
1986
1987
1985
1983
1981
1977
1974
1972
1968
1965
1962
1962
1962
1962
1961
1961
1962
1961
1962
1962
1962
1960
1959
1959
1958
1957
1955
1955
1953
1950
1949
1947
1947
1946
1945
1942
1942
1940
1939
1940
1941
1941
1939
1938
1938
1936
1933
1929
1929
1925
1921
1919
1917
1915
1913
1913
1914
1913
1914
1913
1912
1911
1910
1909
1909
1908
1906
1903
1903
1901
1898
1897
1898
1899
1900
1900
1903
1906
1908
1908
1910
1909
1909
1907
1906
1905
1903
1901
1901
1898
1897
1897
1899
1898
1897
1897
1899
1901
1903
1903
1904
1907
1908
1911
1913
1914
1915
1917
1920
1919
1922
1923
1922
1921
1921
1919
1919
1916
1915
1913
1913
1911
1911
1908
1908
1907
1906
1905
1906
1906
1905
1907
1906
1907
1908
1909
1913
1915
1916
1921
1923
1926
1929
1932
1935
1936
1940
1941
1943
1944
1945
1946
1947
1945
1947
1948
1949
1951
1951
1948
1948
1952
1953
1953
1954
1956
1957
1956
1958
1957
1960
1961
1963
1964
1964
1963
1965
1967
1967
1969
1970
1971
1972
1971
1974
1972
1973
1972
1974
1973
1972
1974
1974
1975
1976
1977
1980
1981
1981
1981
1983
1983
1982
1981
1983
1983
1983
1983
1983
1983
1983
1982
1981
1981
1979
1977
1977
1974
1973
1973
1973
1974
1974
1973
1974
1975
1974
1973
1975
1974
1975
1974
1976
1977
1977
1977
1980
1981
1983
1985
1986
1987
1983
1986
1987
1986
1986
1985
1983
1985
1983
1981
1979
1979
1980
1979
1982
1983
1984
1984
1989
1990
1992
1995
1998
2000
2002
2003
2006
2007
2007
2007
2008
2007
2007
2008
2011
2013
2013
2015
2018
2019
2018
2019
2019
2019
2019
2020
2021
2021
2021
2022
2023
2023
2024
2024
2026
2025
2026
2023
2022
2020
2015
2015
2015
2015
2014
2013
2013
2014
2013
2014
2015
2015
2015
2015
2017
2019
2020
2022
2025
2028
2028
2029
2030
2031
2030
2031
2033
2031
2031
2032
2031
2032
2031
2030
2031
2029
2029
2028
2027
2026
2024
2024
2025
2026
2026
2028
2027
2027
2026
2026
2027
2026
2024
2024
2025
2023
2022
2022
2023
2023
2022
2020
2021
2019
2015
2012
2011
2008
2007
2005
2004
2005
2003
2002
2004
2005
2004
2005
2006
2006
2005
2005
2006
2006
2004
2002
2000
1995
1994
1991
1989
1985
1983
1980
1981
1980
1979
1978
1977
1978
1975
1976
1976
1975
1975
1975
1975
1972
1972
1972
1971
1971
1972
1972
1975
1972
1973
1975
1975
1975
1977
1975
1977
1977
1976
1977
1979
1979
1980
1981
1985
1986
1984
1986
1986
1987
1989
1991
1994
1995
1995
1995
1996
1997
1997
1998
1999
2000
2000
1999
2001
2001
2002
2001
2004
2004
2006
2007
2007
2010
2010
2013
2013
2014
2015
2013
2014
2012
2009
2009
2007
2006
2006
2003
2003
2003
2004
2007
2005
2004
2004
2004
2005
2005
2007
2007
2006
2009
2009
2010
2010
2009
2007
2005
2005
2003
2002
2000
2001
2001
1999
1999
2001
2000
2001
2000
2002
2002
2004
2003
2004
2005
2004
2005
2007
2006
2007
2005
2008
2007
2007
2004
2005
2004
2003
1999
1999
1997
1994
1994
1991
1992
1990
1990
1993
1993
1994
1995
1998
2000
2001
2003
2003
2004
2006
2007
2007
2007
2008
2007
2007
2008
2007
2007
2008
2009
2008
2009
2010
2008
2006
2006
2007
2008
2006
2005
2005
2005
2004
2006
2008
2010
2013
2013
2015
2018
2019
2021
2023
2025
2025
2026
2025
2024
2025
2023
2023
2020
2018
2016
2015
2015
2013
2012
2015
2015
2015
2015
2018
2020
2022
2023
2023
2025
2024
2023
2023
2022
2020
2022
2021
2020
2018
2017
2018
2019
2019
2020
2021
2022
2023
2024
2027
2027
2027
2026
2026
2028
2027
2027
2029
2031
2031
2034
2036
2038
2037
2037
2037
2036
2035
2035
2035
2036
2035
2036
2035
2038
2035
2034
2035
2033
2031
2030
2030
2027
2024
2025
2027
2027
2027
2029
2030
2030
2031
2028
2029
2026
2027
2027
2025
2023
2023
2023
2024
2025
2024
2023
2024
2024
2023
2021
2023
2022
2020
2015
2014
2014
2013
2012
2011
2011
2011
2011
2010
2011
2010
2012
2014
2015
2015
2017
2017
2018
2018
2017
2018
2017
2017
2018
2018
2017
2017
2017
2017
2019
2020
2021
2023
2023
2022
2022
2023
2022
2021
2021
2022
2021
2020
2020
2020
2021
2019
2020
2021
2021
2021
2022
2022
2023
2023
2022
2023
2022
2023
2023
2024
2025
2025
2026
2029
2030
2029
2030
2031
2033
2031
2031
2032
2034
2033
2034
2035
2035
2033
2032
2034
2033
2033
2035
2034
2033
2033
2034
2033
2035
2033
2032
2034
2035
2033
2034
2034
2035
2034
2033
2033
2031
2031
2030
2030
2028
2029
2029
2030
2031
2032
2033
2034
2035
2034
2034
2037
2037
2037
2036
2039
2038
2039
2039
2040
2039
2039
2039
2038
2037
2038
2037
2038
2040
2039
2042
2043
2043
2043
2042
2042
2041
2039
2037
2036
2037
2036
2033
2033
2033
2031
2030
2030
2031
2029
2027
2028
2029
2028
2031
2033
2034
2034
2034
2033
2032
2030
2031
2031
2030
2029
2028
2030
2029
2028
2028
2031
2031
2031
2031
2033
2035
2033
2033
2036
2036
2035
2037
2038
2037
2035
2038
2038
2039
2037
2039
2039
2039
2041
2041
2042
2044
2045
2045
2046
2049
2047
2046
2049
2047
2045
2045
2045
2045
2044
2044
2044
2045
2046
2048
2047
2051
2052
2053
2056
2057
2060
2060
2064
2065
2066
2066
2069
2070
2069
2068
2067
2065
2064
2061
2058
2058
2057
2057
2058
2058
2058
2056
2057
2057
2057
2056
2057
2058
2057
2058
2060
2060
2061
2060
2061
2061
2059
2060
2062
2061
2061
2062
2062
2061
2060
2059
2057
2059
2057
2056
2056
2053
2053
2052
2053
2052
2054
2056
2056
2058
2060
2061
2063
2061
2062
2064
2064
2064
2063
2062
2062
2061
2060
2059
2059
2057
2055
2053
2052
2050
2050
2046
2049
2045
2044
2042
2042
2044
2041
2042
2040
2041
2039
2037
2039
2039
2040
2041
2041
2043
2042
2043
2043
2043
2041
2042
2041
2042
2040
2040
2039
2037
2036
2034
2035
2034
2033
2031
2030
2029
2028
2029
2030
2031
2031
2033
2035
2037
2038
2040
2041
2041
2042
2042
2042
2041
2041
2042
2039
2040
2040
2040
2039
2038
2038
2038
2039
2039
2037
2038
2038
2039
2037
2035
2034
2035
2033
2034
2035
2035
2035
2036
2039
2039
2040
2042
2043
2044
2044
2046
2046
2045
2046
2044
2045
2043
2042
2043
2043
2043
2042
2041
2043
2041
2040
2039
2039
2039
2038
2039
2041
2041
2044
2046
2046
2049
2049
2049
2051
2052
2050
2051
2050
2050
2052
2050
2049
2051
2049
2046
2046
2044
2041
2039
2039
2037
2035
2035
2035
2034
2033
2033
2035
2035
2033
2034
2037
2037
2037
2039
2041
2042
2042
2044
2044
2043
2042
2042
2043
2043
2042
2042
2043
2042
2041
2045
2046
2047
2050
2049
2049
2050
2048
2049
2049
2049
2048
2046
2049
2047
2045
2042
2043
2039
2039
2039
2039
2039
2039
2039
2041
2042
2044
2045
2045
2047
2045
2043
2043
2042
2039
2039
2039
2039
2040
2041
2042
2045
2045
2049
2050
2050
2050
2050
2050
2050
2049
2046
2047
2045
2044
2045
2046
2048
2050
2052
2054
2054
2053
2054
2055
2054
2056
2054
2057
2057
2056
2059
2060
2060
2060
2062
2064
2062
2062
2063
2065
2065
2063
2064
2066
2067
2070
2069
2070
2070
2068
2069
2068
2066
2064
2064
2063
2061
2060
2059
2058
2060
2059
2059
2058
2058
2059
2058
2060
2058
2058
2058
2059
2058
2058
2058
2059
2059
2059
2058
2057
2058
2057
2057
2057
2056
2054
2052
2052
2050
2049
2047
2046
2049
2044
2046
2049
2051
2049
2052
2053
2055
2053
2053
2053
2051
2048
2045
2043
2044
2042
2042
2042
2041
2041
2039
2041
2039
2039
2038
2038
2041
2040
2040
2040
2037
2038
2037
2037
2037
2036
2035
2036
2036
2036
2036
2037
2039
2039
2039
2041
2043
2044
2045
2048
2049
2049
2048
2045
2046
2044
2044
2043
2042
2040
2039
2039
2039
2041
2043
2044
2046
2047
2046
2049
2047
2049
2049
2047
2048
2049
2047
2048
2050
2046
2049
2049
2050
2052
2050
2054
2054
2054
2054
2055
2054
2054
2055
2054
2053
2051
2051
2051
2051
2049
2049
2050
2048
2049
2048
2049
2050
2049
2050
2049
2050
2050
2050
2051
2053
2051
2052
2051
2052
2050
2048
2048
2047
2045
2044
2043
2043
2037
2039
2039
2037
2039
2039
2040
2041
2041
2043
2046
2045
2045
2045
2049
2049
2046
2045
2043
2041
2041
2040
2041
2041
2039
2038
2039
2039
2039
2039
2039
2041
2039
2038
2038
2037
2035
2034
2036
2038
2038
2039
2043
2046
2046
2046
2045
2044
2042
2042
2041
2039
2041
2038
2039
2037
2036
2035
2035
2037
2037
2037
2039
2039
2039
2040
2041
2040
2040
2037
2037
2037
2035
2035
2036
2036
2037
2039
2040
2042
2044
2045
2046
2050
2052
2052
2056
2055
2054
2054
2052
2053
2051
2051
2051
2053
2050
2050
2051
2049
2047
2050
2049
2048
2049
2049
2050
2052
2050
2053
2053
2054
2054
2055
2057
2059
2059
2060
2062
2062
2062
2061
2060
2058
2056
2054
2054
2052
2049
2049
2049
2047
2045
2046
2047
2045
2045
2044
2043
2045
2044
2043
2043
2046
2046
2048
2050
2054
2052
2056
2057
2056
2057
2057
2059
2059
2058
2057
2059
2057
2058
2056
2056
2054
2052
2049
2050
2047
2046
2045
2044
2045
2044
2045
2043
2046
2044
2045
2045
2047
2045
2045
2043
2044
2044
2041
2041
2041
2039
2040
2041
2040
2039
2040
2043
2044
2043
2041
2046
2046
2045
2045
2045
2045
2046
2045
2045
2043
2042
2041
2041
2040
2040
2041
2042
2041
2041
2042
2043
2046
2049
2050
2050
2052
2052
2052
2054
2054
2054
2053
2053
2052
2050
2052
2053
2053
2052
2052
2052
2052
2051
2050
2049
2046
2045
2042
2043
2042
2040
2039
2037
2037
2038
2036
2039
2039
2039
2041
2039
2039
2038
2037
2039
2039
2039
2038
2040
2037
2034
2035
2034
2036
2034
2035
2035
2035
2033
2033
2035
2035
2035
2036
2036
2035
2034
2033
2032
2031
2030
2029
2028
2025
2028
2029
2033
2034
2036
2038
2039
2041
2041
2041
2043
2043
2042
2043
2043
2044
2043
2045
2045
2046
2043
2044
2044
2043
2042
2039
2041
2041
2043
2041
2043
2040
2040
2037
2037
2035
2033
2031
2031
2031
2029
2030
2031
2030
2031
2033
2036
2039
2038
2040
2041
2040
2040
2039
2039
2039
2039
2039
2040
2039
2041
2041
2042
2042
2041
2042
2044
2047
2047
2049
2053
2053
2053
2054
2054
2055
2054
2056
2054
2056
2057
2059
2060
2061
2063
2064
2066
2068
2068
2069
2071
2071
2071
2070
2072
2072
2071
2071
2070
2070
2068
2068
2069
2069
2070
2072
2074
2076
2076
2077
2079
2082
2078
2077
2079
2077
2077
2076
2075
2074
2073
2071
2072
2070
2069
2067
2069
2068
2069
2071
2072
2073
2074
2072
2073
2074
2072
2073
2071
2072
2071
2070
2069
2068
2068
2068
2070
2070
2069
2069
2072
2071
2068
2068
2065
2064
2061
2058
2056
2055
2056
2053
2054
2054
2055
2054
2056
2057
2056
2057
2057
2059
2059
2059
2060
2062
2062
2062
2060
2060
2057
2058
2056
2057
2057
2058
2058
2060
2058
2058
2061
2062
2060
2061
2061
2060
2061
2061
2061
2060
2062
2060
2060
2058
2058
2059
2058
2059
2058
2057
2059
2059
2058
2057
2057
2058
2056
2056
2057
2055
2055
2054
2054
2054
2054
2054
2056
2056
2057
2057
2055
2054
2052
2050
2047
2045
2044
2040
2039
2037
2038
2035
2036
2034
2034
2034
2035
2034
2034
2034
2035
2035
2036
2036
2037
2039
2038
2037
2037
2038
2037
2035
2035
2034
2033
2033
2031
2031
2028
2029
2029
2029
2028
2029
2030
2031
2031
2032
2031
2032
2032
2033
2033
2032
2031
2030
2031
2031
2030
2030
2031
2030
2030
2029
2029
2029
2030
2029
2029
2029
2029
2027
2026
2026
2025
2025
2027
2026
2027
2028
2029
2029
2028
2028
2029
2029
2029
2028
2028
2028
2029
2029
2029
2030
2030
2030
2030
2031
2030
2031
2031
2032
2030
2030
2031
2030
2028
2028
2018
2026
2026
2026
2025
2026
2026
2028
2029
2029
2030
2030
2032
2030
2031
2027
2033
2031
2029
2026
2023
2021
2018
2015
2013
2016
2020
2027
2034
2042
2050
2059
2066
2068
2062
2054
2041
2027
2012
2002
2001
2004
2012
2022
2031
2039
2045
2052
2053
2058
2057
2058
2058
2056
2054
2051
2050
2049
2050
2054
2056
2060
2061
2065
2065
2067
2072
2074
2074
2069
2059
2047
2033
2014
1994
1978
1968
1963
1958
1964
1977
1997
2022
2052
2080
2095
2103
2101
2096
2088
2075
2060
2054
2050
2047
2052
2061
2069
2076
2084
2081
2063
2029
1987
1945
1905
1871
1848
1860
1908
1975
2045
2106
2154
2190
2211
2221
2222
2214
2201
2183
2166
2147
2129
2115
2101
2091
2085
2086
2087
2086
2088
2088
2087
2084
2080
2076
2071
2065
2058
2053
2049
2043
2042
2043
2043
2041
2034
2011
1974
1931
1885
1846
1811
1793
1791
1808
1833
1867
1898
1929
1966
1995
2000
1983
1958
1938
1944
1977
2040
2120
2204
2263
2308
2331
2334
2317
2291
2250
2205
2158
2114
2076
2048
2029
2023
2030
2049
2074
2106
2140
2173
2206
2235
2258
2275
2287
2291
2291
2286
2280
2269
2253
2234
2215
2191
2162
2132
2102
2070
2044
2028
2022
2027
2038
2059
2081
2105
2133
2161
2188
2210
2226
2243
2260
2272
2279
2283
2280
2271
2256
2237
2213
2184
2156
2130
2105
2080
2047
2015
1996
1991
1995
2005
2023
2049
2079
2113
2152
2187
2221
2249
2269
2278
2277
2265
2245
2219
2190
2160
2135
2115
2102
2095
2095
2103
2118
2134
2154
2176
2195
2207
2212
2209
2199
2184
2164
2139
2115
2089
2067
2044
2032
2028
2026
2023
2009
1981
1943
1901
1863
1826
1804
1805
1834
1884
1942
1995
2035
2064
2080
2082
2074
2058
2041
2023
2006
1989
1979
1974
1980
1993
2012
2035
2054
2070
2079
2080
2078
2078
2076
2076
2074
2074
2081
2083
2084
2084
2080
2072
2063
2052
2042
2031
2020
2002
1986
1968
1951
1938
1932
1929
1923
1909
1883
1850
1819
1796
1789
1798
1819
1843
1870
1898
1932
1975
2024
2072
2109
2132
2136
2125
2105
2080
2056
2033
2015
1995
1977
1959
1939
1919
1904
1895
1888
1877
1865
1850
1844
1851
1871
1898
1926
1955
1990
2026
2059
2076
2083
2079
2069
2057
2044
2035
2023
2018
2015
2013
2003
1992
1979
1970
1959
1944
1919
1887
1843
1795
1748
1709
1677
1651
1639
1647
1680
1738
1809
1876
1932
1975
2003
2017
2017
1997
1954
1888
1798
1711
1636
1587
1561
1566
1602
1658
1729
1805
1879
1954
2025
2098
2164
2211
2241
2264
2274
2267
2251
2221
2183
2138
2090
2031
1954
1854
1757
1673
1593
1532
1496
1502
1558
1666
1810
1939
1985
1925
1776
1587
1422
1315
1303
1390
1537
1693
1850
2008
2139
2195
2168
2066
1876
1638
1414
1241
1129
1099
1204
1443
1750
2036
2197
2187
2023
1734
1379
1000
649
383
227
208
341
654
1123
1672
2185
2570
2785
2879
2925
2961
2987
2925
2729
2412
2040
1649
1316
1123
1073
1132
1318
1613
1921
2184
2369
2445
2421
2364
2324
2326
2297
2236
2148
2060
1978
1899
1854
1837
1812
1710
1557
1404
1286
1318
1506
1742
1919
1987
1964
1991
2110
2242
2297
2260
2141
2013
1970
2003
2028
2012
1962
1824
1578
1295
1112
1109
1225
1389
1553
1706
1889
2162
2516
2811
2958
2951
2852
2760
2636
2410
2034
1557
1073
717
559
525
566
706
972
1354
1810
2285
2727
3108
3354
3423
3308
3027
2664
2320
2002
1698
1445
1279
1206
1177
1119
1007
869
798
897
1141
1415
1627
1768
1856
1918
2015
2131
2186
2118
1959
1821
1872
2090
2427
2763
2974
2978
2799
2476
2050
1606
1252
1034
955
1020
1233
1556
1943
2312
2562
2645
2611
2611
2680
2780
2831
2793
2678
2508
2358
2262
2176
2052
1913
1781
1691
1689
1790
1996
2210
2299
2245
2097
1930
1836
1829
1844
1850
1884
2021
2220
2358
2326
2084
1742
1543
1612
1805
1903
1809
1562
1324
1331
1585
1883
2171
2448
2720
2982
3191
3300
3306
3242
3125
2924
2631
2286
1981
1795
1745
1806
1962
2155
2316
2405
2429
2363
2191
1973
1740
1577
1608
1787
1992
2177
2312
2385
2401
2378
2323
2260
2133
1937
1739
1628
1634
1741
1867
1957
1998
2015
1999
1952
1904
1902
1912
1837
1655
1451
1351
1498
1864
2240
2458
2452
2296
2134
2047
2064
2154
2238
2285
2292
2307
2357
2393
2367
2298
2210
2147
2153
2199
2193
2104
1988
1934
1967
2066
2197
2368
2585
2777
2850
2761
2572
2345
2147
2009
1873
1765
1743
1791
1862
1934
1995
2033
2061
2088
2113
2149
2180
2192
2138
1983
1703
1367
1087
987
1115
1419
1881
2404
2863
3131
3182
3084
2943
2838
2721
2519
2245
1932
1687
1572
1544
1576
1655
1784
1964
2181
2388
2563
2665
2673
2588
2479
2396
2320
2288
2339
2425
2435
2285
2003
1706
1527
1545
1703
1893
2081
2244
2375
2469
2492
2448
2380
2329
2311
2240
2129
1996
1862
1789
1781
1823
1910
2007
2094
2171
2244
2354
2506
2660
2783
2856
2861
2815
2721
2586
2378
2057
1598
1119
811
836
1115
1413
1612
1714
1791
1949
2152
2341
2468
2497
2432
2316
2198
2130
2080
2035
1990
1952
1956
2002
2088
2155
2132
2000
1824
1675
1619
1651
1754
1929
2154
2430
2751
3080
3285
3300
3140
2848
2526
2356
2306
2274
2190
2072
1905
1760
1753
1866
2030
2169
2216
2139
1995
1876
1865
1931
1935
1840
1655
1446
1358
1437
1608
1807
2021
2252
2466
2568
2497
2225
1791
1348
973
791
825
1018
1293
1622
1975
2343
2667
2897
2945
2731
2276
1725
1268
1080
1122
1309
1598
1935
2203
2329
2295
2159
2015
1929
1898
1919
1993
2130
2268
2282
2188
2031
1875
1816
1855
1957
2091
2216
2311
2377
2457
2557
2601
2527
2311
1997
1716
1612
1657
1776
1939
2145
2285
2363
2425
2501
2563
2553
2393
2113
1845
1745
1825
2011
2241
2440
2553
2530
2359
2128
1940
1822
1818
1923
2057
2118
2119
2144
2237
2378
2487
2517
2482
2429
2376
2309
2220
2154
2142
2080
1904
1619
1265
1025
989
1092
1299
1593
1919
2176
2296
2312
2274
2248
2286
2347
2392
2407
2390
2357
2329
2313
2314
2343
2375
2352
2250
2110
1975
1907
1936
2035
2166
2262
2284
2243
2151
2060
2014
2008
1993
1989
2021
2073
2112
2036
1764
1370
1003
812
912
1236
1642
2053
2431
2736
2970
3193
3403
3548
3566
3426
3164
2851
2538
2258
2046
1890
1714
1496
1243
1005
908
1057
1351
1691
2023
2267
2301
2152
1905
1668
1561
1646
1867
2128
2335
2410
2360
2258
2147
2054
1962
1840
1740
1747
1839
1956
2084
2204
2309
2393
2439
2420
2309
2108
1887
1722
1680
1762
1863
1879
1847
1794
1765
1850
2059
2330
2645
2936
3148
3233
3186
3034
2806
2502
2132
1735
1429
1275
1257
1272
1243
1203
1236
1443
1773
2113
2422
2699
2969
3243
3501
3696
3806
3796
3700
3543
3300
2968
2569
2097
1580
1107
773
660
738
939
1209
1445
1634
1785
1908
2052
2247
2486
2698
2789
2717
2526
2325
2224
2268
2402
2552
2666
2688
2577
2345
2077
1851
1694
1604
1531
1477
1494
1596
1760
1960
2163
2348
2507
2621
2677
2701
2709
2684
2617
2510
2372
2240
2150
2128
2170
2223
2155
1910
1594
1311
1160
1213
1407
1658
1938
2217
2446
2589
2650
2651
2641
2639
2640
2635
2622
2590
2555
2538
2530
2495
2417
2328
2264
2239
2213
2144
2022
1897
1766
1635
1537
1492
1495
1557
1660
1783
1913
2068
2219
2399
2617
2857
3083
3223
3227
3076
2784
2454
2206
2056
1958
1883
1830
1802
1804
1803
1753
1630
1415
1092
823
739
837
1077
1378
1685
1959
2202
2402
2543
2649
2727
2776
2789
2775
2747
2709
2662
2603
2521
2410
2270
2110
1966
1859
1799
1804
1869
1975
2090
2194
2283
2362
2443
2540
2661
2781
2843
2774
2535
2132
1624
1142
827
716
888
1284
1733
2119
2386
2556
2683
2773
2821
2841
2839
2820
2796
2755
2665
2524
2348
2168
2006
1836
1654
1495
1405
1402
1488
1626
1789
1948
2083
2186
2268
2324
2355
2364
2363
2348
2326
2305
2286
2270
2261
2265
2277
2294
2295
2296
2287
2268
2236
2190
2131
2068
2011
1973
1964
1983
2025
2076
2132
2182
2225
2269
2305
2333
2355
2373
2387
2400
2413
2430
2450
2484
2531
2586
2632
2658
2657
2622
2557
2474
2376
2271
2162
2059
1962
1886
1840
1823
1844
1902
1992
2093
2190
2281
2363
2441
2511
2560
2572
2557
2520
2474
2428
2386
2347
2310
2275
2242
2220
2212
2210
2204
2191
2170
2148
2125
2098
2067
2031
2001
1981
1980
1987
1996
2006
2014
2023
2038
2065
2095
2139
2187
2236
2287
2321
2335
2329
2309
2279
2241
2200
2162
2129
2095
2070
2054
2044
2040
2039
2038
2037
2038
2044
2056
2074
2096
2123
2154
2186
2220
2251
2286
2313
2340
2364
2385
2402
2416
2424
2427
2422
2409
2391
2368
2342
2315
2287
2258
2227
2193
2154
2135
2112
2095
2082
2076
2083
2098
2122
2136
2140
2130
2114
2091
2065
2041
2028
2026
2034
2044
2052
2054
2055
2052
2045
2038
2025
2009
1992
1983
1985
1998
2020
2042
2069
2091
2108
2123
2133
2141
2150
2159
2172
2188
2203
2213
2221
2229
2238
2249
2262
2271
2276
2278
2276
2273
2268
2257
2244
2222
2196
2168
2140
2111
2089
2068
2045
2025
2007
1994
1983
1977
1978
1985
1994
2011
2025
2040
2053
2059
2064
2067
2070
2073
2077
2080
2081
2083
2085
2089
2092
2096
2101
2104
2103
2100
2096
2090
2086
2082
2077
2076
2072
2071
2071
2074
2075
2074
2078
2082
2082
2083
2085
2082
2080
2076
2072
2068
2062
2053
2037
2022
2001
1977
1956
1934
1917
1905
1899
1896
1890
1883
1872
1857
1839
1816
1793
1777
1770
1771
1776
1786
1796
1805
1812
1822
1830
1836
1842
1850
1861
1874
1889
1905
1919
1933
1944
1954
1960
1964
1967
1969
1971
1974
1982
1989
1997
2000
1996
1987
1967
1938
1904
1866
1834
1809
1793
1786
1784
1786
1789
1794
1797
1802
1807
1819
1829
1843
1858
1878
1901
1924
1948
1974
1997
2018
2038
2062
2082
2105
2128
2151
2170
2184
2193
2199
2199
2194
2181
2168
2152
2132
2112
2091
2068
2042
2018
1997
1978
1961
1945
1930
1913
1901
1887
1878
1867
1858
1849
1845
1845
1846
1849
1856
1858
1855
1844
1825
1795
1748
1693
1631
1568
1505
1447
1395
1342
1287
1232
1186
1156
1144
1156
1191
1246
1321
1409
1505
1600
1680
1744
1789
1821
1841
1856
1874
1895
1919
1946
1967
1979
1985
1985
1979
1969
1951
1931
1911
1893
1876
1867
1865
1869
1882
1903
1928
1957
1986
2015
2045
2070
2089
2099
2103
2100
2092
2078
2062
2039
2019
1999
1982
1967
1953
1940
1929
1917
1901
1882
1862
1837
1803
1765
1727
1689
1649
1614
1581
1554
1532
1513
1500
1490
1481
1475
1471
1470
1471
1478
1492
1508
1531
1561
1594
1636
1677
1721
1767
1813
1858
1902
1949
1996
2043
2091
2140
2186
2230
2272
2316
2360
2408
2458
2513
2572
2631
2689
2741
2787
2822
2850
2869
2882
2889
2895
2908
2909
2916
2925
2932
2941
2950
2956
2962
2964
2963
2957
2947
2933
2916
2893
2869
2844
2820
2796
2775
2753
2731
2711
2692
2673
2652
2631
2611
2587
2563
2540
2515
2488
2464
2437
2411
2387
2364
2345
2328
2312
2295
2282
2273
2264
2258
2254
2251
2249
2249
2248
2249
2249
2245
2244
2243
2240
2236
2229
2221
2211
2204
2195
2187
2181
2179
2181
2185
2191
2196
2204
2215
2222
2231
2239
2246
2253
2258
2260
2259
2258
2254
2248
2244
2238
2233
2228
2222
2218
2214
2215
2215
2216
2220
2228
2238
2250
2262
2277
2293
2308
2322
2337
2350
2361
2371
2380
2385
2386
2385
2383
2378
2369
2359
2348
2338
2329
2320
2318
2319
2324
2329
2340
2353
2364
2380
2395
2411
2424
2436
2443
2449
2451
2448
2441
2433
2422
2410
2398
2388
2377
2368
2360
2354
2346
2341
2334
2326
2318
2308
2300
2294
2288
2282
2276
2272
2268
2265
2265
2263
2265
2266
2269
2274
2276
2278
2281
2282
2283
2281
2277
2273
2270
2265
2259
2253
2248
2244
2240
2239
2236
2236
2236
2239
2241
2244
2247
2249
2249
2250
2253
2253
2252
2252
2251
2249
2251
2250
2252
2254
2256
2258
2259
2260
2261
2263
2260
2261
2264
2265
2268
2270
2271
2271
2272
2274
2275
2276
2279
2283
2289
2297
2306
2316
2323
2330
2336
2340
2344
2345
2344
2345
2341
2337
2330
2325
2317
2306
2300
2293
2285
2281
2275
2271
2269
2264
2262
2261
2258
2257
2251
2248
2242
2238
2229
2222
2213
2204
2196
2187
2178
2171
2163
2157
2149
2141
2134
2129
2122
2116
2108
2100
2092
2082
2072
2064
2052
2041
2031
2021
2011
2002
1996
1990
1983
1981
1979
1979
1978
1979
1981
1980
1983
1979
1976
1974
1967
1959
1952
1943
1934
1922
1913
1904
1897
1890
1889
1891
1896
1902
1910
1921
1931
1940
1950
1961
1969
1972
1975
1975
1973
1969
1964
1959
1956
1951
1950
1950
1952
1954
1960
1966
1975
1985
1994
2004
2011
2010
2007
2004
1996
1986
1978
1971
1963
1956
1951
1948
1945
1945
1945
1949
1953
1959
1966
1975
1986
1997
2007
2017
2025
2033
2038
2044
2047
2050
2050
2052
2052
2050
2048
2045
2044
2043
2043
2041
2041
2039
2039
2039
2040
2042
2044
2049
2050
2055
2060
2065
2070
2075
2076
2082
2085
2087
2090
2093
2095
2096
2099
2103
2106
2109
2109
2112
2112
2110
2108
2105
2100
2096
2091
2087
2084
2076
2079
2083
2088
2094
2101
2112
2117
2120
2121
2123
2121
2116
2112
2105
2097
2089
2081
2072
2062
2053
2044
2035
2028
2022
2015
2008
2003
1996
1991
1987
1979
1975
1967
1960
1954
1946
1938
1931
1921
1916
1905
1900
1896
1893
1893
1897
1900
1906
1912
1917
1923
1923
1923
1922
1921
1916
1910
1909
1908
1903
1901
1902
1901
1898
1897
1899
1897
1896
1896
1898
1901
1901
1901
1903
1904
1903
1904
1905
1903
1900
1897
1895
1893
1890
1888
1889
1891
1892
1893
1895
1898
1901
1899
1899
1899
1895
1891
1887
1885
1881
1878
1879
1877
1877
1876
1877
1876
1876
1876
1874
1872
1870
1869
1868
1865
1862
1858
1862
1861
1860
1862
1863
1865
1865
1862
1863
1862
1860
1859
1856
1853
1850
1847
1844
1843
1842
1840
1841
1841
1840
1841
1840
1841
1837
1837
1837
1834
1832
1832
1830
1829
1829
1829
1832
1833
1833
1834
1835
1836
1837
1837
1841
1839
1839
1839
1841
1841
1840
1839
1840
1841
1841
1841
1843
1843
1841
1841
1840
1838
1837
1836
1836
1837
1836
1836
1837
1838
1838
1837
1839
1837
1837
1836
1837
1838
1840
1843
1846
1849
1852
1855
1858
1860
1862
1866
1869
1871
1873
1875
1877
1880
1881
1884
1885
1887
1887
1890
1892
1893
1894
1896
1898
1898
1900
1900
1901
1902
1902
1903
1905
1905
1906
1906
1908
1913
1915
1918
1919
1924
1926
1928
1932
1934
1935
1937
1938
1939
1939
1939
1941
1941
1943
1944
1948
1949
1951
1951
1953
1953
1954
1955
1959
1961
1961
1963
1965
1967
1970
1971
1974
1977
1979
1978
1982
1982
1983
1986
1987
1988
1988
1988
1987
1985
1982
1978
1977
1975
1975
1979
1983
1991
1998
2005
2012
2015
2020
2023
2025
2026
2027
2024
2023
2021
2014
2010
2005
2000
1994
1988
1983
1976
1972
1969
1967
1965
1965
1963
1965
1965
1962
1962
1962
1961
1959
1956
1954
1952
1951
1949
1950
1948
1950
1948
1948
1948
1950
1947
1947
1946
1944
1941
1937
1934
1930
1926
1921
1916
1908
1903
1899
1896
1894
1891
1892
1889
1887
1886
1887
1884
1880
1877
1875
1872
1869
1868
1865
1865
1864
1865
1865
1867
1866
1868
1870
1870
1873
1873
1875
1876
1876
1876
1878
1878
1879
1879
1881
1883
1885
1887
1889
1892
1893
1893
1896
1896
1894
1893
1890
1888
1887
1887
1888
1889
1889
1890
1892
1893
1892
1894
1895
1895
1893
1895
1895
1896
1897
1894
1897
1894
1893
1892
1891
1891
1889
1887
1890
1890
1892
1893
1893
1893
1894
1892
1895
1893
1894
1895
1895
1897
1896
1895
1897
1896
1897
1897
1897
1897
1894
1893
1891
1889
1887
1887
1886
1885
1883
1880
1879
1876
1873
1870
1869
1866
1864
1863
1863
1862
1861
1861
1861
1860
1860
1860
1860
1860
1862
1862
1864
1863
1865
1866
1866
1867
1868
1868
1869
1869
1871
1871
1875
1876
1876
1877
1877
1878
1878
1881
1883
1884
1884
1884
1885
1885
1883
1882
1881
1879
1876
1876
1876
1875
1875
1875
1876
1877
1877
1875
1877
1876
1877
1876
1877
1875
1875
1875
1875
1874
1875
1871
1872
1871
1870
1871
1870
1871
1869
1869
1869
1867
1866
1865
1867
1867
1866
1867
1863
1869
1871
1870
1874
1874
1874
1875
1877
1877
1878
1878
1881
1881
1878
1876
1877
1877
1875
1876
1878
1878
1879
1879
1883
1882
1885
1885
1885
1887
1885
1886
1888
1890
1891
1892
1897
1898
1899
1902
1905
1905
1906
1906
1908
1908
1912
1910
1911
1910
1912
1911
1913
1913
1913
1912
1915
1915
1915
1914
1917
1918
1917
1916
1918
1919
1917
1917
1918
1919
1917
1917
1914
1915
1913
1913
1911
1912
1909
1908
1908
1907
1904
1904
1903
1903
1901
1899
1898
1897
1895
1894
1895
1896
1898
1900
1904
1908
1909
1909
1909
1910
1909
1907
1908
1910
1911
1918
1923
1930
1937
1945
1953
1959
1964
1967
1970
1970
1967
1967
1965
1963
1961
1959
1957
1958
1957
1957
1961
1961
1965
1966
1968
1969
1969
1970
1971
1970
1969
1970
1970
1969
1966
1967
1968
1969
1968
1970
1973
1974
1977
1977
1980
1980
1980
1981
1979
1977
1976
1972
1972
1971
1972
1973
1973
1975
1977
1980
1985
1989
1991
1995
1998
2001
2005
2006
2007
2008
2006
2005
2005
2003
2002
2002
2003
2003
2004
2006
2006
2008
2008
2007
2009
2008
2007
2006
2006
2009
2007
2006
2007
2008
2009
2008
2010
2009
2010
2011
2012
2014
2014
2013
2014
2014
2012
2013
2012
2012
2012
2011
2010
2010
2010
2009
2008
2010
2010
2009
2009
2009
2010
2006
2005
2004
2004
2001
2001
2001
1998
1995
1995
1995
1993
1992
1990
1989
1988
1990
1988
1984
1983
1982
1981
1977
1973
1970
1969
1965
1962
1959
1957
1957
1956
1952
1954
1953
1951
1951
1952
1950
1949
1949
1948
1948
1946
1945
1947
1947
1948
1949
1950
1951
1953
1954
1955
1956
1955
1957
1957
1957
1957
1957
1958
1960
1960
1960
1960
1964
1962
1962
1963
1963
1964
1966
1969
1970
1971
1975
1977
1979
1982
1983
1985
1989
1992
1993
1997
2000
2004
2008
2009
2013
2014
2017
2019
2022
2024
2025
2030
2032
2033
2033
2036
2037
2036
2038
2039
2039
2038
2036
2037
2038
2037
2037
2036
2038
2037
2037
2037
2038
2037
2036
2036
2035
2034
2031
2031
2031
2029
2028
2028
2030
2031
2029
2031
2032
2033
2035
2034
2035
2035
2033
2034
2035
2033
2031
2031
2033
2032
2033
2031
2030
2033
2033
2034
2035
2035
2036
2036
2035
2039
2038
2039
2038
2037
2037
2036
2035
2030
2031
2027
2028
2029
2029
2031
2031
2030
2033
2035
2035
2035
2036
2039
2043
2041
2046
2046
2049
2047
2047
2050
2052
2050
2052
2053
2053
2055
2057
2058
2062
2061
2062
2064
2065
2065
2066
2068
2068
2067
2068
2069
2067
2067
2069
2068
2070
2071
2071
2072
2072
2072
2072
2073
2073
2071
2069
2069
2068
2068
2066
2068
2068
2068
2070
2071
2072
2074
2074
2075
2075
2075
2073
2075
2075
2074
2072
2073
2070
2066
2066
2065
2063
2063
2064
2065
2064
2064
2063
2063
2063
2062
2061
2059
2059
2057
2055
2056
2056
2057
2057
2059
2059
2059
2062
2062
2065
2065
2067
2067
2068
2068
2068
2072
2070
2070
2068
2070
2068
2069
2069
2069
2068
2066
2065
2066
2066
2065
2066
2067
2067
2068
2067
2066
2067
2065
2064
2064
2063
2060
2060
2060
2060
2060
2059
2060
2061
2059
2060
2058
2060
2059
2058
2060
2059
2057
2056
2056
2054
2052
2050
2049
2050
2046
2046
2046
2047
2049
2049
2050
2049
2049
2050
2052
2053
2054
2053
2053
2052
2050
2046
2045
2044
2041
2039
2038
2037
2037
2037
2039
2037
2039
2040
2042
2042
2043
2042
2043
2042
2042
2041
2043
2043
2042
2043
2043
2044
2044
2043
2047
2047
2047
2045
2045
2046
2044
2042
2042
2041
2040
2040
2042
2043
2042
2043
2045
2050
2050
2049
2054
2056
2056
2059
2060
2061
2060
2062
2062
2062
2061
2060
2059
2059
2057
2056
2057
2054
2055
2056
2056
2057
2057
2057
2057
2058
2057
2058
2060
2058
2058
2059
2059
2058
2057
2057
2056
2058
2055
2055
2056
2055
2053
2052
2053
2052
2051
2050
2049
2049
2047
2046
2045
2046
2047
2049
2050
2051
2053
2053
2056
2056
2058
2057
2059
2059
2060
2060
2059
2059
2059
2057
2058
2058
2058
2059
2062
2064
2065
2068
2070
2071
2072
2073
2075
2075
2072
2071
2069
2069
2067
2064
2064
2063
2061
2060
2061
2060
2057
2056
2057
2058
2057
2056
2056
2055
2053
2053
2051
2051
2050
2050
2051
2051
2052
2050
2050
2051
2050
2049
2048
2048
2044
2044
2043
2044
2042
2043
2043
2042
2042
2042
2043
2045
2043
2045
2043
2043
2043
2043
2043
2044
2045
2045
2047
2049
2049
2050
2052
2052
2053
2052
2056
2058
2060
2062
2064
2065
2066
2067
2069
2071
2071
2072
2073
2075
2075
2074
2075
2075
2076
2075
2075
2076
2076
2075
2078
2077
2079
2078
2080
2081
2080
2080
2081
2080
2077
2074
2075
2074
2071
2070
2069
2068
2066
2065
2066
2066
2064
2066
2068
2068
2069
2069
2069
2071
2070
2070
2069
2069
2068
2069
2070
2071
2070
2070
2071
2071
2071
2071
2074
2075
2078
2080
2080
2080
2080
2080
2081
2079
2077
2077
2077
2077
2077
2080
2081
2082
2084
2086
2087
2091
2090
2090
2091
2090
2088
2088
2086
2086
2083
2080
2080
2078
2073
2071
2071
2068
2066
2065
2066
2065
2064
2062
2061
2058
2056
2054
2052
2051
2046
2045
2043
2045
2045
2043
2047
2047
2049
2052
2054
2057
2058
2060
2064
2065
2066
2067
2066
2068
2066
2066
2066
2066
2064
2064
2062
2062
2062
2062
2062
2061
2061
2059
2057
2056
2056
2053
2054
2052
2049
2043
2041
2041
2036
2036
2035
2033
2031
2029
2030
2027
2026
2023
2022
2020
2018
2015
2011
2007
2005
2002
2002
1999
1999
1998
1999
1999
2000
2000
2000
2000
1998
1997
1998
1997
1997
1997
1996
1996
1995
1994
1997
1997
1997
2000
2001
2001
2003
2005
2006
2007
2008
2010
2012
2015
2015
2017
2020
2021
2023
2025
2028
2031
2033
2036
2039
2041
2045
2048
2050
2055
2057
2060
2063
2064
2065
2068
2069
2074
2075
2080
2082
2084
2086
2091
2092
2097
2096
2096
2098
2099
2100
2102
2104
2105
2104
2105
2103
2104
2102
2102
2102
2099
2099
2098
2098
2098
2097
2097
2099
2098
2097
2098
2097
2097
2096
2093
2092
2092
2088
2085
2082
2078
2074
2070
2067
2068
2065
2061
2060
2060
2059
2056
2054
2052
2050
2046
2047
2045
2042
2042
2045
2046
2045
2046
2045
2045
2045
2045
2049
2050
2052
2056
2057
2059
2059
2060
2064
2064
2065
2068
2068
2068
2068
2071
2073
2074
2075
2077
2078
2080
2080
2082
2085
2088
2089
2089
2090
2092
2091
2093
2095
2096
2096
2096
2097
2099
2101
2102
2104
2105
2105
2105
2107
2108
2106
2108
2109
2112
2110
2109
2110
2108
2107
2104
2103
2102
2102
2101
2100
2099
2096
2095
2094
2093
2091
2091
2089
2086
2084
2082
2081
2080
2080
2080
2081
2082
2081
2081
2081
2081
2081
2080
2080
2077
2077
2074
2074
2071
2068
2067
2066
2064
2061
2059
2058
2058
2059
2059
2058
2059
2058
2059
2059
2058
2056
2054
2052
2051
2046
2044
2043
2041
2040
2039
2039
2037
2037
2037
2038
2039
2038
2039
2038
2040
2038
2037
2039
2039
2037
2040
2042
2042
2042
2043
2046
2047
2050
2050
2050
2051
2050
2050
2051
2050
2046
2049
2048
2048
2050
2049
2047
2046
2046
2044
2044
2043
2045
2041
2039
2039
2038
2037
2039
2037
2037
2035
2034
2031
2027
2024
2023
2021
2018
2019
2019
2016
2016
2015
2016
2016
2015
2015
2015
2015
2017
2015
2015
2015
2012
2011
2011
2009
2009
2010
2009
2010
2010
2011
2014
2015
2018
2018
2021
2020
2019
2021
2022
2021
2021
2021
2021
2022
2022
2023
2025
2026
2025
2026
2029
2028
2028
2028
2028
2028
2029
2029
2030
2033
2032
2034
2035
2038
2039
2040
2043
2043
2044
2045
2045
2047
2046
2048
2049
2047
2047
2047
2047
2047
2046
2045
2047
2045
2046
2044
2049
2049
2052
2052
2054
2056
2056
2056
2056
2058
2055
2053
2054
2054
2051
2051
2052
2051
2049
2050
2051
2051
2052
2054
2059
2060
2060
2062
2064
2065
2064
2065
2066
2066
2066
2066
2068
2070
2070
2068
2069
2071
2071
2071
2071
2072
2070
2069
2071
2070
2069
2068
2069
2068
2066
2065
2065
2066
2063
2065
2064
2064
2065
2065
2066
2068
2069
2068
2072
2071
2070
2071
2072
2073
2073
2072
2072
2070
2068
2068
2069
2068
2065
2065
2067
2067
2067
2066
2067
2067
2068
2068
2068
2068
2067
2065
2065
2064
2064
2062
2064
2066
2066
2068
2069
2069
2072
2072
2072
2073
2075
2076
2076
2076
2075
2072
2071
2070
2067
2064
2062
2059
2058
2057
2058
2058
2057
2058
2060
2059
2060
2060
2060
2059
2058
2057
2057
2056
2056
2056
2056
2056
2056
2056
2056
2056
2057
2058
2059
2059
2057
2057
2057
2057
2057
2056
2058
2058
2058
2058
2059
2058
2058
2058
2059
2059
2058
2058
2059
2058
2059
2060
2062
2061
2058
2060
2060
2061
2059
2060
2060
2060
2060
2059
2059
2059
2060
2060
2059
2059
2060
2060
2061
2060
2060
2062
2064
2062
2062
2062
2064
2065
2064
2065
2065
2067
2066
2070
2072
2071
2070
2071
2070
2068
2066
2065
2063
2061
2058
2058
2056
2057
2056
2055
2054
2053
2052
2049
2046
2043
2041
2038
2035
2032
2029
2026
2023
2023
2020
2020
2018
2017
2017
2015
2017
2016
2015
2015
2015
2015
2014
2014
2015
2014
2013
2013
2014
2015
2014
2014
2017
2015
2018
2018
2022
2022
2024
2027
2028
2031
2033
2034
2036
2037
2039
2038
2039
2041
2041
2040
2041
2042
2043
2044
2045
2047
2049
2051
2053
2054
2054
2055
2057
2056
2058
2058
2057
2057
2058
2057
2060
2060
2060
2062
2064
2064
2065
2066
2068
2079
2098
2127
2160
2193
2217
2242
2264
2279
2295
2308
2317
2324
2326
2326
2323
2313
2301
2284
2264
2241
2217
2192
2168
2145
2122
2104
2086
2076
2067
2062
2060
2062
2066
2072
2079
2086
2092
2097
2105
2112
2115
2116
2119
2119
2117
2116
2115
2113
2112
2108
2105
2099
2094
2089
2083
2077
2071
2065
2060
2055
2048
2044
2042
2040
2040
2041
2043
2045
2046
2049
2050
2051
2050
2052
2053
2054
2054
2053
2053
2055
2055
2056
2056
2057
2054
2052
2049
2047
2044
2041
2040
2039
2037
2038
2039
2039
2040
2040
2043
2045
2043
2045
2044
2043
2042
2039
2038
2038
2035
2035
2035
2037
2038
2039
2039
2041
2039
2040
2037
2037
2036
2033
2030
2030
2027
2024
2024
2023
2024
2025
2026
2029
2030
2031
2036
2039
2040
2042
2043
2042
2041
2040
2040
2038
2035
2032
2029
2027
2023
2021
2020
2020
2021
2023
2024
2026
2030
2029
2031
2033
2030
2030
2031
2030
2030
2028
2028
2027
2025
2024
2023
2023
2024
2025
2026
2027
2027
2028
2031
2031
2033
2033
2034
2033
2035
2033
2033
2033
2031
2031
2031
2030
2030
2027
2026
2024
2024
2021
2020
2019
2018
2018
2020
2019
2020
2020
2021
2020
2019
2020
2021
2019
2019
2020
2019
2020
2021
2020
2020
2018
2017
2015
2016
2015
2012
2014
2015
2013
2013
2013
2014
2013
2013
2011
2013
2013
2012
2015
2017
2019
2019
2020
2021
2020
2019
2019
2017
2017
2013
2013
2014
2015
2014
2015
2019
2019
2020
2021
2023
2024
2023
2022
2022
2023
2021
2021
2021
2021
2021
2021
2021
2020
2018
2019
2019
2018
2016
2015
2017
2017
2015
2015
2013
2014
2012
2011
2010
2009
2007
2005
2005
2003
2004
2001
2001
2001
2000
2001
2001
2003
2003
2004
2005
2007
2007
2007
2010
2010
2011
2013
2014
2015
2016
2018
2021
2024
2024
2026
2027
2027
2029
2027
2030
2031
2030
2032
2033
2033
2033
2035
2037
2037
2038
2039
2039
2037
2036
2035
2033
2031
2028
2027
2025
2022
2019
2017
2015
2014
2013
2009
2007
2006
2004
2000
1999
1997
1997
1996
1998
1998
1995
1995
1995
1994
1992
1988
1988
1986
1983
1983
1983
1981
1981
1980
1979
1976
1974
1971
1970
1967
1965
1963
1964
1963
1963
1963
1964
1967
1968
1971
1970
1974
1974
1977
1979
1982
1985
1986
1989
1993
1993
1997
1999
2004
2006
2008
2013
2015
2018
2021
2023
2026
2029
2031
2035
2037
2039
2042
2045
2049
2052
2053
2056
2058
2058
2060
2063
2065
2066
2069
2071
2073
2074
2074
2075
2076
2077
2076
2074
2075
2073
2070
2071
2070
2066
2064
2063
2062
2060
2060
2059
2060
2059
2058
2059
2059
2058
2057
2056
2055
2052
2049
2049
2045
2044
2039
2042
2040
2040
2039
2039
2038
2038
2040
2038
2039
2038
2037
2038
2037
2035
2034
2031
2033
2030
2030
2029
2028
2028
2026
2027
2026
2025
2024
2027
2025
2024
2023
2023
2024
2022
2021
2023
2022
2021
2021
2023
2023
2023
2024
2027
2029
2031
2034
2037
2041
2045
2049
2053
2054
2056
2057
2060
2062
2065
2068
2070
2073
2075
2076
2076
2076
2077
2078
2078
2078
2077
2076
2076
2075
2075
2074
2074
2073
2073
2073
2073
2073
2072
2071
2072
2072
2072
2071
2071
2070
2068
2066
2063
2062
2059
2057
2054
2054
2050
2049
2050
2047
2045
2044
2043
2043
2042
2042
2045
2045
2044
2045
2046
2045
2045
2046
2044
2042
2039
2037
2038
2038
2035
2035
2033
2033
2031
2033
2033
2031
2031
2031
2031
2031
2032
2029
2031
2031
2029
2029
2029
2028
2025
2025
2025
2026
2024
2023
2024
2023
2022
2021
2022
2021
2020
2015
2017
2013
2012
2011
2011
2011
2010
2010
2011
2013
2012
2012
2013
2011
2011
2011
2010
2012
2013
2011
2012
2014
2013
2014
2013
2015
2015
2015
2017
2018
2019
2020
2020
2021
2022
2023
2025
2026
2027
2027
2027
2028
2029
2027
2028
2029
2030
2031
2032
2033
2032
2033
2036
2039
2039
2041
2042
2043
2042
2039
2040
2041
2039
2038
2038
2038
2037
2036
2036
2037
2036
2037
2039
2039
2041
2041
2041
2041
2040
2039
2040
2039
2038
2037
2038
2037
2034
2034
2033
2031
2033
2033
2032
2034
2033
2035
2034
2035
2035
2035
2035
2034
2031
2031
2029
2028
2027
2026
2026
2025
2024
2023
2025
2025
2025
2024
2024
2023
2022
2022
2020
2021
2018
2018
2018
2019
2017
2017
2017
2018
2015
2017
2017
2018
2017
2018
2019
2019
2020
2018
2020
2021
2022
2024
2026
2026
2026
2029
2029
2030
2031
2033
2034
2035
2036
2037
2038
2039
2039
2042
2042
2044
2045
2045
2049
2047
2049
2049
2049
2049
2049
2050
2052
2052
2055
2054
2056
2057
2057
2056
2057
2057
2056
2057
2057
2057
2056
2056
2057
2056
2056
2057
2057
2057
2057
2057
2058
2056
2056
2053
2052
2052
2047
2047
2049
2046
2044
2043
2041
2040
2038
2038
2037
2037
2037
2038
2040
2040
2041
2043
2043
2041
2038
2037
2034
2032
2030
2028
2028
2029
2029
2029
2029
2032
2033
2033
2035
2035
2034
2034
2034
2035
2035
2035
2036
2038
2038
2039
2041
2041
2041
2043
2045
2046
2048
2049
2051
2053
2052
2054
2056
2056
2056
2056
2060
2058
2059
2058
2059
2058
2057
2057
2057
2058
2057
2056
2056
2056
2053
2050
2050
2050
2046
2046
2045
2045
2042
2044
2043
2043
2044
2043
2043
2045
2045
2044
2046
2043
2041
2038
2035
2032
2029
2028
2031
2031
2031
2033
2034
2031
2027
2023
2022
2020
2020
2023
2022
2025
2025
2026
2030
2031
2032
2031
2030
2026
2020
2010
2001
1990
1982
1978
1979
1981
1986
1990
1994
1996
1998
1999
1997
1987
1977
1964
1952
1943
1932
1925
1922
1926
1937
1951
1965
1975
1979
1973
1952
1919
1877
1838
1815
1812
1825
1852
1891
1935
1974
2010
2038
2060
2076
2084
2085
2077
2059
2034
2002
1960
1915
1864
1811
1758
1708
1659
1613
1568
1525
1489
1458
1426
1392
1356
1322
1303
1296
1302
1313
1325
1334
1345
1352
1363
1370
1371
1364
1345
1312
1266
1209
1142
1065
981
890
796
695
593
497
420
377
395
492
667
905
1184
1493
1799
2076
2312
2495
2626
2711
2755
2762
2737
2685
2617
2546
2486
2425
2355
2269
2170
2049
1914
1789
1676
1580
1505
1464
1473
1559
1706
1873
2035
2183
2297
2365
2377
2331
2243
2133
2024
1937
1894
1899
1942
2010
2083
2148
2192
2208
2208
2199
2174
2137
2100
2059
2008
1954
1906
1865
1812
1722
1608
1501
1427
1403
1438
1534
1684
1879
2086
2270
2409
2501
2550
2558
2535
2508
2476
2396
2257
2082
1895
1717
1565
1479
1499
1620
1829
2078
2299
2425
2396
2211
1919
1573
1199
882
686
600
569
560
585
635
701
789
944
1197
1499
1781
2054
2372
2743
3128
3463
3719
3865
3907
3832
3598
3270
2908
2563
2228
1916
1680
1596
1609
1684
1827
2060
2392
2718
2868
2788
2503
2065
1586
1281
1290
1534
1845
2077
2177
2149
2007
1772
1540
1430
1505
1697
1923
2131
2276
2352
2353
2257
2065
1832
1636
1503
1466
1544
1686
1855
2040
2216
2315
2228
1992
1707
1457
1305
1357
1637
2051
2509
2949
3285
3451
3438
3282
3029
2775
2547
2305
2092
1941
1833
1815
1950
2183
2452
2727
2971
3147
3254
3294
3258
3156
3009
2853
2685
2467
2255
2140
2125
2210
2402
2597
2696
2679
2565
2396
2239
2141
2085
2041
2025
2045
2125
2217
2272
2249
2135
1955
1724
1463
1171
907
776
873
1196
1650
2132
2568
2915
3120
3186
3129
2971
2807
2715
2670
2621
2551
2473
2401
2350
2318
2292
2262
2256
2291
2350
2397
2336
2074
1681
1284
976
857
957
1199
1515
1868
2193
2449
2614
2719
2792
2819
2799
2753
2685
2571
2415
2258
2157
2137
2182
2241
2281
2301
2265
2162
1997
1801
1624
1482
1358
1265
1211
1179
1181
1238
1311
1436
1669
1948
2185
2404
2624
2787
2873
2880
2795
2615
2379
2151
1988
1883
1838
1850
1865
1857
1847
1844
1862
1918
1994
2073
2147
2150
1999
1718
1366
1092
1065
1292
1666
2081
2451
2729
2939
3074
3145
3161
3154
3135
3071
2943
2756
2541
2406
2378
2351
2243
2004
1675
1330
1092
1041
1152
1348
1550
1657
1661
1622
1578
1566
1612
1689
1793
1944
2163
2449
2751
3011
3195
3303
3350
3324
3210
3011
2727
2405
2112
1881
1744
1714
1713
1659
1556
1445
1317
1201
1145
1191
1363
1639
1926
2171
2351
2453
2509
2568
2638
2720
2813
2913
3025
3122
3171
3090
2855
2550
2289
2142
2115
2150
2136
2057
1961
1883
1852
1928
2049
2131
2165
2184
2221
2299
2386
2461
2508
2480
2386
2271
2190
2198
2209
2144
1990
1775
1578
1455
1327
1134
955
884
998
1312
1763
2266
2708
3075
3389
3552
3524
3382
3159
2915
2698
2502
2286
2100
1983
1963
2018
2112
2206
2274
2299
2273
2218
2168
2131
2117
2115
2105
2077
2022
1902
1744
1641
1646
1807
2084
2393
2660
2849
2932
2905
2828
2751
2725
2766
2840
2906
2937
2938
2920
2886
2834
2800
2809
2838
2832
2697
2414
2028
1684
1494
1471
1543
1636
1698
1758
1858
1975
2116
2329
2546
2700
2773
2743
2638
2537
2436
2351
2301
2311
2350
2400
2483
2539
2495
2359
2172
2012
1959
2007
2116
2208
2251
2195
2039
1873
1794
1774
1810
1888
1987
2104
2231
2357
2473
2553
2602
2615
2598
2592
2632
2715
2786
2790
2722
2577
2378
2148
1932
1770
1598
1340
1026
775
691
863
1240
1643
1945
2102
2167
2256
2422
2608
2766
2878
2940
2947
2924
2900
2893
2907
2917
2918
2911
2873
2823
2736
2595
2408
2150
1785
1399
1085
884
784
738
740
849
1124
1552
1999
2339
2564
2709
2807
2906
3004
3055
3058
3067
3090
3027
2855
2604
2333
2112
1948
1817
1718
1694
1695
1668
1614
1605
1669
1801
1971
2130
2263
2366
2403
2353
2235
2111
2037
1988
1947
1919
1809
1551
1247
982
891
1052
1362
1736
2074
2300
2379
2340
2251
2204
2255
2390
2538
2622
2609
2523
2356
2121
1853
1615
1514
1549
1643
1757
1851
1895
1921
1974
2089
2296
2551
2792
2973
3063
3014
2819
2517
2199
1918
1744
1707
1816
2046
2287
2442
2432
2202
1866
1581
1414
1422
1582
1789
1983
2103
2131
2099
2059
2067
2151
2243
2242
2118
1896
1661
1519
1456
1430
1494
1653
1803
1853
1729
1471
1235
1165
1253
1444
1687
1925
2154
2357
2503
2532
2445
2305
2156
2074
2076
2114
2155
2202
2260
2321
2385
2447
2492
2510
2439
2282
2092
1937
1901
1967
2064
2131
2151
2141
2135
2156
2135
1983
1681
1327
1089
1110
1326
1617
1932
2307
2713
3067
3300
3385
3323
3188
3023
2807
2523
2182
1817
1512
1312
1237
1238
1207
1164
1178
1263
1429
1642
1852
2024
2162
2267
2326
2313
2209
2009
1786
1620
1500
1437
1443
1478
1551
1658
1783
1932
2100
2237
2315
2325
2270
2179
2084
2005
1963
1985
2045
2117
2184
2240
2288
2326
2356
2376
2384
2380
2365
2348
2339
2345
2379
2404
2395
2342
2208
2006
1820
1679
1608
1650
1786
1955
2100
2207
2277
2326
2375
2409
2403
2359
2293
2214
2157
2141
2149
2172
2197
2214
2216
2204
2183
2158
2136
2120
2112
2116
2137
2176
2232
2306
2386
2461
2526
2570
2586
2563
2501
2411
2301
2180
2059
1948
1868
1829
1824
1851
1894
1953
2009
2064
2103
2138
2167
2183
2186
2176
2157
2133
2106
2080
2055
2041
2039
2053
2082
2127
2177
2219
2251
2267
2268
2252
2228
2197
2160
2128
2100
2073
2052
2038
2037
2039
2042
2042
2037
2025
2011
2002
1997
1990
1978
1966
1951
1942
1935
1932
1937
1938
1935
1926
1914
1900
1885
1881
1889
1906
1929
1955
1985
2009
2022
2027
2025
2015
1996
1975
1958
1946
1939
1935
1932
1932
1933
1936
1941
1942
1939
1931
1923
1914
1904
1897
1893
1886
1886
1891
1900
1911
1927
1943
1959
1971
1982
1991
1996
2000
2000
1997
1990
1975
1956
1930
1903
1877
1854
1836
1828
1829
1836
1848
1860
1872
1882
1893
1906
1923
1946
1975
2005
2029
2041
2046
2039
2027
2013
2004
1996
1994
1991
1986
1979
1969
1955
1940
1926
1911
1897
1885
1875
1861
1853
1844
1836
1827
1818
1809
1802
1796
1787
1778
1768
1756
1742
1730
1718
1709
1699
1692
1689
1693
1702
1719
1738
1759
1773
1785
1798
1805
1806
1804
1799
1791
1782
1774
1771
1769
1769
1770
1771
1771
1770
1774
1780
1785
1791
1796
1801
1804
1808
1811
1815
1815
1812
1814
1820
1828
1837
1851
1867
1886
1909
1933
1960
1985
2009
2034
2062
2088
2113
2133
2149
2160
2164
2161
2152
2141
2124
2107
2087
2064
2037
2014
1991
1971
1952
1937
1929
1924
1922
1931
1947
1969
1999
2034
2075
2118
2162
2204
2246
2286
2322
2351
2375
2391
2400
2402
2397
2389
2377
2365
2348
2327
2304
2277
2252
2224
2196
2170
2147
2126
2108
2095
2084
2080
2077
2082
2094
2108
2126
2142
2157
2167
2169
2162
2149
2132
2112
2089
2069
2056
2046
2040
2039
2041
2043
2042
2047
2049
2050
2054
2060
2064
2066
2069
2073
2072
2070
2064
2053
2039
2020
2000
1982
1962
1948
1934
1924
1916
1908
1907
1909
1911
1917
1927
1942
1957
1973
1993
2012
2031
2050
2066
2081
2093
2100
2108
2109
2110
2104
2098
2089
2078
2064
2051
2035
2015
1997
1974
1947
1915
1880
1843
1807
1775
1748
1729
1719
1727
1751
1789
1839
1894
1958
2027
2095
2161
2221
2276
2329
2373
2406
2429
2438
2434
2422
2403
2379
2358
2336
2319
2307
2301
2301
2310
2328
2350
2377
2411
2450
2492
2539
2589
2636
2680
2718
2750
2775
2792
2799
2799
2791
2779
2762
2743
2721
2691
2658
2621
2584
2541
2497
2453
2412
2374
2340
2309
2285
2265
2249
2235
2225
2217
2209
2200
2196
2190
2186
2183
2180
2180
2178
2178
2176
2173
2169
2161
2154
2144
2133
2120
2106
2091
2076
2060
2044
2030
2014
2000
1989
1979
1967
1954
1937
1915
1891
1864
1839
1816
1797
1783
1774
1772
1773
1772
1775
1778
1778
1780
1780
1781
1783
1787
1791
1796
1800
1805
1808
1814
1816
1822
1823
1832
1839
1846
1851
1861
1865
1873
1881
1885
1888
1893
1894
1895
1893
1889
1886
1883
1876
1870
1866
1859
1854
1853
1851
1851
1853
1857
1860
1866
1872
1877
1881
1883
1884
1881
1879
1871
1865
1860
1857
1853
1854
1857
1865
1873
1886
1902
1918
1935
1949
1963
1975
1985
1994
2002
2006
2009
2011
2011
2011
2008
2004
2001
1995
1988
1981
1974
1967
1961
1958
1951
1949
1943
1939
1934
1928
1919
1910
1904
1899
1896
1892
1892
1893
1895
1896
1899
1901
1901
1901
1897
1892
1886
1878
1868
1863
1855
1851
1845
1842
1838
1833
1829
1822
1815
1808
1800
1793
1783
1769
1754
1739
1724
1709
1697
1684
1670
1657
1647
1641
1635
1630
1623
1618
1619
1619
1625
1634
1646
1661
1679
1695
1717
1739
1759
1782
1802
1820
1834
1848
1854
1861
1862
1863
1865
1865
1864
1864
1864
1866
1869
1874
1879
1887
1892
1902
1909
1917
1924
1932
1939
1944
1949
1954
1960
1961
1967
1974
1978
1983
1988
1993
1995
1999
2001
2002
2003
2004
2000
2002
1999
1997
1997
1995
1993
1993
1991
1994
1992
1994
1997
1998
2000
2002
2003
2005
2007
2008
2010
2013
2013
2004
2011
2011
2009
2007
2004
2003
2001
1999
1997
1997
1994
1993
1993
1991
1990
1986
1985
1983
1981
1978
1977
1977
1975
1975
1975
1975
1975
1974
1974
1974
1972
1973
1972
1971
1969
1965
1962
1961
1958
1953
1951
1951
1950
1948
1947
1946
1945
1943
1944
1943
1941
1941
1938
1939
1938
1936
1937
1937
1936
1934
1933
1935
1935
1934
1933
1933
1933
1933
1934
1934
1935
1933
1935
1935
1937
1937
1936
1938
1937
1936
1936
1938
1941
1942
1942
1946
1949
1949
1951
1956
1957
1958
1959
1961
1961
1960
1961
1960
1961
1961
1964
1967
1968
1972
1973
1975
1978
1980
1981
1983
1983
1983
1985
1985
1987
1986
1985
1986
1986
1983
1980
1981
1980
1978
1978
1978
1978
1978
1979
1980
1982
1982
1985
1986
1985
1985
1986
1988
1987
1986
1985
1983
1983
1983
1982
1981
1982
1981
1979
1979
1976
1975
1973
1971
1970
1971
1972
1972
1975
1978
1983
1983
1987
1986
1987
1989
1991
1993
1997
1999
2004
2005
2010
2013
2017
2015
2023
2026
2027
2025
2026
2026
2026
2027
2026
2025
2025
2026
2027
2029
2030
2030
2033
2033
2037
2038
2040
2042
2045
2043
2044
2044
2045
2043
2044
2044
2045
2048
2049
2050
2053
2056
2056
2060
2061
2062
2064
2068
2070
2073
2075
2079
2081
2084
2089
2088
2090
2091
2093
2093
2094
2094
2094
2093
2093
2092
2092
2093
2092
2090
2091
2090
2088
2087
2085
2086
2087
2086
2086
2086
2087
2086
2085
2085
2085
2084
2084
2082
2078
2076
2073
2070
2065
2060
2057
2056
2055
2054
2056
2057
2056
2059
2060
2062
2062
2062
2064
2065
2067
2068
2071
2073
2078
2078
2080
2083
2082
2084
2084
2085
2087
2086
2086
2086
2086
2082
2083
2081
2081
2078
2077
2079
2077
2075
2077
2078
2080
2080
2080
2081
2082
2083
2084
2086
2086
2084
2084
2084
2084
2083
2084
2085
2085
2084
2081
2082
2084
2082
2082
2083
2083
2084
2086
2086
2087
2087
2085
2085
2084
2085
2084
2084
2083
2083
2083
2083
2083
2083
2082
2084
2082
2081
2081
2080
2080
2077
2076
2078
2078
2078
2080
2080
2080
2079
2079
2078
2079
2080
2080
2080
2081
2082
2081
2082
2082
2084
2082
2082
2082
2081
2081
2081
2081
2080
2080
2081
2080
2077
2075
2073
2070
2068
2066
2064
2060
2059
2057
2057
2056
2054
2054
2052
2052
2052
2050
2050
2049
2049
2046
2046
2045
2045
2042
2043
2041
2041
2038
2039
2039
2038
2037
2038
2036
2034
2033
2034
2031
2031
2029
2026
2024
2021
2020
2018
2017
2017
2015
2015
2015
2015
2015
2013
2014
2012
2011
2009
2009
2008
2008
2009
2010
2010
2010
2011
2012
2013
2014
2014
2015
2013
2015
2013
2011
2010
2010
2009
2009
2007
2006
2007
2007
2006
2005
2005
2002
2000
1999
1999
1998
1995
1994
1994
1993
1993
1994
1997
1998
2001
2005
2007
2010
2011
2013
2015
2017
2017
2017
2015
2014
2011
2009
2007
2008
2005
2003
2003
2002
2001
2001
2001
2001
2002
2001
2003
2004
2004
2005
2005
2005
2005
2006
2006
2007
2009
2010
2011
2013
2015
2017
2019
2022
2023
2024
2026
2028
2029
2028
2030
2029
2029
2029
2033
2036
2040
2044
2049
2053
2056
2061
2064
2066
2068
2069
2073
2073
2076
2078
2080
2082
2082
2083
2084
2085
2087
2088
2093
2093
2095
2096
2095
2097
2095
2092
2091
2088
2086
2084
2083
2083
2080
2081
2081
2081
2080
2080
2080
2082
2082
2083
2085
2085
2084
2086
2086
2086
2086
2083
2083
2081
2081
2078
2080
2080
2078
2080
2078
2080
2079
2080
2081
2083
2082
2084
2084
2088
2090
2092
2094
2095
2097
2098
2098
2098
2100
2098
2099
2098
2099
2097
2098
2099
2096
2095
2095
2094
2094
2093
2096
2096
2099
2101
2102
2105
2105
2107
2110
2113
2115
2116
2118
2120
2118
2120
2119
2118
2116
2114
2114
2112
2108
2106
2106
2104
2104
2104
2104
2105
2105
2106
2106
2109
2110
2112
2112
2114
2114
2115
2118
2117
2117
2118
2117
2117
2118
2117
2118
2119
2118
2117
2117
2117
2116
2115
2113
2113
2110
2111
2109
2110
2109
2109
2112
2110
2109
2109
2109
2109
2109
2109
2110
2112
2110
2111
2110
2109
2107
2108
2108
2108
2105
2106
2107
2109
2108
2106
2109
2109
2108
2108
2109
2110
2108
2107
2106
2105
2105
2103
2102
2101
2100
2101
2100
2103
2100
2099
2099
2097
2096
2093
2093
2092
2091
2089
2090
2091
2089
2090
2089
2090
2086
2085
2084
2081
2076
2074
2074
2075
2073
2073
2071
2072
2072
2071
2070
2069
2069
2068
2069
2067
2065
2064
2064
2062
2058
2056
2056
2055
2054
2053
2055
2056
2055
2055
2058
2059
2058
2059
2059
2057
2056
2055
2055
2056
2056
2058
2059
2060
2061
2062
2064
2067
2068
2068
2067
2067
2065
2064
2064
2062
2062
2059
2060
2060
2057
2055
2056
2057
2054
2054
2055
2055
2053
2054
2055
2056
2056
2056
2056
2055
2054
2054
2055
2054
2056
2056
2056
2057
2056
2057
2057
2056
2057
2057
2059
2061
2061
2060
2061
2060
2058
2056
2059
2058
2059
2058
2058
2058
2057
2056
2057
2056
2056
2055
2055
2054
2053
2052
2053
2054
2054
2052
2051
2049
2046
2045
2046
2047
2048
2050
2053
2053
2052
2052
2052
2052
2049
2049
2047
2044
2044
2044
2048
2049
2049
2051
2053
2054
2059
2060
2063
2064
2064
2064
2065
2064
2062
2061
2061
2061
2057
2057
2059
2059
2059
2058
2058
2059
2057
2056
2057
2058
2058
2058
2058
2059
2060
2061
2061
2060
2060
2061
2062
2064
2063
2062
2062
2064
2062
2063
2064
2065
2067
2068
2071
2071
2070
2072
2073
2073
2071
2072
2069
2067
2064
2063
2063
2060
2061
2061
2061
2063
2063
2062
2064
2064
2065
2066
2066
2070
2071
2073
2075
2076
2078
2077
2079
2081
2080
2078
2078
2076
2075
2074
2075
2074
2074
2074
2076
2076
2077
2077
2079
2080
2078
2077
2080
2078
2078
2078
2078
2080
2078
2078
2078
2078
2077
2078
2080
2080
2077
2077
2080
2077
2076
2078
2081
2081
2084
2086
2088
2089
2088
2090
2090
2092
2091
2092
2093
2094
2093
2094
2093
2092
2089
2087
2086
2086
2084
2086
2087
2085
2084
2084
2085
2084
2082
2081
2081
2080
2076
2076
2076
2075
2077
2078
2077
2080
2076
2076
2074
2074
2071
2069
2067
2066
2062
2060
2062
2062
2062
2062
2065
2064
2064
2064
2065
2065
2064
2064
2067
2066
2066
2064
2065
2064
2064
2063
2062
2061
2061
2059
2061
2060
2061
2060
2062
2061
2059
2058
2059
2059
2060
2058
2058
2056
2055
2053
2052
2051
2050
2049
2047
2049
2047
2047
2049
2049
2047
2048
2050
2049
2049
2049
2050
2050
2051
2051
2052
2052
2053
2053
2053
2053
2054
2053
2056
2056
2056
2056
2057
2058
2056
2056
2057
2057
2056
2054
2055
2055
2052
2052
2054
2053
2055
2053
2054
2054
2052
2052
2050
2050
2049
2046
2045
2045
2045
2043
2045
2045
2044
2044
2045
2043
2044
2042
2041
2040
2039
2038
2039
2040
2040
2039
2036
2038
2036
2033
2035
2033
2031
2031
2030
2030
2027
2029
2028
2029
2029
2030
2031
2031
2031
2031
2031
2029
2029
2028
2027
2027
2025
2025
2025
2026
2025
2025
2028
2032
2030
2033
2035
2036
2035
2037
2037
2036
2033
2031
2032
2032
2030
2031
2033
2034
2034
2036
2037
2040
2041
2043
2046
2046
2049
2049
2050
2050
2050
2050
2049
2050
2049
2049
2047
2049
2049
2049
2050
2052
2052
2052
2053
2053
2053
2053
2054
2054
2053
2055
2056
2057
2057
2056
2055
2054
2052
2049
2049
2047
2045
2045
2043
2043
2042
2039
2041
2040
2037
2035
2035
2031
2029
2026
2024
2024
2023
2021
2022
2024
2026
2028
2031
2033
2035
2037
2040
2042
2044
2045
2045
2048
2047
2047
2050
2051
2051
2052
2055
2056
2059
2059
2060
2062
2063
2064
2066
2066
2067
2066
2066
2064
2063
2061
2061
2060
2058
2058
2056
2057
2057
2056
2057
2057
2058
2058
2059
2061
2059
2058
2057
2056
2053
2053
2053
2052
2051
2051
2052
2054
2056
2056
2059
2060
2063
2065
2066
2066
2066
2066
2065
2064
2061
2058
2058
2057
2056
2056
2057
2057
2058
2058
2060
2060
2061
2062
2061
2062
2061
2059
2059
2058
2056
2053
2053
2052
2050
2050
2049
2050
2051
2052
2053
2052
2052
2052
2048
2051
2052
2051
2053
2051
2050
2051
2049
2050
2050
2051
2051
2050
2052
2052
2054
2055
2056
2053
2054
2053
2051
2049
2046
2047
2045
2044
2045
2045
2044
2043
2044
2045
2045
2045
2047
2047
2046
2046
2046
2046
2043
2042
2041
2039
2037
2036
2036
2036
2035
2036
2035
2035
2035
2034
2035
2036
2037
2036
2036
2035
2033
2031
2031
2030
2028
2024
2026
2024
2022
2022
2023
2023
2023
2025
2027
2029
2028
2029
2027
2028
2027
2026
2026
2026
2025
2023
2024
2022
2024
2024
2023
2025
2026
2025
2027
2027
2027
2027
2027
2029
2029
2028
2029
2028
2029
2028
2031
2030
2030
2030
2031
2029
2027
2027
2028
2025
2025
2023
2021
2020
2017
2017
2016
2018
2017
2017
2015
2015
2013
2012
2012
2012
2010
2009
2008
2010
2008
2009
2009
2010
2010
2008
2008
2009
2007
2006
2007
2007
2006
2006
2007
2009
2010
2011
2013
2015
2015
2015
2017
2015
2015
2014
2015
2014
2014
2015
2014
2018
2017
2018
2019
2019
2022
2025
2026
2029
2029
2029
2030
2031
2030
2031
2031
2029
2027
2027
2025
2025
2023
2023
2024
2025
2027
2028
2029
2031
2030
2030
2031
2032
2033
2030
2031
2030
2026
2025
2024
2025
2024
2023
2025
2027
2026
2025
2024
2023
2021
2021
2021
2021
2020
2020
2021
2022
2031
2025
2024
2024
2023
2024
2024
2025
2027
2030
2033
2034
2035
2036
2036
2038
2036
2035
2034
2034
2033
2031
2032
2032
2032
2031
2033
2034
2035
2033
2035
2033
2034
2033
2033
2032
2030
2031
2030
2031
2028
2030
2031
2031
2030
2031
2033
2033
2035
2035
2037
2037
2038
2039
2041
2041
2042
2044
2043
2042
2043
2043
2042
2043
2041
2041
2042
2041
2042
2043
2044
2047
2046
2046
2050
2049
2049
2050
2050
2049
2047
2046
2046
2045
2041
2041
2043
2041
2040
2041
2042
2043
2042
2042
2043
2044
2043
2044
2045
2045
2043
2042
2043
2042
2042
2040
2039
2040
2039
2039
2039
2039
2039
2039
2038
2037
2037
2034
2034
2033
2033
2031
2031
2030
2029
2028
2026
2025
2023
2022
2023
2022
2020
2020
2021
2019
2018
2019
2021
2021
2018
2018
2016
2014
2014
2012
2013
2013
2014
2014
2015
2015
2015
2015
2016
2017
2015
2015
2014
2014
2013
2011
2011
2011
2009
2010
2010
2011
2011
2009
2012
2013
2014
2015
2018
2018
2018
2017
2018
2018
2016
2015
2014
2013
2012
2011
2011
2011
2012
2013
2013
2015
2015
2015
2018
2016
2015
2018
2019
2018
2019
2021
2023
2023
2025
2026
2027
2027
2026
2026
2027
2028
2027
2025
2028
2027
2025
2025
2028
2030
2031
2031
2033
2035
2034
2035
2037
2038
2038
2038
2039
2037
2036
2035
2037
2033
2031
2031
2031
2030
2029
2029
2027
2028
2027
2027
2029
2030
2029
2031
2032
2034
2034
2035
2036
2034
2035
2033
2034
2031
2028
2026
2023
2024
2022
2022
2022
2023
2024
2025
2025
2025
2025
2024
2024
2024
2023
2022
2023
2025
2021
2023
2021
2023
2023
2024
2024
2023
2022
2023
2025
2025
2023
2024
2025
2024
2024
2024
