1909
1916
1901
1887
1876
1867
1864
1865
1872
1884
1903
1921
1943
1965
1983
2002
2013
2020
2023
2018
2010
1999
1987
1975
1962
1952
1950
1949
1954
1965
1979
1994
2011
2029
2048
2061
2072
2076
2078
2073
2065
2056
2044
2028
2015
2007
2001
1999
2001
2010
2023
2039
2058
2077
2093
2105
2116
2119
2118
2109
2099
2086
2068
2053
2037
2025
2019
2014
2019
2024
2035
2050
2068
2082
2094
2106
2113
2116
2113
2106
2095
2081
2066
2052
2038
2027
2019
2017
2020
2028
2040
2052
2070
2086
2098
2109
2116
2118
2115
2106
2096
2082
2064
2046
2031
2020
2012
2008
2011
2018
2029
2041
2061
2075
2092
2100
2108
2110
2108
2100
2089
2073
2059
2044
2031
2020
2015
2015
2018
2028
2039
2056
2072
2086
2102
2113
2120
2124
2122
2116
2104
2088
2069
2053
2039
2029
2021
2020
2023
2031
2044
2058
2071
2085
2098
2108
2115
2116
2114
2106
2095
2081
2066
2051
2035
2023
2015
2012
2012
2018
2028
2041
2053
2069
2080
2088
2094
2098
2096
2089
2079
2068
2057
2041
2032
2026
2021
2023
2028
2037
2050
2063
2080
2095
2109
2118
2125
2126
2121
2111
2094
2074
2053
2033
2013
1999
1991
1986
1990
1996
2009
2021
2037
2053
2065
2076
2084
2084
2084
2079
2070
2057
2043
2029
2015
2005
1998
1994
1996
2002
2011
2021
2037
2054
2067
2077
2081
2080
2072
2062
2053
2041
2031
2018
2006
1994
1987
1989
1996
2009
2029
2051
2077
2103
2127
2146
2160
2165
2165
2159
2147
2134
2120
2106
2098
2089
2081
2078
2078
2082
2089
2101
2113
2127
2141
2152
2163
2169
2171
2167
2158
2145
2132
2116
2105
2094
2092
2094
2100
2112
2124
2139
2159
2176
2192
2202
2207
2209
2206
2199
2186
2168
2149
2129
2110
2094
2086
2080
2082
2088
2101
2115
2133
2149
2165
2177
2182
2185
2181
2172
2160
2145
2130
2115
2101
2088
2080
2076
2075
2080
2086
2094
2106
2117
2129
2135
2140
2140
2134
2123
2108
2091
2072
2056
2039
2026
2019
2017
2017
2023
2035
2050
2064
2081
2095
2106
2115
2114
2112
2103
2092
2076
2060
2042
2026
2015
2009
2006
2009
2017
2028
2041
2057
2070
2083
2093
2097
2099
2095
2086
2076
2064
2052
2038
2026
2019
2017
2019
2026
2039
2059
2080
2102
2124
2142
2159
2169
2176
2176
2170
2159
2148
2135
2123
2109
2099
2094
2092
2096
2104
2116
2129
2144
2159
2174
2186
2193
2196
2195
2189
2178
2166
2152
2137
2124
2116
2112
2113
2118
2129
2144
2160
2178
2193
2206
2215
2220
2221
2218
2212
2199
2186
2169
2152
2138
2126
2120
2121
2124
2132
2144
2159
2176
2192
2205
2217
2225
2228
2226
2218
2207
2192
2176
2159
2144
2133
2126
2124
2129
2137
2152
2166
2186
2202
2217
2228
2234
2235
2231
2222
2212
2196
2183
2167
2154
2148
2140
2139
2142
2151
2162
2177
2192
2209
2224
2235
2241
2245
2242
2235
2223
2208
2194
2177
2165
2154
2149
2148
2155
2166
2180
2199
2219
2238
2255
2269
2279
2282
2281
2276
2266
2254
2240
2228
2216
2209
2202
2204
2205
2214
2228
2242
2261
2277
2294
2307
2316
2321
2318
2311
2300
2287
2272
2257
2245
2234
2231
2230
2233
2240
2253
2267
2281
2296
2312
2322
2329
2333
2332
2326
2316
2302
2288
2273
2259
2249
2242
2238
2242
2248
2260
2275
2290
2305
2319
2329
2334
2336
2331
2323
2308
2294
2277
2261
2246
2236
2230
2227
2230
2240
2251
2265
2282
2296
2310
2318
2322
2321
2314
2301
2288
2270
2252
2235
2220
2208
2203
2201
2203
2208
2218
2231
2245
2258
2268
2276
2280
2280
2274
2264
2247
2231
2212
2196
2180
2168
2160
2156
2159
2168
2176
2191
2204
2219
2231
2243
2248
2250
2247
2238
2224
2208
2189
2173
2157
2146
2138
2135
2139
2147
2160
2172
2188
2202
2214
2223
2230
2229
2223
2216
2203
2188
2171
2158
2142
2129
2124
2118
2119
2126
2136
2146
2159
2171
2180
2190
2191
2189
2179
2167
2149
2133
2112
2094
2077
2065
2057
2054
2058
2066
2075
2086
2100
2115
2123
2130
2134
2131
2123
2113
2097
2082
2063
2045
2030
2017
2008
2003
2004
2007
2015
2026
2037
2050
2059
2065
2068
2065
2057
2044
2027
2010
1989
1968
1953
1936
1928
1923
1926
1931
1940
1950
1963
1973
1983
1991
1995
1992
1985
1973
1958
1940
1921
1906
1890
1880
1875
1871
1875
1884
1896
1911
1927
1942
1958
1967
1973
1973
1969
1961
1949
1934
1917
1899
1887
1874
1869
1866
1870
1880
1893
1911
1929
1945
1958
1969
1978
1977
1973
1965
1952
1939
1924
1910
1900
1889
1886
1885
1891
1899
1912
1926
1941
1956
1967
1977
1981
1981
1976
1966
1954
1936
1921
1905
1891
1881
1877
1876
1880
1889
1901
1915
1929
1944
1956
1965
1971
1972
1967
1958
1946
1931
1913
1898
1884
1875
1869
1869
1875
1885
1900
1916
1933
1951
1965
1977
1983
1984
1981
1973
1961
1949
1933
1921
1909
1899
1896
1897
1903
1911
1925
1940
1954
1970
1982
1991
1996
1997
1992
1983
1970
1956
1939
1924
1909
1897
1892
1890
1892
1903
1913
1929
1946
1962
1978
1987
1994
1994
1990
1982
1967
1950
1935
1919
1906
1895
1890
1889
1890
1902
1914
1930
1948
1964
1976
1987
1992
1993
1990
1981
1972
1960
1945
1932
1923
1917
1915
1916
1923
1935
1947
1964
1982
2000
2015
2030
2038
2041
2037
2030
2019
2006
1992
1977
1965
1955
1952
1951
1957
1970
1983
1999
2018
2037
2054
2067
2075
2076
2076
2068
2057
2044
2030
2015
2004
1998
1994
1996
2002
2014
2026
2043
2061
2077
2092
2102
2111
2112
2108
2100
2085
2070
2053
2036
2022
2013
2008
2006
2012
2021
2036
2053
2069
2083
2094
2102
2105
2102
2095
2082
2069
2052
2033
2016
2000
1989
1983
1981
1983
1994
2007
2024
2044
2062
2080
2091
2096
2099
2094
2086
2074
2059
2044
2026
2017
2007
2005
2004
2007
2017
2030
2047
2065
2079
2094
2105
2111
2112
2108
2100
2084
2070
2056
2038
2025
2015
2010
2010
2014
2023
2037
2053
2069
2086
2101
2115
2124
2125
2122
2116
2102
2087
2072
2054
2042
2032
2026
2027
2031
2041
2055
2068
2085
2101
2115
2125
2130
2134
2132
2126
2116
2102
2086
2070
2057
2044
2037
2035
2035
2042
2054
2066
2082
2096
2108
2120
2126
2126
2124
2113
2101
2086
2070
2055
2041
2032
2026
2029
2033
2043
2056
2072
2086
2103
2114
2124
2126
2125
2118
2109
2097
2082
2065
2049
2035
2024
2019
2017
2022
2029
2039
2056
2070
2084
2096
2105
2108
2105
2100
2087
2071
2055
2036
2018
2005
1993
1987
1987
1990
1998
2009
2021
2037
2052
2062
2070
2074
2073
2066
2055
2039
2023
2004
1990
1975
1965
1960
1959
1965
1973
1985
1998
2012
2027
2039
2046
2050
2052
2045
2035
2022
2005
1987
1971
1957
1947
1940
1937
1940
1948
1960
1973
1988
2000
2015
2027
2033
2037
2035
2026
2014
2000
1983
1970
1956
1943
1937
1934
1938
1948
1957
1971
1986
2002
2014
2023
2027
2024
2020
2009
1994
1979
1962
1945
1932
1925
1919
1918
1924
1935
1946
1964
1980
1993
2006
2017
2022
2023
2018
2009
1998
1982
1967
1953
1941
1934
1928
1930
1935
1946
1957
1972
1989
2004
2018
2024
2030
2029
2024
2012
1997
1980
1964
1944
1931
1920
1915
1914
1919
1931
1947
1965
1983
2001
2018
2029
2039
2042
2042
2035
2025
2012
1999
1986
1973
1965
1962
1964
1969
1982
1995
2012
2031
2051
2068
2081
2088
2090
2085
2076
2063
2045
2029
2014
2001
1993
1989
1991
1994
2004
2016
2032
2049
2065
2081
2091
2098
2099
2095
2087
2074
2061
2046
2030
2017
2008
2003
1999
2003
2014
2026
2042
2061
2078
2093
2105
2112
2111
2106
2094
2082
2062
2045
2029
2014
2005
2000
1999
2004
2012
2022
2035
2050
2061
2074
2081
2085
2084
2078
2070
2056
2041
2028
2013
2002
1995
1989
1989
1993
2003
2016
2030
2046
2064
2077
2089
2096
2096
2094
2085
2072
2058
2042
2027
2016
2007
2005
2005
2011
2022
2034
2047
2063
2073
2084
2090
2093
2091
2085
2077
2066
2053
2037
2025
2013
2003
1999
1998
2003
2013
2027
2039
2055
2069
2081
2087
2091
2090
2084
2074
2062
2045
2030
2014
2002
1992
1987
1986
1989
1998
2006
2019
2031
2044
2055
2062
2066
2065
2058
2048
2036
2022
2004
1991
1978
1971
1963
1963
1966
1975
1988
2003
2020
2035
2051
2065
2069
2070
2066
2057
2043
2028
2012
1999
1989
1980
1977
1977
1981
1989
2001
2014
2027
2039
2051
2059
2062
2060
2056
2044
2031
2015
2001
1987
1975
1966
1965
1966
1973
1984
1999
2014
2033
2052
2066
2078
2085
2089
2086
2077
2063
2045
2028
2010
1997
1986
1981
1980
1987
1996
2010
2026
2044
2059
2072
2082
2087
2088
2081
2072
2058
2041
2025
2009
1996
1987
1982
1982
1986
1997
2007
2023
2042
2058
2073
2084
2092
2092
2090
2084
2074
2060
2046
2031
2019
2011
2006
2005
2010
2019
2033
2049
2063
2078
2090
2098
2101
2100
2095
2083
2069
2052
2036
2021
2009
2000
1995
1998
2005
2014
2027
2043
2060
2078
2090
2101
2105
2104
2098
2088
2074
2057
2040
2025
2011
1999
1995
1993
1998
2007
2020
2032
2045
2059
2069
2076
2078
2076
2070
2060
2045
2030
2014
1999
1986
1975
1971
1971
1975
1985
1997
2012
2028
2042
2055
2063
2068
2068
2065
2055
2044
2030
2017
2003
1992
1985
1981
1983
1990
2003
2019
2038
2057
2074
2088
2096
2103
2101
2096
2086
2075
2060
2044
2028
2018
2009
2005
2006
2013
2022
2031
2045
2061
2078
2091
2100
2108
2112
2108
2100
2090
2076
2059
2043
2030
2017
2009
2007
2008
2016
2028
2042
2056
2070
2083
2094
2100
2100
2097
2087
2075
2060
2041
2026
2012
2002
1996
1995
1996
2002
2012
2024
2037
2053
2063
2072
2076
2079
2079
2070
2057
2040
2022
2007
1991
1981
1977
1977
1983
1993
2007
2022
2040
2056
2070
2081
2085
2086
2082
2072
2057
2039
2019
2003
1986
1972
1967
1963
1966
1975
1985
2000
2015
2029
2041
2051
2056
2056
2052
2041
2029
2012
1994
1978
1965
1954
1949
1948
1951
1959
1971
1986
2003
2016
2030
2038
2044
2042
2037
2027
2012
1994
1975
1957
1940
1926
1916
1911
1912
1918
1928
1941
1953
1967
1980
1990
1996
1996
1993
1983
1971
1956
1942
1930
1917
1909
1906
1906
1911
1921
1934
1947
1965
1979
1992
2002
2009
2007
2004
1995
1983
1966
1948
1932
1919
1910
1906
1908
1913
1923
1937
1954
1971
1987
2000
2012
2017
2019
2018
2011
2002
1987
1973
1956
1943
1933
1926
1927
1931
1938
1951
1965
1981
1996
2007
2018
2022
2021
2018
2006
1994
1977
1961
1949
1935
1925
1920
1919
1926
1935
1948
1965
1983
1997
2011
2020
2025
2025
2022
2011
1997
1982
1966
1952
1939
1928
1924
1924
1926
1934
1948
1964
1981
1998
2014
2023
2030
2031
2029
2021
2011
1997
1982
1969
1955
1946
1943
1943
1950
1959
1971
1988
2003
2020
2034
2047
2054
2054
2053
2044
2035
2019
2004
1990
1978
1967
1962
1960
1965
1975
1986
1999
2016
2031
2043
2054
2060
2060
2056
2046
2034
2020
2006
1990
1977
1965
1960
1961
1966
1975
1991
2007
2025
2044
2060
2072
2079
2083
2081
2075
2064
2052
2039
2024
2014
2008
2007
2011
2018
2029
2041
2058
2075
2088
2102
2113
2118
2118
2114
2106
2095
2081
2066
2052
2039
2030
2029
2030
2037
2046
2061
2077
2094
2110
2125
2134
2141
2141
2136
2127
2113
2094
2076
2061
2047
2036
2031
2030
2034
2042
2054
2069
2082
2092
2105
2108
2109
2107
2097
2085
2066
2049
2028
2009
1993
1979
1972
1967
1971
1978
1990
2004
2018
2031
2043
2054
2057
2054
2048
2037
2025
2009
1995
1980
1968
1958
1953
1947
1954
1961
1968
1982
1995
2008
2020
2031
2036
2038
2035
2025
2014
1998
1980
1964
1947
1934
1926
1925
1930
1939
1955
1971
1988
2002
2015
2024
2030
2028
2023
2012
1996
1982
1964
1950
1938
1929
1925
1924
1929
1937
1947
1962
1975
1987
1998
2007
2009
2011
2006
1996
1983
1967
1948
1929
1911
1895
1886
1882
1880
1885
1894
1906
1920
1933
1944
1951
1954
1949
1942
1928
1912
1894
1876
1858
1845
1834
1827
1826
1829
1837
1849
1862
1876
1887
1897
1903
1905
1902
1893
1881
1869
1847
1831
1813
1796
1785
1774
1769
1769
1776
1783
1796
1810
1821
1832
1840
1841
1837
1829
1815
1796
1775
1755
1737
1721
1711
1704
1705
1710
1718
1733
1749
1766
1781
1797
1806
1815
1819
1818
1815
1810
1801
1790
1779
1771
1766
1764
1768
1776
1790
1806
1829
1848
1868
1885
1900
1908
1911
1909
1901
1889
1878
1865
1852
1845
1839
1840
1845
1856
1870
1889
1907
1928
1944
1959
1970
1976
1977
1974
1967
1956
1943
1929
1915
1904
1897
1894
1896
1906
1917
1933
1949
1968
1986
2001
2013
2022
2024
2023
2015
2007
1991
1977
1965
1956
1949
1950
1954
1964
1977
1996
2015
2034
2054
2071
2082
2090
2094
2090
2087
2078
2068
2057
2046
2041
2044
2038
2042
2052
2066
2084
2102
2122
2141
2160
2173
2185
2190
2191
2184
2176
2164
2152
2140
2129
2124
2125
2130
2139
2154
2173
2196
2217
2238
2256
2269
2280
2286
2287
2282
2277
2267
2258
2248
2242
2238
2236
2237
2245
2257
2270
2285
2303
2318
2332
2341
2347
2348
2345
2336
2322
2306
2288
2271
2257
2247
2243
2244
2250
2259
2270
2286
2301
2316
2328
2337
2344
2341
2338
2327
2315
2298
2284
2268
2254
2249
2245
2244
2249
2260
2273
2290
2306
2323
2336
2348
2356
2358
2355
2348
2340
2326
2316
2303
2292
2285
2283
2276
2294
2305
2320
2337
2354
2369
2385
2395
2399
2399
2391
2380
2364
2346
2326
2310
2294
2281
2276
2273
2276
2282
2292
2306
2318
2331
2342
2348
2348
2343
2336
2324
2308
2286
2266
2245
2227
2213
2205
2201
2202
2206
2215
2226
2236
2247
2252
2254
2252
2245
2232
2216
2197
2178
2157
2139
2124
2113
2105
2104
2106
2113
2122
2134
2149
2159
2169
2172
2172
2166
2159
2145
2131
2113
2097
2082
2069
2058
2053
2054
2060
2067
2078
2091
2107
2118
2130
2135
2137
2133
2125
2113
2099
2082
2065
2049
2037
2028
2023
2025
2030
2041
2054
2068
2082
2094
2104
2109
2109
2106
2098
2085
2070
2054
2034
2020
2007
1997
1995
1994
2001
2013
2025
2042
2060
2076
2089
2099
2104
2104
2101
2092
2082
2069
2057
2049
2044
2046
2053
2068
2084
2101
2122
2140
2159
2176
2188
2196
2201
2198
2194
2183
2170
2158
2148
2137
2132
2132
2137
2146
2160
2176
2194
2211
2230
2244
2256
2265
2268
2264
2259
2249
2235
2222
2211
2200
2196
2195
2198
2205
2217
2230
2246
2261
2276
2286
2293
2297
2295
2290
2281
2269
2255
2239
2226
2216
2210
2209
2211
2217
2226
2238
2251
2264
2278
2289
2297
2298
2295
2288
2279
2264
2250
2233
2219
2208
2201
2196
2201
2208
2217
2228
2243
2258
2272
2282
2290
2292
2292
2285
2276
2262
2247
2230
2215
2202
2192
2186
2186
2191
2199
2210
2224
2238
2249
2260
2264
2268
2265
2258
2250
2235
2218
2203
2188
2174
2164
2159
2159
2164
2174
2186
2199
2213
2228
2238
2247
2252
2251
2246
2234
2219
2202
2181
2162
2148
2136
2129
2129
2131
2137
2148
2158
2171
2182
2191
2196
2198
2195
2189
2178
2164
2146
2129
2112
2096
2085
2077
2076
2076
2086
2097
2110
2122
2137
2147
2156
2158
2159
2154
2144
2129
2114
2099
2084
2070
2059
2054
2053
2057
2062
2074
2088
2103
2114
2124
2129
2132
2130
2124
2113
2097
2078
2060
2041
2025
2015
2010
2010
2013
2023
2036
2052
2066
2080
2090
2098
2102
2100
2096
2085
2072
2056
2038
2021
2007
1994
1989
1987
1990
1996
2006
2015
2028
2039
2052
2059
2064
2065
2061
2050
2036
2020
2001
1983
1968
1959
1950
1950
1955
1966
1979
1993
2006
2023
2031
2037
2040
2039
2033
2021
2010
1995
1981
1965
1953
1948
1944
1946
1950
1962
1974
1988
2001
2015
2024
2031
2034
2033
2028
2018
2005
1989
1975
1959
1947
1938
1934
1936
1944
1953
1965
1978
1997
2009
2020
2026
2028
2027
2023
2012
1998
1983
1967
1951
1937
1928
1924
1924
1929
1937
1948
1963
1975
1988
1997
2006
2007
2006
2001
1992
1977
1962
1947
1930
1921
1912
1909
1911
1917
1928
1945
1960
1977
1994
2005
2014
2017
2015
2008
1998
1983
1969
1950
1935
1921
1911
1909
1908
1913
1922
1934
1949
1966
1981
1993
2000
2005
2006
1999
1990
1975
1960
1942
1925
1912
1902
1898
1898
1901
1910
1924
1938
1954
1967
1980
1990
1992
1991
1985
1973
1958
1940
1919
1903
1886
1874
1867
1867
1869
1877
1886
1900
1914
1928
1938
1946
1948
1946
1941
1932
1918
1903
1887
1873
1860
1852
1853
1852
1860
1872
1888
1905
1924
1943
1959
1973
1980
1985
1985
1981
1972
1965
1954
1944
1940
1936
1937
1948
1959
1977
1996
2020
2041
2063
2081
2096
2106
2114
2118
2118
2112
2108
2096
2089
2085
2085
2089
2098
2112
2126
2149
2172
2194
2216
2236
2252
2261
2266
2266
2260
2252
2240
2227
2214
2206
2200
2200
2205
2213
2226
2241
2258
2275
2289
2302
2312
2319
2318
2315
2304
2290
2271
2251
2232
2216
2204
2197
2196
2198
2205
2214
2226
2240
2252
2261
2268
2272
2270
2263
2252
2237
2220
2199
2183
2169
2159
2154
2153
2156
2164
2174
2185
2198
2209
2218
2221
2222
2218
2209
2196
2178
2160
2139
2119
2099
2087
2076
2072
2071
2076
2081
2090
2100
2108
2113
2117
2117
2110
2099
2082
2064
2039
2012
1990
1968
1950
1937
1930
1927
1928
1932
1940
1948
1954
1958
1960
1956
1948
1934
1916
1894
1868
1841
1815
1790
1774
1759
1749
1744
1741
1744
1747
1750
1754
1754
1751
1741
1726
1705
1682
1652
1620
1584
1550
1518
1490
1465
1441
1425
1409
1397
1389
1382
1374
1370
1369
1371
1376
1384
1396
1407
1420
1436
1449
1469
1494
1523
1552
1584
1614
1648
1679
1708
1732
1753
1770
1778
1783
1780
1775
1763
1751
1740
1728
1721
1718
1721
1730
1743
1764
1786
1811
1836
1862
1884
1902
1918
1928
1932
1930
1925
1917
1907
1898
1892
1888
1889
1895
1905
1920
1941
1963
1985
2006
2028
2045
2057
2064
2069
2066
2062
2056
2044
2033
2025
2021
2023
2031
2043
2061
2083
2105
2132
2153
2176
2194
2206
2213
2213
2213
2204
2194
2182
2170
2160
2155
2158
2161
2169
2184
2200
2216
2236
2253
2267
2278
2283
2284
2281
2269
2255
2236
2218
2199
2186
2176
2172
2172
2180
2194
2210
2230
2249
2268
2285
2296
2305
2309
2306
2299
2284
2267
2248
2225
2205
2186
2172
2160
2154
2149
2150
2151
2154
2155
2151
2144
2136
2124
2106
2088
2067
2043
2021
2001
1983
1972
1961
1960
1959
1965
1975
1989
2004
2019
2033
2041
2045
2045
2041
2033
2023
2012
2004
1993
1987
1992
1996
2011
2030
2056
2084
2114
2147
2181
2208
2233
2251
2262
2266
2264
2258
2245
2231
2217
2204
2194
2188
2185
2189
2197
2208
2224
2238
2254
2268
2282
2294
2301
2302
2302
2299
2293
2287
2281
2279
2278
2282
2292
2304
2322
2338
2358
2375
2391
2405
2417
2425
2428
2428
2426
2417
2408
2399
2391
2383
2382
2384
2391
2401
2413
2430
2447
2463
2477
2488
2492
2492
2486
2476
2460
2442
2423
2406
2388
2374
2363
2359
2360
2366
2377
2389
2405
2421
2436
2452
2462
2469
2469
2468
2459
2445
2428
2407
2388
2367
2349
2337
2329
2326
2325
2327
2332
2337
2346
2349
2350
2345
2336
2319
2300
2276
2250
2226
2201
2180
2164
2151
2142
2138
2140
2141
2146
2150
2151
2153
2151
2145
2132
2117
2094
2069
2039
2010
1981
1956
1933
1915
1901
1896
1896
1896
1900
1907
1911
1915
1914
1908
1897
1883
1862
1836
1809
1778
1749
1720
1693
1672
1654
1641
1629
1621
1614
1601
1589
1573
1556
1535
1519
1503
1489
1481
1478
1477
1486
1501
1522
1548
1578
1614
1648
1685
1720
1751
1777
1797
1814
1821
1822
1819
1810
1797
1783
1769
1757
1745
1740
1743
1752
1766
1785
1808
1833
1858
1882
1901
1917
1928
1932
1930
1924
1916
1904
1889
1874
1863
1855
1850
1852
1859
1870
1885
1903
1926
1950
1970
1988
2003
2012
2016
2013
2007
1998
1986
1974
1962
1956
1953
1955
1963
1974
1990
2010
2031
2053
2071
2086
2099
2108
2110
2107
2099
2090
2080
2068
2060
2056
2056
2061
2071
2084
2103
2121
2141
2157
2169
2180
2179
2178
2169
2157
2142
2124
2107
2091
2077
2072
2071
2074
2084
2100
2115
2133
2153
2168
2182
2190
2192
2190
2182
2171
2153
2136
2116
2094
2077
2062
2056
2053
2053
2057
2066
2078
2090
2101
2112
2118
2123
2122
2118
2112
2100
2089
2079
2070
2064
2065
2070
2080
2092
2104
2118
2134
2149
2164
2174
2185
2190
2192
2188
2181
2171
2162
2150
2144
2143
2145
2154
2170
2188
2211
2236
2262
2287
2310
2328
2342
2348
2349
2343
2329
2311
2289
2264
2241
2220
2203
2192
2184
2183
2186
2191
2199
2208
2217
2223
2226
2228
2227
2220
2213
2204
2194
2184
2176
2172
2170
2176
2183
2196
2212
2231
2251
2270
2288
2301
2312
2319
2317
2314
2306
2292
2276
2260
2241
2223
2209
2201
2197
2198
2202
2213
2225
2235
2249
2257
2260
2260
2255
2244
2229
2210
2192
2176
2159
2151
2148
2151
2160
2170
2186
2204
2222
2243
2259
2276
2287
2296
2298
2295
2286
2271
2254
2235
2217
2198
2185
2174
2169
2168
2170
2179
2191
2202
2216
2224
2231
2236
2231
2224
2210
2192
2170
2149
2128
2110
2097
2089
2087
2088
2094
2102
2112
2121
2130
2137
2141
2140
2135
2126
2113
2097
2080
2062
2042
2029
2019
2016
2020
2026
2039
2056
2074
2091
2109
2120
2130
2133
2134
2127
2117
2103
2086
2069
2054
2041
2034
2031
2033
2038
2046
2058
2068
2080
2089
2098
2102
2105
2106
2100
2092
2078
2065
2050
2033
2022
2012
2007
2008
2014
2024
2041
2060
2078
2098
2115
2128
2133
2137
2132
2124
2112
2100
2086
2076
2068
2064
2066
2071
2081
2094
2106
2120
2133
2144
2154
2158
2159
2155
2145
2130
2116
2096
2076
2057
2039
2028
2021
2020
2025
2035
2049
2064
2081
2097
2112
2122
2128
2130
2126
2117
2109
2094
2082
2070
2061
2057
2056
2062
2070
2080
2093
2107
2117
2126
2132
2133
2130
2125
2114
2101
2086
2069
2052
2035
2021
2013
2008
2010
2015
2026
2039
2056
2072
2088
2104
2114
2120
2116
2110
2098
2086
2069
2052
2035
2023
2015
2011
2013
2018
2030
2041
2056
2069
2083
2093
2098
2100
2098
2092
2081
2065
2050
2033
2020
2007
1998
1992
1993
1994
1999
2008
2019
2030
2042
2055
2061
2066
2067
2062
2054
2043
2030
2016
2002
1995
1989
1990
1997
2007
2015
2039
2058
2075
2092
2105
2112
2116
2112
2105
2091
2075
2056
2036
2019
2003
1992
1987
1987
1990
1998
2007
2019
2031
2040
2050
2056
2056
2054
2047
2037
2021
2004
1988
1970
1959
1949
1947
1949
1955
1967
1983
1998
2014
2026
2038
2045
2051
2049
2043
2033
2020
2007
1991
1977
1966
1961
1959
1961
1970
1980
1996
2011
2027
2044
2056
2065
2069
2067
2060
2052
2037
2023
2006
1991
1980
1972
1970
1975
1981
1993
2009
2026
2042
2060
2073
2080
2083
2079
2073
2060
2044
2029
2009
1993
1977
1967
1963
1961
1967
1977
1990
2005
2021
2037
2048
2056
2060
2059
2053
2042
2026
2010
1991
1975
1960
1950
1945
1943
1945
1950
1961
1968
1979
1990
2001
2007
2010
2010
2002
1994
1978
1963
1946
1928
1914
1906
1900
1904
1912
1926
1943
1962
1979
1997
2013
2024
2029
2030
2025
2020
2010
1995
1982
1974
1964
1960
1960
1965
1972
1983
1996
2009
2023
2037
2046
2055
2058
2057
2049
2038
2025
2011
1994
1977
1966
1957
1955
1958
1967
1979
1994
2011
2029
2045
2059
2067
2071
2070
2068
2058
2046
2033
2018
2006
1997
1992
1991
1996
2002
2012
2026
2040
2053
2066
2076
2080
2080
2075
2068
2055
2039
2024
2007
1991
1979
1972
1970
1972
1978
1991
2006
2024
2043
2059
2070
2081
2086
2084
2080
2072
2058
2042
2027
2013
2007
2001
2001
2005
2014
2026
2041
2055
2068
2082
2092
2100
2101
2101
2094
2084
2073
2057
2039
2025
2014
2007
2006
2009
2022
2035
2053
2072
2092
2107
2122
2132
2140
2139
2134
2126
2113
2100
2084
2072
2062
2057
2057
2058
2065
2076
2088
2102
2114
2126
2137
2144
2149
2146
2142
2132
2117
2101
2081
2064
2050
2036
2031
2031
2035
2042
2058
2073
2088
2104
2118
2123
2126
2123
2115
2103
2089
2074
2057
2043
2032
2025
2023
2024
2029
2039
2047
2062
2073
2085
2091
2095
2094
2089
2080
2066
2050
2030
2009
1992
1979
1968
1963
1963
1969
1979
1990
2007
2021
2037
2050
2059
2062
2063
2057
2045
2034
2019
2001
1986
1974
1967
1965
1965
1972
1980
1991
2005
2016
2029
2037
2041
2042
2038
2030
2019
2004
1988
1971
1956
1943
1936
1933
1933
1942
1952
1965
1980
1995
2008
2019
2027
2031
2029
2023
2012
1999
1983
1967
1953
1943
1936
1935
1938
1946
1961
1975
1993
2010
2025
2040
2052
2056
2056
2050
2039
2025
2009
1994
1979
1967
1959
1955
1958
1961
1972
1982
1997
2009
2022
2035
2042
2046
2043
2037
2029
2014
2000
1983
1974
1964
1961
1964
1969
1980
1993
2010
2028
2045
2060
2071
2077
2075
2070
2062
2046
2028
2010
1988
1970
1954
1943
1940
1938
1944
1953
1967
1983
1996
2011
2024
2029
2032
2030
2024
2015
2000
1986
1973
1962
1956
1951
1953
1958
1967
1980
1994
2012
2027
2043
2057
2065
2069
2068
2063
2054
2041
2025
2010
1997
1985
1977
1976
1982
1990
2003
2018
2034
2052
2067
2080
2088
2088
2087
2077
2065
2048
2029
2009
1994
1983
1977
1976
1981
1993
2005
2022
2039
2053
2068
2080
2089
2094
2093
2088
2081
2068
2054
2036
2021
2010
1998
1996
1996
2002
2013
2023
2036
2049
2064
2074
2078
2081
2079
2072
2061
2046
2031
2014
2000
1989
1980
1981
1983
1994
2005
2019
2037
2055
2069
2084
2096
2097
2098
2093
2082
2069
2052
2038
2024
2012
2005
2001
2004
2009
2020
2035
2049
2064
2080
2090
2098
2102
2100
2092
2080
2066
2050
2034
2020
2009
2001
1999
2002
2010
2021
2034
2056
2066
2080
2091
2098
2100
2099
2093
2082
2071
2056
2042
2025
2015
2008
2007
2009
2018
2029
2041
2056
2069
2081
2091
2094
2094
2090
2082
2068
2052
2033
2015
2000
1989
1980
1978
1983
1990
2003
2016
2031
2049
2063
2074
2082
2086
2081
2074
2064
2049
2034
2018
2005
1995
1989
1987
1991
1999
2010
2021
2034
2048
2060
2072
2072
2070
2064
2054
2038
2020
2004
1988
1969
1958
1953
1950
1954
1960
1972
1986
2000
2017
2033
2045
2056
2061
2064
2060
2053
2039
2026
2007
1994
1981
1971
1969
1971
1979
1989
2004
2018
2033
2046
2056
2060
2062
2059
2048
2034
2015
1997
1978
1962
1948
1940
1939
1941
1949
1959
1972
1983
1997
2008
2014
2016
2017
2013
2005
1996
1983
1967
1948
1936
1924
1918
1914
1918
1926
1938
1952
1969
1983
1999
2011
2017
2018
2014
2004
1990
1974
1955
1936
1918
1906
1898
1895
1897
1905
1916
1930
1945
1958
1972
1986
1992
1996
1994
1990
1979
1965
1950
1933
1919
1907
1899
1898
1901
1906
1919
1933
1949
1966
1982
1996
2005
2009
2007
2002
1990
1973
1956
1938
1921
1909
1899
1899
1901
1910
1922
1936
1956
1973
1988
2000
2008
2013
2012
2006
1997
1982
1969
1952
1938
1927
1921
1919
1924
1933
1948
1964
1981
1999
2014
2029
2035
2038
2036
2029
2017
2003
1985
1972
1959
1948
1942
1942
1946
1955
1967
1983
1999
2017
2030
2042
2052
2056
2055
2048
2039
2027
2012
1998
1989
1979
1977
1975
1983
1994
2008
2023
2039
2056
2072
2085
2092
2095
2092
2088
2080
2068
2052
2037
2022
2013
2004
2004
2007
2014
2025
2038
2054
2070
2084
2094
2101
2102
2100
2094
2085
2072
2057
2042
2029
2019
2013
2014
2017
2029
2041
2058
2074
2090
2107
2119
2127
2131
2130
2122
2112
2098
2083
2068
2055
2044
2038
2040
2044
2056
2069
2087
2105
2125
2142
2156
2166
2173
2174
2171
2163
2153
2140
2125
2112
2103
2096
2095
2100
2108
2122
2138
2154
2171
2187
2201
2207
2210
2208
2201
2191
2178
2160
2144
2132
2120
2114
2114
2116
2125
2133
2144
2157
2170
2181
2187
2192
2194
2190
2181
2167
2152
2136
2120
2105
2092
2082
2083
2082
2088
2098
2111
2125
2137
2152
2160
2165
2166
2165
2156
2146
2128
2113
2096
2082
2070
2065
2062
2065
2072
2082
2092
2108
2121
2134
2142
2146
2148
2142
2132
2118
2101
2085
2066
2052
2040
2031
2031
2033
2037
2049
2062
2076
2090
2102
2112
2118
2120
2118
2110
2097
2081
2064
2048
2033
2020
2015
2014
2019
2027
2038
2056
2071
2086
2101
2111
2114
2116
2112
2102
2090
2076
2060
2042
2029
2014
2008
2005
2008
2015
2025
2037
2053
2069
2083
2093
2099
2101
2100
2094
2082
2066
2048
2031
2016
2003
1998
1995
1998
2004
2015
2028
2044
2058
2074
2085
2092
2096
2094
2088
2076
2062
2046
2028
2015
2004
1998
1997
1999
2008
2019
2031
2049
2062
2076
2085
2092
2093
2092
2084
2072
2057
2040
2024
2010
2000
1994
1994
1997
2006
2015
2028
2042
2057
2073
2078
2086
2087
2084
2076
2065
2049
2029
2013
2000
1988
1981
1977
1981
1986
1997
2008
2021
2035
2044
2054
2057
2057
2053
2044
2032
2016
2004
1987
1970
1959
1951
1948
1951
1956
1967
1977
1992
2003
2013
2022
2028
2029
2024
2017
2004
1990
1973
1958
1942
1931
1924
1921
1923
1931
1942
1956
1972
1989
2003
2013
2022
2026
2025
2018
2009
1996
1983
1967
1953
1943
1938
1938
1939
1947
1959
1972
1988
2001
2014
2024
2029
2031
2028
2022
2008
1996
1978
1963
1952
1941
1937
1938
1942
1951
1961
1975
1991
2005
2019
2028
2033
2036
2033
2025
2012
1999
1983
1967
1953
1943
1940
1940
1946
1953
1967
1983
2001
2017
2029
2039
2046
2047
2044
2036
2022
2006
1990
1972
1957
1945
1941
1939
1944
1953
1963
1979
1995
2012
2026
2033
2041
2043
2040
2033
2020
2004
1990
1976
1960
1948
1943
1941
1945
1954
1967
1983
1999
2014
2028
2042
2050
2053
2054
2048
2036
2021
2008
1991
1979
1967
1963
1963
1969
1977
1990
2005
2020
2037
2052
2061
2068
2070
2070
2064
2052
2037
2023
2007
1992
1983
1974
1972
1976
1983
1996
2009
2025
2042
2056
2067
2076
2078
2078
2071
2061
2048
2031
2018
2005
1996
1991
1989
1995
2004
2018
2033
2051
2067
2083
2093
2102
2104
2102
2095
2084
2073
2057
2045
2033
2022
2018
2015
2021
2028
2041
2057
2072
2089
2103
2114
2120
2123
2123
2116
2102
2089
2073
2057
2040
2031
2026
2023
2028
2035
2047
2060
2074
2089
2100
2110
2115
2115
2112
2102
2089
2074
2057
2042
2028
2016
2010
2009
2009
2017
2024
2037
2051
2065
2076
2084
2090
2088
2085
2077
2062
2044
2028
2009
1996
1982
1976
1974
1979
1988
1997
2011
2025
2040
2054
2064
2069
2070
2068
2060
2050
2036
2019
2003
1989
1977
1973
1971
1975
1983
1996
2011
2027
2043
2059
2069
2077
2080
2080
2070
2060
2044
2028
2013
1999
1989
1982
1981
1984
1996
2007
2021
2035
2049
2059
2067
2071
2070
2066
2056
2041
2028
2010
1994
1980
1972
1966
1965
1970
1980
1992
2007
2022
2035
2051
2060
2065
2065
2061
2053
2038
2023
2006
1991
1977
1967
1961
1960
1963
1970
1981
1994
2009
2024
2036
2044
2052
2052
2048
2038
2026
2011
1992
1978
1964
1953
1947
1948
1954
1965
1978
1995
2012
2028
2044
2054
2060
2061
2059
2052
2037
2025
2007
1990
1978
1965
1960
1958
1961
1970
1983
1998
2014
2030
2046
2058
2066
2066
2062
2053
2039
2022
2006
1988
1974
1960
1956
1954
1958
1965
1980
1994
2010
2027
2043
2053
2061
2061
2058
2050
2035
2021
2004
1984
1971
1959
1952
1950
1952
1961
1974
1987
2004
2020
2034
2043
2052
2053
2049
2039
2026
2011
1995
1978
1966
1956
1953
1954
1959
1967
1982
1997
2015
2033
2049
2061
2069
2073
2071
2065
2055
2039
2024
2011
1998
1990
1985
1985
1990
2001
2014
2029
2046
2063
2077
2088
2095
2097
2094
2088
2076
2065
2049
2034
2023
2015
2012
2014
2018
2028
2041
2055
2071
2086
2101
2112
2119
2121
2117
2110
2099
2085
2070
2054
2043
2034
2031
2031
2034
2045
2056
2070
2084
2098
2112
2118
2124
2125
2122
2115
2103
2090
2074
2055
2045
2033
2030
2029
2034
2043
2058
2072
2089
2102
2118
2127
2136
2140
2139
2133
2122
2107
2090
2075
2064
2054
2047
2050
2053
2061
2079
2094
2110
2126
2142
2152
2158
2160
2155
2147
2135
2121
2105
2089
2076
2064
2057
2056
2060
2068
2078
2092
2105
2121
2135
2145
2150
2152
2147
2139
2127
2112
2096
2080
2068
2056
2052
2052
2053
2061
2074
2088
2102
2118
2129
2141
2149
2149
2149
2141
2130
2116
2101
2085
2073
2062
2056
2053
2056
2063
2074
2088
2103
2118
2131
2142
2150
2151
2148
2140
2127
2112
2097
2078
2066
2054
2045
2045
2050
2060
2074
2089
2102
2118
2131
2141
2145
2147
2141
2133
2120
2103
2087
2069
2055
2041
2033
2034
2035
2042
2054
2064
2078
2093
2105
2113
2116
2116
2112
2101
2085
2070
2053
2035
2020
2006
1999
1999
2002
2012
2023
2036
2051
2064
2076
2084
2088
2087
2080
2070
2053
2035
2018
1999
1983
1971
1965
1964
1965
1974
1983
1994
2008
2019
2030
2036
2040
2041
2036
2029
2017
2002
1988
1972
1960
1952
1948
1951
1957
1969
1983
2001
2019
2036
2053
2065
2072
2077
2075
2069
2059
2046
2031
2018
2005
1996
1995
1997
2003
2012
2027
2042
2061
2076
2091
2101
2107
2108
2105
2099
2086
2073
2058
2042
2030
2020
2014
2014
2018
2026
2038
2052
2070
2084
2100
2110
2116
2118
2115
2106
2096
2085
2067
2052
2037
2027
2021
2020
2024
2031
2043
2057
2073
2087
2098
2110
2117
2117
2114
2107
2093
2080
2064
2048
2033
2023
2019
2020
2022
2033
2049
2064
2079
2096
2108
2116
2121
2121
2116
2106
2093
2077
2061
2044
2031
2022
2018
2018
2020
2030
2041
2057
2072
2085
2100
2109
2116
2116
2112
2103
2092
2075
2057
2040
2026
2016
2009
2005
2008
2015
2026
2038
2052
2065
2080
2086
2093
2091
2088
2079
2066
2049
2030
2013
1999
1988
1983
1981
1988
1995
2007
2022
2036
2053
2065
2074
2081
2081
2077
2072
2060
2046
2031
2015
2002
1990
1985
1981
1985
1995
2007
2023
2037
2054
2069
2081
2086
2085
2084
2076
2064
2049
2034
2019
2007
2000
1996
1998
2004
2015
2030
2047
2065
2081
2098
2110
2117
2118
2116
2109
2097
2082
2064
2051
2036
2028
2023
2025
2030
2042
2058
2072
2088
2101
2114
2122
2123
2125
2121
2113
2097
2083
2068
2050
2035
2024
2018
2018
2022
2029
2040
2054
2070
2086
2098
2106
2113
2114
2112
2103
2091
2072
2057
2039
2025
2013
2005
2006
2009
2018
2029
2041
2058
2072
2085
2096
2099
2101
2097
2089
2076
2064
2047
2031
2020
2009
2007
2008
2015
2024
2037
2053
2068
2083
2096
2105
2112
2112
2109
2101
2090
2076
2059
2044
2031
2024
2019
2019
2025
2035
2050
2068
2083
2100
2113
2122
2125
2125
2120
2112
2098
2081
2064
2049
2034
2023
2019
2020
2026
2037
2050
2064
2080
2096
2110
2120
2124
2125
2120
2112
2097
2082
2066
2050
2035
2027
2023
2024
2032
2043
2058
2073
2089
2105
2120
2130
2138
2140
2136
2128
2118
2105
2090
2077
2065
2056
2052
2050
2057
2067
2080
2093
2108
2124
2136
2148
2155
2155
2149
2143
2129
2114
2098
2082
2066
2058
2053
2054
2063
2073
2087
2101
2117
2131
2147
2155
2160
2159
2151
2142
2128
2109
2091
2075
2060
2048
2041
2039
2045
2054
2066
2081
2096
2110
2121
2128
2131
2130
2126
2118
2103
2088
2072
2057
2042
2035
2031
2031
2038
2047
2061
2073
2089
2100
2113
2120
2124
2123
2121
2115
2102
2090
2075
2061
2052
2044
2045
2049
2056
2068
2081
2098
2112
2126
2138
2144
2148
2149
2144
2134
2121
2106
2092
2075
2062
2054
2051
2050
2054
2067
2079
2092
2105
2116
2129
2135
2138
2136
2131
2124
2108
2093
2077
2059
2046
2034
2029
2029
2035
2043
2053
2068
2083
2095
2107
2113
2118
2117
2113
2102
2089
2071
2053
2037
2024
2017
2014
2015
2022
2033
2047
2064
2079
2093
2105
2113
2114
2113
2106
2098
2083
2069
2053
2036
2026
2018
2015
2018
2026
2038
2052
2071
2086
2103
2117
2126
2132
2132
2129
2120
2107
2092
2076
2060
2049
2041
2036
2039
2045
2055
2065
2080
2092
2102
2112
2120
2120
2118
2113
2101
2090
2074
2057
2041
2030
2021
2019
2019
2023
2033
2046
2059
2075
2089
2102
2110
2113
2114
2109
2100
2085
2070
2053
2038
2024
2017
2016
2019
2025
2038
2053
2069
2084
2097
2106
2112
2116
2112
2108
2099
2087
2075
2061
2049
2039
2033
2030
2032
2038
2051
2063
2080
2094
2107
2120
2125
2131
2127
2124
2115
2101
2088
2073
2060
2050
2043
2044
2047
2056
2066
2079
2091
2108
2120
2130
2137
2141
2136
2132
2118
2106
2089
2074
2059
2049
2041
2037
2039
2044
2054
2066
2078
2092
2104
2112
2119
2118
2117
2108
2098
2084
2067
2052
2036
2026
2015
2014
2015
2019
2029
2042
2059
2073
2085
2098
2103
2107
2107
2102
2092
2080
2064
2049
2033
2025
2015
2017
2019
2027
2038
2049
2064
2078
2091
2098
2104
2105
2103
2095
2083
2069
2055
2039
2024
2014
2006
2004
2007
2014
2026
2040
2056
2072
2084
2096
2102
2105
2100
2094
2084
2070
2054
2036
2021
2010
2002
1999
1999
2005
2014
2028
2042
2059
2073
2085
2095
2099
2099
2094
2084
2073
2057
2039
2025
2014
2005
2000
2002
2007
2015
2027
2039
2054
2068
2080
2089
2092
2092
2087
2078
2065
2050
2033
2020
2007
1998
1995
1996
2005
2016
2031
2046
2065
2080
2092
2099
2103
2101
2096
2086
2072
2058
2041
2028
2018
2011
2008
2014
2023
2036
2053
2068
2085
2100
2112
2119
2122
2120
2114
2104
2085
2072
2055
2038
2027
2020
2018
2018
2024
2034
2047
2062
2076
2088
2096
2103
2103
2101
2092
2079
2062
2043
2024
2004
1990
1980
1975
1976
1980
1991
2002
2016
2031
2044
2057
2065
2067
2065
2060
2050
2035
2019
2002
1988
1977
1971
1970
1972
1978
1989
2002
2019
2038
2054
2068
2077
2084
2092
2095
2096
2092
2086
2075
2061
2045
2028
2015
2006
2003
2007
2012
2023
2032
2044
2056
2061
2062
2058
2052
2041
2030
2021
2009
2002
1998
1997
2005
2014
2031
2049
2067
2085
2100
2114
2121
2124
2123
2114
2106
2090
2073
2055
2035
2022
2013
2006
2005
2009
2015
2028
2043
2062
2078
2092
2106
2112
2116
2112
2107
2094
2079
2062
2044
2025
2012
2005
1999
2000
2007
2020
2033
2048
2064
2078
2092
2100
2102
2102
2095
2086
2072
2057
2038
2024
2014
2007
2005
2008
2014
2027
2039
2056
2068
2078
2087
2088
2084
2076
2066
2052
2037
2021
2007
1993
1988
1987
1990
2001
2012
2028
2045
2060
2080
2097
2114
2126
2129
2126
2115
2097
2072
2042
2012
1985
1964
1949
1944
1946
1957
1972
1994
2014
2035
2052
2068
2074
2078
2074
2067
2055
2039
2024
2005
1991
1978
1972
1969
1970
1979
1990
2003
2018
2030
2046
2059
2065
2068
2069
2062
2056
2041
2027
2012
1999
1988
1981
1981
1983
1990
2002
2018
2031
2047
2064
2076
2086
2092
2092
2087
2078
2065
2050
2034
2021
2008
1999
1998
1999
2005
2015
2028
2042
2054
2067
2077
2086
2088
2085
2080
2071
2059
2043
2027
2012
1998
1990
1985
1987
1990
1999
2014
2029
2045
2061
2072
2079
2082
2081
2074
2066
2053
2036
2017
2001
1987
1980
1974
1977
1982
1990
2004
2017
2031
2045
2058
2064
2067
2064
2059
2048
2036
2021
2005
1990
1979
1973
1967
1970
1975
1986
1996
2009
2025
2037
2051
2057
2064
2062
2060
2050
2037
2023
2007
1992
1980
1969
1966
1969
1976
1987
2001
2014
2031
2046
2060
2068
2072
2069
2064
2056
2038
2022
2008
1994
1983
1977
1976
1977
1983
1996
2012
2028
2045
2062
2073
2084
2088
2089
2084
2075
2062
2047
2030
2014
2004
1995
1991
1992
1998
2007
2020
2036
2054
2067
2084
2093
2100
2100
2096
2087
2076
2060
2044
2029
2015
2008
2005
2007
2011
2022
2034
2050
2065
2083
2097
2107
2113
2114
2110
2103
2092
2077
2060
2044
2033
2022
2018
2015
2023
2030
2043
2057
2071
2084
2095
2104
2108
2109
2104
2096
2082
2068
2050
2032
2022
2012
2009
2012
2017
2028
2042
2058
2072
2086
2100
2106
2108
2106
2100
2089
2073
2054
2037
2019
2006
1995
1993
1989
1992
2001
2013
2027
2042
2057
2070
2079
2082
2081
2076
2069
2056
2041
2025
2008
1997
1988
1985
1985
1992
2003
2014
2029
2044
2060
2074
2082
2086
2084
2082
2074
2061
2045
2029
2013
1998
1992
1988
1990
1995
2005
2020
2034
2050
2064
2082
2092
2097
2097
2093
2084
2073
2057
2042
2029
2018
2010
2007
2009
2015
2026
2039
2057
2072
2086
2101
2108
2110
2110
2103
2093
2080
2064
2045
2031
2019
2008
2005
2005
2012
2018
2031
2045
2063
2073
2085
2089
2092
2088
2081
2068
2054
2036
2020
2005
1990
1980
1976
1974
1977
1987
1999
2013
2025
2038
2049
2056
2056
2050
2044
2034
2020
2005
1989
1975
1962
1955
1950
1951
1957
1968
1978
1993
2011
2022
2036
2045
2052
2050
2046
2036
2023
2004
1987
1970
1957
1948
1944
1943
1950
1960
1972
1988
2002
2016
2030
2037
2041
2039
2031
2022
2007
1990
1972
1955
1943
1934
1930
1931
1938
1949
1963
1979
1998
2013
2026
2035
2041
2040
2034
2024
2011
1993
1977
1961
1951
1942
1940
1943
1949
1960
1975
1989
2006
2024
2039
2051
2057
2059
2057
2049
2038
2026
2011
1999
1988
1981
1979
1980
1987
1996
2010
2025
2040
2056
2068
2076
2081
2080
2076
2064
2049
2033
2014
1998
1987
1978
1976
1981
1990
2003
2019
2035
2053
2071
2083
2090
2096
2094
2088
2078
2065
2049
2031
2015
2004
1997
1995
1997
2005
2015
2030
2044
2059
2074
2085
2093
2095
2094
2088
2077
2062
2046
2029
2014
2001
1990
1987
1989
1994
2003
2017
2031
2050
2064
2076
2083
2087
2086
2080
2070
2057
2041
2027
2012
1999
1990
1989
1991
1998
2008
2020
2037
2055
2069
2086
2094
2100
2098
2096
2087
2076
2061
2046
2031
2020
2014
2012
2015
2023
2037
2053
2068
2087
2102
2116
2125
2130
2132
2126
2116
2105
2088
2072
2056
2042
2033
2028
2030
2034
2044
2059
2073
2090
2104
2119
2125
2129
2130
2125
2115
2101
2085
2069
2053
2039
2031
2028
2028
2032
2043
2056
2070
2086
2100
2112
2119
2123
2127
2121
2112
2101
2087
2072
2057
2044
2034
2031
2031
2037
2044
2056
2070
2085
2098
2109
2115
2119
2118
2112
2103
2092
2074
2060
2044
2032
2022
2018
2020
2023
2034
2046
2063
2078
2091
2101
2110
2114
2114
2105
2094
2080
2062
2043
2026
2013
2003
1999
1999
2005
2014
2026
2039
2057
2070
2084
2090
2093
2092
2088
2080
2066
2052
2036
2022
2009
2001
1999
2001
2008
2018
2028
2044
2062
2073
2087
2093
2096
2096
2088
2078
2067
2050
2034
2018
2010
2001
2001
2005
2012
2023
2039
2060
2078
2095
2108
2117
2124
2123
2115
2108
2095
2080
2065
2052
2039
2034
2033
2037
2044
2060
2072
2090
2105
2120
2134
2141
2144
2141
2135
2125
2113
2098
2081
2066
2054
2046
2044
2044
2052
2060
2074
2090
2103
2117
2129
2133
2133
2131
2120
2106
2087
2066
2046
2028
2013
1997
1993
1993
2004
2019
2037
2057
2075
2092
2103
2108
2108
2103
2095
2085
2069
2050
2031
2015
2000
1989
1984
1983
1988
1994
2002
2014
2027
2039
2052
2061
2068
2070
2068
2060
2047
2031
2013
1994
1975
1956
1947
1943
1945
1954
1967
1983
2002
2022
2043
2055
2062
2065
2061
2050
2036
2027
2020
2013
2010
2007
2004
2007
2010
2015
2022
2033
2044
2050
2050
2043
2030
2013
1988
1960
1930
1910
1903
1900
1903
1914
1930
1951
1977
2006
2027
2042
2056
2059
2057
2054
2052
2050
2049
2044
2041
2036
2028
2021
2012
2009
2009
2011
2017
2026
2036
2052
2068
2083
2094
2101
2103
2098
2087
2069
2047
2024
2002
1983
1968
1963
1964
1972
1982
1996
2013
2034
2056
2072
2086
2093
2098
2098
2092
2082
2070
2054
2037
2022
2009
1999
1993
1995
2004
2021
2036
2053
2068
2078
2076
2064
2042
2012
1975
1936
1896
1863
1845
1845
1846
1851
1860
1862
1864
1852
1826
1796
1771
1768
1783
1823
1884
1962
2049
2132
2205
2259
2289
2297
2283
2249
2203
2152
2103
2058
2013
1979
1961
1962
1978
2002
2033
2065
2094
2118
2135
2144
2139
2128
2116
2100
2086
2076
2065
2059
2060
2066
2072
2077
2086
2086
2087
2080
2069
2056
2037
2018
2000
1983
1968
1958
1953
1955
1961
1974
1993
2013
2031
2041
2038
2018
1983
1943
1906
1874
1844
1829
1826
1843
1875
1915
1954
1988
2018
2038
2033
2007
1972
1931
1897
1879
1877
1893
1923
1969
2016
2057
2087
2108
2115
2114
2107
2097
2089
2081
2073
2066
2064
2064
2073
2078
2080
2074
2063
2044
2024
2003
1985
1972
1961
1953
1945
1939
1930
1923
1914
1909
1909
1911
1920
1931
1942
1956
1967
1978
1981
1967
1935
1893
1847
1810
1785
1772
1779
1809
1870
1939
2012
2075
2123
2156
2177
2181
2172
2151
2120
2088
2056
2033
2018
2013
2016
2034
2058
2081
2096
2092
2076
2058
2043
2034
2035
2052
2085
2125
2166
2194
2187
2131
2029
1903
1777
1670
1595
1556
1572
1632
1710
1787
1850
1874
1857
1818
1780
1752
1734
1722
1721
1729
1734
1739
1753
1769
1786
1789
1771
1724
1655
1587
1534
1514
1526
1574
1640
1702
1749
1768
1772
1761
1732
1696
1674
1696
1752
1828
1901
1963
2001
2006
1970
1912
1847
1791
1751
1732
1737
1761
1799
1846
1890
1917
1926
1923
1917
1916
1934
1968
2023
2109
2206
2288
2330
2320
2269
2182
2069
1945
1831
1747
1713
1734
1797
1887
1994
2105
2202
2268
2300
2304
2284
2259
2224
2194
2158
2124
2105
2090
2067
2033
2001
1975
1959
1949
1936
1916
1901
1898
1903
1911
1915
1916
1906
1900
1908
1935
1961
1983
2005
1998
1955
1881
1805
1751
1723
1735
1786
1866
1948
2015
2063
2096
2140
2202
2263
2307
2322
2309
2268
2205
2136
2076
2031
2001
1998
2022
2050
2064
2049
2025
2013
2003
1982
1946
1894
1829
1743
1655
1597
1591
1644
1716
1782
1843
1892
1937
1997
2074
2134
2164
2184
2220
2251
2264
2237
2169
2078
1998
1966
1991
2057
2138
2210
2273
2317
2359
2401
2433
2466
2472
2425
2330
2193
2034
1896
1822
1816
1854
1905
1960
2015
2058
2076
2070
2054
2034
2020
2009
2007
2024
2066
2121
2188
2254
2308
2343
2362
2376
2384
2361
2305
2214
2095
1958
1840
1761
1740
1794
1906
2026
2125
2188
2198
2161
2081
1999
1944
1903
1895
1927
1987
2039
2060
2039
1994
1941
1896
1878
1903
1962
2043
2138
2190
2169
2093
1976
1833
1714
1647
1629
1662
1720
1758
1750
1707
1609
1474
1352
1275
1234
1214
1238
1304
1399
1504
1575
1563
1465
1336
1206
1095
1017
972
973
1006
1053
1099
1113
1103
1078
1075
1105
1155
1130
986
784
586
440
380
393
448
538
612
630
582
473
382
359
378
409
421
398
315
180
5
1
0
2
1
3
0
3
2
1
8
85
201
293
355
355
277
151
11
2
1
2
2
3
2
1
1
2
1
2
2
1
1
0
2
3
1
2
1
1
0
1
3
1
1
0
2
1
1
2
2
1
2
1
0
1
1
2
1
1
1
2
2
0
3
0
2
2
2
2
1
1
2
2
2
2
1
2
1
2
1
1
1
2
2
2
0
0
2
2
2
3
1
2
1
1
1
3
2
1
2
3
1
0
3
1
1
1
2
3
1
2
1
1
1
2
2
1
1
1
0
1
2
2
1
1
1
0
1
1
2
2
3
2
0
2
2
2
1
0
2
2
2
0
3
2
1
0
1
1
0
1
2
2
0
0
3
1
1
2
2
1
2
2
2
2
4
1
2
3
0
1
1
3
0
1
4
2
1
1
2
2
1
1
2
2
2
2
2
2
2
0
1
2
1
1
3
0
1
0
1
2
1
2
2
2
0
0
2
2
0
1
2
2
0
2
2
3
2
1
1
2
1
0
1
1
1
1
1
2
1
3
1
2
1
3
2
2
3
2
2
0
3
1
2
3
0
2
1
1
1
1
2
2
2
4
2
2
2
2
2
3
2
2
1
1
1
1
2
2
2
2
3
0
1
1
2
3
1
3
1
3
0
2
2
1
2
4
2
2
1
0
0
1
0
2
2
2
1
1
0
2
0
2
2
2
2
1
2
3
2
2
2
2
4
2
1
2
1
1
2
1
2
4
2
4
2
3
3
4
1
3
2
2
93
161
207
230
211
155
114
163
304
421
403
245
32
0
1
3
1
20
148
301
492
664
787
886
932
887
724
544
469
519
619
696
712
646
532
454
471
587
757
914
977
949
872
846
893
953
1010
1072
1108
1054
925
757
601
528
487
478
506
562
660
792
966
1225
1488
1648
1660
1523
1325
1092
907
840
854
900
955
1069
1196
1261
1275
1272
1202
1104
1017
982
975
921
834
809
879
1050
1251
1400
1463
1477
1454
1389
1314
1259
1232
1247
1281
1302
1289
1267
1264
1288
1338
1402
1448
1430
1374
1329
1336
1397
1477
1566
1651
1650
1456
1078
673
440
430
616
879
1127
1340
1493
1612
1713
1831
1957
2064
2114
2091
2042
1963
1826
1655
1478
1336
1248
1225
1196
1111
967
778
680
727
895
1152
1430
1694
1860
1907
1887
1868
1907
1978
2025
1999
1875
1691
1498
1370
1313
1296
1254
1188
1147
1160
1265
1437
1586
1683
1749
1785
1801
1780
1701
1591
1467
1409
1437
1477
1485
1502
1608
1808
2014
2112
2112
2099
2114
2146
2120
1921
1586
1222
921
801
828
973
1213
1472
1701
1909
2085
2231
2370
2554
2736
2835
2815
2685
2500
2275
2023
1753
1516
1333
1200
1103
1043
1013
979
937
884
872
912
1025
1230
1510
1835
2160
2431
2608
2689
2657
2521
2312
2046
1795
1610
1507
1466
1455
1452
1411
1318
1255
1345
1595
1952
2336
2705
3005
3193
3246
3166
2985
2726
2400
2001
1569
1229
1099
1172
1308
1390
1395
1416
1547
1770
2000
2154
2212
2202
2216
2270
2364
2443
2480
2508
2547
2616
2685
2737
2712
2595
2421
2261
2213
2241
2270
2276
2273
2247
2197
2137
2094
2110
2222
2371
2495
2612
2725
2792
2748
2573
2358
2201
2146
2161
2237
2362
2486
2598
2714
2838
2960
3057
3128
3164
3132
3038
2908
2783
2692
2635
2604
2582
2576
2595
2659
2745
2834
2930
3016
3061
3063
3041
2987
2904
2792
2619
2397
2205
2097
2113
2213
2338
2477
2629
2781
2914
3043
3190
3314
3356
3301
3194
3081
2993
2928
2868
2819
2776
2717
2659
2610
2610
2647
2681
2696
2709
2722
2737
2763
2791
2835
2888
2928
2966
3014
3061
3093
3107
3131
3164
3222
3303
3360
3315
3151
2884
2663
2548
2560
2664
2807
2913
2933
2871
2730
2589
2507
2497
2579
2685
2801
2912
3005
3104
3202
3288
3353
3400
3388
3323
3249
3195
3162
3141
3122
3109
3082
3038
3012
3011
3024
3030
3007
2950
2906
2893
2923
2994
3086
3160
3186
3142
3089
3068
3093
3137
3149
3120
3051
2941
2829
2704
2573
2481
2466
2561
2717
2874
3035
3152
3186
3137
3037
2960
2909
2876
2876
2909
2971
3048
3148
3242
3316
3347
3330
3280
3235
3210
3209
3217
3221
3234
3260
3287
3310
3325
3330
3322
3308
3289
3272
3256
3258
3262
3253
3222
3165
3084
3007
2928
2804
2648
2506
2432
2456
2537
2639
2764
2902
3037
3164
3265
3329
3376
3430
3487
3542
3587
3614
3616
3582
3526
3446
3355
3284
3240
3224
3230
3244
3266
3290
3297
3286
3268
3226
3177
3143
3128
3132
3172
3242
3318
3387
3429
3433
3410
3374
3340
3304
3262
3214
3177
3153
3137
3130
3126
3117
3107
3112
3140
3181
3225
3264
3297
3319
3326
3328
3324
3307
3269
3217
3168
3124
3090
3058
3039
3037
3053
3088
3137
3195
3251
3300
3335
3351
3346
3318
3270
3210
3144
3092
3044
2993
2928
2853
2796
2762
2748
2753
2775
2811
2859
2911
2960
3000
3033
3050
3048
3039
3021
2996
2959
2912
2849
2774
2698
2633
2587
2568
2570
2592
2626
2667
2710
2752
2788
2819
2841
2855
2852
2840
2822
2806
2788
2765
2741
2722
2708
2698
2694
2697
2707
2727
2751
2778
2800
2816
2829
2837
2829
2807
2777
2749
2724
2700
2676
2653
2630
2613
2596
2592
2600
2620
2647
2675
2708
2741
2777
2814
2847
2872
2894
2904
2906
2895
2879
2866
2856
2851
2855
2871
2892
2927
2973
3027
3080
3126
3162
3183
3185
3181
3182
3190
3196
3198
3195
3188
3177
3180
3188
3208
3234
3266
3301
3335
3366
3391
3410
3423
3430
3434
3433
3429
3418
3411
3405
3404
3402
3405
3409
3417
3426
3437
3449
3460
3464
3470
3466
3459
3444
3429
3410
3390
3369
3350
3331
3317
3310
3305
3301
3304
3309
3315
3324
3329
3330
3322
3308
3293
3268
3245
3222
3201
3182
3162
3150
3139
3133
3136
3146
3152
3157
3165
3165
3168
3180
3192
3204
3212
3213
3205
3188
3159
3128
3098
3076
3066
3069
3088
3113
3148
3188
3228
3268
3299
3328
3346
3358
3360
3352
3335
3314
3292
3269
3250
3240
3242
3252
3271
3298
3331
3368
3405
3440
3471
3494
3506
3510
3508
3497
3479
3458
3436
3413
3391
3374
3363
3357
3364
3372
3389
3408
3429
3450
3466
3479
3484
3484
3481
3472
3460
3445
3432
3418
3406
3402
3399
3405
3416
3430
3447
3465
3484
3503
3519
3530
3535
3532
3522
3505
3488
3469
3452
3439
3426
3418
3410
3406
3408
3412
3422
3434
3448
3466
3486
3499
3511
3515
3511
3497
3476
3450
3424
3399
3372
3350
3336
3325
3324
3328
3337
3353
3374
3401
3428
3451
3473
3490
3502
3506
3503
3496
3482
3464
3446
3430
3416
3403
3395
3390
3387
3387
3396
3406
3417
3429
3437
3439
3439
3427
3410
3384
3357
3325
3296
3270
3250
3233
3224
3221
3223
3230
3240
3256
3272
3282
3291
3292
3289
3275
3256
3231
3204
3174
3144
3118
3100
3085
3080
3081
3090
3099
3110
3120
3127
3128
3124
3116
3106
3093
3077
3058
3042
3028
3017
3018
3022
3031
3044
3062
3089
3117
3146
3177
3205
3223
3235
3234
3230
3222
3212
3199
3188
3179
3168
3164
3165
3170
3181
3197
3220
3245
3268
3291
3310
3322
3332
3332
3329
3319
3308
3293
3279
3268
3256
3251
3250
3255
3266
3283
3303
3328
3354
3381
3402
3421
3432
3437
3436
3422
3403
3379
3351
3324
3301
3284
3275
3268
3268
3270
3275
3281
3288
3295
3301
3302
3292
3279
3261
3231
3191
3141
3088
3038
2993
2962
2941
2933
2933
2937
2942
2946
2942
2934
2917
2892
2861
2825
2786
2742
2695
2647
2609
2581
2554
2536
2528
2525
2531
2544
2566
2589
2614
2638
2659
2678
2692
2698
2699
2689
2676
2659
2641
2624
2606
2594
2587
2585
2588
2598
2610
2623
2640
2654
2671
2682
2687
2690
2686
2673
2656
2636
2617
2601
2588
2583
2584
2595
2614
2643
2678
2719
2761
2807
2853
2895
2934
2968
2996
3014
3026
3031
3033
3034
3034
3035
3035
3036
3042
3051
3060
3069
3078
3085
3089
3087
3080
3067
3053
3039
3022
3004
2981
2953
2920
2888
2859
2835
2817
2802
2795
2792
2791
2798
2809
2821
2830
2833
2828
2812
2791
2763
2733
2702
2673
2646
2628
2613
2609
2610
2616
2625
2636
2650
2660
2670
2672
2670
2667
2656
2639
2619
2596
2574
2549
2529
2513
2500
2488
2485
2484
2485
2483
2482
2477
2467
2453
2432
2410
2382
2356
2329
2298
2273
2246
2226
2208
2193
2177
2168
2162
2153
2138
2115
2087
2056
2020
1987
1956
1923
1891
1857
1812
1756
1688
1617
1542
1468
1396
1333
1289
1262
1258
1273
1310
1363
1428
1499
1569
1636
1689
1738
1775
1805
1827
1848
1863
1876
1887
1900
1912
1925
1939
1955
1971
1988
2001
2017
2034
2048
2064
2077
2093
2109
2129
2152
2181
2210
2245
2280
2318
2351
2384
2414
2441
2463
2476
2485
2491
2487
2485
2481
2481
2485
2494
2513
2544
2585
2637
2702
2772
2843
2911
2975
3028
3071
3100
3119
3133
3140
3148
3162
3177
3196
3210
3220
3225
3225
3217
3204
3188
3176
3170
3168
3167
3169
3165
3161
3153
3138
3117
3098
3077
3052
3029
3013
2999
2990
2985
2985
2990
2995
2999
3000
2999
2992
2983
2970
2959
2948
2935
2926
2916
2906
2896
2887
2875
2863
2848
2830
2807
2783
2755
2726
2694
2660
2626
2588
2552
2514
2476
2440
2408
2382
2360
2346
2340
2340
2345
2356
2376
2396
2416
2436
2449
2457
2455
2444
2420
2382
2339
2290
2240
2191
2145
2105
2076
2057
2051
2054
2072
2090
2108
2128
2141
2152
2158
2158
2155
2149
2144
2141
2140
2135
2134
2138
2143
2148
2158
2165
2178
2194
2213
2234
2252
2269
2281
2285
2283
2272
2255
2228
2202
2178
2154
2138
2132
2135
2151
2176
2210
2245
2281
2316
2343
2368
2387
2399
2407
2406
2399
2387
2372
2354
2333
2314
2304
2296
2297
2307
2321
2339
2358
2382
2401
2417
2428
2433
2435
2431
2424
2414
2405
2397
2389
2384
2383
2386
2392
2402
2423
2448
2475
2500
2521
2540
2549
2551
2551
2545
2531
2514
2494
2470
2444
2421
2404
2391
2385
2385
2395
2410
2426
2443
2453
2464
2468
2465
2454
2436
2410
2384
2354
2326
2306
2293
2289
2287
2292
2297
2307
2318
2329
2334
2338
2336
2328
2316
2298
2273
2243
2213
2181
2152
2123
2102
2086
2077
2076
2077
2084
2092
2102
2112
2114
2116
2112
2099
2084
2061
2033
2004
1975
1946
1917
1894
1879
1870
1866
1862
1865
1872
1879
1888
1895
1899
1900
1892
1885
1871
1856
1839
1830
1826
1833
1852
1874
1903
1935
1971
2004
2036
2062
2080
2092
2095
2094
2092
2084
2076
2065
2055
2045
2035
2029
2028
2034
2045
2064
2088
2114
2142
2164
2186
2198
2204
2202
2194
2183
2167
2145
2122
2100
2078
2056
2038
2025
2015
2010
2010
2013
2016
2017
2019
2014
2006
1994
1974
1952
1923
1890
1856
1820
1782
1748
1716
1691
1677
1669
1667
1672
1680
1690
1703
1714
1721
1719
1712
1695
1673
1645
1614
1583
1556
1524
1501
1482
1469
1462
1462
1469
1480
1499
1522
1547
1566
1588
1601
1616
1626
1634
1643
1650
1660
1670
1686
1707
1731
1755
1785
1819
1855
1886
1919
1947
1970
1986
1997
2002
2001
1996
1989
1980
1972
1964
1961
1963
1971
1984
2003
2027
2058
2084
2115
2145
2172
2194
2210
2223
2229
2230
2230
2229
2227
2226
2229
2237
2250
2265
2287
2316
2345
2375
2407
2435
2461
2481
2498
2509
2516
2513
2508
2501
2490
2481
2476
2480
2494
2511
2538
2569
2601
2629
2655
2675
2689
2692
2688
2680
2666
2647
2626
2606
2589
2574
2562
2560
2565
2579
2603
2636
2668
2700
2729
2754
2772
2782
2784
2783
2773
2756
2736
2716
2693
2670
2650
2635
2621
2613
2610
2610
2612
2613
2615
2613
2610
2602
2587
2572
2552
2528
2505
2481
2461
2442
2429
2423
2421
2426
2435
2450
2466
2486
2504
2521
2533
2544
2547
2547
2539
2526
2505
2483
2458
2434
2410
2393
2382
2376
2381
2391
2402
2418
2436
2450
2467
2476
2482
2487
2486
2484
2475
2464
2450
2434
2423
2412
2405
2401
2402
2407
2413
2421
2430
2437
2446
2452
2457
2458
2450
2440
2428
2417
2402
2388
2378
2373
2370
2372
2379
2389
2401
2412
2424
2433
2436
2435
2427
2418
2401
2381
2360
2336
2316
2296
2279
2268
2262
2261
2267
2274
2283
2290
2299
2307
2310
2312
2308
2304
2291
2276
2260
2240
2223
2205
2192
2186
2184
2188
2199
2218
2242
2267
2295
2320
2338
2346
2341
2327
2300
2273
2236
2201
2167
2138
2117
2103
2095
2094
2098
2109
2123
2139
2156
2172
2182
2188
2188
2183
2169
2153
2131
2108
2084
2060
2039
2025
2014
2010
2011
2017
2026
2036
2048
2057
2065
2066
2068
2061
2052
2035
2017
1999
1978
1957
1942
1930
1919
1919
1923
1930
1938
1950
1962
1973
1979
1982
1981
1974
1965
1951
1936
1921
1906
1893
1885
1882
1883
1890
1905
1921
1941
1960
1981
1999
2014
2028
2035
2044
2043
2039
2029
2020
2005
1993
1982
1981
1989
2002
2021
2050
2073
2097
2118
2133
2141
2139
2132
2122
2109
2093
2079
2066
2055
2047
2044
2045
2050
2057
2070
2084
2103
2120
2138
2154
2166
2170
2171
2166
2156
2144
2129
2117
2101
2089
2085
2088
2092
2101
2108
2120
2129
2136
2138
2137
2133
2123
2114
2102
2086
2069
2052
2035
2018
2003
1994
1991
1992
1999
2008
2025
2041
2058
2074
2086
2094
2098
2094
2089
2074
2057
2037
2017
1999
1980
1969
1960
1957
1958
1964
1976
1988
2000
2015
2025
2031
2031
2030
2025
2013
2001
1990
1976
1962
1955
1949
1948
1948
1951
1955
1961
1967
1975
1982
1988
1993
1992
1989
1983
1974
1962
1949
1934
1922
1911
1904
1903
1903
1911
1922
1938
1955
1976
1993
2009
2022
2028
2029
2024
2013
1999
1983
1969
1955
1944
1934
1940
1930
1930
1934
1940
1951
1964
1976
1991
2000
2007
2011
2010
2007
1996
1987
1976
1965
1956
1950
1950
1954
1963
1976
1994
2013
2031
2049
2064
2078
2087
2093
2095
2091
2085
2077
2069
2058
2048
2041
2036
2036
2040
2049
2062
2076
2091
2106
2120
2131
2135
2137
2135
2129
2120
2108
2094
2079
2067
2060
2056
2056
2061
2072
2086
2102
2117
2134
2146
2157
2160
2159
2153
2144
2126
2108
2090
2075
2058
2046
2042
2042
2049
2057
2071
2085
2096
2112
2120
2128
2130
2126
2119
2108
2092
2076
2063
2045
2034
2027
2025
2027
2035
2049
2066
2086
2105
2124
2144
2160
2170
2177
2179
2172
2160
2146
2129
2108
2089
2078
2068
2066
2072
2085
2101
2123
2146
2171
2193
2211
2223
2229
2226
2217
2201
2183
2166
2148
2133
2121
2114
2112
2116
2124
2135
2149
2162
2173
2184
2190
2190
2188
2182
2171
2156
2141
2125
2108
2096
2084
2081
2082
2087
2098
2112
2129
2145
2157
2170
2179
2181
2177
2170
2156
2140
2117
2095
2072
2052
2034
2024
2017
2017
2023
2035
2050
2065
2083
2095
2108
2113
2112
2108
2097
2081
2068
2050
2032
2018
2010
2007
2005
2008
2015
2023
2035
2044
2055
2062
2067
2070
2069
2063
2052
2039
2025
2012
2000
1989
1982
1979
1980
1988
1999
2013
2030
2051
2070
2090
2106
2116
2124
2124
2120
2110
2101
2089
2077
2069
2062
2063
2064
2070
2082
2097
2114
2131
2147
2159
2170
2175
2176
2168
2160
2146
2132
2120
2105
2092
2082
2078
2077
2081
2093
2105
2121
2136
2150
2164
2173
2178
2176
2170
2158
2144
2130
2115
2102
2093
2090
2090
2093
2100
2113
2126
2140
2155
2171
2188
2198
2202
2198
2188
2172
2151
2126
2102
2083
2066
2054
2052
2054
2058
2072
2090
2110
2129
2148
2165
2177
2185
2184
2184
2177
2168
2156
2142
2128
2114
2104
2094
2089
2085
2088
2096
2104
2116
2124
2133
2139
2140
2136
2128
2115
2100
2082
2064
2048
2030
2019
2016
2016
2019
2028
2040
2056
2070
2084
2094
2102
2102
2101
2092
2080
2061
2041
2022
2003
1988
1975
1971
1968
1968
1977
1989
2004
2018
2030
2044
2052
2054
2053
2046
2036
2025
2010
1995
1981
1971
1967
1965
1965
1971
1983
1997
2013
2029
2049
2065
2077
2088
2090
2088
2082
2070
2056
2042
2027
2014
2008
2006
2008
2012
2024
2037
2051
2064
2080
2092
2100
2106
2106
2103
2089
2071
2049
2025
1999
1977
1957
1944
1939
1938
1945
1959
1975
1992
2010
2026
2038
2046
2049
2046
2038
2026
2011
1993
1976
1959
1947
1937
1930
1931
1935
1943
1955
1967
1979
1991
1997
2001
2001
1995
1983
1970
1952
1936
1919
1904
1893
1890
1887
1893
1902
1917
1932
1949
1965
1979
1989
1994
1993
1987
1977
1964
1948
1930
1914
1901
1892
1888
1885
1889
1898
1911
1929
1947
1963
1979
1992
2001
2007
2004
1995
1979
1962
1943
1921
1901
1888
1878
1876
1880
1887
1901
1918
1936
1954
1969
1979
1987
1988
1980
1969
1954
1935
1915
1896
1880
1868
1862
1858
1860
1870
1883
1901
1919
1936
1952
1964
1971
1974
1969
1965
1955
1946
1934
1924
1912
1902
1893
1888
1887
1889
1897
1909
1921
1937
1951
1962
1968
1973
1970
1964
1956
1945
1935
1924
1916
1910
1910
1913
1919
1934
1952
1968
1988
2007
2022
2034
2043
2044
2040
2032
2020
2005
1990
1974
1962
1950
1946
1946
1953
1962
1975
1991
2008
2024
2036
2045
2052
2054
2054
2046
2036
2023
2008
1992
1974
1956
1943
1935
1929
1929
1933
1943
1954
1968
1981
1991
1995
1997
1994
1983
1971
1957
1943
1929
1914
1906
1902
1902
1903
1913
1925
1940
1956
1973
1989
1999
2009
2012
2015
2010
2004
1992
1981
1967
1953
1942
1935
1931
1932
1937
1947
1961
1976
1993
2010
2023
2028
2030
2031
2024
2016
2004
1993
1982
1972
1967
1967
1973
1985
2003
2022
2043
2061
2077
2089
2097
2098
2092
2085
2072
2057
2039
2022
2009
1996
1988
1988
1989
1996
2009
2025
2042
2062
2078
2091
2098
2101
2098
2095
2082
2069
2052
2036
2021
2007
1996
1990
1987
1993
2002
2014
2030
2045
2061
2074
2083
2085
2085
2080
2071
2056
2041
2027
2010
1998
1989
1986
1985
1988
1996
2007
2017
2029
2040
2049
2054
2056
2055
2050
2037
2025
2009
1995
1981
1971
1962
1962
1964
1970
1980
1994
2008
2025
2039
2052
2058
2060
2060
2053
2046
2035
2021
2007
1994
1983
1977
1975
1976
1980
1991
2004
2019
2032
2045
2055
2061
2058
2050
2036
2018
1998
1979
1959
1942
1929
1919
1915
1916
1922
1934
1949
1966
1983
1999
2014
2023
2028
2027
2023
2013
1997
1980
1962
1945
1929
1916
1910
1909
1912
1923
1936
1950
1964
1979
1991
2000
2005
2007
2003
1996
1976
1967
1953
1937
1921
1910
1906
1907
1911
1919
1932
1947
1961
1977
1993
2003
2009
2012
2011
2005
1993
1978
1962
1946
1931
1918
1912
1910
1913
1922
1939
1957
1974
1993
2007
2017
2020
2019
2011
1998
1979
1960
1942
1927
1915
1909
1910
1919
1929
1947
1963
1979
1992
2003
2010
2012
2007
1998
1983
1967
1945
1924
1901
1883
1868
1858
1854
1856
1864
1874
1891
1907
1926
1943
1958
1970
1974
1974
1971
1961
1946
1929
1914
1899
1885
1877
1874
1875
1880
1891
1908
1928
1948
1969
1987
2001
2009
2009
2003
1993
1975
1956
1937
1918
1905
1893
1892
1895
1901
1914
1932
1949
1967
1983
2000
2013
2020
2022
2021
2010
1997
1983
1969
1953
1939
1929
1924
1921
1925
1935
1951
1967
1987
2006
2026
2041
2050
2055
2052
2041
2023
2002
1979
1955
1932
1913
1903
1898
1902
1910
1925
1942
1960
1979
1997
2010
2015
2020
2017
2009
2000
1988
1973
1960
1948
1942
1943
1945
1953
1967
1982
2001
2020
2038
2055
2065
2070
2072
2069
2061
2049
2036
2023
2012
2002
1999
2003
2010
2023
2041
2062
2084
2104
2121
2136
2145
2146
2144
2137
2125
2110
2094
2078
2064
2052
2044
2044
2051
2058
2071
2087
2104
2124
2142
2158
2174
2183
2188
2189
2183
2170
2156
2133
2114
2094
2080
2072
2069
2073
2083
2094
2112
2130
2145
2161
2171
2176
2176
2170
2158
2142
2124
2108
2092
2077
2070
2064
2062
2068
2078
2092
2105
2122
2139
2153
2163
2168
2170
2165
2157
2142
2126
2112
2098
2083
2075
2071
2069
2074
2086
2099
2113
2128
2142
2155
2165
2168
2167
2166
2156
2143
2130
2117
2105
2091
2082
2080
2080
2086
2096
2112
2125
2141
2157
2172
2182
2189
2189
2186
2173
2158
2141
2126
2114
2102
2095
2090
2091
2091
2095
2103
2112
2123
2133
2140
2149
2149
2147
2143
2134
2121
2105
2088
2070
2054
2040
2031
2029
2033
2040
2052
2068
2084
2099
2112
2123
2128
2131
2133
2128
2120
2109
2099
2087
2075
2066
2062
2059
2060
2069
2080
2091
2106
2120
2130
2141
2147
2148
2144
2136
2122
2108
2095
2080
2068
2061
2058
2058
2061
2072
2084
2098
2113
2125
2139
2146
2147
2147
2146
2138
2125
2112
2095
2078
2062
2042
2030
2018
2011
2011
2019
2028
2036
2052
2063
2070
2074
2071
2064
2052
2034
2018
2003
1987
1972
1964
1959
1959
1962
1971
1983
1998
2010
2024
2037
2042
2045
2046
2036
2025
2009
1993
1976
1962
1947
1939
1933
1933
1937
1945
1956
1966
1977
1988
1997
2005
2007
2006
2002
1991
1978
1966
1951
1937
1924
1914
1909
1910
1915
1924
1939
1954
1972
1987
2001
2009
2013
2012
2008
1996
1983
1966
1950
1933
1920
1913
1909
1911
1918
1934
1949
1969
1986
2006
2021
2034
2038
2036
2027
2014
1992
1969
1945
1919
1900
1883
1874
1871
1876
1887
1903
1922
1941
1960
1979
1992
2004
2012
2013
2009
2001
1989
1975
1959
1948
1935
1930
1930
1933
1942
1958
1974
1991
2005
2019
2025
2033
2034
2031
2024
2015
2002
1991
1980
1969
1963
1961
1965
1971
1985
2000
2017
2034
2053
2069
2081
2090
2094
2093
2087
2079
2065
2051
2035
2021
2009
2004
2005
2012
2023
2039
2059
2074
2089
2101
2109
2112
2112
2109
2099
2088
2073
2058
2041
2029
2019
2015
2013
2018
2029
2043
2062
2081
2100
2118
2131
2138
2140
2140
2130
2121
2110
2096
2084
2075
2065
2067
2068
2072
2081
2093
2108
2124
2141
2156
2166
2174
2176
2176
2166
2157
2141
2128
2114
2102
2092
2089
2090
2097
2110
2126
2143
2164
2183
2203
2217
2229
2234
2235
2225
2211
2190
2170
2150
2132
2116
2108
2105
2107
2116
2131
2149
2166
2184
2199
2212
2216
2218
2214
2205
2193
2178
2164
2153
2141
2132
2128
2125
2129
2134
2143
2154
2167
2183
2195
2204
2205
2199
2195
2180
2162
2143
2124
2104
2088
2075
2070
2068
2072
2083
2100
2116
2133
2150
2161
2167
2167
2164
2152
2137
2121
2102
2086
2070
2057
2052
2048
2053
2064
2077
2094
2112
2127
2139
2152
2160
2162
2160
2155
2144
2132
2116
2099
2084
2070
2059
2055
2054
2059
2069
2081
2096
2112
2125
2138
2147
2151
2148
2143
2131
2114
2096
2080
2061
2044
2036
2029
2032
2039
2051
2067
2085
2100
2116
2131
2138
2141
2136
2127
2113
2095
2077
2064
2052
2044
2039
2041
2046
2055
2064
2075
2086
2096
2107
2115
2116
2116
2108
2096
2081
2068
2050
2034
2021
2008
1999
1993
1993
1996
2006
2025
2047
2066
2088
2108
2120
2129
2130
2125
2113
2096
2080
2062
2044
2028
2017
2014
2015
2020
2030
2044
2062
2076
2090
2101
2107
2105
2101
2090
2077
2062
2041
2026
2011
1999
1991
1990
1991
1996
2001
2011
2020
2028
2039
2053
2068
2084
2096
2106
2105
2096
2082
2060
2035
2008
1988
1975
1970
1973
1979
1992
2011
2028
2048
2064
2079
2084
2085
2081
2074
2061
2043
2027
2013
2001
1994
1988
1991
1995
2002
2015
2029
2043
2056
2066
2075
2081
2082
2081
2070
2060
2046
2035
2023
2009
1996
1986
1980
1981
1990
2004
2018
2033
2048
2064
2074
2080
2080
2076
2066
2052
2034
2015
1999
1983
1972
1967
1968
1973
1987
2004
2023
2043
2064
2078
2091
2095
2098
2092
2083
2067
2050
2031
2015
2002
1997
2003
2018
2037
2064
2090
2108
2118
2120
2116
2104
2086
2064
2043
2024
2006
1991
1977
1961
1951
1944
1944
1949
1961
1973
1985
1988
1985
1979
1969
1963
1959
1962
1977
1998
2020
2041
2060
2077
2097
2115
2129
2139
2140
2135
2120
2099
2076
2055
2039
2025
2009
1990
1967
1946
1924
1902
1882
1866
1853
1850
1853
1867
1887
1918
1956
1997
2035
2073
2100
2122
2133
2135
2127
2105
2071
2030
1985
1940
1903
1873
1857
1854
1869
1904
1949
1995
2031
2056
2068
2073
2072
2070
2084
2109
2120
2108
2070
2003
1917
1820
1717
1623
1554
1526
1545
1605
1696
1817
1955
2086
2200
2290
2351
2383
2391
2378
2349
2300
2244
2183
2133
2101
2092
2114
2157
2206
2249
2284
2311
2328
2328
2311
2278
2237
2188
2139
2097
2062
2040
2027
2027
2039
2060
2088
2119
2146
2171
2188
2200
2207
2205
2199
2189
2177
2165
2148
2117
2075
2022
1962
1903
1862
1839
1836
1845
1868
1913
1967
2027
2085
2136
2180
2220
2243
2225
2144
2029
1907
1781
1659
1551
1476
1467
1533
1660
1827
2005
2171
2308
2406
2458
2449
2390
2293
2180
2066
1974
1935
1933
1929
1914
1894
1876
1849
1813
1795
1817
1870
1931
1978
2010
2036
2054
2058
2055
2052
2055
2051
2020
1961
1891
1806
1716
1622
1529
1453
1386
1312
1241
1180
1126
1101
1120
1154
1200
1284
1388
1480
1533
1554
1550
1506
1433
1358
1303
1280
1264
1235
1187
1142
1106
1064
1026
1032
1059
1082
1106
1153
1217
1289
1381
1481
1554
1573
1536
1477
1432
1453
1544
1704
1901
2074
2195
2245
2209
2125
2017
1916
1801
1625
1429
1257
1143
1100
1153
1291
1477
1676
1849
1980
2074
2137
2161
2149
2152
2166
2217
2328
2467
2586
2642
2653
2688
2742
2736
2657
2470
2179
1829
1509
1285
1144
1074
1047
1082
1211
1455
1817
2306
2804
3142
3321
3365
3315
3281
3288
3268
3173
3013
2858
2733
2647
2621
2631
2617
2552
2473
2412
2376
2365
2379
2357
2269
2165
2077
1993
1959
1924
1924
1995
2096
2169
2198
2188
2145
2043
1926
1840
1801
1837
1994
2228
2450
2587
2596
2477
2308
2176
2144
2249
2421
2569
2651
2643
2568
2458
2323
2171
2019
1880
1763
1685
1662
1612
1454
1254
1094
998
981
1014
1069
1177
1331
1511
1704
1860
1935
1927
1842
1703
1570
1486
1446
1458
1513
1602
1708
1762
1687
1461
1147
746
318
1
2
2
4
114
304
501
684
849
974
1028
1046
1093
1156
1229
1265
1255
1235
1240
1235
1234
1212
1175
1125
1016
868
642
365
58
2
2
2
3
79
124
108
44
2
2
59
170
320
481
669
891
1090
1173
1084
813
483
197
64
86
247
544
908
1180
1244
1077
788
506
273
75
2
1
2
2
2
2
3
2
2
1
0
1
2
2
92
150
225
333
448
524
562
564
544
503
467
472
553
709
908
1107
1200
1142
969
755
548
345
155
2
1
2
2
1
2
1
1
3
1
2
1
2
1
3
3
3
2
27
153
285
407
545
662
736
724
613
445
266
144
112
120
26
2
3
0
2
1
2
1
2
3
56
98
105
76
59
48
6
1
0
2
49
176
278
353
405
471
541
596
624
607
545
478
434
405
357
258
118
4
1
2
6
49
81
77
38
1
2
2
3
2
1
1
2
2
1
0
1
11
50
22
3
0
1
2
3
2
0
2
2
2
2
2
1
2
2
1
2
4
2
2
2
1
2
2
1
0
1
1
2
2
2
2
2
2
2
1
2
0
2
2
2
2
0
2
3
2
2
1
4
2
1
2
3
0
2
3
1
1
27
160
335
494
614
702
742
753
765
789
819
814
753
669
590
556
601
684
746
735
650
582
600
697
794
795
754
753
799
896
1035
1165
1256
1287
1282
1261
1233
1183
1094
974
873
800
800
889
1044
1191
1313
1391
1412
1347
1219
1083
995
926
858
821
852
962
1110
1229
1291
1296
1285
1267
1270
1340
1447
1585
1731
1845
1900
1892
1856
1854
1881
1909
1884
1821
1783
1771
1782
1828
1944
2107
2270
2383
2404
2343
2196
1975
1703
1410
1126
868
664
539
528
616
742
857
943
1011
1080
1174
1261
1300
1303
1294
1287
1298
1331
1371
1416
1473
1542
1609
1658
1677
1720
1790
1833
1839
1828
1792
1736
1664
1589
1534
1500
1484
1439
1277
1034
786
661
751
921
1107
1322
1551
1751
1918
2051
2169
2297
2388
2401
2332
2227
2183
2201
2228
2240
2258
2307
2377
2429
2461
2477
2481
2466
2410
2327
2273
2260
2281
2342
2416
2486
2547
2578
2576
2582
2610
2629
2648
2686
2756
2802
2754
2604
2389
2244
2244
2350
2527
2730
2893
2952
2879
2748
2636
2582
2562
2533
2486
2446
2438
2485
2580
2723
2907
3071
3187
3257
3286
3297
3292
3259
3205
3137
3069
3007
2913
2810
2713
2617
2503
2362
2240
2223
2272
2314
2358
2443
2574
2694
2782
2826
2833
2820
2779
2721
2655
2624
2642
2683
2747
2775
2763
2753
2750
2751
2728
2688
2633
2555
2470
2390
2317
2279
2325
2457
2573
2601
2510
2359
2279
2272
2302
2374
2476
2575
2637
2632
2568
2478
2429
2417
2408
2377
2332
2297
2286
2281
2280
2277
2272
2296
2350
2412
2456
2453
2374
2238
2117
2042
2037
2073
2130
2220
2342
2482
2597
2637
2613
2521
2400
2328
2294
2300
2346
2383
2401
2374
2291
2190
2092
2035
2025
2033
2037
2064
2123
2200
2284
2365
2412
2447
2480
2511
2523
2485
2400
2278
2132
2012
1938
1904
1885
1873
1872
1894
1953
2043
2150
2280
2389
2456
2466
2411
2330
2250
2189
2145
2113
2084
2050
2023
2005
1991
1979
1966
1963
1970
1978
2010
2071
2161
2238
2257
2215
2133
2096
2112
2122
2107
2066
2029
2013
2008
2004
2001
2025
2053
2040
1967
1846
1751
1734
1791
1885
1949
1980
1987
1965
1931
1897
1885
1888
1919
1946
1955
1941
1933
1974
2031
2053
2027
1959
1850
1753
1696
1676
1703
1783
1871
1897
1837
1723
1615
1570
1598
1685
1785
1868
1929
1959
1959
1955
1938
1910
1878
1824
1750
1681
1673
1712
1763
1802
1772
1668
1507
1319
1154
1048
978
957
969
1005
1069
1157
1244
1335
1430
1533
1589
1542
1440
1364
1394
1567
1793
1971
2072
2100
2101
2113
2129
2149
2180
2236
2277
2263
2157
1971
1746
1562
1488
1512
1587
1706
1848
1993
2116
2211
2284
2343
2385
2398
2357
2251
2133
2035
1975
1916
1839
1778
1770
1824
1924
2068
2221
2347
2393
2367
2318
2284
2308
2332
2301
2249
2179
2106
2054
2018
2015
2071
2202
2389
2557
2673
2693
2642
2566
2524
2544
2624
2701
2746
2748
2691
2593
2451
2231
1994
1810
1704
1723
1825
1960
2126
2337
2554
2745
2895
2995
3046
3052
3010
2929
2842
2761
2697
2652
2644
2667
2700
2754
2809
2845
2873
2867
2815
2750
2660
2592
2635
2761
2880
2961
3018
3051
3084
3113
3134
3150
3165
3149
3107
3068
3074
3095
3066
2991
2941
2930
2939
2947
2922
2844
2720
2599
2516
2524
2615
2737
2857
2936
2969
2979
3007
3082
3191
3278
3307
3322
3377
3446
3504
3506
3431
3289
3097
2904
2739
2616
2564
2568
2597
2639
2697
2756
2829
2892
2936
2980
3000
2991
2974
2960
2963
2985
3003
3011
3000
2997
3003
3003
3005
3025
3047
3071
3114
3141
3144
3108
3062
3041
3034
3044
3066
3079
3090
3128
3198
3263
3298
3292
3257
3164
2974
2748
2533
2398
2339
2350
2455
2644
2873
3093
3274
3417
3508
3563
3567
3519
3436
3331
3238
3184
3170
3174
3178
3174
3154
3117
3058
3000
2968
2959
2949
2935
2924
2917
2929
2940
2942
2931
2902
2857
2794
2723
2663
2621
2608
2639
2688
2754
2834
2913
2983
3039
3095
3155
3174
3082
2898
2696
2540
2508
2560
2626
2680
2697
2704
2726
2773
2827
2887
2953
3032
3143
3239
3279
3233
3096
2917
2758
2654
2563
2489
2475
2509
2570
2642
2708
2741
2768
2783
2778
2739
2683
2681
2737
2806
2836
2806
2725
2632
2583
2599
2652
2715
2780
2854
2891
2882
2853
2818
2783
2731
2676
2661
2681
2724
2757
2760
2743
2715
2683
2653
2619
2574
2512
2422
2332
2283
2268
2296
2375
2456
2523
2563
2586
2620
2679
2773
2833
2814
2737
2636
2566
2520
2503
2517
2541
2552
2544
2522
2517
2536
2522
2455
2365
2296
2293
2353
2429
2481
2492
2466
2392
2317
2282
2299
2355
2405
2419
2415
2414
2437
2480
2538
2588
2622
2626
2586
2512
2441
2407
2438
2524
2584
2579
2536
2484
2488
2523
2518
2482
2400
2311
2260
2233
2244
2288
2344
2419
2507
2581
2616
2585
2504
2397
2283
2204
2153
2116
2082
2036
1983
1952
1971
2030
2097
2152
2190
2205
2218
2225
2213
2190
2163
2135
2099
2061
2019
1985
1960
1965
2015
2125
2265
2400
2502
2561
2580
2558
2517
2464
2379
2261
2125
2004
1901
1816
1762
1769
1849
1962
2075
2154
2189
2195
2180
2174
2178
2185
2169
2112
2038
1975
1907
1854
1828
1824
1855
1915
1980
2039
2077
2090
2092
2095
2112
2120
2104
2060
1976
1885
1789
1704
1638
1604
1607
1620
1640
1666
1653
1646
1673
1716
1765
1825
1900
2005
2124
2231
2309
2365
2401
2425
2431
2418
2395
2374
2364
2359
2357
2360
2375
2401
2427
2438
2413
2360
2293
2224
2166
2123
2096
2108
2165
2259
2368
2470
2561
2633
2689
2722
2735
2734
2726
2725
2718
2705
2690
2649
2611
2597
2576
2557
2548
2541
2540
2533
2518
2497
2484
2487
2503
2521
2537
2541
2547
2566
2592
2613
2627
2621
2589
2529
2455
2382
2332
2328
2378
2457
2545
2636
2723
2801
2865
2914
2953
2984
3004
3010
2994
2957
2908
2860
2825
2802
2784
2770
2760
2757
2764
2783
2815
2859
2903
2947
2989
3024
3053
3080
3114
3138
3156
3166
3167
3156
3139
3115
3088
3060
3033
3004
2967
2921
2868
2819
2779
2755
2741
2739
2746
2758
2776
2802
2838
2882
2934
2995
3055
3101
3130
3140
3137
3124
3108
3084
3054
3017
2974
2930
2889
2852
2820
2794
2776
2762
2751
2750
2757
2769
2786
2803
2822
2839
2856
2873
2881
2879
2872
2856
2834
2805
2772
2737
2702
2669
2638
2612
2589
2574
2566
2576
2592
2612
2631
2647
2659
2662
2659
2653
2643
2624
2604
2581
2560
2539
2524
2514
2511
2512
2516
2523
2530
2539
2548
2556
2564
2569
2569
2564
2557
2548
2539
2530
2526
2524
2529
2539
2556
2579
2609
2646
2690
2732
2777
2816
2853
2881
2900
2914
2921
2919
2914
2906
2898
2891
2888
2886
2889
2893
2900
2913
2925
2939
2950
2958
2965
2964
2957
2948
2933
2914
2890
2865
2840
2815
2795
2783
2775
2772
2773
2780
2790
2802
2815
2826
2835
2838
2836
2828
2818
2802
2786
2765
2747
2734
2726
2728
2732
2743
2756
2774
2795
2820
2843
2868
2884
2894
2898
2896
2885
2872
2854
2833
2812
2790
2770
2755
2747
2741
2741
2742
2747
2751
2753
2753
2751
2748
2739
2728
2713
2695
2673
2655
2637
2621
2606
2597
2593
2593
2596
2603
2612
2619
2626
2629
2629
2620
2607
2589
2563
2534
2506
2475
2448
2422
2401
2386
2377
2375
2377
2383
2395
2407
2418
2427
2431
2428
2420
2404
2385
2363
2337
2309
2282
2259
2240
2226
2221
2222
2228
2239
2251
2269
2283
2295
2301
2306
2301
2290
2278
2261
2241
2223
2212
2202
2197
2201
2209
2220
2233
2246
2263
2277
2288
2300
2314
2322
2328
2331
2336
2344
2346
2341
2333
2315
2292
2268
2247
2237
2238
2246
2261
2276
2290
2302
2312
2313
2311
2300
2284
2261
2234
2205
2179
2153
2128
2110
2097
2089
2084
2081
2078
2074
2064
2050
2028
1998
1960
1914
1863
1803
1738
1670
1596
1520
1443
1361
1275
1184
1082
983
888
812
759
738
746
780
836
911
996
1087
1179
1270
1362
1452
1534
1608
1672
1729
1778
1825
1865
1902
1935
1964
1989
2005
2017
2023
2024
2026
2017
2004
1994
1987
1982
1987
2002
2031
2064
2109
2161
2219
2287
2364
2451
2535
2602
2648
2665
2653
2623
2575
2520
2472
2438
2426
2434
2455
2488
2530
2586
2645
2702
2749
2786
2809
2823
2822
2814
2794
2765
2732
2699
2666
2636
2611
2593
2580
2573
2574
2577
2578
2582
2586
2588
2586
2581
2569
2553
2533
2509
2482
2458
2435
2416
2399
2393
2389
2389
2396
2404
2411
2419
2425
2433
2438
2441
2441
2437
2433
2426
2421
2419
2420
2423
2432
2448
2466
2488
2510
2534
2556
2575
2594
2609
2619
2621
2617
2608
2592
2572
2548
2525
2504
2486
2476
2469
2465
2468
2471
2479
2487
2493
2499
2500
2494
2482
2462
2440
2412
2383
2348
2316
2283
2256
2231
2211
2193
2176
2162
2147
2129
2108
2085
2056
2019
1978
1930
1876
1813
1747
1674
1600
1522
1440
1357
1275
1181
1076
955
808
639
462
300
170
82
46
56
112
204
317
448
594
745
899
1050
1190
1319
1432
1525
1598
1652
1690
1715
1728
1731
1726
1719
1707
1693
1680
1668
1659
1658
1664
1676
1698
1727
1764
1803
1845
1883
1921
1951
1981
2003
2020
2033
2044
2050
2053
2055
2055
2057
2061
2072
2086
2106
2132
2161
2192
2224
2259
2293
2327
2356
2384
2405
2422
2434
2436
2436
2430
2425
2418
2413
2412
2413
2419
2431
2447
2466
2489
2516
2546
2577
2608
2640
2676
2707
2741
2774
2811
2854
2896
2947
3000
3057
3115
3172
3227
3278
3325
3362
3394
3415
3426
3431
3430
3426
3416
3404
3391
3378
3366
3360
3354
3351
3351
3352
3356
3357
3354
3350
3340
3324
3304
3281
3253
3221
3188
3154
3120
3088
3058
3036
3018
3001
2990
2981
2976
2968
2960
2948
2932
2912
2884
2853
2816
2775
2732
2688
2645
2605
2567
2536
2508
2486
2467
2451
2438
2425
2411
2393
2371
2345
2310
2272
2230
2182
2133
2081
2033
1983
1936
1892
1851
1810
1770
1731
1692
1648
1601
1543
1480
1401
1313
1204
1077
926
753
562
374
203
70
1
2
4
58
154
279
417
564
711
852
979
1089
1178
1241
1284
1303
1309
1303
1291
1279
1270
1266
1270
1278
1295
1319
1346
1377
1409
1441
1474
1504
1533
1558
1583
1603
1623
1644
1668
1691
1722
1754
1791
1830
1872
1915
1958
1993
2023
2044
2060
2062
2058
2049
2032
2021
2009
2003
2001
2005
2019
2037
2062
2090
2120
2154
2185
2212
2234
2250
2260
2264
2264
2263
2257
2250
2252
2256
2272
2295
2327
2371
2421
2478
2539
2606
2674
2743
2809
2870
2923
2970
3006
3038
3057
3069
3080
3086
3090
3096
3102
3111
3122
3133
3144
3162
3173
3183
3189
3191
3188
3178
3164
3144
3119
3093
3063
3034
3009
2984
2967
2956
2948
2941
2937
2935
2933
2924
2916
2905
2888
2866
2840
2810
2776
2741
2705
2671
2642
2618
2599
2586
2574
2568
2565
2564
2564
2563
2558
2551
2538
2524
2503
2481
2454
2426
2397
2369
2345
2322
2308
2297
2290
2288
2289
2290
2292
2291
2288
2281
2269
2255
2234
2209
2180
2152
2124
2095
2072
2054
2040
2034
2031
2034
2038
2045
2056
2064
2071
2078
2080
2072
2062
2046
2029
2007
1988
1970
1953
1943
1935
1933
1935
1938
1945
1957
1966
1975
1980
1985
1983
1975
1964
1947
1929
1906
1884
1863
1844
1825
1814
1805
1799
1795
1796
1799
1801
1800
1798
1791
1781
1763
1742
1715
1684
1651
1614
1580
1548
1517
1490
1472
1454
1440
1429
1418
1406
1389
1366
1339
1303
1259
1210
1152
1085
1008
929
846
759
672
589
519
465
437
435
462
513
583
666
759
852
943
1026
1103
1167
1217
1255
1288
1307
1324
1334
1345
1354
1364
1377
1388
1403
1417
1429
1442
1452
1462
1469
1478
1484
1492
1500
1513
1526
1548
1568
1596
1626
1659
1691
1727
1758
1787
1810
1829
1836
1841
1837
1826
1813
1799
1785
1777
1772
1778
1787
1806
1829
1857
1888
1919
1947
1970
1986
1996
1997
1993
1986
1974
1961
1946
1933
1923
1917
1916
1919
1928
1943
1963
1988
2015
2042
2070
2090
2105
2120
2125
2125
2124
2115
2105
2092
2085
2078
2078
2084
2093
2106
2121
2136
2157
2178
2192
2205
2217
2222
2220
2213
2204
2189
2169
2148
2129
2111
2096
2083
2077
2072
2070
2072
2074
2078
2081
2082
2084
2080
2072
2060
2044
2028
2011
1997
1982
1971
1964
1961
1967
1973
1983
1996
2009
2020
2029
2039
2042
2042
2038
2031
2021
2009
1994
1980
1971
1963
1958
1959
1969
1985
2004
2028
2054
2081
2104
2127
2146
2159
2165
2168
2167
2160
2150
2141
2132
2128
2125
2130
2138
2149
2167
2188
2213
2236
2259
2277
2294
2309
2317
2322
2329
2332
2333
2339
2344
2354
2366
2381
2403
2428
2456
2488
2522
2558
2592
2626
2658
2686
2709
2729
2743
2756
2764
2772
2782
2796
2811
2832
2859
2888
2915
2946
2975
2999
3021
3038
3052
3058
3059
3056
3046
3030
3010
2989
2969
2954
2940
2930
2925
2925
2925
2930
2937
2943
2947
2948
2945
2937
2925
2908
2886
2859
2831
2804
2781
2758
2739
2724
2716
2710
2708
2709
2713
2718
2719
2720
2717
2712
2701
2685
2667
2644
2618
2591
2565
2541
2522
2507
2500
2496
2496
2501
2506
2512
2516
2517
2517
2511
2502
2488
2471
2453
2433
2412
2393
2374
2358
2347
2340
2337
2340
2342
2348
2354
2357
2358
2358
2354
2345
2329
2313
2293
2270
2249
2230
2214
2202
2195
2189
2192
2197
2204
2213
2223
2229
2236
2239
2236
2230
2220
2203
2184
2160
2138
2116
2096
2082
2070
2065
2065
2067
2072
2080
2086
2090
2092
2089
2083
2068
2052
2030
2006
1980
1954
1926
1905
1885
1871
1863
1862
1860
1863
1868
1872
1877
1878
1877
1869
1856
1840
1822
1800
1775
1750
1727
1706
1685
1668
1655
1643
1634
1631
1629
1627
1623
1620
1612
1600
1584
1567
1541
1515
1487
1457
1430
1409
1385
1372
1360
1356
1353
1354
1355
1355
1356
1353
1349
1341
1333
1324
1318
1312
1308
1305
1310
1321
1338
1362
1393
1430
1468
1510
1554
1595
1634
1664
1689
1707
1721
1727
1729
1726
1719
1712
1705
1700
1698
1705
1715
1727
1748
1770
1794
1817
1844
1864
1883
1899
1907
1913
1915
1912
1906
1897
1891
1885
1884
1885
1893
1905
1919
1938
1956
1974
1991
2005
2016
2021
2021
2019
2015
2005
1998
1988
1981
1977
1975
1980
1988
2001
2017
2035
2054
2076
2092
2108
2120
2130
2134
2132
2129
2122
2112
2102
2095
2090
2088
2092
2102
2113
2132
2151
2172
2192
2211
2226
2239
2243
2243
2237
2228
2211
2193
2173
2153
2135
2122
2114
2113
2113
2119
2132
2146
2159
2176
2185
2195
2199
2196
2191
2177
2159
2138
2118
2096
2080
2064
2053
2044
2039
2036
2038
2043
2052
2057
2060
2062
2057
2050
2040
2026
2010
1994
1977
1962
1951
1943
1940
1946
1954
1965
1979
1994
2011
2028
2042
2054
2061
2063
2061
2058
2051
2041
2032
2023
2016
2012
2015
2024
2037
2057
2077
2098
2118
2137
2151
2164
2168
2170
2165
2156
2146
2130
2115
2100
2091
2083
2082
2089
2100
2114
2131
2148
2166
2180
2191
2199
2202
2200
2196
2187
2178
2165
2155
2146
2139
2137
2136
2142
2152
2166
2182
2200
2218
2236
2251
2265
2271
2273
2268
2260
2248
2232
2216
2202
2191
2182
2179
2179
2184
2193
2204
2216
2227
2237
2244
2247
2245
2236
2225
2211
2188
2165
2142
2121
2102
2088
2080
2078
2084
2092
2108
2125
2146
2164
2183
2197
2205
2208
2207
2201
2189
2177
2164
2150
2139
2133
2129
2132
2138
2150
2167
2183
2202
2219
2233
2248
2257
2261
2262
2257
2248
2234
2221
2208
2197
2190
2186
2190
2197
2206
2218
2233
2248
2261
2270
2278
2281
2278
2273
2261
2245
2225
2205
2186
2168
2152
2138
2129
2125
2125
2126
2129
2130
2129
2129
2125
2120
2109
2098
2085
2073
2059
2052
2047
2047
2053
2068
2085
2108
2133
2161
2192
2221
2245
2265
2278
2283
2279
2271
2256
2235
2211
2182
2158
2134
2116
2100
2096
2096
2100
2113
2128
2147
2162
2179
2190
2197
2200
2197
2192
2182
2167
2154
2142
2131
2121
2114
2111
2113
2115
2120
2128
2134
2137
2141
2142
2137
2132
2122
2109
2097
2081
2068
2057
2052
2052
2055
2066
2077
2096
2113
2135
2153
2168
2180
2188
2190
2186
2176
2166
2154
2138
2122
2110
2104
2100
2103
2112
2125
2145
2167
2191
2219
2244
2264
2281
2293
2297
2297
2292
2285
2272
2260
2246
2236
2231
2229
2233
2239
2249
2265
2282
2301
2317
2332
2342
2345
2345
2337
2325
2309
2289
2268
2249
2230
2216
2205
2200
2200
2205
2211
2221
2231
2240
2248
2253
2254
2252
2246
2238
2228
2217
2203
2194
2189
2188
2191
2200
2212
2226
2243
2259
2274
2288
2297
2302
2305
2299
2288
2272
2253
2229
2204
2181
2159
2142
2132
2128
2129
2134
2143
2158
2172
2188
2200
2210
2216
2218
2213
2208
2196
2182
2168
2155
2143
2136
2132
2133
2136
2143
2156
2170
2181
2192
2200
2202
2202
2195
2188
2173
2157
2141
2127
2113
2103
2097
2098
2104
2115
2129
2148
2171
2193
2214
2232
2249
2257
2261
2262
2257
2249
2238
2227
2219
2212
2209
2213
2224
2238
2258
2280
2301
2323
2340
2353
2366
2370
2370
2364
2355
2340
2323
2304
2288
2273
2263
2255
2252
2252
2257
2264
2276
2285
2295
2301
2306
2306
2301
2293
2282
2268
2252
2236
2222
2212
2204
2199
2200
2205
2212
2221
2234
2246
2255
2261
2265
2261
2252
2239
2221
2200
2178
2155
2132
2113
2097
2084
2077
2074
2073
2073
2080
2083
2084
2084
2078
2068
2052
2028
2003
1972
1940
1904
1872
1839
1809
1783
1763
1744
1727
1716
1706
1696
1687
1679
1674
1666
1661
1655
1651
1647
1645
1646
1650
1660
1674
1693
1716
1743
1770
1797
1823
1846
1868
1882
1894
1898
1896
1892
1885
1875
1860
1845
1833
1822
1816
1817
1825
1838
1853
1873
1896
1921
1941
1964
1975
1986
1990
1989
1985
1974
1962
1949
1936
1927
1919
1919
1923
1930
1943
1960
1980
2002
2021
2039
2051
2058
2060
2057
2049
2037
2022
2007
1995
1985
1978
1979
1985
1995
2008
2028
2051
2072
2093
2109
2125
2136
2137
2139
2132
2124
2112
2101
2088
2080
2074
2076
2080
2088
2100
2112
2131
2147
2160
2172
2179
2180
2176
2169
2158
2143
2126
2109
2094
2083
2074
2070
2073
2076
2086
2098
2112
2124
2135
2145
2148
2148
2142
2132
2120
2102
2084
2067
2051
2035
2024
2017
2017
2017
2023
2029
2037
2045
2052
2053
2052
2045
2033
2020
2004
1987
1967
1953
1939
1933
1931
1937
1947
1960
1977
1999
2020
2040
2060
2071
2079
2078
2076
2065
2052
2030
2014
1997
1979
1973
1967
1969
1975
1989
2006
2026
2051
2075
2096
2116
2132
2143
2149
2149
2147
2137
2125
2112
2096
2084
2073
2067
2066
2065
2072
2080
2090
2103
2116
2126
2134
2141
2141
2138
2132
2122
2110
2099
2092
2086
2085
2092
2104
2117
2135
2153
2174
2194
2209
2221
2229
2229
2226
2215
2199
2182
2161
2139
2121
2105
2095
2089
2090
2094
2105
2118
2134
2149
2165
2179
2189
2194
2193
2187
2176
2160
2140
2119
2098
2083
2069
2061
2059
2060
2070
2080
2093
2107
2119
2128
2134
2135
2130
2121
2109
2090
2072
2056
2039
2027
2021
2020
2023
2032
2042
2058
2072
2088
2101
2110
2119
2119
2116
2108
2099
2086
2069
2057
2045
2032
2026
2022
2025
2031
2039
2053
2066
2078
2092
2100
2109
2112
2108
2104
2097
2088
2076
2064
2057
2052
2051
2052
2062
2071
2084
2100
2115
2131
2149
2156
2164
2167
2163
2156
2146
2132
2116
2099
2083
2071
2063
2061
2066
2072
2086
2101
2121
2136
2152
2165
2174
2178
2176
2169
2156
2141
2120
2101
2083
2067
2058
2053
2053
2056
2065
2076
2092
2103
2115
2124
2130
2130
2124
2113
2099
2083
2065
2044
2027
2010
2000
1993
1992
1994
1999
2009
2025
2039
2053
2068
2077
2083
2084
2078
2071
2059
2042
2031
2018
2007
2001
1998
1999
2003
2009
2018
2029
2040
2049
2054
2056
2052
2044
2033
2017
1998
1979
1962
1949
1940
1934
1936
1947
1961
1977
1998
2021
2040
2057
2071
2079
2080
2076
2066
2054
2033
2013
1994
1976
1964
1953
1953
1955
1962
1975
1990
2009
2027
2046
2061
2074
2084
2089
2092
2088
2083
2073
2065
2055
2046
2041
2038
2039
2042
2052
2062
2074
2085
2096
2103
2108
2110
2108
2103
2094
2082
2069
2055
2043
2036
2030
2033
2039
2046
2060
2072
2090
2103
2113
2120
2125
2122
2115
2107
2093
2074
2055
2036
2022
2007
1997
1993
1992
1996
2005
2015
2028
2042
2053
2060
2066
2068
2064
2057
2042
2029
2013
1995
1979
1970
1964
1962
1968
1976
1989
2005
2023
2039
2052
2064
2070
2071
2067
2059
2045
2029
2011
1990
1974
1960
1950
1946
1947
1953
1962
1975
1996
2011
2028
2039
2053
2056
2056
2051
2043
2031
2019
2005
1996
1986
1981
1980
1985
1993
2005
2021
2038
2057
2072
2085
2095
2097
2098
2093
2084
2072
2058
2044
2035
2028
2024
2025
2033
2043
2058
2074
2094
2112
2126
2135
2141
2145
2140
2132
2121
2103
2086
2071
2055
2041
2035
2031
2035
2041
2054
2066
2082
2097
2108
2116
2123
2121
2114
2103
2090
2072
2052
2031
2015
2003
1994
1992
1991
1998
2011
2023
2037
2054
2067
2073
2078
2076
2068
2058
2043
2023
2002
1983
1964
1950
1942
1937
1941
1949
1960
1977
1994
2011
2027
2038
2050
2056
2052
2045
2034
2019
2000
1979
1962
1944
1932
1928
1928
1935
1942
1958
1974
1990
2005
2016
2025
2028
2024
2018
2006
1994
1976
1961
1946
1936
1930
1928
1932
1940
1949
1965
1983
2000
2015
2027
2037
2041
2039
2034
2027
2015
2001
1988
1976
1965
1963
1963
1967
1976
1988
2004
2021
2039
2054
2069
2078
2084
2082
2077
2066
2052
2034
2016
2001
1989
1981
1977
1981
1988
1999
2011
2029
2043
2056
2066
2073
2075
2072
2067
2059
2045
2030
2015
2003
1989
1981
1978
1980
1985
1993
2007
2021
2036
2050
2060
2068
2070
2066
2059
2049
2032
2015
1997
1983
1971
1963
1962
1967
1977
1989
2006
2025
2042
2060
2070
2080
2083
2078
2070
2060
2041
2024
2005
1991
1977
1972
1970
1972
1976
1988
2002
2018
2032
2045
2059
2066
2070
2070
2066
2059
2049
2037
2025
2016
2011
2005
2008
2013
2021
2031
2045
2063
2077
2092
2105
2114
2117
2118
2114
2108
2098
2086
2072
2060
2053
2049
2051
2059
2070
2087
2105
2128
2148
2167
2181
2193
2197
2199
2194
2188
2178
2165
2154
2142
2135
2130
2130
2136
2145
2155
2172
2188
2205
2219
2230
2239
2240
2234
2229
2217
2202
2187
2172
2159
2149
2139
2138
2142
2151
2160
2177
2195
2211
2226
2237
2245
2248
2246
2239
2228
2212
2196
2180
2163
2153
2147
2146
2149
2157
2168
2184
2199
2216
2228
2237
2245
2246
2244
2234
2221
2205
2188
2170
2145
2141
2132
2127
2128
2135
2144
2157
2174
2188
2202
2214
2221
2223
2223
2217
2206
2197
2183
2169
2158
2151
2146
2144
2150
2157
2170
2185
2201
2216
2230
2239
2245
2248
2244
2236
2226
2212
2195
2180
2166
2154
2147
2145
2149
2156
2166
2181
2197
2213
2224
2234
2240
2241
2236
2226
2215
2200
2181
2163
2148
2135
2126
2122
2123
2129
2140
2153
2169
2184
2200
2209
2216
2218
2214
2207
2195
2177
2161
2144
2126
2115
2104
2100
2101
2107
2115
2131
2144
2159
2173
2181
2188
2189
2185
2176
2165
2148
2129
2109
2095
2081
2072
2069
2072
2079
2088
2100
2116
2128
2141
2151
2158
2160
2157
2151
2140
2126
2112
2096
2083
2072
2064
2061
2064
2070
2080
2093
2107
2120
2134
2144
2151
2151
2147
2138
2126
2109
2093
2073
2058
2042
2034
2031
2031
2036
2045
2059
2073
2088
2102
2110
2115
2117
2115
2106
2095
2078
2060
2041
2026
2013
2005
2001
2005
2011
2023
2037
2054
2071
2087
2100
2107
2113
2113
2107
2098
2082
2065
2051
2037
2026
2021
2021
2027
2036
2052
2067
2087
2106
2122
2136
2147
2150
2151
2144
2133
2117
2100
2082
2068
2055
2045
2044
2046
2054
2065
2077
2094
2110
2128
2140
2147
2151
2150
2144
2135
2123
2110
2097
2083
2074
2067
2066
2070
2077
2088
2101
2117
2132
2144
2155
2161
2161
2156
2148
2136
2120
2102
2084
2070
2060
2052
2053
2058
2068
2080
2096
2113
2132
2147
2157
2166
2168
2166
2160
2148
2135
2117
2100
2086
2075
2066
2066
2069
2077
2091
2106
2124
2142
2158
2168
2178
2180
2177
2172
2164
2153
2141
2131
2121
2115
2114
2115
2121
2129
2142
2156
2176
2192
2208
2219
2226
2228
2222
2212
2200
2185
2166
2151
2137
2127
2122
2121
2126
2135
2147
2159
2177
2194
2209
2219
2231
2235
2233
2230
2222
2208
2194
2182
2169
2160
2156
2154
2160
2169
2181
2198
2216
2232
2246
2257
2264
2266
2260
2253
2239
2225
2207
2190
2176
2162
2154
2151
2153
2159
2167
2180
2194
2209
2220
2229
2234
2233
2227
2216
2201
2184
2164
2142
2125
2109
2096
2088
2087
2087
2094
2105
2117
2128
2140
2148
2153
2153
2151
2142
2133
2120
2103
2087
2071
2058
2046
2039
2039
2040
2048
2056
2067
2078
2086
2089
2090
2089
2084
2073
2060
2045
2029
2015
2007
2000
1999
2004
2016
2031
2050
2073
2095
2115
2134
2149
2157
2161
2156
2146
2134
2116
2093
2075
2057
2038
2029
2025
2027
2032
2040
2053
2063
2074
2082
2090
2093
2091
2085
2077
2066
2052
2033
2015
2002
1990
1983
1980
1982
1989
1996
2009
2024
2038
2049
2060
2065
2065
2060
2053
2041
2025
2008
1996
1984
1975
1971
1971
1977
1987
1999
2016
2030
2047
2058
2068
2076
2075
2069
2059
2046
2029
2010
1993
1977
1962
1954
1954
1957
1968
1982
1999
2019
2037
2056
2070
2079
2080
2080
2072
2062
2049
2033
2015
2003
1994
1987
1988
1993
2002
2013
2029
2047
2065
2078
2090
2096
2099
2095
2090
2077
2063
2046
2029
2015
2008
2003
2000
2007
2015
2026
2044
2059
2076
2090
2102
2110
2114
2113
2106
2096
2082
2065
2049
2035
2022
2014
2011
2015
2021
2031
2047
2064
2077
2092
2101
2108
2110
2105
2095
2084
2068
2049
2032
2021
2010
2006
2004
2010
2017
2029
2041
2056
2072
2083
2093
2098
2101
2098
2092
2083
2072
2058
2043
2032
2024
2021
2022
2029
2040
2056
2074
2093
2112
2125
2138
2145
2148
2144
2140
2129
2116
2100
2085
2073
2063
2058
2057
2062
2070
2082
2096
2114
2126
2139
2146
2153
2150
2142
2130
2116
2097
2077
2060
2047
2037
2033
2036
2049
2064
2085
2106
2129
2152
2170
2185
2197
2203
2202
2199
2188
2174
2155
2136
2120
2105
2094
2087
2084
2088
2095
2104
2118
2131
2143
2152
2156
2158
2154
2147
2136
2122
2105
2092
2079
2067
2057
2054
2057
2063
2069
2080
2093
2103
2110
2116
2119
2114
2107
2094
2080
2059
2037
2015
1998
1982
1972
1967
1968
1972
1982
1995
2010
2024
2036
2045
2052
2052
2045
2035
2023
2007
1990
1970
1954
1940
1933
1931
1933
1940
1950
1965
1981
1999
2012
2023
2033
2036
2038
2034
2026
2013
2001
1986
1973
1963
1958
1958
1965
1974
1987
2004
2023
2038
2052
2062
2067
2068
2062
2054
2041
2028
2013
1998
1986
1976
1967
1969
1975
1983
1995
2010
2024
2039
2052
2061
2066
2067
2064
2056
2045
2033
2019
2005
1994
1983
1979
1977
1980
1987
1997
2009
2026
2041
2052
2062
2068
2068
2063
2056
2045
2029
2013
1998
1986
1977
1971
1972
1977
1983
1995
2008
2024
2038
2050
2059
2064
2065
2058
2048
2033
2017
1997
1982
1969
1959
1952
1953
1958
1967
1982
1997
2015
2032
2046
2055
2068
2070
2067
2062
2051
2036
2022
2006
1995
1988
1982
1983
1990
2001
2015
2031
2050
2068
2080
2093
2101
2103
2100
2093
2085
2070
2056
2042
2031
2023
2021
2023
2030
2045
2062
2080
2100
2120
2138
2153
2163
2170
2167
2163
2155
2143
2129
2115
2103
2095
2088
2090
2095
2107
2121
2139
2157
2180
2194
2212
2220
2222
2221
2215
2205
2193
2178
2163
2151
2140
2134
2133
2137
2142
2152
2163
2177
2191
2201
2208
2214
2209
2205
2194
2181
2165
2148
2134
2121
2112
2107
2109
2115
2122
2136
2150
2166
2182
2193
2201
2205
2202
2198
2187
2171
2154
2136
2117
2103
2092
2085
2081
2085
2089
2099
2109
2126
2136
2148
2156
2160
2161
2156
2147
2135
2123
2109
2094
2082
2073
2066
2064
2068
2076
2087
2102
2117
2131
2142
2151
2154
2154
2147
2134
2121
2100
2080
2057
2039
2023
2012
2007
2010
2017
2029
2044
2062
2076
2090
2101
2109
2109
2105
2097
2085
2066
2050
2031
2017
2007
1999
1998
2000
2007
2017
2030
2046
2062
2076
2087
2092
2095
2092
2086
2077
2064
2051
2035
2021
2011
2008
2005
2011
2020
2031
2050
2066
2081
2095
2104
2109
2107
2100
2090
2073
2056
2033
2012
1996
1981
1970
1966
1967
1975
1983
1996
2010
2024
2035
2042
2044
2042
2034
2021
2005
1987
1966
1949
1935
1924
1916
1914
1919
1927
1939
1951
1967
1982
1993
2003
2009
2010
2005
1996
1987
1973
1958
1941
1930
1921
1915
1917
1924
1935
1950
1969
1989
2006
2022
2032
2038
2036
2028
2015
1997
1975
1954
1933
1916
1903
1893
1890
1892
1899
1909
1924
1939
1953
1965
1974
1979
1979
1973
1964
1955
1939
1924
1907
1893
1882
1876
1873
1878
1886
1896
1911
1929
1944
1960
1967
1978
1982
1979
1974
1966
1955
1941
1932
1923
1917
1917
1923
1932
1946
1962
1981
2003
2021
2037
2050
2059
2061
2056
2045
2033
2017
1999
1986
1973
1965
1964
1970
1980
1994
2012
2031
2053
2072
2087
2101
2106
2107
2102
2094
2081
2065
2047
2029
2015
2005
1999
2002
2010
2021
2037
2054
2071
2090
2105
2116
2123
2125
2125
2120
2109
2098
2084
2068
2053
2041
2033
2031
2037
2045
2063
2085
2108
2132
2150
2165
2176
2181
2174
2166
2154
2135
2117
2097
2081
2068
2060
2058
2063
2074
2090
2108
2126
2140
2150
2158
2160
2160
2162
2162
2162
2161
2159
2154
2152
2151
2151
2153
2160
2168
2181
2196
2209
2222
2233
2240
2242
2237
2228
2215
2198
2178
2158
2140
2125
2112
2104
2100
2099
2104
2113
2124
2139
2152
2164
2172
2179
2181
2173
2160
2142
2124
2104
2089
2075
2066
2063
2069
2084
2101
2115
2128
2140
2156
2167
2170
2164
2149
2130
2107
2082
2054
2028
2012
2010
2017
2036
2060
2088
2116
2140
2165
2189
2214
2234
2246
2252
2248
2235
2215
2190
2160
2127
2096
2066
2038
2017
2004
2000
2002
2007
2018
2033
2044
2057
2068
2068
2060
2044
2022
1997
1968
1940
1914
1897
1885
1878
1878
1885
1894
1907
1923
1940
1961
1983
2001
2010
2013
2002
1981
1950
1913
1876
1846
1828
1823
1832
1853
1883
1914
1945
1973
1993
1999
1995
1979
1963
1945
1927
1911
1903
1900
1894
1881
1866
1849
1833
1822
1814
1812
1820
1845
1876
1909
1934
1948
1954
1950
1946
1944
1947
1949
1947
1944
1941
1939
1943
1947
1953
1957
1964
1969
1973
1972
1965
1956
1943
1927
1909
1894
1883
1873
1871
1874
1881
1889
1897
1906
1916
1927
1939
1949
1960
1969
1973
1975
1978
1974
1972
1967
1965
1963
1959
1955
1950
1949
1946
1940
1932
1922
1916
1916
1919
1928
1945
1968
1999
2025
2043
2044
2029
1997
1961
1933
1925
1938
1974
2035
2110
2180
2233
2264
2272
2270
2254
2238
2221
2212
2210
2212
2214
2208
2196
2180
2162
2148
2133
2123
2120
2117
2120
2125
2131
2139
2142
2145
2142
2134
2122
2105
2084
2062
2041
2024
2009
1992
1980
1972
1965
1961
1957
1955
1958
1964
1969
1974
1979
1988
1997
2006
2013
2027
2056
2085
2106
2119
2117
2111
2101
2089
2084
2092
2114
2145
2180
2209
2231
2238
2227
2194
2141
2077
2011
1951
1903
1874
1871
1889
1922
1963
2000
2034
2065
2085
2092
2093
2088
2075
2054
2026
1996
1967
1941
1910
1882
1863
1862
1872
1898
1932
1977
2028
2080
2125
2159
2184
2199
2206
2208
2198
2176
2131
2076
2010
1950
1897
1856
1845
1853
1886
1930
1987
2046
2101
2141
2168
2177
2171
2158
2145
2131
2120
2112
2104
2104
2106
2112
2117
2128
2140
2155
2172
2185
2191
2188
2176
2155
2128
2096
2069
2041
2018
2002
1992
1993
2006
2029
2062
2096
2125
2144
2155
2160
2158
2150
2137
2120
2100
2073
2045
2018
1997
1982
1982
1989
1989
1983
1975
1955
1922
1875
1826
1791
1777
1779
1804
1857
1939
2044
2136
2193
2215
2216
2194
2153
2111
2068
2021
1965
1902
1839
1785
1749
1716
1682
1646
1613
1594
1568
1502
1399
1271
1133
992
876
816
856
991
1161
1310
1413
1473
1515
1568
1650
1775
1950
2147
2329
2470
2569
2623
2640
2664
2688
2628
2475
2264
2013
1717
1427
1220
1140
1139
1177
1246
1349
1479
1611
1736
1853
1981
2113
2206
2276
2304
2264
2164
2019
1863
1721
1593
1470
1338
1193
1046
834
541
194
0
2
2
2
2
182
524
905
1265
1575
1832
2070
2283
2441
2521
2512
2348
2033
1649
1316
1038
801
612
484
399
353
364
432
537
686
859
1050
1250
1465
1672
1892
2207
2539
2759
2804
2646
2329
1943
1541
1164
845
599
431
338
313
321
349
405
496
622
744
846
954
1029
1046
1017
946
860
821
875
1018
1236
1568
1971
2319
2581
2762
2878
2948
2986
2965
2852
2659
2395
2110
1876
1705
1573
1451
1348
1295
1284
1275
1310
1438
1723
2052
2315
2472
2560
2563
2450
2260
2082
1967
1922
1951
2030
2141
2260
2366
2448
2504
2511
2458
2369
2282
2195
2108
2033
2018
2068
2152
2242
2275
2196
2043
1869
1763
1713
1708
1747
1793
1799
1765
1707
1625
1534
1440
1388
1400
1459
1573
1756
1963
2146
2297
2417
2505
2565
2597
2574
2484
2387
2347
2372
2436
2509
2569
2596
2600
2601
2639
2712
2767
2788
2787
2746
2621
2445
2290
2185
2098
2037
1991
1961
1983
2100
2274
2440
2568
2660
2716
2681
2580
2454
2324
2238
2244
2322
2435
2549
2658
2752
2828
2890
2954
3026
3106
3174
3183
3121
3033
2983
2964
2905
2774
2605
2450
2336
2247
2139
1989
1816
1661
1579
1608
1746
1965
2262
2572
2820
2977
3057
3080
3044
2993
2923
2840
2753
2711
2801
3021
3258
3417
3458
3368
3172
2945
2723
2502
2301
2168
2085
2000
1881
1722
1542
1396
1339
1376
1491
1652
1769
1791
1731
1638
1585
1642
1812
2004
2152
2249
2330
2392
2434
2464
2453
2390
2295
2206
2163
2248
2444
2661
2872
3056
3188
3246
3184
2982
2684
2362
2072
1890
1865
1957
2089
2201
2335
2498
2615
2683
2676
2590
2440
2261
2092
2026
2076
2161
2223
2256
2276
2293
2392
2569
2742
2846
2839
2713
2508
2324
2194
2089
2056
2076
2103
2145
2249
2428
2664
2793
2779
2639
2438
2263
2150
2097
2124
2223
2384
2585
2770
2906
2987
3014
2976
2877
2720
2526
2358
2252
2253
2314
2281
2127
1900
1709
1665
1805
2043
2293
2517
2709
2873
3017
3145
3240
3302
3341
3369
3377
3362
3289
3150
3019
2956
2954
2942
2889
2760
2584
2350
2089
1866
1728
1716
1827
2017
2284
2612
2952
3236
3408
3490
3457
3300
3038
2741
2471
2288
2211
2226
2293
2362
2405
2441
2524
2640
2664
2580
2430
2286
2256
2372
2523
2677
2810
2817
2714
2561
2383
2252
2237
2303
2426
2521
2526
2456
2347
2240
2210
2249
2311
2369
2422
2465
2502
2535
2559
2570
2576
2588
2616
2644
2639
2614
2575
2535
2517
2526
2578
2674
2786
2886
2913
2715
2266
1691
1114
697
533
574
767
1065
1411
1759
2094
2427
2768
3085
3372
3667
3833
3759
3407
2818
2200
1813
1677
1671
1719
1778
1834
1884
1932
1986
2061
2156
2235
2258
2236
2180
2116
2100
2130
2144
2130
2042
1855
1646
1495
1421
1459
1633
1919
2239
2568
2839
2968
2940
2806
2630
2475
2359
2259
2172
2095
2034
1989
1969
1973
1996
2027
2064
2104
2149
2189
2232
2266
2269
2249
2212
2156
2105
2095
2116
2148
2178
2171
2125
1996
1736
1387
1081
869
839
1034
1377
1768
2140
2463
2716
2869
2893
2796
2646
2484
2364
2334
2384
2493
2629
2759
2837
2866
2877
2832
2751
2651
2535
2395
2240
2062
1837
1560
1270
1037
933
966
1054
1133
1187
1228
1289
1414
1593
1753
1834
1892
1977
2074
2174
2284
2380
2434
2445
2425
2396
2359
2322
2276
2228
2182
2140
2114
2106
2113
2125
2139
2153
2158
2150
2139
2112
2060
1991
1909
1844
1826
1854
1914
1993
2089
2195
2290
2376
2434
2488
2549
2613
2670
2717
2740
2732
2690
2616
2525
2423
2267
2055
1790
1503
1277
1166
1104
1068
1080
1176
1360
1612
1875
2112
2324
2533
2744
2906
2905
2708
2355
1943
1608
1505
1610
1824
2060
2284
2474
2615
2712
2763
2771
2742
2685
2614
2535
2460
2392
2339
2303
2279
2269
2273
2293
2325
2364
2405
2445
2479
2510
2534
2548
2552
2543
2527
2502
2470
2434
2409
2404
2396
2364
2305
2233
2154
2075
2012
1949
1892
1860
1868
1949
2096
2277
2445
2589
2701
2777
2817
2828
2815
2788
2753
2721
2695
2683
2688
2700
2703
2692
2647
2549
2395
2223
2066
1942
1860
1814
1805
1824
1866
1929
2007
2099
2191
2282
2360
2426
2471
2504
2524
2538
2551
2564
2573
2578
2574
2568
2549
2517
2467
2406
2346
2289
2236
2191
2157
2131
2107
2091
2086
2089
2092
2088
2080
2075
2078
2097
2129
2173
2233
2314
2417
2535
2652
2759
2847
2917
2964
2990
2994
2980
2947
2901
2845
2782
2719
2660
2609
2572
2543
2530
2531
2540
2555
2574
2589
2602
2615
2624
2630
2641
2649
2652
2647
2633
2610
2577
2540
2512
2493
2484
2485
2498
2517
2543
2575
2613
2653
2699
2745
2795
2838
2868
2889
2894
2882
2853
2813
2762
2701
2632
2562
2495
2436
2391
2362
2349
2347
2353
2359
2370
2376
2375
2368
2356
2340
2325
2310
2293
2272
2255
2242
2228
2220
2217
2213
2212
2213
2212
2212
2217
2229
2248
2277
2307
2333
2347
2356
2368
2385
2412
2452
2509
2578
2656
2732
2803
2861
2900
2924
2930
2923
2904
2871
2831
2783
2731
2678
2633
2593
2562
2547
2547
2565
2600
2647
2706
2775
2849
2922
2993
3059
3116
3160
3189
3206
3215
3212
3205
3190
3174
3166
3166
3166
3165
3170
3183
3205
3230
3254
3274
3291
3292
3273
3233
3181
3110
3026
2936
2844
2758
2685
2629
2588
2564
2554
2558
2562
2561
2551
2528
2490
2440
2374
2298
2211
2120
2025
1930
1836
1746
1658
1577
1497
1429
1374
1339
1324
1328
1345
1382
1431
1484
1543
1601
1651
1694
1730
1764
1793
1816
1836
1857
1873
1883
1895
1907
1919
1933
1951
1970
1991
2007
2020
2030
2035
2033
2030
2029
2034
2038
2050
2071
2101
2148
2204
2259
2315
2364
2404
2425
2426
2411
2380
2338
2280
2214
2146
2078
2021
1977
1948
1941
1948
1964
1983
2007
2028
2052
2078
2102
2122
2139
2156
2172
2188
2202
2216
2232
2253
2277
2312
2351
2399
2456
2521
2601
2688
2780
2871
2957
3038
3121
3201
3276
3343
3398
3450
3493
3534
3576
3620
3660
3705
3754
3805
3856
3895
3922
3935
3936
3925
3903
3879
3856
3829
3802
3773
3744
3714
3684
3658
3635
3620
3604
3590
3578
3567
3548
3524
3490
3445
3398
3346
3297
3250
3212
3186
3163
3139
3117
3096
3076
3060
3046
3034
3020
3004
2981
2953
2917
2872
2821
2769
2710
2651
2589
2536
2500
2470
2448
2436
2434
2436
2440
2442
2444
2441
2433
2419
2401
2373
2344
2309
2272
2233
2190
2147
2105
2067
2032
2003
1978
1960
1953
1959
1970
1983
1996
2002
1998
1985
1960
1924
1885
1840
1798
1764
1734
1710
1697
1688
1685
1686
1686
1682
1680
1672
1659
1640
1615
1582
1544
1503
1460
1417
1379
1345
1321
1302
1285
1271
1260
1250
1242
1235
1230
1223
1208
1186
1151
1098
1032
953
871
782
684
583
480
373
260
136
5
1
2
1
2
2
2
0
2
2
2
0
2
2
1
3
2
2
2
0
2
4
2
1
2
3
36
101
181
269
355
435
505
562
608
646
680
708
734
762
793
826
864
902
941
981
1017
1049
1074
1090
1098
1100
1099
1092
1083
1071
1067
1075
1094
1125
1165
1214
1264
1317
1372
1420
1465
1502
1533
1553
1567
1572
1571
1562
1554
1545
1540
1540
1546
1560
1582
1608
1639
1670
1703
1732
1755
1772
1789
1797
1802
1807
1808
1812
1807
1814
1822
1835
1852
1880
1915
1954
1999
2046
2095
2135
2167
2189
2197
2192
2176
2150
2118
2081
2039
2003
1970
1941
1910
1886
1869
1859
1859
1866
1881
1901
1919
1936
1950
1961
1969
1972
1974
1980
1990
2002
2012
2021
2029
2037
2045
2054
2058
2065
2069
2070
2068
2067
2064
2061
2060
2053
2043
2030
2010
1988
1967
1947
1929
1918
1912
1912
1918
1928
1940
1953
1965
1975
1980
1983
1980
1975
1965
1954
1948
1940
1941
1949
1962
1986
2016
2052
2091
2133
2180
2224
2270
2314
2357
2397
2435
2469
2501
2529
2554
2582
