165
177
197
218
237
256
271
285
294
301
309
312
314
316
320
317
320
320
322
323
325
327
329
331
335
340
342
344
348
352
354
359
362
366
368
372
376
379
382
386
390
392
394
396
401
403
406
411
413
415
419
421
424
427
431
433
436
440
441
445
448
450
454
457
460
462
465
468
472
474
479
481
482
483
488
491
493
496
499
502
506
506
512
512
516
518
521
524
526
529
532
535
538
540
541
544
550
552
554
558
559
563
564
567
570
574
577
578
582
584
585
588
591
593
596
598
601
602
607
608
612
615
618
624
630
636
642
643
646
650
654
661
671
681
693
705
720
734
747
763
780
797
812
826
838
850
862
879
900
916
933
948
963
978
995
1012
1032
1052
1071
1090
1113
1137
1164
1189
1213
1235
1254
1272
1287
1298
1308
1318
1329
1340
1352
1364
1379
1395
1410
1426
1442
1455
1470
1483
1497
1508
1518
1526
1529
1528
1520
1513
1506
1503
1503
1510
1524
1541
1557
1574
1591
1610
1628
1647
1660
1670
1675
1676
1675
1670
1669
1666
1666
1664
1666
1668
1673
1686
1694
1706
1715
1721
1727
1730
1731
1735
1738
1744
1755
1771
1791
1808
1822
1834
1841
1845
1846
1842
1841
1838
1839
1841
1845
1849
1854
1859
1864
1871
1882
1895
1911
1926
1937
1946
1957
1958
1951
1939
1924
1907
1893
1877
1861
1850
1844
1844
1849
1859
1875
1888
1906
1919
1928
1932
1925
1912
1896
1878
1861
1847
1846
1846
1851
1859
1861
1864
1861
1856
1850
1841
1836
1840
1850
1860
1875
1887
1899
1909
1916
1919
1922
1923
1920
1918
1916
1914
1913
1911
1913
1920
1929
1938
1948
1954
1957
1959
1957
1954
1946
1941
1935
1932
1932
1931
1932
1931
1934
1936
1937
1940
1939
1942
1942
1938
1927
1915
1915
1931
1955
1977
1994
2010
2022
2024
2018
2007
1994
1981
1972
1964
1968
1980
1996
2011
2020
2027
2030
2027
2022
2020
2018
2018
2020
2026
2034
2043
2046
2043
2037
2029
2020
2011
2007
2007
2013
2024
2035
2046
2056
2059
2065
2077
2090
2104
2116
2128
2135
2133
2128
2130
2131
2136
2143
2148
2147
2140
2115
2088
2069
2056
2053
2051
2060
2080
2108
2140
2176
2219
2259
2283
2276
2243
2193
2130
2059
1996
1962
1952
1953
1955
1965
1989
2022
2058
2089
2120
2150
2171
2182
2181
2172
2159
2144
2122
2106
2094
2080
2063
2038
2019
2006
2003
2009
2019
2039
2058
2072
2080
2080
2078
2068
2051
2027
1997
1960
1933
1910
1884
1842
1786
1732
1699
1691
1705
1751
1812
1869
1911
1928
1926
1904
1874
1840
1804
1771
1745
1721
1700
1676
1652
1624
1604
1588
1577
1570
1570
1581
1606
1652
1705
1759
1811
1855
1890
1911
1913
1905
1885
1857
1828
1789
1748
1716
1704
1706
1709
1710
1708
1709
1711
1709
1724
1753
1803
1856
1909
1953
1994
2035
2077
2108
2116
2091
2026
1943
1838
1726
1614
1504
1402
1306
1229
1168
1125
1095
1081
1089
1123
1161
1192
1205
1202
1190
1162
1130
1106
1103
1117
1143
1168
1192
1209
1210
1193
1167
1142
1130
1137
1182
1267
1372
1474
1570
1658
1736
1797
1841
1869
1887
1894
1887
1878
1882
1911
1963
2023
2078
2112
2118
2096
2080
2086
2117
2169
2228
2286
2334
2364
2382
2397
2388
2330
2185
1966
1725
1512
1378
1357
1461
1647
1854
2045
2204
2334
2443
2540
2628
2698
2723
2703
2632
2532
2404
2236
2036
1837
1651
1493
1396
1384
1462
1589
1731
1860
1975
2075
2164
2236
2296
2344
2377
2386
2374
2347
2306
2256
2214
2185
2172
2167
2174
2182
2188
2193
2202
2211
2218
2220
2206
2164
2103
2028
1946
1890
1881
1932
2030
2160
2290
2385
2430
2451
2475
2541
2681
2898
3156
3417
3649
3831
3948
3977
3960
3878
3731
3538
3327
3116
2924
2751
2596
2466
2353
2244
2131
2014
1899
1793
1701
1619
1544
1472
1403
1344
1293
1249
1214
1192
1197
1228
1292
1371
1439
1475
1478
1450
1403
1331
1242
1143
1044
945
848
762
688
614
535
462
396
352
334
332
335
330
311
274
214
136
44
2
2
1
1
1
0
1
4
0
1
2
2
2
0
3
1
0
2
0
0
1
1
0
2
0
1
1
1
1
2
1
2
1
1
0
2
1
0
2
1
0
0
2
2
0
1
0
2
1
1
1
2
2
1
2
1
1
1
0
0
1
0
2
1
1
3
1
0
1
0
0
1
0
1
2
0
2
2
1
0
2
1
0
2
2
1
2
3
0
1
1
0
1
2
2
16
64
128
215
313
429
557
685
812
930
1038
1126
1187
1223
1233
1215
1188
1166
1150
1132
1106
1069
1019
962
904
851
810
786
782
786
804
837
879
929
987
1049
1120
1204
1301
1405
1507
1600
1678
1738
1782
1804
1807
1788
1743
1669
1574
1474
1373
1270
1166
1060
954
866
800
753
717
695
681
686
701
724
752
775
795
810
816
812
795
773
748
730
720
717
717
717
717
716
716
713
707
702
693
679
655
618
573
526
478
448
448
485
549
624
717
813
910
994
1057
1088
1092
1073
1032
980
927
875
825
782
745
719
701
695
698
715
746
794
855
930
1013
1095
1174
1252
1323
1383
1437
1484
1524
1558
1587
1614
1638
1653
1655
1643
1618
1579
1530
1473
1411
1348
1288
1236
1207
1200
1206
1216
1220
1218
1220
1234
1259
1297
1347
1406
1476
1554
1642
1739
1839
1942
2042
2133
2214
2280
2337
2393
2456
2526
2608
2694
2781
2858
2928
3001
3080
3160
3231
3276
3294
3291
3277
3260
3236
3196
3141
3068
2986
2891
2792
2697
2614
2541
2474
2403
2326
2241
2140
2019
1880
1733
1589
1464
1372
1323
1318
1349
1407
1490
1596
1719
1842
1956
2043
2099
2124
2129
2104
2036
1940
1832
1736
1689
1696
1754
1851
1940
1999
2007
1979
1932
1899
1892
1907
1944
2010
2106
2219
2336
2447
2547
2641
2731
2810
2873
2924
2982
3040
3088
3115
3110
3068
2996
2902
2773
2609
2423
2250
2109
2000
1917
1853
1790
1706
1586
1450
1296
1144
1007
889
785
688
591
488
365
225
80
1
1
1
1
2
61
185
354
558
773
984
1166
1314
1434
1537
1631
1709
1757
1743
1663
1520
1320
1078
807
540
298
81
0
0
0
1
1
1
1
1
1
2
2
2
2
2
2
1
1
2
2
0
1
0
1
0
0
0
0
3
2
1
0
0
0
253
842
1704
2820
3990
4022
4023
4024
4025
4023
4026
4023
4021
4019
4015
4013
4006
3983
3878
3669
3390
3020
2588
2125
1666
1234
836
460
108
1
0
2
1
0
1
0
1
2
2
1
1
1
0
2
34
114
209
310
422
556
703
841
944
994
980
915
800
642
450
236
26
1
1
1
1
0
0
2
2
1
1
0
1
0
1
0
2
2
1
0
1
1
0
1
1
1
1
1
2
1
2
1
1
3
2
2
2
2
23
85
178
288
396
494
580
650
707
749
776
792
797
795
794
795
804
825
858
906
963
1030
1104
1181
1258
1338
1420
1505
1593
1689
1797
1926
2074
2222
2367
2508
2658
2814
2967
3106
3218
3313
3402
3488
3572
3648
3730
3839
3966
4002
4008
4009
4012
4012
4014
4015
4019
4020
4022
4022
4021
4021
4023
4022
4024
4023
4024
4023
4023
4026
4024
4023
4024
4023
4023
4023
4024
4022
4023
4020
4020
4021
4020
4018
4017
4015
4014
4009
4004
3998
3977
3909
3803
3671
3534
3395
3263
3143
3035
2943
2870
2812
2771
2742
2723
2711
2702
2695
2685
2672
2655
2632
2600
2556
2504
2441
2368
2290
2208
2124
2038
1954
1871
1789
1711
1634
1562
1491
1423
1365
1314
1273
1239
1212
1194
1176
1163
1144
1122
1095
1059
1015
965
913
856
805
753
702
656
610
568
528
491
461
439
425
422
428
441
461
487
512
536
554
568
571
571
559
538
514
488
464
440
418
398
385
378
376
377
386
395
402
414
428
446
464
490
524
562
608
658
712
765
819
869
913
951
982
1004
1018
1028
1030
1025
1016
1002
982
961
936
908
875
846
816
790
768
749
741
736
737
746
761
784
814
848
889
932
978
1030
1079
1130
1178
1223
1266
1305
1341
1371
1399
1423
1446
1465
1481
1495
1502
1508
1503
1495
1479
1454
1423
1386
1339
1289
1235
1180
1124
1069
1021
977
938
908
885
877
880
898
928
966
1012
1069
1134
1200
1265
1327
1385
1440
1487
1529
1567
1602
1629
1656
1682
1707
1728
1750
1772
1791
1809
1823
1836
1848
1857
1862
1868
1871
1876
1877
1879
1882
1883
1884
1883
1881
1877
1873
1866
1861
1855
1850
1848
1847
1846
1847
1848
1851
1852
1857
1857
1864
1862
1863
1864
1867
1868
1867
1864
1863
1863
1862
1859
1858
1858
1856
1854
1856
1856
1855
1852
1851
1846
1840
1836
1830
1824
1818
1814
1811
1807
1806
1805
1806
1807
1809
1812
1814
1818
1823
1826
1827
1829
1830
1831
1831
1829
1826
1823
1821
1818
1815
1813
1813
1811
1812
1812
1812
1810
1810
1811
1811
1811
1811
1812
1813
1812
1813
1812
1816
1817
1820
1820
1823
1825
1823
1823
1825
1826
1829
1831
1832
1834
1834
1833
1832
1831
1830
1830
1830
1830
1830
1832
1831
1832
1832
1832
1835
1837
1839
1840
1842
1844
1844
1845
1848
1849
1850
1850
1850
1852
1854
1854
1855
1857
1856
1856
1854
1855
1853
1851
1850
1845
1843
1838
1832
1825
1817
1810
1803
1795
1791
1787
1785
1782
1781
1780
1782
1783
1783
1781
1780
1781
1781
1781
1784
1787
1790
1795
1800
1804
1811
1817
1823
1826
1830
1833
1837
1838
1842
1844
1849
1852
1855
1857
1860
1861
1861
1861
1860
1860
1857
1855
1852
1852
1853
1854
1857
1858
1862
1864
1868
1870
1873
1873
1873
1871
1869
1867
1869
1873
1878
1886
1896
1907
1916
1926
1937
1949
1954
1958
1962
1963
1963
1964
1965
1963
1961
1961
1959
1958
1959
1960
1959
1960
1961
1962
1964
1967
1971
1975
1982
1992
2004
2014
2026
2035
2042
2049
2050
2053
2049
2045
2042
2038
2033
2030
2030
2029
2031
2033
2038
2045
2055
2064
2072
2082
2091
2101
2112
2122
2131
2141
2151
2158
2162
2167
2170
2176
2180
2183
2188
2192
2197
2204
2208
2213
2217
2222
2226
2231
2236
2238
2240
2238
2235
2230
2224
2218
2208
2199
2189
2180
2169
2157
2146
2134
2122
2112
2102
2094
2084
2075
2067
2060
2053
2044
2039
2034
2029
2027
2025
2021
2018
2013
2009
2002
1995
1989
1985
1975
1972
1965
1961
1956
1951
1948
1946
1941
1937
1931
1922
1914
1905
1897
1890
1884
1878
1875
1874
1871
1869
1863
1860
1858
1856
1852
1850
1848
1844
1839
1837
1834
1834
1834
1833
1834
1834
1831
1830
1828
1826
1823
1821
1818
1819
1818
1820
1820
1821
1820
1823
1822
1820
1816
1812
1806
1799
1793
1788
1781
1775
1772
1769
1766
1767
1765
1763
1761
1760
1758
1757
1755
1753
1751
1751
1751
1752
1757
1761
1769
1774
1779
1784
1791
1798
1802
1807
1813
1818
1822
1828
1831
1837
1842
1848
1852
1853
1857
1860
1863
1864
1867
1871
1874
1877
1881
1884
1885
1889
1891
1892
1893
1894
1895
1897
1896
1897
1893
1890
1889
1885
1884
1882
1880
1877
1874
1875
1877
1880
1882
1887
1889
1894
1898
1901
1904
1908
1914
1919
1922
1927
1931
1936
1938
1941
1946
1950
1955
1961
1965
1972
1976
1980
1985
1988
1992
1996
1998
2000
2004
2005
2005
2007
2012
2013
2013
2011
2011
2011
2009
2008
2008
2006
2006
2006
2000
1995
1992
1990
1988
1989
1992
1996
1999
2005
2009
2016
2021
2028
2032
2037
2040
2044
2045
2047
2050
2051
2051
2052
2052
2053
2052
2054
2056
2057
2056
2057
2060
2061
2063
2065
2066
2070
2066
2064
2065
2065
2062
2061
2058
2057
2057
2056
2056
2059
2062
2067
2073
2078
2088
2097
2104
2112
2117
2122
2124
2126
2126
2126
2127
2125
2124
2118
2114
2109
2106
2102
2097
2094
2088
2084
2079
2076
2069
2068
2064
2062
2061
2061
2060
2060
2060
2060
2063
2061
2062
2060
2060
2058
2056
2053
2053
2049
2045
2043
2041
2037
2035
2031
2029
2027
2027
2025
2024
2023
2024
2024
2027
2029
2029
2031
2033
2033
2036
2036
2038
2037
2042
2044
2050
2053
2060
2066
2071
2079
2081
2086
2090
2094
2100
2104
2108
2113
2113
2115
2118
2120
2121
2123
2123
2124
2124
2126
2125
2128
2129
2129
2129
2129
2128
2129
2126
2128
2127
2128
2126
2127
2126
2125
2124
2126
2125
2127
2129
2131
2133
2134
2134
2134
2133
2131
2130
2126
2125
2124
2123
2122
2122
2122
2120
2115
2115
2110
2113
2112
2110
2109
2110
2110
2110
2109
2109
2106
2103
2102
2097
2094
2089
2085
2081
2078
2074
2070
2069
2066
2064
2063
2063
2062
2064
2064
2066
2067
2070
2076
2080
2087
2095
2106
2115
2124
2134
2146
2157
2170
2181
2196
2207
2218
2226
2233
2236
2237
2230
2223
2216
2209
2197
2189
2180
2170
2163
2154
2149
2147
2147
2149
2151
2153
2159
2166
2174
2181
2190
2198
2205
2212
2215
2217
2216
2215
2210
2203
2198
2192
2187
2184
2180
2180
2182
2176
2176
2171
2168
2165
2162
2156
2148
2143
2136
2128
2122
2117
2117
2115
2114
2116
2117
2120
2122
2122
2126
2127
2129
2127
2128
2127
2125
2123
2120
2119
2116
2116
2113
2112
2112
2112
2110
2112
2112
2112
2115
2115
2118
2119
2119
2118
2118
2117
2115
2113
2112
2110
2107
2108
2106
2108
2108
2109
2112
2115
2117
2119
2117
2119
2120
2120
2123
2123
2126
2129
2130
2132
2133
2136
2137
2138
2140
2141
2143
2142
2143
2140
2138
2136
2133
2129
2123
2120
2117
2115
2113
2110
2109
2106
2107
2107
2106
2108
2108
2110
2114
2116
2117
2120
2121
2126
2127
2129
2128
2128
2129
2130
2134
2135
2134
2134
2132
2131
2131
2130
2128
2126
2125
2124
2122
2120
2118
2117
2114
2113
2112
2113
2114
2114
2116
2117
2117
2118
2120
2120
2121
2120
2120
2120
2119
2118
2116
2116
2116
2116
2117
2114
2113
2112
2112
2110
2108
2110
2108
2107
2107
2107
2107
2107
2109
2111
2112
2113
2114
2118
2118
2120
2121
2124
2127
2129
2130
2132
2132
2132
2132
2131
2132
2132
2130
2131
2130
2131
2132
2132
2132
2133
2135
2137
2141
2145
2146
2149
2152
2155
2156
2157
2156
2157
2155
2152
2147
2143
2140
2135
2130
2127
2128
2127
2124
2126
2126
2127
2128
2128
2127
2125
2123
2122
2120
2120
2120
2121
2124
2126
2130
2134
2138
2144
2150
2153
2157
2162
2165
2165
2165
2163
2161
2158
2155
2150
2148
2144
2142
2140
2138
2136
2138
2139
2140
2143
2142
2145
2144
2143
2143
2142
2138
2136
2136
2136
2136
2132
2133
2132
2129
2128
2129
2128
2128
2128
2129
2131
2133
2132
2135
2136
2138
2140
2142
2144
2146
2150
2153
2155
2156
2160
2166
2166
2170
2172
2173
2172
2173
2173
2170
2167
2166
2163
2160
2155
2150
2146
2145
2141
2139
2136
2139
2138
2136
2138
2138
2139
2142
2146
2150
2153
2155
2159
2163
2164
2168
2169
2172
2173
2173
2174
2173
2174
2176
2173
2171
2170
2169
2168
2166
2164
2161
2158
2155
2152
2148
2145
2145
2142
2140
2137
2133
2131
2127
2123
2121
2119
2116
2112
2109
2108
2100
2095
2092
2087
2084
2080
2077
2076
2072
2069
2067
2064
2062
2060
2060
2057
2056
2056
2054
2054
2053
2055
2053
2055
2058
2062
2065
2069
2072
2077
2084
2089
2095
2097
2102
2104
2106
2107
2110
2112
2112
2112
2112
2112
2112
2112
2112
2110
2108
2107
2106
2105
2102
2101
2099
2098
2099
2099
2099
2100
2102
2102
2105
2107
2109
2110
2112
2112
2110
2110
2109
2108
2107
2106
2106
2105
2105
2105
2104
2104
2103
2100
2100
2096
2093
2091
2088
2089
2088
2088
2088
2089
2091
2090
2092
2094
2094
2096
2097
2099
2096
2096
2096
2095
2093
2093
2093
2093
2093
2093
2093
2095
2095
2098
2096
2098
2099
2101
2101
2104
2105
2105
2104
2106
2106
2106
2107
2106
2105
2104
2104
2104
2102
2100
2099
2101
2101
2102
2102
2102
2103
2105
2106
2106
2107
2107
2108
2110
2109
2108
2110
2109
2108
2106
2105
2103
2103
2101
2099
2098
2099
2101
2099
2099
2098
2098
2096
2092
2091
2090
2088
2088
2087
2087
2088
2087
2088
2089
2088
2090
2091
2092
2090
2088
2088
2087
2084
2082
2080
2080
2081
2081
2082
2082
2082
2085
2087
2088
2091
2093
2091
2093
2093
2095
2096
2096
2096
2096
2094
2094
2094
2092
2092
2092
2092
2092
2094
2095
2094
2096
2097
2098
2097
2098
2098
2099
2101
2102
2103
2104
2102
2103
2103
2102
2104
2103
2106
2104
2105
2105
2104
2105
2104
2102
2103
2101
2098
2098
2097
2096
2098
2099
2098
2097
2095
2093
2092
2091
2089
2087
2084
2084
2081
2080
2077
2076
2076
2077
2079
2083
2091
2100
2112
2122
2131
2142
2150
2157
2160
2164
2163
2162
2160
2158
2152
2150
2144
2140
2134
2130
2124
2120
2117
2111
2113
2112
2112
2114
2114
2114
2111
2112
2111
2108
2107
2107
2106
2105
2105
2105
2104
2106
2106
2108
2106
2108
2110
2110
2112
2112
2112
2112
2112
2108
2108
2107
2102
2101
2100
2098
2095
2092
2089
2086
2084
2082
2084
2082
2084
2084
2084
2084
2085
2084
2084
2085
2081
2084
2085
2086
2086
2088
2089
2088
2089
2090
2089
2089
2087
2087
2086
2085
2086
2084
2084
2085
2084
2084
2083
2082
2083
2082
2084
2084
2084
2086
2088
2090
2089
2089
2089
2088
2088
2089
2088
2086
2085
2086
2084
2085
2084
2085
2086
2086
2086
2087
2086
2084
2082
2082
2081
2082
2082
2081
2080
2080
2081
2080
2077
2078
2075
2074
2074
2073
2070
2070
2071
2069
2069
2070
2066
2066
2064
2064
2060
2061
2060
2060
2062
2062
2062
2062
2062
2062
2061
2063
2060
2060
2060
2061
2061
2062
2065
2065
2066
2068
2069
2070
2070
2070
2070
2071
2070
2071
2072
2070
2070
2071
2069
2069
2069
2067
2066
2066
2064
2065
2064
2063
2061
2062
2063
2062
2064
2064
2064
2066
2067
2069
2070
2072
2073
2074
2074
2075
2076
2076
2076
2078
2078
2080
2078
2076
2077
2078
2074
2074
2074
2073
2071
2070
2070
2070
2068
2068
2067
2066
2067
2069
2070
2071
2070
2073
2074
2073
2074
2075
2076
2077
2076
2078
2077
2078
2079
2077
2077
2077
2075
2076
2075
2074
2074
2072
2073
2072
2074
2071
2072
2074
2074
2073
2072
2073
2072
2070
2070
2068
2068
2068
2069
2068
2070
2070
2072
2073
2073
2074
2073
2073
2072
2073
2071
2070
2069
2068
2065
2064
2063
2065
2063
2065
2064
2066
2067
2068
2068
2069
2068
2066
2065
2066
2064
2064
2064
2064
2064
2060
2059
2058
2057
2057
2056
2056
2056
2056
2057
2056
2056
2056
2056
2057
2056
2059
2059
2059
2058
2058
2056
2056
2056
2055
2053
2052
2053
2052
2051
2052
2052
2054
2053
2054
2054
2052
2052
2050
2052
2053
2054
2054
2056
2057
2058
2060
2064
2064
2068
2068
2071
2071
2070
2072
2072
2071
2072
2070
2070
2070
2069
2068
2068
2065
2066
2064
2064
2062
2063
2064
2062
2064
2062
2062
2060
2059
2060
2058
2055
2054
2054
2055
2056
2053
2052
2053
2052
2054
2053
2054
2050
2048
2045
2044
2044
2043
2043
2042
2045
2043
2044
2045
2044
2043
2044
2044
2044
2043
2042
2042
2041
2042
2041
2040
2042
2041
2040
2041
2042
2041
2041
2041
2041
2044
2044
2048
2048
2048
2049
2052
2052
2052
2054
2054
2056
2058
2060
2060
2060
2061
2060
2059
2059
2060
2060
2060
2063
2064
2064
2065
2065
2065
2066
2066
2066
2069
2069
2069
2069
2069
2070
2071
2072
2071
2072
2071
2070
2068
2068
2068
2068
2068
2067
2068
2066
2066
2067
2066
2065
2065
2064
2063
2061
2059
2057
2056
2056
2055
2054
2052
2053
2053
2052
2053
2054
2054
2053
2051
2049
2049
2048
2048
2045
2045
2044
2045
2044
2045
2045
2043
2042
2042
2039
2042
2040
2040
2042
2042
2043
2044
2044
2045
2044
2043
2042
2042
2042
2040
2039
2037
2039
2039
2039
2038
2037
2036
2036
2035
2033
2034
2034
2036
2036
2036
2038
2039
2039
2040
2041
2042
2042
2044
2045
2050
2049
2049
2048
2045
2045
2044
2045
2048
2049
2050
2050
2051
2052
2053
2054
2054
2054
2054
2053
2055
2052
2052
2053
2051
2050
2049
2048
2049
2046
2046
2046
2049
2050
2050
2052
2052
2052
2053
2052
2051
2052
2050
2047
2046
2044
2042
2042
2039
2037
2035
2033
2033
2031
2033
2035
2034
2036
2036
2036
2036
2033
2034
2035
2036
2037
2039
2041
2043
2045
2046
2049
2051
2052
2052
2054
2055
2056
2053
2052
2050
2047
2044
2044
2040
2038
2035
2031
2033
2031
2030
2030
2029
2030
2030
2033
2035
2037
2040
2041
2041
2042
2045
2045
2047
2050
2048
2049
2052
2053
2054
2056
2058
2058
2059
2060
2059
2058
2059
2058
2057
2056
2053
2053
2052
2052
2050
2050
2050
2049
2049
2050
2049
2051
2050
2049
2050
2049
2049
2046
2046
2045
2045
2044
2040
2040
2037
2035
2035
2033
2031
2031
2031
2032
2033
2031
2033
2033
2035
2035
2034
2036
2034
2035
2035
2038
2038
2039
2039
2039
2038
2038
2037
2037
2035
2034
2036
2035
2037
2038
2038
2039
2038
2040
2043
2044
2046
2046
2047
2046
2047
2048
2050
2049
2050
2050
2049
2049
2050
2049
2051
2052
2052
2054
2053
2054
2054
2055
2056
2058
2059
2061
2061
2064
2064
2061
2061
2061
2061
2060
2061
2060
2060
2059
2060
2060
2062
2065
2068
2068
2070
2070
2073
2075
2077
2080
2082
2084
2084
2084
2083
2082
2081
2080
2078
2080
2080
2078
2081
2080
2081
2081
2082
2084
2084
2085
2087
2086
2088
2089
2088
2088
2089
2090
2091
2091
2091
2089
2090
2090
2091
2092
2090
2090
2089
2090
2088
2086
2084
2083
2081
2078
2076
2076
2073
2072
2071
2068
2066
2064
2061
2059
2058
2055
2053
2051
2050
2049
2046
2045
2043
2043
2041
2041
2041
2040
2039
2037
2037
2035
2034
2036
2036
2036
2037
2035
2037
2038
2040
2041
2043
2043
2045
2043
2045
2044
2047
2046
2047
2047
2048
2050
2049
2049
2050
2050
2051
2052
2054
2052
2053
2052
2053
2054
2053
2053
2052
2052
2054
2054
2054
2054
2053
2054
2054
2053
2053
2053
2052
2050
2052
2050
2052
2052
2053
2053
2056
2056
2057
2058
2058
2057
2058
2061
2062
2062
2064
2066
2065
2067
2066
2068
2068
2069
2068
2068
2070
2071
2072
2072
2074
2072
2073
2074
2074
2074
2074
2075
2075
2074
2075
2075
2075
2075
2074
2074
2074
2074
2076
2077
2078
2077
2076
2075
2073
2072
2070
2068
2068
2068
2067
2066
2064
2064
2061
2062
2062
2061
2062
2062
2062
2061
2062
2063
2062
2061
2058
2059
2058
2056
2056
2053
2052
2050
2049
2047
2045
2045
2046
2045
2048
2049
2048
2047
2046
2045
2045
2043
2044
2041
2039
2036
2033
2031
2029
2028
2026
2024
2026
2025
2027
2029
2031
2035
2038
2041
2045
2045
2047
2049
2048
2046
2046
2046
2045
2045
2045
2043
2043
2043
2042
2042
2041
2041
2039
2041
2040
2039
2040
2040
2042
2042
2042
2042
2042
2041
2041
2041
2041
2041
2039
2041
2040
2041
2041
2042
2043
2045
2045
2045
2046
2045
2049
2049
2046
2047
2046
2049
2048
2046
2049
2050
2051
2054
2054
2057
2057
2057
2057
2056
2056
2056
2055
2054
2053
2053
2054
2052
2051
2049
2046
2044
2045
2045
2045
2044
2045
2045
2045
2045
2048
2050
2052
2053
2052
2051
2050
2048
2047
2047
2046
2047
2047
2049
2049
2049
2049
2049
2050
2047
2046
2046
2037
2043
2043
2041
2042
2041
2038
2038
2037
2038
2039
2040
2040
2042
2043
2044
2047
2049
2050
2053
2056
2058
2057
2057
2058
2056
2056
2056
2055
2052
2054
2052
2051
2050
2050
2051
2052
2052
2049
2049
2046
2047
2044
2042
2041
2039
2039
2039
2041
2042
2045
2046
2049
2049
2050
2050
2052
2050
2048
2046
2044
2045
2043
2041
2039
2038
2037
2035
2036
2037
2039
2040
2042
2043
2045
2047
2048
2050
2049
2049
2048
2047
2048
2046
2045
2044
2045
2042
2041
2039
2039
2038
2038
2038
2037
2038
2039
2037
2039
2038
2039
2039
2039
2039
2038
2037
2039
2039
2039
2040
2039
2039
2038
2038
2037
2037
2038
2040
2040
2041
2043
2046
2046
2052
2051
2052
2054
2052
2054
2054
2056
2056
2056
2056
2056
2056
2055
2053
2053
2054
2053
2054
2052
2053
2054
2052
2051
2051
2049
2049
2050
2050
2051
2052
2053
2053
2056
2057
2058
2059
2060
2060
2058
2058
2057
2054
2056
2053
2054
2053
2052
2052
2053
2054
2054
2055
2056
2054
2055
2053
2051
2049
2047
2045
2043
2039
2040
2038
2039
2038
2039
2039
2041
2043
2042
2044
2045
2044
2044
2046
2049
2049
2046
2046
2044
2043
2043
2042
2042
2042
2043
2042
2043
2046
2044
2053
2044
2042
2042
2041
2042
2041
2040
2040
2041
2041
2042
2041
2042
2041
2042
2043
2042
2043
2043
2043
2042
2044
2043
2041
2041
2040
2041
2042
2039
2041
2042
2042
2041
2041
2040
2039
2039
2038
2039
2039
2039
2039
2039
2038
2038
2038
2038
2039
2040
2040
2041
2042
2043
2043
2044
2045
2044
2043
2042
2042
2040
2038
2038
2037
2035
2033
2032
2033
2033
2034
2035
2032
2035
2036
2038
2039
2040
2041
2042
2044
2046
2047
2049
2049
2049
2049
2047
2046
2046
2046
2045
2045
2045
2044
2043
2044
2044
2046
2049
2047
2049
2049
2051
2050
2050
2050
2049
2048
2045
2045
2044
2044
2041
2042
2041
2041
2042
2042
2042
2044
2046
2045
2046
2045
2044
2045
2045
2047
2046
2047
2049
2048
2049
2048
2052
2051
2051
2050
2051
2049
2050
2047
2049
2046
2046
2046
2046
2044
2043
2041
2040
2039
2039
2037
2037
2040
2040
2040
2041
2039
2041
2039
2040
2039
2039
2039
2038
2038
2036
2035
2034
2032
2031
2031
2031
2034
2035
2035
2037
2040
2042
2043
2046
2049
2049
2051
2052
2053
2054
2054
2055
2054
2056
2057
2058
2059
2060
2060
2061
2060
2060
2058
2058
2056
2055
2054
2052
2052
2050
2049
2049
2049
2049
2050
2050
2052
2052
2054
2054
2054
2056
2055
2055
2053
2049
2048
2046
2043
2039
2037
2037
2037
2035
2037
2039
2039
2039
2042
2043
2043
2044
2044
2044
2043
2045
2044
2046
2045
2045
2045
2045
2044
2044
2043
2043
2044
2044
2043
2042
2041
2039
2040
2038
2038
2036
2036
2035
2035
2035
2035
2036
2034
2033
2031
2029
2028
2027
2027
2025
2025
2028
2028
2028
2028
2030
2029
2026
2026
2024
2024
2022
2021
2021
2020
2021
2021
2020
2020
2021
2019
2019
2020
2019
2019
2018
2015
2014
2014
2015
2015
2015
2014
2015
2015
2017
2018
2021
2021
2025
2025
2024
2025
2023
2021
2021
2022
2021
2021
2021
2021
2020
2022
2022
2023
2024
2024
2025
2026
2026
2024
2024
2022
2021
2022
2025
2027
2029
2032
2033
2034
2035
2032
2033
2031
2031
2030
2029
2028
2027
2026
2025
2025
2027
2029
2030
2035
2038
2045
2051
2053
2058
2062
2065
2066
2069
2071
2072
2073
2072
2073
2074
2074
2074
2077
2076
2080
2080
2081
2082
2084
2087
2090
2090
2094
2095
2096
2096
2096
2097
2097
2098
2097
2096
2095
2095
2093
2092
2091
2088
2089
2088
2086
2086
2086
2084
2086
2085
2086
2087
2086
2086
2084
2084
2082
2080
2078
2076
2076
2073
2070
2070
2066
2066
2066
2066
2067
2068
2068
2068
2067
2068
2068
2067
2067
2066
2065
2062
2060
2054
2052
2052
2049
2049
2047
2045
2044
2042
2041
2038
2038
2034
2031
2030
2026
2024
2022
2020
2019
2016
2015
2015
2015
2015
2015
2017
2018
2018
2020
2021
2022
2024
2024
2024
2025
2027
2028
2029
2031
2033
2034
2037
2039
2041
2043
2045
2046
2049
2050
2052
2054
2054
2056
2057
2058
2057
2060
2060
2060
2060
2059
2059
2058
2056
2054
2054
2052
2052
2050
2050
2050
2053
2052
2052
2055
2057
2058
2060
2062
2063
2064
2066
2066
2067
2067
2066
2067
2066
2065
2064
2061
2059
2058
2057
2057
2056
2055
2053
2053
2052
2052
2052
2051
2051
2052
2054
2054
2055
2056
2057
2060
2062
2063
2063
2064
2064
2063
2064
2063
2061
2060
2057
2054
2053
2050
2049
2048
2046
2048
2046
2049
2050
2050
2049
2050
2049
2049
2046
2046
2046
2047
2046
2046
2046
2048
2046
2048
2045
2046
2050
2050
2046
2046
2046
2044
2042
2041
2040
2040
2039
2038
2041
2039
2040
2041
2044
2045
2045
2050
2050
2050
2050
2052
2050
2051
2052
2049
2049
2049
2046
2043
2044
2042
2042
2040
2039
2039
2039
2038
2036
2035
2035
2033
2030
2029
2028
2026
2023
2023
2019
2022
2021
2019
2020
2020
2021
2020
2023
2024
2026
2029
2030
2030
2031
2034
2035
2034
2034
2034
2035
2034
2035
2035
2036
2036
2038
2038
2039
2041
2042
2043
2042
2041
2040
2040
2041
2038
2038
2039
2038
2039
2038
2037
2039
2038
2040
2040
2040
2040
2040
2041
2041
2041
2043
2041
2042
2043
2042
2043
2044
2044
2046
2047
2051
2047
2049
2050
2050
2051
2052
2053
2053
2054
2054
2056
2056
2055
2054
2054
2054
2054
2056
2058
2057
2057
2059
2059
2058
2058
2058
2057
2055
2053
2053
2052
2052
2051
2051
2051
2052
2052
2051
2051
2052
2052
2053
2053
2053
2055
2056
2055
2057
2055
2054
2055
2052
2052
2049
2046
2046
2045
2044
2043
2042
2043
2043
2043
2042
2040
2039
2038
2036
2035
2034
2035
2031
2032
2031
2033
2031
2031
2033
2031
2031
2031
2030
2031
2031
2031
2032
2032
2032
2030
2032
2031
2029
2029
2028
2027
2028
2029
2028
2026
2028
2028
2027
2029
2030
2032
2036
2039
2041
2044
2048
2050
2050
2051
2049
2047
2049
2046
2045
2045
2043
2044
2046
2045
2045
2047
2050
2050
2052
2052
2052
2054
2055
2055
2056
2054
2057
2057
2059
2057
2060
2061
2061
2062
2061
2062
2063
2062
2064
2063
2063
2061
2061
2061
2060
2058
2057
2058
2059
2058
2060
2060
2061
2061
2060
2058
2058
2058
2056
2056
2054
2052
2052
2051
2045
2045
2043
2040
2041
2036
2036
2037
2036
2037
2036
2047
2039
2038
2038
2037
2036
2037
2035
2035
2035
2031
2031
2033
2032
2034
2033
2033
2035
2036
2036
2038
2040
2039
2041
2039
2038
2037
2036
2027
2033
2031
2029
2027
2025
2021
2024
2022
2023
2026
2027
2030
2031
2035
2037
2038
2039
2041
2042
2042
2043
2042
2043
2045
2047
2048
2050
2047
2049
2046
2046
2046
2048
2046
2048
2049
2049
2050
2050
2050
2048
2050
2051
2052
2052
2052
2053
2053
2052
2051
2052
2052
2052
2052
2052
2055
2053
2053
2052
2052
2052
2054
2053
2052
2051
2050
2052
2050
2050
2050
2050
2049
2048
2048
2048
2045
2044
2046
2045
2044
2042
2043
2042
2044
2047
2047
2047
2049
2047
2049
2046
2044
2046
2044
2043
2040
2040
2039
2038
2039
2037
2036
2035
2035
2035
2033
2034
2031
2031
2031
2032
2035
2034
2035
2034
2031
2032
2029
2028
2029
2026
2027
2027
2027
2026
2025
2024
2025
2026
2029
2029
2031
2033
2034
2035
2038
2038
2039
2040
2040
2037
2036
2037
2036
2035
2034
2036
2038
2040
2043
2045
2046
2049
2050
2050
2051
2053
2052
2052
2053
2050
2050
2051
2050
2050
2052
2053
2055
2057
2057
2058
2060
2060
2062
2063
2066
2066
2068
2069
2072
2072
2071
2072
2071
2070
2070
2070
2068
2068
2066
2065
2064
2064
2064
2062
2061
2061
2060
2059
2058
2057
2057
2056
2056
2054
2052
2050
2051
2048
2049
2050
2050
2050
2049
2049
2047
2046
2044
2044
2042
2041
2039
2040
2039
2038
2036
2036
2035
2031
2030
2027
2026
2026
2022
2022
2021
2020
2019
2017
2017
2017
2017
2015
2017
2015
2017
2019
2018
2020
2020
2021
2022
2023
2025
2024
2025
2025
2026
2025
2025
2026
2026
2025
2024
2024
2025
2026
2028
2031
2031
2031
2035
2037
2038
2040
2040
2041
2039
2039
2037
2036
2034
2035
2032
2031
2030
2033
2034
2035
2038
2040
2042
2044
2048
2047
2048
2049
2050
2051
2049
2050
2052
2052
2052
2052
2053
2054
2053
2053
2052
2052
2052
2054
2054
2055
2054
2053
2050
2045
2041
2037
2034
2033
2030
2029
2027
2027
2027
2026
2023
2021
2020
2020
2017
2014
2013
2010
2009
2009
2007
2008
2008
2011
2009
2010
2013
2017
2021
2025
2026
2026
2024
2020
2014
2007
2002
1997
1990
1988
1983
1981
1981
1982
1979
1980
1982
1982
1984
1986
1988
1991
1993
1998
1999
2002
2003
2006
2007
2007
2007
2006
2005
2004
1999
1997
1994
1989
1986
1983
1980
1977
1976
1976
1977
1978
1980
1981
1982
1981
1981
1983
1983
1984
1984
1984
1985
1983
1985
1983
1981
1982
1981
1980
1978
1981
1979
1979
1979
1979
1979
1983
1983
1985
1988
1987
1988
1989
1991
1992
1992
1993
1993
1994
1995
1998
2000
2004
2007
2006
2007
2007
2005
2007
2007
2008
2009
2009
2009
2010
2009
2011
2012
2012
2012
2010
2009
2010
2009
2009
2009
2009
2008
2010
2009
2008
2011
2011
2013
2015
2016
2019
2020
2022
2024
2024
2027
2028
2029
2030
2031
2033
2033
2034
2035
2033
2034
2036
2038
2038
2038
2039
2042
2042
2041
2041
2043
2044
2046
2049
2050
2050
2052
2054
2056
2055
2058
2059
2061
2062
2064
2064
2062
2064
2062
2063
2062
2062
2060
2058
2058
2057
2055
2054
2055
2053
2053
2052
2053
2052
2051
2052
2052
2052
2053
2052
2052
2052
2052
2052
2054
2054
2052
2053
2050
2049
2048
2044
2045
2043
2042
2041
2040
2038
2038
2038
2037
2037
2037
2035
2034
2034
2034
2033
2031
2030
2024
2027
2029
2029
2028
2028
2030
2031
2033
2033
2034
2034
2034
2034
2034
2035
2035
2035
2033
2035
2035
2038
2039
2041
2042
2042
2044
2044
2044
2044
2044
2046
2046
2047
2046
2046
2046
2047
2048
2049
2052
2053
2054
2056
2057
2059
2060
2064
2066
2066
2068
2069
2069
2068
2066
2065
2063
2059
2058
2056
2053
2051
2049
2051
2049
2049
2049
2050
2050
2050
2048
2047
2049
2050
2047
2047
2049
2046
2046
2045
2045
2044
2045
2045
2044
2045
2045
2047
2046
2049
2046
2045
2044
2043
2042
2042
2043
2043
2042
2041
2039
2037
2037
2036
2038
2037
2036
2039
2039
2041
2042
2042
2041
2040
2038
2037
2035
2034
2033
2034
2036
2037
2035
2036
2038
2037
2038
2040
2041
2041
2041
2040
2039
2041
2040
2041
2039
2039
2037
2036
2035
2036
2035
2035
2036
2034
2035
2033
2031
2029
2027
2026
2023
2021
2017
2015
2011
2010
2006
2002
1999
1995
1992
1989
1988
1986
1983
1982
1982
1979
1978
1978
1978
1979
1983
1983
1983
1983
1982
1977
1971
1968
1961
1955
1950
1944
1939
1935
1933
1931
1928
1929
1930
1932
1932
1933
1934
1930
1929
1925
1922
1918
1915
1914
1913
1915
1915
1916
1919
1921
1922
1924
1923
1926
1927
1928
1928
1930
1933
1935
1936
1939
1944
1949
1951
1957
1961
1963
1968
1975
1977
1982
1985
1988
1990
1991
1993
1994
1998
1998
2001
2002
2003
2004
2005
2008
2009
2012
2014
2015
2015
2015
2018
2021
2024
2026
2030
2033
2037
2042
2046
2051
2052
2056
2058
2059
2059
2063
2063
2065
2066
2068
2069
2070
2071
2072
2073
2074
2075
2076
2078
2082
2083
2087
2088
2091
2093
2095
2097
2096
2098
2100
2100
2099
2098
2097
2095
2092
2090
2088
2086
2082
2080
2078
2075
2074
2074
2073
2073
2070
2069
2067
2065
2063
2060
2059
2056
2052
2050
2046
2044
2044
2039
2039
2037
2037
2036
2036
2036
2035
2034
2033
2030
2029
2027
2026
2025
2023
2023
2022
2022
2022
2023
2022
2023
2022
2022
2021
2020
2019
2017
2016
2018
2017
2016
2015
2014
2013
2011
2012
2013
2015
2017
2019
2022
2023
2025
2029
2032
2033
2037
2037
2039
2042
2041
2041
2042
2044
2046
2048
2050
2052
2053
2057
2058
2060
2063
2065
2067
2070
2073
2076
2078
2080
2081
2083
2084
2087
2089
2089
2090
2092
2093
2095
2095
2094
2096
2096
2094
2094
2094
2094
2094
2094
2093
2093
2092
2091
2089
2086
2083
2082
2080
2078
2076
2074
2072
2070
2069
2067
2066
2066
2065
2064
2062
2061
2060
2058
2058
2054
2053
2052
2049
2049
2049
2043
2045
2046
2044
2042
2041
2041
2038
2038
2036
2033
2031
2031
2030
2027
2025
2023
2020
2020
2019
2020
2021
2021
2022
2020
2018
2015
2012
2011
2008
2007
2006
2006
2008
2010
2012
2015
2017
2020
2022
2026
2029
2034
2035
2035
2036
2036
2034
2033
2030
2029
2025
2023
2021
2019
2018
2017
2017
2018
2020
2022
2021
2026
2029
2031
2033
2036
2038
2042
2044
2047
2049
2052
2054
2056
2057
2058
2062
2063
2064
2066
2066
2066
2068
2069
2069
2070
2071
2071
2072
2073
2072
2072
2074
2072
2071
2070
2069
2070
2069
2070
2070
2072
2073
2073
2072
2076
2077
2080
2081
2082
2085
2086
2086
2086
2085
2084
2085
2085
2084
2082
2080
2077
2076
2072
2072
2071
2069
2070
2068
2068
2067
2067
2066
2065
2065
2065
2064
2064
2063
2062
2060
2060
2059
2058
2058
2058
2057
2058
2056
2054
2053
2050
2048
2044
2042
2041
2038
2036
2035
2034
2034
2036
2038
2038
2039
2042
2041
2040
2037
2035
2029
2022
2015
2007
1999
1993
1986
1982
1977
1975
1972
1970
1971
1973
1973
1974
1979
1979
1983
1983
1981
1976
1965
1947
1926
1902
1872
1834
1791
1757
1725
1698
1672
1648
1626
1602
1578
1558
1540
1525
1517
1511
1511
1521
1547
1584
1625
1675
1730
1792
1860
1922
1972
2013
2044
2060
2066
2053
2028
1989
1935
1873
1808
1748
1692
1645
1609
1589
1577
1572
1576
1591
1618
1655
1704
1757
1814
1879
1949
2027
2108
2183
2255
2317
2366
2403
2425
2438
2443
2442
2440
2438
2434
2431
2423
2413
2397
2376
2347
2316
2284
2253
2227
2208
2197
2200
2215
2242
2274
2310
2346
2390
2429
2465
2487
2499
2505
2505
2503
2507
2530
2573
2630
2693
2756
2813
2864
2910
2953
2996
3046
3101
3162
3225
3285
3335
3365
3375
3364
3340
3301
3249
3183
3106
3020
2927
2832
2737
2642
2552
2471
2400
2345
2304
2283
2276
2280
2292
2307
2322
2337
2350
2357
2364
2371
2381
2391
2401
2403
2396
2375
2343
2298
2246
2189
2133
2089
2064
2063
2085
2122
2172
2221
2266
2308
2343
2361
2360
2342
2298
2230
2139
2027
1907
1791
1687
1607
1565
1568
1635
1748
1894
2053
2208
2347
2457
2533
2574
2581
2566
2532
2485
2428
2366
2302
2244
2196
2162
2130
2107
2088
2084
2093
2115
2137
2160
2178
2192
2202
2206
2202
2188
2150
2084
1999
1900
1794
1684
1582
1498
1446
1426
1411
1384
1347
1310
1287
1290
1324
1387
1470
1570
1670
1741
1779
1788
1766
1706
1609
1501
1401
1329
1306
1348
1460
1635
1841
2042
2211
2345
2445
2509
2547
2542
2490
2400
2289
2157
1993
1818
1672
1574
1545
1570
1630
1697
1772
1868
1963
2012
2009
1988
2007
2066
2133
2174
2144
2043
1892
1709
1480
1239
1058
951
876
773
658
576
565
636
781
1035
1373
1734
2050
2296
2506
2694
2849
2950
2967
2903
2763
2659
2622
2600
2597
2622
2605
2524
2416
2345
2290
2238
2221
2256
2294
2304
2279
2284
2304
2282
2205
2092
1944
1784
1667
1610
1576
1517
1429
1338
1277
1269
1329
1469
1649
1818
1963
2071
2118
2080
1965
1817
1654
1480
1327
1272
1345
1586
1956
2335
2583
2674
2628
2492
2329
2153
2010
1935
1895
1868
1893
1973
2080
2198
2313
2458
2648
2853
3038
3167
3212
3197
3176
3114
2966
2782
2671
2697
2862
3203
3697
4009
4015
4016
4018
4015
4014
4012
4012
4010
4008
4011
4012
4015
4016
4018
4019
4019
4015
4006
3858
3410
2866
2378
2027
1784
1663
1657
1734
1877
2037
2170
2245
2268
2288
2285
2270
2326
2510
2809
3156
3451
3622
3645
3536
3279
2921
2522
2080
1622
1222
896
691
646
709
836
1001
1171
1335
1497
1638
1737
1765
1719
1647
1523
1291
968
628
311
50
1
2
130
340
605
932
1297
1614
1831
1976
2169
2394
2623
2846
2941
2814
2489
2057
1540
1044
672
460
354
275
183
41
0
1
2
40
242
532
839
1119
1363
1564
1778
2039
2311
2540
2710
2807
2792
2713
2605
2480
2340
2202
2083
1970
1851
1713
1575
1522
1598
1710
1743
1635
1358
989
702
562
531
596
792
1114
1501
1867
2168
2361
2454
2542
2645
2698
2653
2524
2350
2200
2122
2054
1951
1825
1657
1461
1312
1272
1340
1479
1693
1916
2068
2169
2330
2522
2646
2665
2505
2184
1789
1412
1106
894
767
736
791
900
1015
1063
1022
1004
1082
1263
1459
1563
1545
1448
1335
1267
1221
1174
1113
1031
925
815
708
626
589
631
701
722
661
522
381
317
339
432
549
663
779
915
1042
1122
1120
1040
939
877
880
941
1020
1078
1131
1192
1225
1195
1106
983
862
789
777
797
825
861
920
983
1053
1147
1241
1287
1310
1318
1290
1278
1291
1322
1397
1541
1756
1989
2176
2285
2297
2223
2116
2049
1981
1890
1781
1635
1496
1399
1353
1369
1422
1410
1351
1324
1315
1257
1161
1066
1005
1020
1110
1237
1382
1543
1722
1880
1979
2010
1957
1847
1748
1706
1735
1795
1845
1836
1772
1663
1511
1397
1383
1502
1777
2214
2750
3296
3784
4006
4010
4012
4010
4008
4001
3972
3832
3608
3402
3338
3413
3519
3610
3657
3618
3508
3354
3174
2997
2856
2737
2608
2492
2423
2423
2533
2798
3164
3542
3872
4004
4008
4006
3999
3978
3898
3757
3578
3353
3086
2783
2485
2232
2034
1923
1899
1927
1972
2035
2137
2276
2462
2667
2867
3066
3256
3416
3556
3680
3695
3501
3119
2644
2243
2002
1885
1868
1926
2002
2100
2217
2351
2480
2598
2766
3041
3356
3571
3598
3398
2999
2491
1960
1522
1330
1394
1537
1618
1636
1584
1479
1365
1254
1157
1122
1179
1326
1561
1846
2100
2287
2403
2455
2469
2478
2479
2465
2418
2309
2185
2116
2100
2081
2071
2057
2031
2008
2005
2009
1992
1950
1880
1795
1717
1663
1625
1579
1483
1345
1242
1240
1367
1593
1834
2039
2182
2252
2261
2197
2086
1952
1825
1722
1661
1642
1652
1709
1756
1790
1861
1931
1990
2087
2169
2200
2172
2068
1895
1711
1547
1419
1337
1285
1231
1164
1164
1266
1464
1747
2052
2308
2452
2462
2404
2326
2222
2099
1974
1858
1749
1661
1610
1606
1652
1756
1892
2025
2130
2193
2163
2015
1786
1540
1301
1145
1115
1195
1362
1613
1914
2240
2551
2816
3017
3122
3115
2999
2791
2525
2227
1920
1630
1384
1189
1061
1010
1041
1138
1296
1457
1578
1639
1662
1677
1745
1882
2041
2207
2339
2358
2244
2031
1786
1608
1557
1578
1611
1620
1579
1526
1508
1531
1580
1644
1721
1808
1893
1974
2043
2083
2114
2139
2161
2168
2156
2130
2080
2011
1940
1885
1841
1715
1503
1261
1015
805
710
761
907
1163
1543
1979
2378
2706
2957
3134
3245
3290
3281
3227
3146
3052
2962
2888
2839
2821
2834
2870
2910
2918
2886
2820
2728
2607
2466
2306
2145
2002
1896
1835
1782
1731
1692
1676
1720
1876
2122
2423
2747
3036
3215
3252
3167
2998
2788
2564
2348
2168
2011
1868
1748
1658
1557
1446
1359
1314
1307
1347
1423
1465
1416
1341
1286
1253
1324
1504
1719
1911
2069
2152
2159
2126
2082
2031
1974
1907
1840
1776
1709
1658
1646
1676
1732
1809
1914
2012
2064
2079
2072
2031
1983
1974
2020
2094
2128
2083
1978
1859
1761
1736
1774
1835
1887
1916
1941
1970
2009
2062
2118
2164
2238
2347
2377
2217
1907
1517
1173
1006
1051
1212
1416
1601
1769
1933
2072
2183
2270
2345
2413
2458
2457
2379
2227
2034
1857
1743
1656
1566
1441
1302
1179
1095
1068
1126
1297
1517
1696
1768
1701
1532
1356
1227
1159
1147
1173
1229
1335
1478
1637
1800
1954
2085
2200
2298
2364
2392
2376
2322
2229
2117
1995
1871
1758
1669
1613
1581
1529
1463
1410
1366
1358
1387
1454
1597
1777
1950
2084
2144
2126
2054
2009
2023
2066
2082
2030
1926
1751
1503
1241
1020
884
894
1058
1287
1517
1749
1964
2126
2198
2157
2018
1791
1531
1299
1129
1036
995
897
728
550
461
562
857
1251
1624
1896
2027
2079
2112
2134
2144
2145
2101
1994
1878
1806
1799
1867
1979
2078
2139
2174
2166
2100
1990
1854
1703
1569
1482
1431
1412
1417
1427
1425
1416
1403
1397
1422
1497
1606
1708
1788
1844
1886
1935
1992
2061
2121
2142
2107
2019
1881
1752
1714
1765
1875
1994
2080
2103
2054
1952
1842
1726
1606
1522
1458
1360
1194
956
714
549
541
695
957
1264
1573
1849
2064
2209
2260
2232
2149
2031
1924
1862
1848
1867
1896
1915
1909
1903
1883
1787
1651
1542
1466
1446
1552
1751
1980
2204
2360
2385
2284
2120
2002
1952
1962
2005
2066
2150
2250
2329
2341
2255
2107
1922
1785
1734
1743
1770
1785
1789
1910
2178
2471
2717
2907
3034
3068
3020
2904
2721
2484
2234
2015
1842
1700
1570
1453
1351
1272
1222
1235
1324
1473
1649
1826
1974
2093
2195
2294
2384
2472
2547
2591
2594
2568
2534
2516
2530
2559
2603
2676
2766
2856
2898
2844
2690
2471
2242
2012
1796
1634
1555
1546
1610
1717
1829
1947
2090
2256
2469
2724
2973
3168
3294
3333
3273
3126
2912
2674
2450
2246
2040
1830
1638
1501
1443
1464
1557
1704
1880
2073
2265
2442
2583
2667
2663
2525
2307
2090
1919
1845
1884
2003
2169
2343
2448
2476
2440
2383
2342
2318
2313
2331
2386
2454
2484
2458
2398
2322
2278
2261
2237
2192
2143
2116
2117
2135
2156
2161
2147
2115
2078
2059
2076
2131
2205
2278
2315
2314
2290
2246
2194
2151
2114
2068
2010
1960
1931
1942
2008
2110
2245
2383
2501
2615
2735
2822
2874
2900
2876
2799
2663
2481
2307
2189
2112
2067
2077
1994
1752
1394
972
594
492
654
920
1217
1535
1838
2100
2305
2450
2535
2584
2614
2615
2560
2440
2268
2067
1885
1773
1712
1677
1665
1685
1734
1788
1845
1902
1941
1962
1972
1970
1945
1873
1762
1634
1521
1503
1632
1858
2110
2354
2582
2791
2968
3108
3204
3242
3223
3155
3057
2946
2823
2696
2563
2457
2396
2373
2359
2340
2313
2264
2212
2162
2104
2005
1876
1757
1673
1637
1662
1719
1773
1793
1762
1728
1735
1791
1854
1894
1889
1836
1775
1760
1794
1877
1981
2106
2236
2313
2313
2257
2172
2104
2094
2098
2069
2031
2039
2073
2109
2120
2102
2070
2024
1957
1879
1826
1804
1810
1858
1911
1937
1955
2000
2061
2123
2210
2303
2361
2372
2342
2289
2240
2234
2266
2322
2399
2486
2580
2626
2575
2434
2249
2070
1988
2010
2059
2086
2096
2098
2102
2107
2115
2150
2226
2326
2438
2574
2692
2747
2759
2750
2737
2760
2819
2843
2808
2706
2533
2323
2101
1872
1651
1477
1370
1324
1302
1284
1274
1279
1308
1393
1551
1743
1910
2040
2125
2176
2229
2300
2376
2430
2470
2489
2470
2415
2343
2255
2180
2173
2209
2244
2266
2273
2249
2216
2184
2152
2116
2082
2052
2029
2027
2046
2093
2136
2166
2181
2169
2128
2080
2024
1980
1965
1987
2052
2161
2276
2373
2446
2484
2485
2480
2482
2472
2431
2369
2284
2182
2133
2153
2222
2329
2458
2598
2731
2843
2913
2925
2836
2637
2364
2057
1741
1474
1315
1262
1297
1410
1590
1842
2129
2382
2553
2660
2716
2710
2669
2573
2426
2273
2132
1993
1855
1704
1557
1440
1346
1265
1186
1109
1052
1019
1046
1183
1426
1735
2067
2377
2663
2903
3061
3151
3188
3162
3073
2921
2717
2503
2296
2122
2025
1946
1852
1766
1713
1703
1753
1855
1977
2102
2214
2304
2366
2377
2323
2216
2083
1972
1922
1900
1869
1829
1805
1817
1877
1982
2088
2197
2342
2501
2649
2783
2857
2830
2702
2432
2064
1676
1336
1130
1112
1233
1432
1711
2042
2364
2643
2861
3012
3075
3064
2930
2677
2353
2007
1702
1495
1364
1287
1268
1258
1199
1126
1075
1069
1161
1344
1566
1787
1983
2107
2113
2017
1866
1694
1596
1616
1751
1941
2162
2387
2565
2684
2754
2764
2704
2622
2613
2656
2612
2434
2177
1889
1652
1535
1510
1558
1672
1755
1768
1725
1666
1658
1861
2241
2664
3038
3344
3558
3676
3691
3610
3480
3262
2937
2551
2101
1568
1079
792
749
968
1414
1942
2423
2797
3029
3159
3228
3234
3136
2949
2730
2504
2252
2013
1782
1545
1351
1226
1212
1257
1315
1356
1377
1407
1489
1584
1659
1715
1744
1745
1743
1747
1753
1752
1774
1884
2070
2288
2478
2538
2438
2224
1955
1719
1592
1541
1550
1614
1755
1956
2164
2327
2422
2453
2424
2348
2239
2112
1970
1863
1816
1811
1871
1986
2129
2282
2428
2552
2617
2615
2561
2483
2403
2331
2238
2103
1947
1799
1678
1633
1657
1741
1852
1873
1737
1477
1158
978
1049
1308
1671
2073
2468
2837
3156
3384
3510
3537
3462
3285
3015
2710
2431
2233
2153
2189
2351
2559
2708
2719
2572
2339
2062
1777
1562
1463
1511
1672
1858
2017
2101
2101
2043
1933
1809
1723
1698
1718
1730
1725
1733
1755
1772
1773
1739
1681
1643
1661
1739
1859
2007
2166
2293
2373
2428
2453
2421
2361
2287
2196
2098
2033
2024
2071
2194
2370
2535
2567
2369
1966
1521
1218
1137
1251
1474
1777
2068
2273
2383
2413
2399
2423
2501
2596
2678
2744
2767
2754
2735
2710
2698
2710
2710
2681
2584
2400
2158
1884
1635
1485
1433
1450
1521
1626
1720
1787
1825
1812
1698
1539
1390
1323
1399
1589
1806
1993
2116
2214
2347
2480
2572
2612
2614
2598
2571
2519
2440
2322
2168
2031
1959
1962
1972
1988
2017
2057
2116
2195
2272
2344
2406
2462
2506
2535
2596
2703
2762
2777
2771
2718
2587
2400
2174
1953
1798
1723
1712
1752
1837
1961
2094
2244
2413
2576
2698
2754
2721
2621
2506
2427
2354
2257
2153
2092
2068
2108
2168
2203
2208
2241
2319
2409
2475
2495
2506
2504
2469
2379
2223
2008
1775
1573
1433
1270
1002
716
554
556
763
1138
1560
1969
2338
2639
2805
2766
2573
2325
2116
2006
1982
1991
1997
1995
2004
2051
2121
2108
1968
1754
1546
1427
1476
1661
1891
2114
2307
2456
2576
2690
2792
2877
3019
3207
3254
3095
2782
2351
1946
1751
1713
1715
1707
1699
1691
1686
1703
1778
1894
2057
2257
2416
2508
2571
2582
2496
2313
2112
1909
1729
1580
1452
1326
1246
1214
1233
1330
1492
1664
1829
1979
2114
2200
2176
2010
1703
1346
1049
932
1030
1277
1556
1820
2062
2299
2475
2529
2495
2434
2379
2339
2310
2304
2311
2318
2304
2250
2162
2039
1884
1717
1567
1449
1375
1350
1375
1436
1535
1674
1912
2196
2425
2550
2570
2468
2308
2164
2052
1962
1909
1906
1959
2060
2163
2199
2152
2068
1970
1894
1880
1886
1855
1799
1781
1800
1835
1861
1878
1894
1931
2011
2065
2031
1930
1775
1640
1613
1714
1890
2070
2178
2189
2138
2057
1972
1903
1851
1760
1622
1508
1440
1450
1554
1679
1788
1873
1972
2114
2283
2455
2612
2764
2906
3005
3034
3006
2905
2728
2495
2210
1925
1713
1630
1647
1720
1791
1844
1850
1872
1946
2042
2121
2177
2222
2273
2340
2436
2556
2671
2760
2802
2779
2690
2536
2346
2132
1891
1621
1376
1186
1080
1080
1182
1339
1509
1663
1807
1965
2138
2298
2399
2435
2424
2435
2536
2728
2933
3094
3177
3194
3200
3258
3328
3355
3334
3223
3023
2759
2448
2131
1858
1667
1568
1551
1570
1586
1563
1514
1422
1326
1335
1412
1530
1719
1921
2072
2158
2144
2014
1856
1759
1742
1778
1829
1874
1927
1987
2034
2073
2100
2118
2129
2139
2150
2147
2135
2124
2110
2069
2008
1954
1933
1986
2116
2282
2435
2560
2651
2718
2775
2842
2939
3069
3198
3294
3360
3356
3255
3055
2828
2624
2500
2447
2420
2374
2287
2171
2035
1879
1727
1634
1632
1697
1771
1811
1805
1821
1903
2013
2096
2147
2194
2254
2295
2255
2095
1855
1624
1480
1459
1524
1587
1626
1659
1709
1800
1940
2101
2252
2353
2390
2366
2292
2194
2061
1929
1877
1919
2054
2207
2328
2402
2437
2467
2473
2428
2332
2214
2091
1992
1919
1858
1828
1809
1794
1784
1793
1818
1818
1783
1687
1544
1435
1469
1637
1919
2284
2673
2975
3156
3214
3162
3015
2782
2545
2380
2295
2278
2309
2410
2553
2708
2833
2889
2828
2663
2404
2097
1784
1524
1344
1248
1249
1280
1263
1175
1048
947
1000
1199
1425
1585
1669
1679
1663
1653
1644
1638
1680
1816
2023
2233
2401
2520
2528
2456
2333
2152
1936
1764
1679
1664
1689
1710
1709
1693
1675
1661
1649
1641
1656
1690
1720
1763
1844
1943
2052
2172
2271
2326
2336
2297
2243
2181
2104
2018
1954
1928
1941
1999
2078
2169
2262
2332
2386
2415
2419
2404
2373
2342
2316
2332
2423
2577
2700
2734
2672
2518
2330
2212
2148
2095
2069
2082
2113
2150
2192
2242
2318
2379
2416
2474
2536
2546
2437
2150
1699
1194
779
516
433
492
622
816
1060
1300
1503
1661
1772
1831
1854
1827
1751
1634
1470
1293
1119
946
791
702
682
712
787
913
1080
1266
1441
1594
1727
1841
1956
2078
2187
2283
2373
2434
2463
2459
2392
2250
2061
1827
1602
1474
1500
1724
2081
2461
2795
3053
3214
3282
3277
3208
3094
2965
2825
2673
2506
2332
2150
1959
1778
1647
1565
1514
1482
1455
1416
1349
1250
1106
954
857
837
907
1091
1335
1563
1759
1896
1974
2062
2186
2298
2400
2527
2665
2751
2783
2778
2727
2607
2406
2121
1755
1383
1058
801
626
554
587
724
932
1165
1359
1483
1537
1579
1675
1834
2013
2169
2286
2359
2358
2239
1999
1701
1429
1276
1278
1379
1498
1589
1674
1762
1858
1973
2116
2267
2422
2585
2750
2897
3016
3100
3121
3069
2962
2797
2602
2421
2276
2159
2080
2036
2031
2052
2096
2162
2241
2310
2376
2448
2489
2509
2515
2469
2378
2275
2150
2067
2060
2083
2123
2197
2289
2382
2459
2501
2500
2455
2376
2238
2050
1845
1640
1440
1280
1177
1121
1104
1141
1235
1352
1475
1598
1715
1850
2014
2204
2381
2517
2584
2582
2534
2467
2391
2320
2254
2233
2274
2371
2525
2713
2895
3037
3150
3212
3183
3090
2974
2867
2796
2763
2754
2751
2747
2732
2720
2715
2704
2669
2592
2456
2275
2082
1906
1773
1684
1617
1575
1597
1715
1906
2112
2295
2408
2431
2380
2266
2109
1910
1646
1363
1138
1002
1003
1145
1371
1637
1949
2287
2612
2872
3021
3047
2951
2742
2462
2157
1874
1664
1544
1497
1519
1583
1670
1761
1810
1812
1781
1707
1621
1585
1629
1744
1931
2138
2334
2509
2657
2774
2853
2915
2949
2922
2852
2767
2694
2633
2597
2593
2599
2615
2681
2787
2890
2953
2980
2982
2943
2824
2588
2251
1831
1420
1127
953
868
864
932
1032
1132
1242
1423
1673
1921
2133
2315
2445
2564
2672
2758
2795
2747
2603
2393
2152
1913
1678
1466
1254
984
660
302
1
1
0
4
185
450
762
1074
1414
1810
2194
2516
2753
2907
2987
3017
3054
3097
3102
3076
3004
2866
2672
2458
2240
2063
1940
1833
1735
1649
1563
1486
1466
1515
1633
1822
2067
2318
2530
2685
2789
2843
2820
2714
2557
2345
2077
1796
1537
1312
1153
1092
1114
1191
1291
1383
1485
1636
1892
2196
2469
2661
2748
2696
2547
2344
2124
1913
1738
1617
1543
1514
1521
1559
1618
1676
1707
1701
1655
1610
1595
1624
1701
1825
1982
2138
2248
2313
2332
2317
2316
2332
2333
2321
2292
2227
2143
2064
2004
1983
2005
1995
1953
1917
1863
1808
1807
1827
1852
1909
1994
2090
2224
2402
2592
2763
2880
2919
2894
2817
2674
2474
2242
2029
1867
1758
1701
1660
1643
1669
1785
1976
2174
2331
2420
2439
2403
2341
2274
2245
2284
2376
2468
2517
2486
2373
2198
1991
1790
1623
1497
1464
1499
1558
1617
1693
1802
1967
2182
2413
2593
2674
2688
2694
2713
2787
2923
3063
3146
3157
3127
3122
3153
3230
3370
3485
3477
3339
3088
2742
2350
1998
1747
1564
1414
1291
1178
1062
991
1024
1154
1363
1615
1883
2131
2350
2540
2651
2678
2657
2618
2558
2504
2469
2455
2519
2682
2889
3055
3136
3118
3050
3020
3069
3102
3023
2803
2477
2097
1732
1444
1233
1066
930
880
930
1068
1275
1537
1804
1997
2089
2107
2050
1939
1826
1751
1702
1640
1563
1502
1463
1428
1436
1643
2056
2590
3120
3537
3740
3724
3506
3165
2774
2391
2030
1732
1499
1283
1084
941
858
813
808
839
913
1049
1204
1348
1462
1560
1633
1710
1845
2040
2221
2392
2562
2756
2995
3250
3453
3569
3576
3442
3194
2894
2592
2330
2135
2003
1940
1954
2051
2230
2468
2696
2868
2958
2952
2862
2768
2697
2608
2475
2315
2138
1951
1758
1536
1279
1012
798
678
622
621
682
820
1026
1332
1730
2115
2389
2537
2606
2612
2571
2492
2382
2265
2183
2184
2242
2304
2374
2446
2505
2534
2517
2417
2239
2066
1962
1897
1835
1747
1643
1560
1524
1511
1523
1550
1606
1747
1966
2222
2457
2638
2744
2755
2711
2631
2527
2419
2315
2201
2082
1981
1919
1898
1913
1946
1999
2085
2232
2426
2624
2780
2862
2856
2777
2670
2564
2457
2314
2126
1903
1708
1585
1506
1451
1409
1386
1379
1394
1427
1484
1577
1678
1769
1862
1965
2052
2108
2164
2236
2311
2382
2451
2528
2612
2696
2775
2841
2889
2930
2957
2949
2916
2838
2650
2359
2011
1643
1318
1059
849
685
570
564
677
879
1142
1432
1714
1969
2184
2346
2456
2536
2593
2611
2590
2541
2477
2406
2337
2265
2183
2104
2024
1957
1914
1907
1951
2041
2180
2361
2550
2717
2852
2924
2926
2873
2791
2695
2611
2514
2391
2253
2103
1976
1931
1974
2074
2201
2317
2379
2397
2392
2404
2469
2558
2611
2603
2544
2470
2418
2379
2326
2241
2132
1994
1840
1691
1570
1484
1425
1362
1261
1131
1060
1105
1245
1422
1581
1703
1831
2008
2229
2401
2520
2546
2482
2392
2324
2323
2389
2475
2555
2618
2642
2621
2567
2489
2383
2264
2140
2005
1869
1753
1650
1567
1519
1509
1558
1656
1768
1866
1939
1979
2012
2060
2117
2179
2237
2285
2340
2399
2446
2462
2447
2433
2442
2457
2447
2402
2308
2152
1958
1767
1612
1469
1349
1350
1466
1649
1865
2059
2227
2377
2514
2651
2783
2868
2926
2914
2797
2554
2257
1966
1750
1704
1779
1894
2023
2160
2260
2310
2300
2229
2126
2046
1983
1913
1845
1775
1707
1667
1695
1801
1959
2127
2281
2412
2495
2519
2488
2413
2317
2210
2131
2165
2287
2445
2599
2700
2711
2643
2500
2302
2094
1915
1804
1767
1750
1713
1664
1603
1579
1619
1690
1752
1796
1848
1882
1922
1991
2080
2173
2304
2436
2529
2582
2647
2740
2822
2826
2718
2512
2246
1965
1715
1514
1375
1324
1399
1591
1851
2135
2397
2595
2747
2843
2844
2729
2511
2235
1930
1626
1353
1114
931
840
813
816
832
855
908
1007
1132
1244
1322
1402
1495
1605
1749
1904
2054
2192
2312
2400
2456
2480
2486
2485
2497
2534
2646
2847
3051
3203
3255
3192
3035
2845
2617
2354
2104
1879
1700
1579
1516
1485
1482
1519
1583
1686
1814
1966
2137
2310
2469
2579
2611
2554
2429
2259
2064
1880
1741
1650
1604
1595
1636
1749
1931
2154
2356
2486
2530
2483
2370
2219
2098
2001
1905
1811
1734
1640
1533
1445
1377
1322
1287
1292
1363
1486
1639
1804
1945
2049
2125
2199
2287
2375
2442
2498
2579
2681
2780
2870
2917
2888
2776
2600
2375
2124
1874
1674
1531
1446
1433
1484
1581
1705
1815
1892
1938
1970
2009
2047
2073
2088
2114
2168
2253
2353
2462
2570
2678
2780
2871
2918
2908
2853
2783
2697
2589
2464
2344
2253
2188
2129
2066
2011
1972
1953
1960
2020
2124
2237
2311
2340
2327
2309
2302
2287
2261
2237
2238
2227
2171
2083
1979
1839
1735
1766
1878
1992
2080
2149
2210
2267
2321
2361
2407
2488
2555
2551
2480
2360
2204
2050
1897
1716
1507
1286
1066
880
776
773
861
1017
1227
1463
1687
1889
2069
2209
2315
2388
2447
2507
2576
2635
2675
2686
2668
2636
2597
2532
2427
2314
2213
2125
2055
2010
2004
2043
2128
2244
2375
2494
2574
2590
2520
2373
2168
1949
1807
1762
1784
1830
1876
1908
1934
1993
2070
2170
2274
2325
2280
2174
2049
1909
1732
1493
1226
1002
904
966
1133
1327
1499
1638
1772
1877
1939
1973
1977
1930
1839
1723
1605
1509
1455
1442
1475
1551
1644
1734
1815
1889
1970
2056
2116
2154
2193
2266
2435
2658
2903
3117
3274
3356
3361
3298
3176
2980
2707
2364
1975
1566
1179
832
566
424
438
599
876
1223
1601
1969
2306
2605
2846
3029
3154
3235
3284
3298
3256
3146
2967
2709
2382
2062
1795
1597
1479
1445
1459
1474
1466
1409
1294
1124
935
762
635
572
640
840
1128
1445
1739
1986
2188
2345
2461
2531
2538
2481
2384
2271
2173
2122
2106
2118
2147
2188
2229
2274
2309
2332
2365
2436
2550
2690
2845
3007
3152
3227
3203
3081
2872
2640
2435
2296
2196
2092
1982
1877
1788
1722
1683
1664
1644
1630
1623
1630
1654
1700
1753
1802
1844
1866
1870
1865
1849
1799
1725
1644
1586
1553
1519
1498
1519
1563
1616
1655
1625
1509
1394
1354
1381
1442
1483
1499
1517
1564
1634
1731
1823
1871
1873
1820
1706
1554
1406
1276
1177
1131
1194
1387
1690
2054
2422
2745
2981
3120
3144
3047
2842
2551
2218
1882
1561
1273
1046
904
865
922
1054
1227
1395
1513
1567
1594
1640
1723
1869
2081
2310
2519
2675
2781
2858
2914
2946
2930
2862
2779
2688
2590
2476
2334
2171
2002
1893
1868
1879
1884
1812
1631
1374
1142
996
943
940
957
960
941
890
821
730
625
534
502
552
648
754
893
1075
1296
1527
1738
1905
2017
2080
2118
2138
2136
2123
2128
2171
2253
2375
2520
2646
2744
2809
2815
2774
2694
2583
2468
2359
2226
2066
1830
1524
1199
914
720
686
810
1056
1373
1720
2072
2420
2743
3017
3229
3401
3544
3643
3659
3582
3423
3219
2984
2700
2372
2023
1689
1412
1200
1055
975
973
1042
1142
1244
1346
1453
1567
1684
1804
1925
2034
2116
2170
2232
2318
2444
2601
2762
2908
3014
3054
3038
2988
2920
2840
2775
2719
2670
2628
2604
2606
2636
2692
2742
2757
2715
2633
2526
2376
2162
1909
1688
1552
1530
1584
1672
1758
1854
1971
2081
2173
2243
2265
2234
2190
2140
2078
1997
1914
1840
1794
1787
1798
1808
1837
1916
2023
2189
2433
2670
2829
2924
2959
2913
2825
2676
2454
2181
1947
1807
1731
1709
1751
1854
1993
2137
2264
2363
2412
2437
2447
2416
2342
2270
2201
2123
2049
1976
1917
1872
1862
1877
1903
1919
1914
1881
1814
1733
1650
1575
1509
1448
1399
1370
1363
1383
1424
1466
1505
1542
1584
1625
1672
1749
1864
1997
2123
2227
2294
2348
2403
2478
2569
2643
2699
2750
2788
2800
2804
2814
2802
2752
2690
2629
2591
2598
2636
2621
2527
2396
2253
2113
2003
1911
1797
1649
1481
1308
1148
1030
964
947
963
994
1052
1159
1328
1521
1695
1830
1925
1985
2016
2023
2014
1998
1978
1959
1938
1924
1939
1975
2026
2074
2106
2119
2117
2108
2086
2052
2013
1971
1931
1899
1883
1884
1902
1932
1949
1949
1946
1959
2001
2064
2129
2182
2211
2212
2196
2177
2159
2152
2154
2158
2159
2149
2128
2102
2073
2058
2060
2075
2104
2147
2218
2300
2380
2430
2435
2381
2288
2166
2006
1821
1635
1476
1362
1301
1269
1262
1284
1334
1416
1521
1642
1764
1871
1956
2023
2066
2085
2076
2040
1955
1836
1705
1562
1433
1337
1282
1267
1279
1297
1303
1289
1255
1206
1156
1107
1069
1046
1045
1075
1124
1175
1206
1206
1163
1077
955
818
685
581
523
521
567
649
745
844
943
1040
1124
1190
1235
1262
1268
1262
1247
1225
1203
1184
1170
1160
1152
1150
1150
1150
1143
1135
1121
1092
1052
1009
968
941
925
919
924
942
971
1007
1041
1048
1009
939
855
767
678
583
485
393
306
232
180
148
132
129
130
129
118
94
61
29
3
2
1
2
1
1
1
2
2
1
0
4
2
1
1
0
2
2
0
2
2
2
2
1
2
3
0
2
2
0
1
1
2
2
1
2
2
2
0
2
3
1
0
2
2
1
1
0
3
1
2
1
3
4
0
1
2
1
0
0
2
2
0
2
1
1
2
2
3
16
85
179
289
401
512
612
711
813
923
1021
1107
1180
1241
1295
1352
1417
1501
1600
1708
1824
1954
2095
2236
2357
2443
2493
2526
2552
2586
2619
2635
2633
2626
2603
2561
2508
2466
2453
2477
2533
2609
2690
2747
2729
2604
2391
2118
1823
1544
1314
1144
1019
916
819
738
682
632
594
590
648
759
925
1149
1423
1746
2134
2561
3003
3458
3905
4012
4015
4015
4017
4019
4019
4018
4022
4023
4022
4020
4022
4021
4018
4015
4007
3975
3763
3456
3119
2794
2531
2356
2271
2269
2345
2482
2653
2815
2948
3050
3114
3140
3117
3035
2898
2721
2523
2348
2232
2172
2139
2104
2057
1989
1901
1793
1684
1581
1487
1397
1321
1250
1199
1170
1173
1197
1244
1304
1378
1454
1525
1588
1639
1670
1674
1645
1588
1519
1443
1368
1295
1224
1152
1075
991
910
840
790
767
778
821
907
1032
1186
1364
1548
1707
1830
1906
1923
1882
1789
1660
1510
1341
1167
997
843
714
622
593
630
721
853
1007
1174
1334
1478
1600
1698
1771
1816
1835
1832
1803
1744
1674
1614
1557
1500
1461
1445
1473
1556
1719
2007
2438
2916
3347
3703
3994
4014
4020
4023
4026
4025
4024
4028
4028
4028
4026
4028
4029
4028
4027
4026
4030
4028
4028
4027
4029
4028
4026
4028
4029
4027
4028
4030
4029
4025
4028
4027
4027
4028
4029
4028
4027
4026
4029
4026
4026
4028
4028
4026
4028
4028
4028
4028
4028
4028
4029
4027
4029
4028
4027
4024
4026
4026
4026
4024
4023
4023
4021
4020
4020
4019
4018
4019
4019
4016
4015
4016
4015
4016
4016
4015
4019
4017
4018
4017
4018
4019
4020
4020
4018
4017
4015
4012
4012
4012
4008
4003
3992
3970
3909
3800
3671
3532
3389
3249
3116
2998
2900
2832
2795
2791
2812
2840
2857
2851
2811
2737
2634
2504
2358
2203
2042
1876
1716
1567
1434
1319
1231
1177
1164
1155
1160
1185
1229
1296
1382
1479
1581
1687
1794
1902
2012
2122
2226
2322
2411
2488
2550
2594
2623
2637
2634
2618
2590
2551
2503
2449
2388
2320
2248
2180
2123
2081
2056
2049
2056
2073
2095
2128
2166
2208
2246
2284
2318
2347
2372
2393
2409
2422
2428
2431
2432
2425
2412
2390
2358
2314
2260
2201
2133
2057
1986
1921
1870
1821
1778
1743
1715
1700
1694
1698
1717
1745
1779
1821
1868
1913
1955
1992
2022
2041
2043
2035
2012
1978
1938
1894
1847
1794
1735
1673
1599
1517
1427
1329
1234
1141
1057
979
909
844
788
738
699
668
646
631
619
607
602
611
628
656
686
714
734
748
748
741
735
730
732
744
766
797
827
855
881
900
914
925
935
941
945
949
956
967
985
1009
1040
1078
1118
1161
1205
1251
1295
1336
1376
1414
1449
1480
1511
1539
1566
1594
1623
1655
1687
1721
1758
1791
1826
1860
1895
1927
1959
1991
2023
2054
2087
2116
2150
2182
2212
2242
2267
2291
2313
2332
2351
2366
2377
2384
2390
2395
2402
2410
2419
2430
2441
2454
2468
2482
2495
2507
2519
2529
2537
2544
2550
2556
2561
2565
2570
2571
2575
2578
2581
2583
2588
2593
2600
2604
2608
2610
2614
2615
2616
2616
2621
2625
2630
2633
2637
2637
2638
2638
2637
2636
2637
2634
2633
2629
2624
2622
2620
2620
2619
2620
2622
2628
2634
2640
2651
2661
2668
2675
2682
2695
2706
2720
2735
2751
2767
2783
2799
2816
2831
2847
2866
2882
2898
2913
2929
2942
2956
2964
2972
2980
2985
2987
2987
2985
2980
2977
2972
2967
2964
2962
2963
2965
2968
2971
2973
2973
2970
2966
2959
2951
2936
2921
2905
2888
2872
2854
2838
2822
2807
2792
2780
2766
2751
2741
2726
2712
2698
2682
2669
2649
2634
2618
2600
2582
2564
2539
2513
2485
2457
2432
2410
2390
2373
2358
2347
2337
2329
2320
2311
2301
2290
2280
2267
2256
2244
2231
2221
2214
2203
2193
2184
2178
2168
2162
2153
2145
2134
2124
2116
2107
2097
2085
2072
2059
2043
2027
2013
1999
1983
1970
1956
1944
1934
1923
1915
1904
1894
1885
1877
1869
1863
1856
1850
1843
1834
1826
1816
1807
1797
1789
1779
1770
1766
1760
1758
1754
1751
1751
1751
1751
1752
1754
1758
1760
1763
1766
1769
1771
1775
1778
1781
1785
1788
1790
1793
1797
1800
1803
1806
1808
1811
1814
1819
1823
1827
1834
1841
1846
1853
1857
1860
1863
1865
1863
1865
1866
1867
1870
1876
1877
1881
1885
1893
1901
1911
1924
1937
1950
1963
1976
1988
1997
2004
2013
2022
2029
2041
2050
2060
2071
2080
2090
2102
2113
2124
2134
2142
2151
2156
2162
2170
2176
2182
2186
2193
2198
2203
2210
2219
2227
2234
2242
2249
2254
2260
2268
2274
2280
2287
2291
2296
2301
2304
2306
2308
2308
2311
2312
2316
2319
2323
2326
2324
2311
2284
2248
2211
2178
2152
2136
2130
2131
2136
2141
2152
2161
2174
2189
2206
2222
2240
2254
2270
2281
2291
2299
2305
2309
2308
2310
2309
2305
2300
2294
2289
2280
2273
2266
2259
2251
2242
2233
2226
2218
2210
2205
2199
2193
2189
2184
2178
2170
2165
2156
2150
2143
2138
2132
2127
2121
2114
2108
2103
2099
2092
2089
2085
2082
2077
2073
2070
2068
2063
2058
2054
2046
2039
2032
2025
2017
2010
2004
1998
1991
1981
1974
1965
1955
1945
1935
1930
1924
1916
1910
1905
1902
1898
1895
1890
1885
1878
1874
1870
1865
1859
1853
1849
1844
1840
1837
1834
1832
1831
1829
1831
1834
1837
1841
1851
1846
1847
1848
1847
1847
1847
1846
1844
1843
1841
1839
1837
1834
1829
1827
1823
1822
1820
1822
1823
1824
1826
1828
1830
1829
1828
1829
1830
1828
1828
1828
1828
1830
1830
1833
1832
1834
1833
1831
1831
1827
1828
1826
1827
1827
1828
1826
1828
1829
1827
1825
1823
1819
1815
1811
1807
1804
1800
1797
1796
1795
1793
1790
1787
1781
1771
1761
1746
1731
1711
1693
1673
1656
1640
1624
1612
1600
1587
1576
1569
1560
1552
1543
1538
1532
1524
1520
1518
1516
1516
1513
1516
1517
1517
1519
1524
1527
1529
1532
1538
1543
1545
1549
1554
1556
1557
1558
1560
1560
1559
1560
1563
1563
1563
1566
1571
1573
1579
1580
1586
1587
1588
1591
1593
1594
1594
1596
1596
1595
1595
1594
1596
1596
1597
1595
1597
1597
1598
1601
1604
1607
1610
1612
1614
1616
1617
1617
1619
1620
1619
1621
1623
1624
1624
1626
1628
1630
1628
1629
1630
1631
1629
1631
1633
1633
1633
1632
1633
1633
1632
1629
1631
1630
1628
1629
1628
1631
1628
1630
1633
1634
1634
1634
1636
1635
1635
1636
1638
1639
1640
1641
1644
1645
1646
1647
1650
1653
1653
1654
1656
1658
1659
1661
1663
1666
1667
1668
1668
1669
1670
1671
1675
1676
1680
1680
1684
1687
1688
1689
1693
1693
1695
1694
1698
1699
1700
1704
1709
1711
1716
1716
1720
1722
1725
1728
1731
1736
1740
1745
1750
1753
1756
1761
1766
1768
1773
1777
1782
1787
1790
1794
1799
1802
1805
1810
1814
1817
1821
1824
1830
1833
1837
1841
1844
1847
1851
1852
1853
1858
1857
1859
1861
1867
1869
1873
1877
1881
1884
1888
1893
1895
1898
1901
1908
1910
1914
1915
1919
1924
1926
1929
1932
1936
1937
1939
1941
1942
1942
1944
1946
1948
1949
1952
1957
1957
1961
1965
1970
1973
1975
1975
1974
1971
1971
1967
1968
1967
1966
1969
1969
1970
1971
1974
1976
1979
1980
1979
1979
1976
1973
1967
1963
1957
1951
1947
1944
1939
1937
1937
1935
1934
1935
1933
1933
1932
1933
1932
1929
1925
1918
1914
1910
1908
1903
1901
1901
1897
1897
1894
1893
1894
1891
1892
1891
1888
1886
1882
1879
1875
1869
1863
1858
1853
1849
1847
1845
1844
1845
1846
1846
1849
1849
1847
1850
1850
1850
1850
1852
1850
1850
1849
1850
1847
1844
1840
1836
1831
1829
1825
1825
1825
1827
1827
1829
1833
1835
1839
1841
1846
1849
1852
1856
1857
1858
1864
1867
1870
1873
1877
1879
1881
1882
1886
1889
1890
1892
1894
1897
1901
1903
1906
1909
1912
1915
1917
1922
1925
1930
1931
1934
1937
1938
1939
1941
1942
1942
1943
1945
1946
1948
1951
1954
1954
1957
1958
1960
1961
1961
1964
1965
1963
1964
1961
1960
1959
1955
1952
1948
1945
1940
1937
1937
1934
1933
1934
1935
1940
1942
1945
1947
1950
1952
1953
1957
1960
1962
1963
1964
1966
1967
1970
1970
1971
1967
1968
1966
1967
1964
1964
1962
1961
1958
1955
1955
1953
1952
1953
1956
1958
1961
1964
1970
1975
1978
1982
1985
1989
1991
1993
1994
1996
1997
1997
1998
1999
1998
1998
1997
1997
1992
1991
1988
1985
1982
1982
1982
1981
1983
1985
1987
1990
1993
1995
1999
2002
2003
2003
2005
2002
1999
1997
1995
1995
1993
1991
1990
1989
1985
1983
1982
1979
1979
1976
1976
1975
1972
1971
1969
1970
1969
1967
1966
1966
1962
1959
1959
1955
1955
1954
1954
1954
1955
1956
1957
1956
1957
1957
1958
1958
1960
1962
1965
1967
1965
1966
1967
1964
1965
1966
1965
1965
1964
1965
1969
1967
1968
1969
1969
1968
1967
1966
1967
1967
1965
1964
1965
1965
1964
1966
1966
1971
1972
1974
1975
1977
1976
1978
1978
1977
1973
1973
1970
1969
1967
1967
1969
1971
1974
1975
1979
1982
1983
1987
1988
1989
1987
1987
1989
1988
1988
1986
1986
1985
1983
1983
1985
1986
1985
1985
1987
1990
1990
1992
1998
1999
2000
2001
2003
2005
2005
2005
2007
2007
2009
2011
2012
2014
2017
2018
2023
2029
2033
2038
2044
2049
2051
2054
2057
2061
2062
2065
2067
2069
2070
2071
2072
2072
2073
2076
2077
2080
2080
2084
2086
2086
2087
2088
2090
2092
2094
2095
2097
2098
2099
2100
2098
2098
2097
2096
2095
2094
2092
2092
2090
2088
2085
2085
2083
2081
2080
2078
2078
2079
2077
2077
2077
2076
2077
2074
2074
2072
2071
2070
2069
2069
2069
2070
2072
2072
2072
2072
2071
2070
2068
2066
2065
2063
2059
2058
2056
2054
2052
2053
2052
2051
2050
2049
2045
2045
2044
2044
2045
2045
2045
2045
2047
2047
2046
2047
2049
2050
2050
2050
2050
2050
2052
2052
2051
2051
2051
2051
2052
2052
2052
2054
2055
2054
2053
2050
2047
2046
2044
2043
2044
2046
2046
2045
2047
2052
2054
2056
2058
2060
2062
2062
2064
2064
2065
2065
2066
2065
2065
2065
2066
2067
2067
2067
2066
2067
2068
2068
2070
2069
2070
2071
2072
2073
2073
2074
2075
2077
2077
2077
2078
2078
2077
2077
2077
2078
2080
2080
2083
2083
2085
2087
2091
2093
2096
2098
2099
2098
2098
2096
2096
2096
2096
2095
2095
2098
2098
2101
2103
2103
2103
2104
2107
2105
2105
2106
2106
2106
2106
2104
2102
2098
2097
2092
2090
2088
2086
2084
2085
2086
2086
2089
2092
2094
2098
2100
2104
2106
2105
2106
2108
2108
2108
2105
2103
2100
2096
2094
2090
2085
2081
2079
2080
2077
2075
2076
2076
2078
2080
2081
2084
2083
2084
2084
2084
2084
2082
2080
2078
2076
2072
2069
2067
2064
2062
2060
2061
2059
2060
2062
2064
2065
2065
2066
2068
2069
2068
2068
2068
2066
2064
2061
2060
2057
2053
2051
2047
2046
2043
2041
2041
2039
2038
2039
2039
2039
2041
2039
2041
2041
2040
2041
2041
2043
2043
2045
2047
2050
2050
2053
2056
2060
2064
2065
2067
2068
2065
2062
2059
2054
2049
2046
2045
2045
2044
2049
2053
2056
2061
2063
2067
2067
2066
2067
2067
2066
2064
2062
2061
2058
2057
2054
2059
2059
2059
2058
2057
2056
2057
2059
2060
2062
2061
2062
2064
2062
2061
2061
2059
2060
2059
2060
2060
2058
2057
2058
2060
2059
2057
2057
2059
2058
2060
2060
2060
2062
2062
2064
2063
2063
2064
2062
2061
2060
2059
2061
2061
2064
2065
2067
2067
2071
2072
2073
2074
2075
2076
2076
2076
2077
2076
2077
2077
2076
2076
2074
2075
2075
2075
2074
2077
2076
2078
2080
2082
2083
2084
2083
2083
2083
2082
2083
2082
2082
2081
2081
2083
2085
2088
2090
2092
2093
2097
2095
2096
2097
2093
2093
2092
2091
2090
2090
2089
2091
2090
2091
2091
2089
2086
2085
2086
2084
2084
2083
2083
2083
2082
2081
2082
2083
2082
2080
2078
2075
2074
2074
2076
2078
2080
2081
2083
2086
2087
2088
2091
2093
2093
2093
2090
2087
2083
2081
2079
2077
2076
2074
2074
2073
2071
2071
2071
2069
2066
2062
2061
2057
2056
2056
2054
2055
2052
2053
2052
2054
2053
2053
2053
2054
2054
2052
2052
2050
2049
2048
2047
2046
2046
2045
2045
2043
2043
2044
2045
2043
2044
2043
2043
2044
2045
2045
2046
2045
2045
2045
2044
2044
2044
2042
2040
2041
2039
2039
2039
2039
2038
2038
2041
2041
2042
2043
2043
2041
2041
2041
2041
2039
2039
2039
2039
2039
2038
2038
2038
2040
2039
2041
2041
2043
2042
2043
2046
2049
2049
2052
2055
2057
2058
2060
2062
2063
2063
2064
2066
2066
2066
2067
2069
2070
2071
2071
2073
2073
2074
2076
2078
2078
2078
2080
2080
2080
2077
2076
2072
2066
2062
2057
2054
2051
2049
2049
2049
2046
2048
2049
2052
2053
2053
2053
2054
2056
2052
2050
2050
2049
2047
2045
2049
2047
2049
2049
2050
2051
2050
2049
2050
2050
2049
2046
2045
2046
2044
2043
2045
2046
2044
2045
2047
2045
2045
2045
2048
2051
2051
2055
2057
2058
2058
2061
2061
2062
2061
2061
2061
2061
2059
2059
2059
2060
2060
2058
2059
2061
2061
2063
2064
2065
2065
2068
2069
2068
2067
2067
2066
2064
2065
2063
2064
2065
2068
2068
2068
2069
2068
2070
2069
2068
2068
2066
2067
2066
2065
2064
2065
2064
2063
2062
2063
2062
2062
2061
2063
2064
2064
2064
2064
2065
2066
2066
2070
2071
2072
2074
2076
2077
2077
2079
2082
2081
2084
2083
2087
2088
2090
2091
2091
2091
2091
2089
2090
2088
2086
2085
2086
2086
2085
2085
2087
2088
2088
2088
2091
2092
2093
2095
2098
2099
2100
2100
2097
2099
2097
2098
2099
2098
2099
2098
2099
2099
2096
2096
2098
2096
2096
2096
2093
2090
2088
2085
2085
2084
2083
2082
2080
2081
2081
2080
2083
2082
2085
2088
2093
2095
2096
2098
2099
2098
2098
2096
2092
2087
2085
2083
2084
2078
2080
2079
2080
2082
2082
2086
2089
2089
2091
2091
2090
2089
2088
2085
2085
2084
2081
2078
2078
2077
2076
2075
2074
2074
2073
2070
2071
2072
2070
2068
2070
2068
2068
2066
2067
2068
2066
2069
2071
2071
2072
2071
2070
2073
2073
2074
2075
2074
2074
2073
2075
2075
2078
2080
2080
2080
2079
2078
2078
2076
2076
2075
2076
2078
2077
2077
2079
2080
2078
2077
2077
2077
2073
2072
2071
2069
2067
2065
2063
2061
2058
2060
2058
2059
2057
2059
2062
2063
2062
2064
2064
2064
2063
2061
2063
2061
2060
2059
2058
2056
2058
2057
2060
2062
2061
2063
2063
2066
2065
2065
2067
2067
2067
2067
2068
2068
2067
2069
2071
2072
2072
2073
2073
2072
2074
2074
2073
2074
2074
2074
2074
2073
2074
2073
2072
2073
2072
2071
2069
2068
2066
2063
2066
2064
2065
2065
2065
2067
2067
2066
2067
2065
2064
2063
2062
2060
2058
2057
2057
2057
2056
2058
2059
2061
2059
2060
2061
2061
2061
2061
2062
2061
2061
2061
2061
2061
2059
2060
2060
2059
2059
2057
2059
2060
2060
2059
2061
2061
2059
2058
2059
2058
2055
2054
2051
2052
2051
2049
2047
2046
2041
2046
2046
2046
2046
2047
2049
2048
2046
2044
2044
2043
2041
2041
2039
2040
2041
2042
2043
2043
2043
2043
2044
2046
2044
2046
2047
2049
2051
2050
2054
2055
2055
2056
2056
2056
2053
2052
2052
2052
2054
2055
2057
2060
2060
2060
2062
2060
2059
2058
2058
2058
2056
2054
2055
2054
2053
2053
2052
2053
2053
2053
2054
2056
2057
2058
2057
2058
2057
2056
2056
2054
2053
2052
2052
2051
2050
2051
2052
2052
2052
2051
2053
2053
2054
2056
2056
2057
2057
2057
2058
2052
2047
2041
2034
2028
2024
2023
2022
2022
2023
2024
2026
2026
2029
2031
2035
2037
2040
2041
2043
2043
2042
2044
2045
2044
2043
2041
2041
2042
2042
2041
2041
2042
2040
2038
2039
2036
2035
2036
2036
2036
2034
2033
2032
2031
2030
2028
2027
2028
2025
2026
2027
2027
2029
2029
2031
2031
2031
2030
2029
2030
2030
2030
2031
2031
2029
2029
2029
2029
2029
2028
2028
2030
2029
2031
2031
2033
2033
2033
2036
2038
2037
2039
2039
2039
2038
2037
2038
2039
2038
2038
2040
2041
2042
2042
2045
2045
2045
2045
2044
2044
2042
2040
2038
2037
2036
2036
2034
2034
2035
2037
2040
2041
2042
2043
2043
2043
2044
2044
2045
2043
2042
2039
2039
2036
2034
2033
2034
2035
2033
2034
2037
2038
2040
2042
2043
2044
2044
2044
2044
2046
2045
2045
2047
2045
2044
2041
2042
2039
2039
2036
2036
2033
2033
2033
2033
2033
2031
2031
2034
2033
2031
2031
2031
2031
2029
2028
2028
2027
2026
2026
2027
2027
2027
2029
2032
2033
2034
2035
2034
2033
2031
2031
2030
2031
2029
2030
2031
2030
2030
2031
2033
2033
2033
2031
2031
2035
2031
2031
2031
2030
2027
2024
2024
2022
2020
2019
2018
2017
2017
2018
2018
2019
2022
2022
2026
2026
2026
2028
2028
2027
2027
2026
2023
2021
2018
2017
2015
2013
2012
2013
2012
2017
2018
2018
2019
2021
2023
2024
2026
2025
2025
2027
2027
2027
2028
2028
2031
2030
2031
2033
2029
2031
2033
2033
2034
2031
2030
2029
2029
2027
2025
2023
2022
2020
2018
2017
2014
2014
2013
2012
2013
2012
2012
2013
2012
2012
2012
2011
2012
2013
2013
2013
2011
2011
2007
2007
2006
2005
2002
2000
2000
2001
2000
1999
2002
2001
2001
2002
2005
2006
2005
2007
2009
2011
2011
2012
2013
2015
2015
2015
2017
2015
2017
2019
2021
2023
2022
2023
2026
2025
2025
2023
2022
2021
2019
2018
2018
2017
2016
2015
2015
2017
2019
2020
2021
2023
2022
2024
2025
2024
2023
2023
2022
2023
2021
2021
2023
2021
2021
2020
2022
2022
2021
2022
2023
2022
2021
2021
2019
2018
2015
2012
2012
2012
2010
2007
2008
2009
2010
2012
2012
2015
2017
2019
2023
2024
2025
2026
2026
2023
2021
2020
2022
2015
2013
2012
2010
2010
2006
2005
2005
2005
2004
2005
2006
2010
2009
2009
2010
2010
2011
2013
2013
2014
2015
2014
2015
2014
2012
2011
2013
2014
2015
2016
2018
2020
2020
2020
2020
2020
2017
2015
2016
2015
2014
2014
2016
2014
2016
2015
2018
2019
2018
2018
2021
2020
2022
2022
2024
2027
2026
2027
2028
2027
2028
2028
2029
2029
2027
2029
2029
2033
2034
2036
2038
2038
2039
2039
2039
2040
2039
2037
2036
2033
2031
2029
2026
2025
2022
2022
2022
2025
2023
2022
2024
2024
2023
2024
2025
2024
2026
2026
2027
2028
2028
2029
2031
2031
2032
2035
2038
2041
2041
2043
2044
2044
2043
2043
2042
2041
2040
2038
2036
2033
2031
2031
2031
2032
2031
2031
2031
2030
2031
2029
2030
2030
2030
2030
2029
2029
2028
2027
2028
2027
2025
2024
2025
2023
2021
2019
2019
2017
2018
2015
2017
2015
2013
2014
2015
2013
2011
2011
2009
2008
2007
2006
2005
2005
2005
2004
2004
2008
2006
2008
2008
2009
2008
2007
2007
2005
2005
2006
2005
2005
2003
2003
2004
2003
2002
2002
2002
2002
2002
2001
2002
2002
2002
2001
2002
2002
2001
1999
1999
1998
1997
1997
1999
1999
1997
1998
1999
1999
1999
2002
2005
2006
2009
2010
2012
2011
2012
2012
2012
2011
2011
2009
2010
2011
2010
2012
2014
2015
2015
2017
2019
2020
2021
2022
2023
2023
2020
2021
2020
2019
2018
2017
2017
2018
2018
2018
2021
2021
2022
2023
2026
2024
2024
2025
2024
2025
2023
2022
2024
2023
2022
2024
2025
2024
2024
2023
2023
2025
2025
2025
2026
2026
2026
2027
2027
2027
2028
2026
2028
2029
2029
2029
2030
2031
2029
2030
2029
2030
2030
2027
2030
2030
2029
2028
2030
2030
2029
2030
2030
2030
2030
2028
2031
2030
2030
2029
2031
2028
2028
2027
2027
2027
2028
2028
2027
2027
2028
2027
2024
2025
2025
2024
2023
2025
2024
2025
2026
2026
2027
2027
2027
2029
2028
2028
2029
2027
2026
2023
2022
2021
2019
2019
2018
2019
2019
2021
2023
2024
2026
2026
2030
2031
2031
2030
2033
2033
2031
2030
2031
2029
2031
2031
2033
2034
2033
2035
2036
2034
2035
2034
2035
2035
2037
2035
2035
2033
2035
2031
2030
2029
2028
2029
2028
2028
2028
2029
2030
2030
2029
2030
2029
2027
2026
2027
2027
2027
2026
2025
2024
2022
2022
2019
2019
2021
2020
2020
2021
2022
2021
2023
2023
2022
2022
2024
2023
2021
2019
2018
2018
2015
2013
2012
2012
2013
2011
2011
2012
2013
2013
2014
2017
2020
2020
2021
2023
2023
2026
2026
2026
2027
2028
2028
2029
2028
2026
2028
2025
2023
2022
2022
2022
2021
2023
2022
2024
2024
2027
2027
2029
2028
2028
2027
2027
2027
2025
2025
2027
2029
2030
2031
2033
2035
2036
2038
2039
2039
2039
2038
2038
2038
2037
2038
2038
2041
2040
2042
2045
2046
2046
2046
2049
2049
2050
2048
2046
2043
2042
2040
2040
2040
2038
2037
2037
2036
2037
2036
2035
2033
2033
2031
2030
2030
2030
2029
2031
2029
2030
2028
2027
2027
2027
2029
2031
2031
2033
2031
2033
2031
2031
2032
2033
2036
2036
2037
2036
2035
2036
2034
2034
2033
2031
2029
2029
2028
2028
2027
2030
2031
2033
2034
2035
2039
2040
2042
2043
2042
2042
2041
2041
2039
2038
2037
2036
2036
2034
2033
2035
2036
2036
2037
2038
2039
2038
2037
2037
2036
2035
2035
2036
2035
2035
2037
2035
2034
2034
2031
2031
2031
2031
2031
2032
2030
2031
2030
2031
2030
2029
2027
2026
2029
2029
2028
2031
2033
2033
2034
2034
2034
2032
2032
2032
2033
2033
2031
2031
2032
2031
2032
2033
2032
2030
2029
2030
2029
2028
2028
2029
2031
2031
2032
2033
2034
2034
2034
2035
2036
2033
2033
2032
2031
2029
2030
2030
2029
2028
2029
2032
2034
2035
2038
2041
2043
2043
2044
2044
2044
2043
2043
2044
2043
2044
2043
2046
2046
2045
2046
2049
2047
2050
2050
2051
2050
2052
2049
2052
2051
2050
2050
2049
2052
2050
2051
2051
2052
2052
2052
2053
2053
2051
2052
2052
2051
2052
2051
2052
2052
2050
2049
2049
2049
2047
2049
2050
2050
2052
2053
2054
2054
2054
2054
2055
2054
2054
2054
2054
2052
2050
2051
2051
2050
2048
2045
2045
2045
2045
2044
2045
2046
2045
2046
2049
2050
2050
2050
2048
2046
2044
2042
2042
2042
2040
2039
2038
2038
2036
2036
2040
2041
2042
2042
2047
2049
2049
2052
2052
2053
2054
2056
2057
2056
2057
2057
2059
2059
2056
2058
2057
2057
2056
2056
2057
2059
2060
2059
2061
2060
2058
2058
2058
2058
2058
2058
2059
2060
2060
2060
2062
2062
2062
2063
2065
2066
2067
2069
2070
2071
2072
2073
2073
2074
2072
2070
2071
2069
2067
2068
2066
2068
2068
2069
2072
2072
2073
2072
2074
2072
2072
2070
2069
2067
2065
2065
2062
2063
2063
2061
2064
2065
2064
2065
2065
2064
2062
2061
2061
2060
2061
2059
2059
2057
2058
2056
2056
2056
2058
2058
2061
2062
2063
2064
2066
2066
2067
2068
2070
2070
2071
2070
2071
2070
2070
2068
2068
2068
2069
2067
2067
2068
2068
2066
2067
2066
2066
2064
2066
2065
2065
2065
2066
2066
2065
2066
2065
2064
2065
2064
2063
2065
2063
2063
2065
2065
2064
2065
2065
2063
2061
2060
2061
2061
2060
2060
2061
2062
2060
2061
2060
2061
2061
2061
2063
2061
2062
2062
2063
2061
2061
2059
2057
2058
2057
2058
2060
2060
2061
2060
2061
2062
2062
2062
2063
2064
2064
2062
2064
2062
2060
2058
2058
2057
2057
2055
2056
2056
2056
2057
2060
2063
2061
2064
2064
2065
2064
2061
2061
2059
2056
2056
2053
2052
2051
2051
2049
2049
2046
2045
2047
2047
2045
2047
2049
2047
2047
2048
2046
2045
2044
2042
2043
2041
2042
2040
2041
2040
2041
2039
2041
2041
2040
2042
2044
2045
2046
2047
2050
2052
2052
2052
2054
2054
2054
2056
2055
2056
2053
2053
2053
2053
2053
2053
2055
2055
2055
2056
2058
2058
2059
2058
2059
2059
2058
2057
2057
2056
2056
2057
2057
2059
2058
2059
2061
2061
2060
2060
2061
2060
2059
2059
2059
2058
2059
2058
2060
2060
2060
2060
2061
2062
2060
2060
2062
2061
2060
2058
2058
2055
2054
2052
2053
2051
2050
2053
2053
2055
2053
2053
2055
2053
2055
2053
2054
2053
2052
2052
2053
2054
2055
2056
2057
2058
2058
2057
2057
2055
2054
2051
2051
2051
2050
2052
2052
2054
2054
2054
2055
2056
2052
2050
2050
2048
2045
2042
2041
2036
2035
2034
2036
2037
2037
2037
2039
2040
2039
2039
2039
2038
2035
2033
2033
2030
2029
2029
2031
2031
2033
2034
2037
2036
2037
2039
2040
2042
2040
2040
2042
2042
2041
2039
2038
2038
2036
2035
2037
2037
2037
2036
2038
2038
2039
2040
2043
2046
2045
2050
2049
2052
2050
2050
2050
2047
2045
2042
2043
2041
2040
2041
2041
2040
2039
2038
2040
2040
2039
2038
2039
2039
2037
2037
2037
2038
2037
2037
2037
2039
2039
2041
2043
2047
2050
2051
2052
2052
2052
2051
2051
2049
2046
2045
2046
2044
2044
2044
2047
2047
2048
2048
2052
2054
2055
2058
2059
2060
2061
2064
2063
2064
2064
2063
2062
2062
2059
2058
2058
2057
2056
2056
2058
2059
2058
2061
2064
2064
2065
2065
2064
2064
2063
2063
2064
2064
2064
2062
2064
2067
2069
2070
2067
2064
2063
2063
2067
2070
2072
2074
2076
2081
2078
2071
2056
2032
2000
1959
1908
1859
1822
1805
1809
1830
1861
1900
1949
1993
2034
2073
2108
2136
2166
2199
2228
2250
2260
2260
2249
2230
2203
2161
2100
2023
1930
1829
1725
1617
1518
1447
1400
1371
1367
1397
1457
1514
1544
1548
1548
1554
1574
1613
1672
1744
1820
1889
1940
1966
1961
1929
1876
1812
1736
1640
1523
1379
1210
1028
847
674
522
409
351
366
449
571
703
829
932
1004
1039
1037
1014
969
880
740
543
262
2
2
0
2
3
2
0
1
2
2
1
1
2
1
1
2
4
246
528
788
987
1110
1131
1044
849
560
263
20
2
2
2
70
231
392
497
504
482
474
455
421
432
522
694
945
1263
1629
1973
2281
2605
2857
2940
2842
2573
2149
1629
1176
880
707
629
673
815
984
1145
1310
1506
1693
1830
1939
2037
2096
2101
2087
2059
2022
1969
1903
1840
1783
1726
1678
1669
1705
1765
1831
1899
1968
2014
2018
1972
1845
1615
1301
962
662
497
547
719
889
998
1024
975
946
1053
1296
1597
1883
2144
2404
2664
2891
3047
3095
3058
2970
2826
2646
2469
2330
2189
2014
1803
1562
1333
1090
816
487
158
3
45
312
736
1245
1775
2283
2727
3061
3270
3360
3375
3310
3160
2967
2757
2554
2363
2212
2139
2151
2207
2279
2351
2418
2477
2500
2486
2472
2451
2418
2365
2292
2202
2127
2086
2073
2112
2201
2307
2400
2477
2523
2542
2537
2512
2483
2453
2418
2391
2368
2348
2329
2316
2312
2312
2318
2336
2359
2382
2403
2420
2436
2450
2462
2477
2490
2503
2521
2547
2582
2628
2683
2749
2818
2884
2939
2977
2996
2999
2982
2952
2910
2863
2814
2769
2727
2695
2670
2654
2642
2638
2640
2644
2656
2671
2690
2717
2745
2770
2792
2814
2833
2846
2853
2847
2833
2812
2788
2763
2732
2704
2680
2666
2657
2659
2668
2689
2712
2739
2767
2792
2813
2826
2832
2831
2823
2809
2792
2776
2761
2744
2730
2716
2696
2669
2632
2589
2542
2494
2450
2412
2387
2372
2370
2379
2395
2417
2445
2475
2501
2524
2542
2557
2566
2570
2570
2571
2569
2570
2574
2580
2590
2601
2613
2627
2645
2664
2682
2702
2722
2740
2761
2782
2804
2825
2847
2868
2885
2900
2910
2919
2921
2919
2914
2901
2878
2850
2816
2780
2741
2698
2659
2622
2593
2570
2553
2548
2558
2560
2527
2469
2383
2277
2179
2139
2197
2323
2472
2623
2763
2882
2976
3039
3069
3062
3022
2957
2869
2767
2660
2557
2463
2381
2314
2260
2219
2185
2155
2127
2101
2071
2039
2014
1999
1989
1983
1973
1958
1945
1933
1926
1930
1945
1973
2016
2072
2142
2229
2326
2423
2517
2597
2657
2693
2698
2677
2628
2560
2472
2369
2251
2125
1986
1839
1686
1544
1423
1330
1269
1243
1252
1298
1374
1467
1564
1662
1758
1851
1950
2035
2096
2125
2127
2116
2114
2141
2170
2169
2137
2090
2052
2042
2092
2218
2425
2686
2943
3143
3242
3232
3115
2909
2666
2409
2147
1890
1622
1340
1070
797
535
314
142
9
2
1
3
119
330
586
861
1131
1387
1630
1861
2062
2205
2287
2319
2311
2270
2213
2153
2096
2041
1983
1915
1856
1845
1890
1987
2133
2316
2532
2732
2866
2929
2949
2911
2831
2735
2659
2609
2606
2673
2796
2909
2938
2857
2681
2480
2361
2298
2278
2285
2264
2210
2212
2369
2639
3016
3448
3811
3999
4006
3999
3866
3532
3145
2712
2254
1852
1601
1501
1530
1660
1902
2158
2343
2435
2428
2337
2238
2190
2186
2237
2324
2401
2473
2535
2571
2560
2510
2398
2229
2075
1991
1917
1797
1618
1320
943
690
646
775
1063
1472
1919
2332
2670
2895
2976
2950
2856
2738
2681
2695
2737
2796
2854
2897
2931
2960
2970
2958
2940
2923
2895
2867
2850
2843
2833
2776
2670
2492
2215
1931
1717
1625
1731
1956
2202
2421
2595
2716
2774
2785
2763
2714
2640
2551
2457
2362
2272
2189
2107
2029
1964
1913
1874
1846
1836
1840
1861
1893
1936
1982
2029
2075
2118
2159
2194
2221
2242
2257
2265
2267
2266
2258
2248
2234
2221
2208
2194
2183
2176
2169
2164
2158
2153
2148
2145
2141
2142
2147
2154
2163
2172
2185
2197
2205
2216
2225
2235
2247
2257
2267
2275
2276
2277
2271
2260
2244
2227
2208
2186
2159
2132
2102
2069
2034
2000
1969
1940
1916
1895
1881
1871
1863
1862
1861
1863
1863
1864
1861
1862
1864
1870
1883
1900
1922
1945
1971
1993
2017
2042
2068
2090
2108
2121
2131
2139
2144
2146
2150
2153
2155
2160
2168
2176
2184
2193
2205
2215
2227
2239
2254
2267
2281
2294
2308
2321
2329
2339
2346
2352
2358
2364
2372
2380
2387
2395
2404
2411
2416
2424
2427
2433
2438
2441
2443
2440
2431
2417
2402
2384
2370
2360
2349
2343
2340
2340
2340
2344
2345
2338
2331
2318
2302
2287
2282
2297
2332
2356
2366
2363
2329
2243
2123
2000
1902
1835
1832
1890
1985
2091
2193
2286
2363
2419
2448
2443
2412
2360
2297
2218
2122
2007
1878
1744
1599
1447
1310
1225
1211
1225
1244
1264
1290
1319
1368
1465
1630
1838
2062
2295
2527
2730
2889
3024
3157
3243
3259
3216
3118
2964
2801
2685
2633
2619
2585
2526
2479
2476
2519
2576
2613
2628
2621
2611
2613
2551
2341
2002
1552
1013
413
3
2
2
3
64
309
653
1070
1527
1970
2365
2725
3083
3431
3697
3853
3912
3886
3775
3590
3357
3138
2942
2808
2743
2752
2818
2863
2837
2750
2628
2466
2268
2080
1971
1958
1976
1884
1669
1401
1147
979
950
1096
1400
1851
2374
2783
2943
2864
2592
2232
1910
1734
1709
1797
1922
2026
2038
1972
1892
1823
1776
1796
1856
1918
2011
2173
2341
2457
2432
2279
2045
1790
1558
1402
1306
1256
1240
1251
1333
1489
1663
1818
1892
1877
1830
1767
1723
1763
1913
2113
2280
2391
2468
2551
2680
2839
2996
3108
3088
2867
2510
2141
1901
1858
1966
2136
2304
2420
2467
2437
2339
2216
2119
2095
2113
2130
2123
2007
1801
1569
1360
1228
1176
1207
1352
1575
1798
1978
2118
2220
2292
2344
2369
2362
2315
2229
2117
2002
1892
1796
1727
1680
1632
1591
1551
1519
1498
1482
1468
1448
1420
1388
1349
1302
1247
1183
1112
1040
968
902
845
799
770
756
760
781
813
859
915
985
1069
1154
1236
1311
1375
1425
1459
1470
1464
1442
1407
1367
1324
1280
1241
1208
1183
1164
1150
1143
1144
1153
1171
1197
1228
1265
1295
1322
1341
1349
1350
1347
1341
1337
1337
1343
1349
1359
1371
1386
1405
1430
1464
1510
1566
1630
1704
1788
1877
1970
2066
2168
2266
2357
2443
2514
2574
2617
2644
2660
2666
2666
2661
2660
2662
2674
2701
2743
2807
2893
2982
3063
3126
3170
3194
3195
3178
3138
3084
3019
2943
2869
2796
2734
2683
2645
2618
2604
2600
2604
2615
2627
2640
2649
2655
2657
2654
2647
2640
2633
2626
2621
2619
2619
2620
2621
2621
2626
2631
2639
2649
2664
2678
2688
2693
2692
2682
2667
2648
2629
2612
2597
2592
2590
2596
2610
2627
2650
2670
2693
2714
2732
2743
2748
2748
2743
2734
2722
2701
2676
2643
2609
2573
2537
2500
2465
2434
2410
2390
2377
2368
2358
2346
2333
2323
2319
2315
2312
2301
2285
2256
2229
2208
2202
2213
2239
2289
2351
2419
2486
2548
2600
2637
2659
2666
2657
2628
2585
2535
2485
2430
2369
2300
2230
2158
2088
2024
1980
1956
1948
1953
1972
1999
2021
2020
1986
1919
1825
1705
1571
1434
1304
1191
1097
1015
949
897
861
838
823
814
813
818
821
836
881
965
1089
1238
1396
1547
1682
1804
1914
2011
2093
2153
2197
2222
2229
2224
2206
2180
2146
2098
2019
1919
1803
1656
1478
1280
1115
1007
943
935
982
1054
1106
1128
1167
1271
1415
1575
1754
1966
2213
2457
2674
2904
3136
3273
3267
3147
2966
2729
2429
2109
1877
1788
1815
1888
1960
2007
2021
1993
1954
1913
1833
1670
1444
1184
901
658
506
444
447
520
659
838
1015
1155
1262
1383
1541
1759
2011
2257
2452
2608
2702
2741
2796
2941
3124
3298
3482
3658
3711
3606
3382
3112
2871
2744
2741
2787
2771
2651
2503
2383
2296
2246
2264
2376
2589
2780
2889
2840
2628
2319
2056
1923
2000
2213
2392
2454
2425
2346
2276
2255
2232
2125
1941
1750
1662
1743
1934
2138
2311
2461
2575
2622
2596
2551
2521
2479
2443
2393
2324
2306
2360
2371
2293
2092
1876
1740
1669
1676
1756
1892
2104
2342
2548
2707
2826
2904
2936
2915
2842
2730
2601
2450
2291
2145
2025
1917
1791
1676
1664
1802
2056
2336
2577
2773
2940
3062
3116
3097
3041
2987
2967
2979
2967
2842
2546
2140
1761
1563
1560
1654
1805
1956
2069
2144
2192
2228
2250
2247
2223
2190
2171
2172
2171
2159
2141
2135
2138
2149
2167
2184
2196
2200
2202
2195
2189
2178
2167
2150
2130
2105
2080
2053
2026
2005
1988
1974
1964
1953
1943
1925
1901
1870
1831
1787
1739
1688
1640
1596
1559
1529
1512
1501
1497
1499
1501
1506
1507
1512
1517
1521
1522
1525
1524
1519
1513
1504
1494
1485
1474
1463
1456
1446
1434
1421
1409
1399
1393
1394
1401
1410
1426
1445
1465
1487
1507
1530
1555
1575
1601
1627
1661
1699
1739
1782
1825
1860
1893
1919
1945
1964
1980
1991
1998
2001
2004
2006
2009
2011
2014
2020
2023
2030
2038
2049
2063
2077
2094
2109
2126
2146
2170
2195
2219
2242
2262
2281
2301
2318
2333
2349
2365
2380
2393
2407
2422
2436
2448
2461
2473
2488
2502
2517
2532
2545
2555
2564
2570
2572
2570
2566
2563
2561
2557
2554
2553
2554
2560
2569
2579
2589
2601
2613
2630
2647
2658
2667
2674
2678
2680
2677
2674
2670
2665
2662
2661
2661
2661
2658
2654
2648
2643
2639
2637
2634
2629
2624
2615
2597
2568
2532
2492
2455
2426
2417
2427
2443
2457
2469
2477
2482
2493
2518
2554
2590
2624
2657
2685
2708
2719
2714
2692
2648
2594
2528
2445
2334
2201
2069
1951
1836
1723
1629
1576
1557
1558
1587
1645
1722
1809
1898
1980
2041
2076
2096
2105
2105
2095
2089
2086
2074
2044
1997
1925
1827
1701
1567
1431
1314
1221
1121
1001
874
766
677
619
635
720
826
887
838
697
532
347
141
0
1
2
124
425
845
1387
1945
2370
2579
2585
2478
2358
2297
2337
2431
2521
2566
2514
2390
2299
2242
2179
2078
1935
1783
1650
1552
1497
1445
1405
1398
1431
1506
1614
1739
1855
1966
2074
2181
2293
2391
2502
2602
2634
2594
2519
2392
2170
1845
1472
1062
756
709
894
1211
1591
1930
2125
2147
2025
1836
1661
1463
1213
938
684
532
536
665
860
1098
1347
1557
1653
1586
1382
1144
1014
1065
1314
1653
1965
2220
2432
2638
2869
3114
3296
3371
3343
3260
3192
3136
3042
2884
2660
2413
2222
2132
2110
2118
2139
2147
2120
2047
1924
1797
1740
1814
2027
2307
2551
2755
2926
3015
3044
3030
3053
3228
3476
3683
3821
3922
3971
3973
3929
3776
3489
3095
2693
2402
2272
2298
2405
2531
2635
2688
2713
2737
2796
2881
2941
2948
2905
2806
2639
2431
2217
2049
1931
1863
1846
1857
1820
1726
1644
1602
1586
1587
1562
1500
1444
1413
1396
1387
1386
1394
1411
1445
1478
1502
1512
1502
1477
1434
1377
1316
1243
1161
1074
1007
975
968
986
1032
1077
1111
1132
1149
1160
1152
1126
1080
1006
909
792
657
509
352
192
40
0
0
2
0
2
2
2
2
2
1
2
0
1
3
1
1
2
2
0
2
2
1
1
2
3
2
76
213
391
596
813
1038
1257
1461
1644
1804
1941
2049
2136
2202
2255
2295
2327
2357
2387
2424
2469
2526
2587
2638
2675
2700
2712
2708
2691
2661
2624
2579
2525
2471
2415
2358
2302
2254
2214
2183
2160
2148
2146
2152
2160
2171
2180
2184
2182
2178
2171
2166
2160
2156
2154
2156
2163
2179
2203
2231
2262
2294
2325
2355
2383
2411
2444
2474
2504
2527
2543
2549
2547
2543
2541
2546
2554
2568
2586
2610
2638
2673
2712
2756
2795
2840
2880
2919
2955
2986
3013
3033
3046
3056
3063
3064
3064
3059
3052
3043
3030
3014
2998
2980
2961
2942
2927
2911
2895
2883
2874
2866
2857
2843
2832
2815
2802
2788
2776
2763
2751
2736
2727
2716
2708
2702
2697
2693
2686
2680
2669
2658
2644
2629
2617
2601
2586
2570
2551
2528
2502
2472
2436
2400
2359
2319
2281
2239
2199
2159
2120
2084
2047
2014
1983
1959
1938
1924
1918
1913
1915
1919
1930
1938
1947
1961
1978
2007
2042
2085
2125
2164
2197
2225
2250
2278
2303
2325
2348
2369
2384
2397
2403
2405
2401
2399
2400
2410
2422
2426
2405
2348
2245
2106
1936
1749
1551
1347
1159
995
856
724
589
439
290
158
65
24
39
108
222
373
551
749
956
1165
1367
1570
1793
2062
2368
2668
2910
3069
3153
3185
3170
3117
3032
2932
2824
2717
2617
2500
2326
2065
1722
1326
911
513
158
2
2
2
2
2
77
272
564
938
1376
1841
2300
2727
3103
3417
3664
3838
3946
3975
3961
3898
3774
3594
3370
3116
2844
2566
2289
2036
1814
1623
1468
1347
1249
1162
1073
978
895
832
795
777
766
743
702
634
542
425
284
128
2
2
1
1
1
0
1
0
2
2
25
152
334
560
812
1082
1353
1615
1858
2069
2247
2385
2484
2547
2575
2574
2548
2509
2461
2414
2374
2348
2332
2317
2298
2278
2242
2182
2090
1974
1852
1729
1621
1535
1476
1444
1439
1454
1489
1534
1588
1647
1705
1764
1826
1892
1967
2047
2127
2204
2278
2346
2406
2458
2508
2553
2595
2631
2663
2689
2707
2718
2724
2724
2714
2698
2675
2647
2614
2577
2541
2505
2467
2427
2374
2304
2221
2135
2051
1970
1898
1837
1790
1756
1738
1730
1739
1759
1789
1830
1878
1924
1972
2023
2076
2125
2172
2213
2255
2290
2320
2345
2363
2376
2387
2394
2398
2396
2393
2389
2388
2386
2386
2390
2397
2404
2411
2421
2432
2444
2455
2464
2472
2476
2481
2486
2490
2488
2482
2475
2468
2465
2462
2463
2464
2466
2467
2468
2466
2462
2453
2445
2434
2422
2410
2398
2388
2377
2365
2356
2347
2339
2334
2327
2321
2314
2306
2298
2291
2281
2270
2257
2243
2227
2208
2189
2173
2152
2136
2121
2109
2097
2087
2077
2072
2065
2060
2055
2048
2042
2035
2025
2017
2008
2001
1994
1987
1982
1975
1970
1965
1960
1956
1950
1950
1944
1940
1935
1931
1926
1921
1919
1919
1919
1921
1923
1925
1926
1927
1928
1928
1929
1928
1928
1929
1924
1923
1919
1919
1919
1918
1921
1926
1931
1936
1943
1949
1957
1964
1970
1977
1982
1983
1987
1991
1991
1992
1992
1992
1992
1991
1994
1994
1996
1998
1997
1998
1997
1996
1994
1994
1991
1989
1986
1984
1983
1981
1981
1983
1985
1988
1993
2002
2006
2013
2018
2025
2030
2035
2040
2049
2056
2061
2066
2073
2080
2082
2086
2088
2091
2092
2092
2095
2098
2095
2093
2096
2094
2096
2097
2100
2103
2105
2108
2112
2116
2119
2122
2127
2132
2135
2137
2139
2142
2144
2146
2148
2151
2154
2156
2159
2162
2163
2165
2165
2164
2166
2166
2167
2168
2168
2169
2169
2167
2165
2164
2159
2153
2150
2146
2144
2142
2140
2141
2142
2141
2140
2137
2136
2133
2132
2129
2127
2126
2125
2125
2125
2123
2124
2123
2121
2120
2114
2110
2103
2094
2085
2072
2059
2040
2021
2004
1988
1974
1962
1954
1950
1948
1949
1953
1956
1961
1963
1962
1958
1953
1944
1934
1926
1921
1913
1910
1908
1906
1904
1905
1908
1913
1915
1919
1926
1930
1932
1934
1934
1933
1930
1927
1927
1924
1924
1922
1923
1925
1926
1926
1927
1928
1928
1929
1931
1931
1932
1931
1932
1929
1927
1925
1924
1923
1919
1919
1921
1920
1923
1926
1927
1929
1930
1935
1938
1942
1943
1946
1944
1946
1944
1943
1943
1941
1939
1936
1937
1937
1938
1939
1941
1942
1944
1946
1948
1952
1953
1954
1959
1961
1963
1964
1970
1973
1977
1980
1983
1983
1986
1987
1986
1989
1990
1992
1994
1995
1993
1993
1993
1994
1995
1996
1995
1995
1998
1999
2001
2003
2006
2009
2013
2015
2021
2022
2025
2027
2028
2028
2028
2028
2029
2030
2031
2036
2038
2043
2049
2056
2061
2067
2074
2079
2081
2085
2088
2091
2092
2093
2094
2094
2092
2090
2090
2090
2088
2085
2083
2081
2078
2078
2077
2078
2079
2078
2081
2083
2085
2088
2089
2088
2086
2085
2085
2083
2080
2080
2078
2076
2074
2072
2072
2072
2069
2069
2069
2070
2071
2074
2074
2078
2077
2075
2076
2073
2071
2068
2068
2068
2066
2066
2066
2065
2064
2065
2065
2066
2064
2064
2065
2064
2062
2062
2064
2062
2061
2060
2063
2061
2060
2061
2064
2065
2066
2068
2068
2070
2069
2069
2070
2071
2072
2073
2075
2078
2079
2080
2079
2081
2077
2076
2076
2074
2073
2070
2070
2071
2071
2072
2075
2076
2074
2077
2080
2080
2082
2083
2084
2086
2088
2089
2092
2091
2093
2092
2091
2092
2091
2090
2090
2089
2088
2092
2094
2097
2100
2101
2104
2106
2107
2109
2112
2116
2118
2119
2122
2123
2121
2121
2119
2114
2112
2108
2105
2101
2097
2096
2094
2091
2090
2089
2090
2088
2089
2089
2091
2092
2092
2094
2095
2095
2096
2095
2095
2097
2095
2092
2089
2085
2082
2078
2076
2072
2070
2069
2069
2069
2067
2066
2067
2066
2064
2063
2062
2065
2066
2065
2068
2070
2072
2074
2078
2080
2082
2085
2086
2088
2089
2089
2088
2085
2084
2080
2077
2076
2075
2073
2076
2081
2083
2084
2087
2086
2085
2083
2081
2081
2078
2077
2075
2074
2071
2070
2068
2066
2064
2060
2059
2055
2053
2052
2054
2055
2058
2060
2066
2067
2068
2069
2072
2073
2073
2072
2071
2070
2068
2068
2066
2065
2062
2061
2060
2061
2060
2062
2064
2066
2068
2071
2072
2073
2075
2077
2080
2082
2082
2081
2082
2080
2079
2078
2078
2074
2071
2068
2068
2065
2065
2063
2062
2062
2060
2058
2058
2055
2054
2053
2053
2053
2052
2052
2052
2054
2054
2056
2058
2061
2063
2066
2068
2070
2071
2070
2072
2072
2072
2072
2072
2071
2068
2066
2063
2061
2059
2056
2057
2055
2056
2056
2056
2054
2055
2055
2057
2057
2055
2054
2054
2052
2050
2049
2046
2045
2045
2042
2042
2042
2038
2037
2037
2036
2034
2033
2030
2029
2025
2022
2022
2023
2020
2019
2018
2018
2016
2018
2019
2020
2020
2019
2020
2020
2021
2023
2022
2022
2019
2019
2019
2018
2017
2016
2019
2020
2022
2024
2027
2031
2033
2034
2038
2039
2037
2038
2038
2036
2033
2029
2029
2027
2025
2023
2022
2018
2014
2011
2010
2007
2005
2004
2003
2002
2003
2002
2001
2001
1999
1997
1997
1997
1995
1995
1997
1997
1999
2001
2003
2003
2007
2007
2010
2009
2007
2005
2003
2001
1997
1996
1995
1993
1991
1991
1995
1995
1998
2002
2003
2007
2006
2009
2011
2013
2014
2015
2017
2018
2019
2020
2021
2023
2024
2026
2027
2032
2035
2037
2041
2042
2044
2046
2049
2049
2048
2046
2046
2046
2044
2043
2045
2046
2044
2045
2046
2045
2043
2044
2044
2041
2041
2038
2039
2038
2036
2035
2035
2033
2032
2031
2031
2032
2031
2031
2031
2033
2035
2035
2037
2038
2039
2039
2041
2044
2043
2045
2044
2044
2042
2041
2039
2038
2037
2037
2039
2041
2042
2043
2045
2045
2044
2046
2047
2048
2049
2050
2051
2053
2056
2055
2058
2057
2056
2056
2055
2056
2056
2057
2058
2058
2059
2060
2061
2064
2061
2061
2063
2062
2061
2058
2057
2056
2057
2059
2059
2057
2057
2057
2061
2062
2061
2063
2065
2067
2067
2069
2070
2071
2073
2074
2076
2077
2078
2079
2080
2078
2078
2080
2080
2081
2084
2086
2086
2087
2087
2085
2083
2082
2081
2080
2081
2081
2082
2082
2082
2084
2084
2084
2087
2087
2086
2087
2088
2089
2090
2090
2093
2092
2093
2096
2098
2099
2101
2102
2106
2107
2107
2108
2110
2107
2106
2105
2106
2104
2104
2103
2102
2101
2095
2086
2079
2069
2064
2060
2060
2062
2067
2073
2080
2084
2088
2091
2095
2096
2096
2094
2089
2085
2079
2074
2071
2066
2062
2062
2061
2061
2062
2063
2063
2066
2066
2069
2070
2071
2071
2070
2071
2068
2066
2065
2063
2062
2059
2059
2058
2056
2056
2056
2058
2059
2060
2058
2060
2059
2058
2058
2059
2057
2056
2054
2054
2055
2053
2052
2052
2053
2052
2052
2053
2052
2050
2048
2047
2045
2043
2042
2041
2039
2037
2034
2033
2029
2029
2028
2028
2029
2029
2029
2033
2030
2029
2028
2029
2030
2026
2027
2026
2025
2023
2021
2021
2020
2021
2020
2020
2019
2020
2020
2022
2020
2020
2020
2019
2018
2020
2018
2019
2019
2019
2018
2019
2020
2021
2025
2027
2029
2028
2028
2028
2026
2023
2023
2022
2021
2018
2018
2019
2018
2019
2019
2021
2023
2022
2024
2026
2026
2025
2027
2029
2030
2030
2031
2030
2031
2029
2027
2027
2026
2026
2026
2026
2025
2025
2024
2024
2025
2024
2026
2028
2030
2030
2031
2031
2028
2029
2027
2025
2023
2020
2019
2018
2019
2020
2017
2018
2018
2020
2019
2023
2024
2024
2025
2027
2025
2025
2023
2024
2023
2022
2021
2021
2021
2023
2024
2027
2028
2028
2030
2030
2031
2031
2030
2030
2031
2030
2031
2033
2031
2030
2029
2027
2028
2028
2030
2031
2030
2033
2035
2039
2040
2042
2043
2047
2046
2049
2047
2045
2045
2043
2042
2042
2040
2039
2038
2037
2037
2040
2039
2042
2043
2045
2045
2048
2048
2046
2045
2045
2043
2041
2041
2041
2042
2042
2043
2046
2048
2047
2046
2048
2045
2044
2045
2046
2045
2045
2044
2045
2045
2045
2044
2046
2049
2047
2051
2052
2053
2055
2056
2057
2057
2056
2056
2056
2055
2054
2052
2052
2051
2051
2052
2052
2052
2052
2053
2056
2056
2058
2058
2059
2060
2061
2060
2060
2062
2062
2061
2061
2060
2060
2057
2058
2058
2058
2058
2062
2062
2063
2063
2065
2066
2068
2069
2072
2073
2074
2075
2077
2078
2077
2076
2078
2077
2077
2076
2079
2077
2078
2078
2079
2079
2077
2076
2075
2072
2069
2067
2064
2062
2062
2060
2063
2063
2064
2065
2067
2065
2065
2065
2064
2064
2064
2065
2066
2068
2070
2070
2072
2072
2071
2071
2071
2071
2070
2070
2072
2074
2075
2074
2077
2077
2075
2073
2073
2072
2071
2068
2067
2064
2061
2059
2059
2056
2056
2056
2058
2059
2061
2064
2068
2071
2073
2077
2077
2078
2075
2072
2069
2066
2062
2059
2056
2052
2051
2050
2050
2049
2049
2051
2055
2056
2057
2058
2062
2062
2061
2062
2063
2063
2061
2060
2060
2058
2058
2056
2057
2056
2056
2056
2056
2056
2057
2059
2059
2059
2061
2061
2061
2062
2062
2060
2063
2062
2061
2063
2064
2066
2067
2069
2070
2073
2072
2074
2075
2076
2076
2076
2076
2075
2074
2076
2075
2075
2074
2073
2072
2072
2070
2068
2069
2068
2066
2065
2065
2064
2061
2061
2061
2061
2059
2058
2058
2059
2057
2057
2056
2056
2054
2052
2051
2051
2047
2046
2048
2047
2047
2046
2045
2044
2042
2041
2042
2042
2042
2042
2042
2043
2045
2046
2049
2050
2052
2052
2054
2055
2054
2056
2057
2056
2052
2050
2045
2044
2041
2040
2040
2041
2041
2040
2043
2044
2044
2044
2045
2043
2043
2043
2042
2044
2042
2040
2043
2040
2039
2040
2039
2039
2037
2038
2040
2041
2042
2042
2043
2044
2044
2045
2043
2044
2042
2041
2040
2040
2036
2037
2038
2037
2036
2036
2036
2037
2035
2037
2038
2038
2037
2036
2037
2035
2033
2034
2035
2035
2036
2039
2041
2043
2044
2045
2048
2047
2046
2046
2047
2046
2045
2044
2041
2040
2038
2037
2036
2035
2034
2034
2034
2035
2034
2035
2036
2036
2036
2035
2036
2036
2035
2036
2037
2035
2036
2036
2036
2037
2037
2039
2043
2043
2045
2048
2050
2050
2049
2050
2052
2052
2053
2056
2057
2058
2058
2059
2060
2060
2060
2060
2062
2064
2065
2067
2067
2066
2066
2065
2063
2064
2064
2062
2061
2062
2063
2062
2063
2062
2061
2061
2061
2064
2064
2066
2069
2071
2072
2072
2072
2071
2070
2068
2069
2068
2068
2066
2065
2064
2063
2061
2061
2062
2063
2063
2065
2067
2068
2068
2067
2068
2069
2067
2069
2071
2072
2074
2076
2076
2075
2077
2078
2077
2076
2076
2076
2074
2074
2073
2073
2074
2073
2073
2073
2074
2074
2074
2073
2072
2069
2067
2069
2068
2068
2069
2069
2071
2070
2070
2071
2072
2073
2072
2073
2073
2072
2072
2067
2073
2074
2074
2073
2073
2072
2073
2073
2072
2072
2073
2074
2074
2072
2070
2068
2067
2062
2060
2058
2058
2057
2055
2055
2054
2053
2055
2056
2057
2058
2058
2060
2062
2061
2060
2061
2059
2056
2056
2058
2058
2058
2059
2061
2063
2062
2065
2065
2066
2066
2066
2069
2069
2069
2069
2069
2068
2069
2066
2067
2068
2068
2070
2071
2071
2072
2075
2075
2077
2078
2079
2080
2080
2080
2081
2082
2078
2077
2077
2077
2077
2076
2075
2075
2073
2074
2074
2073
2075
2074
2072
2073
2070
2068
2066
2064
2065
2062
2062
2062
2060
2059
2057
2056
2052
2051
2050
2050
2049
2047
2047
2049
2049
2048
2049
2047
2046
2042
2041
2040
2037
2035
2033
2033
2031
2028
2028
2027
2025
2025
2023
2022
2021
2020
2019
2017
2014
2014
2013
2013
2013
2010
2011
2009
2007
2005
2004
2004
2003
2003
2004
2005
2006
2005
2004
2005
2004
2004
2006
2007
2007
2010
2010
2011
2012
2013
2014
2016
2018
2018
2015
2018
2018
2017
2015
2015
2014
2010
2007
2007
2007
2006
2007
2007
2010
2011
2011
2015
2016
2018
2017
2018
2020
2020
2019
2016
2017
2017
2015
2015
2015
2013
2014
2016
2014
2014
2014
2016
2017
2017
2018
2018
2018
2015
2014
2011
2010
2007
2005
2006
2006
2005
2005
2006
2008
2008
2009
2010
2012
2012
2012
2011
2013
2011
2012
2013
2014
2014
2015
2017
2018
2017
2018
2020
2020
2020
2021
2021
2020
2020
2020
2019
2019
2018
2017
2015
2015
2015
2014
2013
2014
2013
2013
2014
2016
2016
2019
2022
2021
2023
2023
2026
2025
2026
2027
2027
2027
2025
2025
2025
2025
2022
2023
2023
2022
2022
2023
2025
2025
2026
2030
2030
2032
2032
2031
2030
2031
2031
2028
2030
2029
2031
2029
2031
2030
2030
2031
2031
2031
2033
2031
2031
2033
2035
2035
2037
2038
2036
2038
2038
2039
2039
2041
2041
2043
2043
2044
2045
2048
2049
2049
2051
2051
2051
2052
2052
2052
2052
2051
2050
2052
2051
2053
2054
2056
2056
2059
2060
2061
2061
2060
2061
2060
2057
2060
2061
2060
2060
2061
2062
2061
2060
2059
2059
2059
2060
2058
2060
2059
2059
2059
